[System: 192.168.1.56] DEBUG | 06-26-2025 17:10:04.023 | General Service|:: CompanyIndex:7 SpName: spADM_GetDataSet 
 'SELECT T0.AccountCode [Cf665c288a864411cb105e83cadc1c28e],T0.AccountID AS [Cf665c288a864411cb105e83cadc1c28e_ID],T0.AccountName [Ccfb5cce170c1490caf71a7a05df316c6],T1.AccountType [C8688bd8c5c0d40959cd37ce7849160dd],T2.UserName [C50eb98dd8d4b4c21b1951b3aefd3d51e],T3.Status [C3d3a4b438be34b90aa3245136d8d8f20]
 FROM ACC_Accounts T0 with(nolock) left join ACC_AccountTypes T1 with(nolock) on T0.AccountTypeID=T1.AccountTypeID left join ADM_Users T2 with(nolock) on T0.CreatedBy=T2.Username left join COM_Status T3 with(nolock) on T0.StatusID=T3.StatusID
 WHERE T3.Status=''Unapproved'''
 ,1
 ,1
[System: 192.168.1.56] DEBUG | 06-26-2025 17:10:04.023 | General Service|:: CompanyIndex:7 SpName: spADM_GetDataSet 
 'select * from COM_TokenHistory WITH(NOLOCK) where JwtToken=''eyJhbGciOiJIUzI1NiIsInR5cCI6IkpXVCJ9.eyJ1bmlxdWVfbmFtZSI6ImFkbWluLDEsNywxIiwibmJmIjoxNzUwOTM3NjAwLCJleHAiOjE3NTA5NjY0MDAsImlhdCI6MTc1MDkzNzYwMH0.6h8sa0n8ox3T3l-AIEZ3YytIgC5FTyn9OWVVxslgMmQ'''
 ,1
 ,1
[System: 192.168.1.57] DEBUG | 06-26-2025 17:10:10.069 | General Service|:: CompanyIndex:68 SpName: spADM_GetDataSet 
 'declare @UserID int,@RoleID int,@UserName NVARCHAR(100),@where nvarchar(max),@query nvarchar(max)
set @UserID=1
set @RoleID=1-- Employee:-1
SELECT @UserName=UserName From ADM_Users WITH(NOLOCK) WHERE UserID=@UserID
exec [fnGet_GetAssignedDims] @UserID,@RoleID,@where output
 create table #TblUsrWF(WID int,LevelID int,Type int,CtWef float,LvWef int)
EXEC spRPT_GetReportData @Type=8,@Param1=@UserID,@strXML=null,@RoleID=@RoleID set @query=''  SELECT DT.CostCenterID,DT.DocumentName,DT.DocumentType,DT.IsInventory,count(*) CNT
FROM (
 SELECT INV.CostCenterID
FROM INV_DocDetails INV with(nolock)''
if(@where<>'''')
	set @query=@query+'' join com_docccdata d with(nolock) on INV.INVDocDetailsid=d.INVDocDetailsid''	

set @query=@query+'' ,#TblUsrWF WF
WHERE WF.WID=INV.WorkflowID and (WF.LevelID>INV.WorkFlowLevel or (WF.LevelID+1=INV.WorkFlowLevel and INV.StatusID=372)) and (INV.StatusID=371 or INV.StatusID=372 or INV.StatusID=441) AND (WF.Type=1 or (INV.WorkFlowLevel+1=WF.LevelID and INV.StatusID!=372) or (WF.LevelID+1=INV.WorkFlowLevel and INV.StatusID=372) or (WF.CtWef is not null and INV.WorkFlowLevel>=WF.LvWef
and INV.CreatedDate+WF.CtWef<=convert(float,getdate()))) ''+@where+''
GROUP BY INV.CostCenterID,INV.VoucherNo
UNION ALL
SELECT ACC.CostCenterID
FROM ACC_DocDetails ACC with(nolock)''
if(@where<>'''')
	set @query=@query+'' join com_docccdata d with(nolock) on ACC.ACCDocDetailsid=d.ACCDocDetailsid''	

set @query=@query+'',#TblUsrWF WF
WHERE ACC.LinkedAccDocDetailsID is null and ACC.InvDocDetailsID is null and WF.WID=ACC.WorkflowID and (WF.LevelID>ACC.WorkFlowLevel or (WF.LevelID+1=ACC.WorkFlowLevel and ACC.StatusID=372)) and (ACC.StatusID=371 or ACC.StatusID=372 or ACC.StatusID=441) AND (WF.Type=1 or (ACC.WorkFlowLevel+1=WF.LevelID and ACC.StatusID!=372) or (WF.LevelID+1=ACC.WorkFlowLevel and ACC.StatusID=372) or (WF.CtWef is not null and ACC.WorkFlowLevel>=WF.LvWef
and ACC.CreatedDate+WF.CtWef<=convert(float,getdate())))''+@where+''
GROUP BY ACC.CostCenterID,ACC.VoucherNo  ) AS T
JOIN ADM_DocumentTypes DT with(nolock) ON T.CostCenterID=DT.CostCenterID
GROUP BY DT.CostCenterID,DT.DocumentName,DT.DocumentType,DT.IsInventory  
UNION ALL
SELECT DT.FeatureID CostCenterID,DT.Name DocumentName,-DT.FeatureID DocumentType,0 IsInventory,count(*) CNT
FROM (
SELECT INV.CostCenterID FROM REN_Contract INV WITH(NOLOCK),#TblUsrWF WF
WHERE  WF.WID=INV.WorkflowID and WF.LevelID>INV.WorkFlowLevel and (INV.StatusID=440 or INV.StatusID=470 or INV.StatusID=466) AND (WF.Type=1 or (INV.WorkFlowLevel+1=WF.LevelID and INV.StatusID!=470)  or (WF.CtWef is not null and INV.WorkFlowLevel>=WF.LvWef
 and INV.CreatedDate+WF.CtWef<=convert(float,getdate()))) AND INV.RefContractID=0 ) AS T
JOIN ADM_Features DT with(nolock) ON T.CostCenterID=DT.FeatureID
GROUP BY DT.FeatureID,DT.Name 
ORDER BY DocumentName''
exec(@query)

DROP TABLE #TblUsrWF
'
 ,1
 ,1
[System: 192.168.1.57] DEBUG | 06-26-2025 17:10:10.085 | General Service|:: CompanyIndex:68 SpName: spADM_GetDataSet 
 'select * from COM_TokenHistory WITH(NOLOCK) where JwtToken=''eyJhbGciOiJIUzI1NiIsInR5cCI6IkpXVCJ9.eyJ1bmlxdWVfbmFtZSI6ImFkbWluLDEsNjgsMSIsIm5iZiI6MTc1MDkyMDI4OSwiZXhwIjoxNzUwOTQ5MDg5LCJpYXQiOjE3NTA5MjAyODl9.fPaRiabioy8K9PiESPnnicfc7K4lGmSOf5R__MKrPYA'''
 ,1
 ,1
