[System: 192.168.1.56] DEBUG | 06-24-2025 14:18:58.911 | General Service|:: CompanyIndex:7 SpName: spADM_GetDataSet 
 'SELECT T0.AccountCode [Cf665c288a864411cb105e83cadc1c28e],T0.AccountID AS [Cf665c288a864411cb105e83cadc1c28e_ID],T0.AccountName [Ccfb5cce170c1490caf71a7a05df316c6],T1.AccountType [C8688bd8c5c0d40959cd37ce7849160dd],T2.UserName [C50eb98dd8d4b4c21b1951b3aefd3d51e],T3.Status [C3d3a4b438be34b90aa3245136d8d8f20]
 FROM ACC_Accounts T0 with(nolock) left join ACC_AccountTypes T1 with(nolock) on T0.AccountTypeID=T1.AccountTypeID left join ADM_Users T2 with(nolock) on T0.CreatedBy=T2.Username left join COM_Status T3 with(nolock) on T0.StatusID=T3.StatusID
 WHERE T3.Status=''Unapproved'''
 ,1
 ,1
[System: 192.168.1.56] DEBUG | 06-24-2025 14:18:58.911 | General Service|:: CompanyIndex:7 SpName: spCOM_ConfigValues 
 1
 ,'NotifTime'
 ,''
[System: 192.168.1.56] DEBUG | 06-24-2025 14:18:58.911 | General Service|:: CompanyIndex:7 SpName: spADM_GetDataSet 
 'select * from COM_TokenHistory WITH(NOLOCK) where JwtToken=''eyJhbGciOiJIUzI1NiIsInR5cCI6IkpXVCJ9.eyJ1bmlxdWVfbmFtZSI6ImFkbWluLDEsNywxIiwibmJmIjoxNzUwNzQ5ODE1LCJleHAiOjE3NTA3Nzg2MTUsImlhdCI6MTc1MDc0OTgxNX0.KNyJ3btrmNCcvzHAMAvXHGZWA3u9_DL-ae7A9CT8k2A'''
 ,1
 ,1
[System: 192.168.1.56] DEBUG | 06-24-2025 14:18:58.927 | General Service|:: CompanyIndex:7 SpName: spADM_GetDataSet 
 'select * from COM_TokenHistory WITH(NOLOCK) where JwtToken=''eyJhbGciOiJIUzI1NiIsInR5cCI6IkpXVCJ9.eyJ1bmlxdWVfbmFtZSI6ImFkbWluLDEsNywxIiwibmJmIjoxNzUwNzQ5ODE1LCJleHAiOjE3NTA3Nzg2MTUsImlhdCI6MTc1MDc0OTgxNX0.KNyJ3btrmNCcvzHAMAvXHGZWA3u9_DL-ae7A9CT8k2A'''
 ,1
 ,1
[System: 192.168.1.56] DEBUG | 06-24-2025 14:18:58.989 | General Service|:: CompanyIndex:0 SpName: spADM_Login 
 4
 ,''
 ,''
 ,''
 ,'declare @AllowSession bit,@GUID nvarchar(50)
set @AllowSession=0
set @GUID=''64287658-0d78-4d12-b52a-6f955e40f484''
if exists(select [GUID] from ADM_Login with(nolock) where [GUID]=@GUID)
begin
    update ADM_Login  set LastAccessTime=convert(float,getdate()) where [GUID]=@GUID
    set @AllowSession=1
end
select @AllowSession AllowSession
'
 ,''
 ,0
[System: 192.168.1.56] DEBUG | 06-24-2025 14:18:58.989 | General Service|:: CompanyIndex:7 SpName: spADM_GetDataSet 
 'select * from COM_TokenHistory WITH(NOLOCK) where JwtToken=''eyJhbGciOiJIUzI1NiIsInR5cCI6IkpXVCJ9.eyJ1bmlxdWVfbmFtZSI6ImFkbWluLDEsNywxIiwibmJmIjoxNzUwNzQ5ODE1LCJleHAiOjE3NTA3Nzg2MTUsImlhdCI6MTc1MDc0OTgxNX0.KNyJ3btrmNCcvzHAMAvXHGZWA3u9_DL-ae7A9CT8k2A'''
 ,1
 ,1
[System: 192.168.1.56] DEBUG | 06-24-2025 14:18:59.021 | General Service|:: CompanyIndex:7 SpName: spADM_GetDataSet 
 'declare @UserID int,@RoleID int,@UserName NVARCHAR(100),@where nvarchar(max),@query nvarchar(max)
set @UserID=1
set @RoleID=1-- Employee:-1
SELECT @UserName=UserName From ADM_Users WITH(NOLOCK) WHERE UserID=@UserID
exec [fnGet_GetAssignedDims] @UserID,@RoleID,@where output
 create table #TblUsrWF(WID int,LevelID int,Type int,CtWef float,LvWef int)
EXEC spRPT_GetReportData @Type=8,@Param1=@UserID,@strXML=null,@RoleID=@RoleID set @query=''  SELECT DT.CostCenterID,DT.DocumentName,DT.DocumentType,DT.IsInventory,count(*) CNT
FROM (
 SELECT INV.CostCenterID
FROM INV_DocDetails INV with(nolock)''
if(@where<>'''')
	set @query=@query+'' join com_docccdata d with(nolock) on INV.INVDocDetailsid=d.INVDocDetailsid''	

set @query=@query+'' ,#TblUsrWF WF
WHERE WF.WID=INV.WorkflowID and (WF.LevelID>INV.WorkFlowLevel or (WF.LevelID+1=INV.WorkFlowLevel and INV.StatusID=372)) and (INV.StatusID=371 or INV.StatusID=372 or INV.StatusID=441) AND (WF.Type=1 or (INV.WorkFlowLevel+1=WF.LevelID and INV.StatusID!=372) or (WF.LevelID+1=INV.WorkFlowLevel and INV.StatusID=372) or (WF.CtWef is not null and INV.WorkFlowLevel>=WF.LvWef
and INV.CreatedDate+WF.CtWef<=convert(float,getdate()))) ''+@where+''
GROUP BY INV.CostCenterID,INV.VoucherNo
UNION ALL
SELECT ACC.CostCenterID
FROM ACC_DocDetails ACC with(nolock)''
if(@where<>'''')
	set @query=@query+'' join com_docccdata d with(nolock) on ACC.ACCDocDetailsid=d.ACCDocDetailsid''	

set @query=@query+'',#TblUsrWF WF
WHERE ACC.LinkedAccDocDetailsID is null and ACC.InvDocDetailsID is null and WF.WID=ACC.WorkflowID and (WF.LevelID>ACC.WorkFlowLevel or (WF.LevelID+1=ACC.WorkFlowLevel and ACC.StatusID=372)) and (ACC.StatusID=371 or ACC.StatusID=372 or ACC.StatusID=441) AND (WF.Type=1 or (ACC.WorkFlowLevel+1=WF.LevelID and ACC.StatusID!=372) or (WF.LevelID+1=ACC.WorkFlowLevel and ACC.StatusID=372) or (WF.CtWef is not null and ACC.WorkFlowLevel>=WF.LvWef
and ACC.CreatedDate+WF.CtWef<=convert(float,getdate())))''+@where+''
GROUP BY ACC.CostCenterID,ACC.VoucherNo  ) AS T
JOIN ADM_DocumentTypes DT with(nolock) ON T.CostCenterID=DT.CostCenterID
GROUP BY DT.CostCenterID,DT.DocumentName,DT.DocumentType,DT.IsInventory  
UNION ALL
SELECT DT.FeatureID CostCenterID,DT.Name DocumentName,-DT.FeatureID DocumentType,0 IsInventory,count(*) CNT
FROM (
SELECT INV.CostCenterID FROM REN_Contract INV WITH(NOLOCK),#TblUsrWF WF
WHERE  WF.WID=INV.WorkflowID and WF.LevelID>INV.WorkFlowLevel and (INV.StatusID=440 or INV.StatusID=470 or INV.StatusID=466) AND (WF.Type=1 or (INV.WorkFlowLevel+1=WF.LevelID and INV.StatusID!=470)  or (WF.CtWef is not null and INV.WorkFlowLevel>=WF.LvWef
 and INV.CreatedDate+WF.CtWef<=convert(float,getdate()))) AND INV.RefContractID=0 ) AS T
JOIN ADM_Features DT with(nolock) ON T.CostCenterID=DT.FeatureID
GROUP BY DT.FeatureID,DT.Name 
ORDER BY DocumentName''
exec(@query)

DROP TABLE #TblUsrWF
'
 ,1
 ,1
[System: 192.168.1.56] DEBUG | 06-24-2025 14:18:59.021 | General Service|:: CompanyIndex:7 SpName: spADM_GetDataSet 
 'select * from COM_TokenHistory WITH(NOLOCK) where JwtToken=''eyJhbGciOiJIUzI1NiIsInR5cCI6IkpXVCJ9.eyJ1bmlxdWVfbmFtZSI6ImFkbWluLDEsNywxIiwibmJmIjoxNzUwNzQ5ODE1LCJleHAiOjE3NTA3Nzg2MTUsImlhdCI6MTc1MDc0OTgxNX0.KNyJ3btrmNCcvzHAMAvXHGZWA3u9_DL-ae7A9CT8k2A'''
 ,1
 ,1
[System: 192.168.1.56] DEBUG | 06-24-2025 14:19:18.907 | General Service|:: CompanyIndex:0 SpName: spADM_GetClientUserDetails2C 
 'admin'
 ,1
 ,0
[System: 192.168.1.56] DEBUG | 06-24-2025 14:19:19.000 | General Service|:: CompanyIndex:0 SpName: spADM_UserLoginCheck 
 2
 ,'admin'
 ,0
 ,'192.168.1.56'
 ,'192.168.1.56'
 ,''
 ,'Web'
 ,1
[System: 192.168.1.56] DEBUG | 06-24-2025 14:19:22.437 | General Service|:: CompanyIndex:7 SpName: spADM_GetClientUserDetails 
 'admin'
 ,1
 ,'25.9.3'
 ,0
[System: 192.168.1.56] DEBUG | 06-24-2025 14:19:22.562 | General Service|:: CompanyIndex:0 SpName: spADM_UserLoginCheck 
 2
 ,'admin'
 ,7
 ,'192.168.1.56'
 ,'192.168.1.56'
 ,''
 ,'Web'
 ,1
[System: 192.168.1.56] DEBUG | 06-24-2025 14:19:22.562 | General Service|:: CompanyIndex:0 SpName: spADM_Login 
 1
 ,''
 ,''
 ,''
 ,''
 ,''
 ,7
[System: 192.168.1.56] DEBUG | 06-24-2025 14:19:22.578 | General Service|:: CompanyIndex:7 SpName: spADM_GetDataSet 
 'select Value from ADM_GlobalPreferences with (nolock) where name =''EnableReLogin'''
 ,1
 ,1
[System: 192.168.1.56] DEBUG | 06-24-2025 14:19:22.578 | General Service|:: CompanyIndex:7 SpName: spADM_GetDataSet 
 'select * from COM_TokenHistory WITH(NOLOCK) where JwtToken=''eyJhbGciOiJIUzI1NiIsInR5cCI6IkpXVCJ9.eyJ1bmlxdWVfbmFtZSI6ImFkbWluLDEsNywxIiwibmJmIjoxNzUwNzU0OTYyLCJleHAiOjE3NTA3ODM3NjIsImlhdCI6MTc1MDc1NDk2Mn0.dKlDw4MhejWLL-5yHFAhGyTvWCkdRczEbvJ-_OurLOI'''
 ,1
 ,1
[System: 192.168.1.56] DEBUG | 06-24-2025 14:19:22.609 | General Service|:: CompanyIndex:0 SpName: spADM_Login 
 4
 ,''
 ,''
 ,''
 ,'declare @Cnt int,@ExpiredGUID nvarchar(50),@AllowSession int,@GUID nvarchar(50),@CurrDate float,@UserID INT,@Instances INT,@InstancesExists INT,@LCDBIndex int
set @CurrDate= convert(float,dateadd(minute,-21,getdate()))
set @AllowSession=0
set @GUID=''2437cd35-f4bd-4438-ac07-3204aba22ad9''
set @LCDBIndex=0
select top 1 @UserID=UserID,@Instances=InstanceCount from ADM_Users with(nolock) where UserName=''admin''
if exists(select [GUID] from ADM_Login with(nolock) where [GUID]=@GUID)
begin
	update ADM_Login 
	set LastAccessTime=convert(float,getdate()),UserID=@UserID
	where [GUID]=@GUID
    set @AllowSession=1
end
else
begin
	select @Cnt=count(*) from ADM_Login with(nolock) where LCDBIndex=@LCDBIndex and [GUID]!=''ACCESSRIGHTS'' and AP =''WEB''
    if(@Cnt<100)
		set @AllowSession=1
	else
	begin
		select top 1 @ExpiredGUID=[GUID] from ADM_Login with(nolock)
		where [GUID]!=''ACCESSRIGHTS'' and LCDBIndex=@LCDBIndex and LastAccessTime<@CurrDate  and AP =''WEB''
        order by LastAccessTime asc
		if @ExpiredGUID is not null
		begin
			delete from ADM_Login where [GUID]=@ExpiredGUID
			set @AllowSession=1
		end
	end
	if @AllowSession=1
	begin
        select @InstancesExists=COUNT(*) from ADM_Login with(nolock)
		where [GUID]!=''ACCESSRIGHTS'' and LCDBIndex=@LCDBIndex and LastAccessTime>=@CurrDate and UserID=@UserID and AP =''WEB''
		if(@Instances!=0 and @Instances<=@InstancesExists)
			set @AllowSession=2
		else
		    INSERT INTO ADM_Login([GUID],[SysName],IPAddress,[Status],LoginTime,LastAccessTime,AccessRights,UserID,DBIndex,LCDBIndex,AP)
		    VALUES(@GUID,''WEB'',''192.168.1.56'',1,convert(float,getdate()),convert(float,getdate()),null,@UserID,7,@LCDBIndex, ''WEB'')
	end
end

select @AllowSession AllowSession,@Instances Instances,@InstancesExists InstancesExists
'
 ,''
 ,0
[System: 192.168.1.56] DEBUG | 06-24-2025 14:19:22.609 | General Service|:: CompanyIndex:7 SpName: spADM_GetDataSet 
 'select * from COM_TokenHistory WITH(NOLOCK) where JwtToken=''eyJhbGciOiJIUzI1NiIsInR5cCI6IkpXVCJ9.eyJ1bmlxdWVfbmFtZSI6ImFkbWluLDEsNywxIiwibmJmIjoxNzUwNzU0OTYyLCJleHAiOjE3NTA3ODM3NjIsImlhdCI6MTc1MDc1NDk2Mn0.dKlDw4MhejWLL-5yHFAhGyTvWCkdRczEbvJ-_OurLOI'''
 ,1
 ,1
[System: 192.168.1.56] DEBUG | 06-24-2025 14:19:22.718 | General Service|:: CompanyIndex:7 SpName: spADM_GetDataSet 
 'SELECT (SELECT COUNT(*) FROM COM_Location L WITH(NOLOCK) JOIN COM_Status S WITH(NOLOCK) ON S.StatusID=L.StatusID WHERE L.IsGroup=0 AND S.[Status]=''Active'') ML
,(SELECT COUNT(*) FROM ADM_Features WITH(NOLOCK) WHERE ((FeatureID>50000 AND FeatureID<=50050) OR FeatureID>=51000) AND IsEnabled=1) MD
,(SELECT ISNULL(COUNT(*),0) FROM ADM_RevenUReports WITH(NOLOCK) WHERE IsGroup=0 AND ReportID>10000 AND StaticReportType IN (0,-1)) MR'
 ,1
 ,1
[System: 192.168.1.56] DEBUG | 06-24-2025 14:19:22.718 | General Service|:: CompanyIndex:7 SpName: spADM_GetDataSet 
 'select * from COM_TokenHistory WITH(NOLOCK) where JwtToken=''eyJhbGciOiJIUzI1NiIsInR5cCI6IkpXVCJ9.eyJ1bmlxdWVfbmFtZSI6ImFkbWluLDEsNywxIiwibmJmIjoxNzUwNzU0OTYyLCJleHAiOjE3NTA3ODM3NjIsImlhdCI6MTc1MDc1NDk2Mn0.dKlDw4MhejWLL-5yHFAhGyTvWCkdRczEbvJ-_OurLOI'''
 ,1
 ,1
[System: 192.168.1.56] DEBUG | 06-24-2025 14:19:25.640 | General Service|:: CompanyIndex:7 SpName: spCOM_ConfigValues 
 1
 ,'NotifTime'
 ,''
[System: 192.168.1.56] DEBUG | 06-24-2025 14:19:25.640 | General Service|:: CompanyIndex:7 SpName: spADM_GetDataSet 
 'select * from COM_TokenHistory WITH(NOLOCK) where JwtToken=''eyJhbGciOiJIUzI1NiIsInR5cCI6IkpXVCJ9.eyJ1bmlxdWVfbmFtZSI6ImFkbWluLDEsNywxIiwibmJmIjoxNzUwNzU0OTYyLCJleHAiOjE3NTA3ODM3NjIsImlhdCI6MTc1MDc1NDk2Mn0.dKlDw4MhejWLL-5yHFAhGyTvWCkdRczEbvJ-_OurLOI'''
 ,1
 ,1
[System: 192.168.1.56] DEBUG | 06-24-2025 14:19:25.936 | General Service|:: CompanyIndex:7 SpName: spADM_GetRibbonView 
 1
 ,1
 ,1
 ,1
 ,0
 ,''
[System: 192.168.1.56] DEBUG | 06-24-2025 14:19:25.952 | General Service|:: CompanyIndex:7 SpName: spADM_GetDataSet 
 'select * from COM_TokenHistory WITH(NOLOCK) where JwtToken=''eyJhbGciOiJIUzI1NiIsInR5cCI6IkpXVCJ9.eyJ1bmlxdWVfbmFtZSI6ImFkbWluLDEsNywxIiwibmJmIjoxNzUwNzU0OTYyLCJleHAiOjE3NTA3ODM3NjIsImlhdCI6MTc1MDc1NDk2Mn0.dKlDw4MhejWLL-5yHFAhGyTvWCkdRczEbvJ-_OurLOI'''
 ,1
 ,1
[System: 192.168.1.56] DEBUG | 06-24-2025 14:19:26.233 | General Service|:: CompanyIndex:7 SpName: spRPT_GetReport 
 2
 ,0
 ,'1'
 ,'1'
 ,1
[System: 192.168.1.56] DEBUG | 06-24-2025 14:19:26.233 | General Service|:: CompanyIndex:7 SpName: spADM_GetDataSet 
 'select * from COM_TokenHistory WITH(NOLOCK) where JwtToken=''eyJhbGciOiJIUzI1NiIsInR5cCI6IkpXVCJ9.eyJ1bmlxdWVfbmFtZSI6ImFkbWluLDEsNywxIiwibmJmIjoxNzUwNzU0OTYyLCJleHAiOjE3NTA3ODM3NjIsImlhdCI6MTc1MDc1NDk2Mn0.dKlDw4MhejWLL-5yHFAhGyTvWCkdRczEbvJ-_OurLOI'''
 ,1
 ,1
[System: 192.168.1.56] DEBUG | 06-24-2025 14:19:26.249 | General Service|:: CompanyIndex:7 SpName: spADM_GetDashBoard 
 2
 ,0
 ,0
 ,'1'
 ,'1'
 ,1
[System: 192.168.1.56] DEBUG | 06-24-2025 14:19:26.249 | General Service|:: CompanyIndex:7 SpName: spADM_GetDataSet 
 'select * from COM_TokenHistory WITH(NOLOCK) where JwtToken=''eyJhbGciOiJIUzI1NiIsInR5cCI6IkpXVCJ9.eyJ1bmlxdWVfbmFtZSI6ImFkbWluLDEsNywxIiwibmJmIjoxNzUwNzU0OTYyLCJleHAiOjE3NTA3ODM3NjIsImlhdCI6MTc1MDc1NDk2Mn0.dKlDw4MhejWLL-5yHFAhGyTvWCkdRczEbvJ-_OurLOI'''
 ,1
 ,1
[System: 192.168.1.56] DEBUG | 06-24-2025 14:19:26.264 | General Service|:: CompanyIndex:7 SpName: spCOM_ConfigValues 
 1
 ,'LandingDocs'
 ,'1'
[System: 192.168.1.56] DEBUG | 06-24-2025 14:19:26.264 | General Service|:: CompanyIndex:7 SpName: spADM_GetDataSet 
 'select * from COM_TokenHistory WITH(NOLOCK) where JwtToken=''eyJhbGciOiJIUzI1NiIsInR5cCI6IkpXVCJ9.eyJ1bmlxdWVfbmFtZSI6ImFkbWluLDEsNywxIiwibmJmIjoxNzUwNzU0OTYyLCJleHAiOjE3NTA3ODM3NjIsImlhdCI6MTc1MDc1NDk2Mn0.dKlDw4MhejWLL-5yHFAhGyTvWCkdRczEbvJ-_OurLOI'''
 ,1
 ,1
[System: 192.168.1.56] DEBUG | 06-24-2025 14:19:26.296 | General Service|:: CompanyIndex:7 SpName: spADM_GetAllListViewsDef 
 1
 ,1
[System: 192.168.1.56] DEBUG | 06-24-2025 14:19:26.296 | General Service|:: CompanyIndex:7 SpName: spADM_GetDataSet 
 'select * from COM_TokenHistory WITH(NOLOCK) where JwtToken=''eyJhbGciOiJIUzI1NiIsInR5cCI6IkpXVCJ9.eyJ1bmlxdWVfbmFtZSI6ImFkbWluLDEsNywxIiwibmJmIjoxNzUwNzU0OTYyLCJleHAiOjE3NTA3ODM3NjIsImlhdCI6MTc1MDc1NDk2Mn0.dKlDw4MhejWLL-5yHFAhGyTvWCkdRczEbvJ-_OurLOI'''
 ,1
 ,1
[System: 192.168.1.56] DEBUG | 06-24-2025 14:19:26.389 | General Service|:: CompanyIndex:7 SpName: spADM_GetAllListViewsDef 
 1
 ,1
[System: 192.168.1.56] DEBUG | 06-24-2025 14:19:26.405 | General Service|:: CompanyIndex:7 SpName: spADM_GetDataSet 
 'select * from COM_TokenHistory WITH(NOLOCK) where JwtToken=''eyJhbGciOiJIUzI1NiIsInR5cCI6IkpXVCJ9.eyJ1bmlxdWVfbmFtZSI6ImFkbWluLDEsNywxIiwibmJmIjoxNzUwNzU0OTYyLCJleHAiOjE3NTA3ODM3NjIsImlhdCI6MTc1MDc1NDk2Mn0.dKlDw4MhejWLL-5yHFAhGyTvWCkdRczEbvJ-_OurLOI'''
 ,1
 ,1
[System: 192.168.1.56] DEBUG | 06-24-2025 14:19:26.530 | General Service|:: CompanyIndex:7 SpName: spADM_GetDataSet 
 'Select CostCenterID,CostCenterColID,CostCenterName,SysTableName,UserColumnName,SysColumnName,ISNULL(UserDefaultValue,'''') UserDefaultValue
From AdM_CostCenterDef WITH(NOLOCK)
Where SysColumnName IN(''CreditAccount'',''DebitAccount'',''ProductID'') 
AND CostCenterID>40000 AND CostCenterID<50000 

SELECT * FROM ADM_Features WITH(NOLOCK) '
 ,1
 ,1
[System: 192.168.1.56] DEBUG | 06-24-2025 14:19:26.530 | General Service|:: CompanyIndex:7 SpName: spADM_GetDataSet 
 'select * from COM_TokenHistory WITH(NOLOCK) where JwtToken=''eyJhbGciOiJIUzI1NiIsInR5cCI6IkpXVCJ9.eyJ1bmlxdWVfbmFtZSI6ImFkbWluLDEsNywxIiwibmJmIjoxNzUwNzU0OTYyLCJleHAiOjE3NTA3ODM3NjIsImlhdCI6MTc1MDc1NDk2Mn0.dKlDw4MhejWLL-5yHFAhGyTvWCkdRczEbvJ-_OurLOI'''
 ,1
 ,1
[System: 192.168.1.56] DEBUG | 06-24-2025 14:19:26.577 | General Service|:: CompanyIndex:7 SpName: spADM_GetDataSet 
 '  SELECT * FROM PAY_PayrollPreferences WITH(NOLOCK) '
 ,1
 ,1
[System: 192.168.1.56] DEBUG | 06-24-2025 14:19:26.592 | General Service|:: CompanyIndex:7 SpName: spADM_GetDataSet 
 'select * from COM_TokenHistory WITH(NOLOCK) where JwtToken=''eyJhbGciOiJIUzI1NiIsInR5cCI6IkpXVCJ9.eyJ1bmlxdWVfbmFtZSI6ImFkbWluLDEsNywxIiwibmJmIjoxNzUwNzU0OTYyLCJleHAiOjE3NTA3ODM3NjIsImlhdCI6MTc1MDc1NDk2Mn0.dKlDw4MhejWLL-5yHFAhGyTvWCkdRczEbvJ-_OurLOI'''
 ,1
 ,1
[System: 192.168.1.56] DEBUG | 06-24-2025 14:19:26.608 | General Service|:: CompanyIndex:7 SpName: spADM_GetDataSet 
 '  --0
                                Select * FROM COM_CC50051 WITH(NOLOCK) WHERE IsGroup=0 AND LoginUserID=''admin''
                                --1                                
                                Select * FROM COM_CC50051 WITH(NOLOCK) WHERE RptManager IN (Select NodeID FROM COM_CC50051 WITH(NOLOCK) WHERE IsGroup=0 AND LoginUserID=''admin'')
                                UNION ALL
                                Select * FROM COM_CC50051 WITH(NOLOCK) WHERE RptManager IN 
                                (
	                                Select NodeID FROM COM_CC50051 WITH(NOLOCK) 
	                                WHERE IsGroup=0 AND LoginUserID IN
	                                (
	                                SELECT fe.LoginUserID
	                                FROM INV_DocDetails a WITH(NOLOCK) 
	                                JOIN COM_DocCCData b WITH(NOLOCK) ON b.InvDocDetailsID=a.InvDocDetailsID
	                                JOIN COM_DocNumData c WITH(NOLOCK) ON c.InvDocDetailsID=a.InvDocDetailsID
	                                JOIN COM_DocTextData d WITH(NOLOCK) ON d.InvDocDetailsID=a.InvDocDetailsID
	                                JOIN COM_CC50051 fe WITH(NOLOCK) on fe.NodeID=b.dcCCNID51
	                                JOIN COM_CC50051 te WITH(NOLOCK) on CONVERT(NVARCHAR,te.NodeID)=d.dcAlpha1
	                                WHERE a.CostCenterID=40098 and a.StatusID=369 AND d.dcAlpha3=''Temporary''
	                                AND te.LoginUserID=''admin'' 
	                                AND ISDATE(d.dcAlpha4)=1 AND ISDATE(d.dcAlpha5)=1 
	                                AND CONVERT(DATETIME,''24 Jun 2025'') BETWEEN CONVERT(DATETIME,d.dcAlpha4) AND CONVERT(DATETIME,d.dcAlpha5)
	                                )
                                )
                                --2
                                Select * FROM ADM_USERS WITH(NOLOCK) WHERE USERID=1
                                --3
                                Select * FROM COM_CostCenterCostCenterMap WITH(NOLOCK) WHERE ParentCostCenterID=7 AND ParentNodeID=1
                                --4                                
                                Select * FROM COM_CostCenterCostCenterMap WITH(NOLOCK) WHERE ParentCostCenterID=7 AND ParentNodeID=1
                                AND CostCenterID IN(Select ColumnCostCenterID From ADM_CostCenterDef Where CostCenterID=50051 AND IsColumnInUse=1 AND SysColumnName LIKE ''CCNID%'')
                                --5
                                Select * from COM_Files WITH(NOLOCK) WHERE FeatureID=50051 AND FeaturePK IN (Select NodeID FROM COM_CC50051 WITH(NOLOCK) WHERE IsGroup=0 AND LoginUserID=''admin'')                         
'
 ,1
 ,1
[System: 192.168.1.56] DEBUG | 06-24-2025 14:19:26.608 | General Service|:: CompanyIndex:7 SpName: spADM_GetDataSet 
 'select * from COM_TokenHistory WITH(NOLOCK) where JwtToken=''eyJhbGciOiJIUzI1NiIsInR5cCI6IkpXVCJ9.eyJ1bmlxdWVfbmFtZSI6ImFkbWluLDEsNywxIiwibmJmIjoxNzUwNzU0OTYyLCJleHAiOjE3NTA3ODM3NjIsImlhdCI6MTc1MDc1NDk2Mn0.dKlDw4MhejWLL-5yHFAhGyTvWCkdRczEbvJ-_OurLOI'''
 ,1
 ,1
[System: 192.168.1.56] DEBUG | 06-24-2025 14:19:26.624 | General Service|:: CompanyIndex:7 SpName: spADM_GetDataSet 
 'UPDATE C SET STATUSID=CASE WHEN ResignType=''Resigned'' THEN 302 WHEN ResignType=''Terminated With Cause'' THEN 303 WHEN ResignType=''Terminated Without Cause'' THEN 304 END 
                            FROM COM_CC50051 C WITH(NOLOCK)
                            WHERE ResignStatus=''Posted'' AND ResignType NOT IN(''Pending'',''Rejected'') 
                            AND DOResign IS NOT NULL AND DORelieve IS NOT NULL
                            AND STATUSID NOT IN(302,303,304)
                            AND DATEDIFF(D,GETDATE(),DORelieve)<0'
 ,1
 ,1
[System: 192.168.1.56] DEBUG | 06-24-2025 14:19:26.624 | General Service|:: CompanyIndex:7 SpName: spADM_GetDataSet 
 'select * from COM_TokenHistory WITH(NOLOCK) where JwtToken=''eyJhbGciOiJIUzI1NiIsInR5cCI6IkpXVCJ9.eyJ1bmlxdWVfbmFtZSI6ImFkbWluLDEsNywxIiwibmJmIjoxNzUwNzU0OTYyLCJleHAiOjE3NTA3ODM3NjIsImlhdCI6MTc1MDc1NDk2Mn0.dKlDw4MhejWLL-5yHFAhGyTvWCkdRczEbvJ-_OurLOI'''
 ,1
 ,1
[System: 192.168.1.56] DEBUG | 06-24-2025 14:19:26.749 | General Service|:: CompanyIndex:7 SpName: spADM_GetDataSet 
 'declare @UserID int,@RoleID int,@UserName NVARCHAR(100),@where nvarchar(max),@query nvarchar(max)
set @UserID=1
set @RoleID=1-- Employee:-1
SELECT @UserName=UserName From ADM_Users WITH(NOLOCK) WHERE UserID=@UserID
exec [fnGet_GetAssignedDims] @UserID,@RoleID,@where output
 create table #TblUsrWF(WID int,LevelID int,Type int,CtWef float,LvWef int)
EXEC spRPT_GetReportData @Type=8,@Param1=@UserID,@strXML=null,@RoleID=@RoleID set @query=''  SELECT DT.CostCenterID,DT.DocumentName,DT.DocumentType,DT.IsInventory,count(*) CNT
FROM (
 SELECT INV.CostCenterID
FROM INV_DocDetails INV with(nolock)''
if(@where<>'''')
	set @query=@query+'' join com_docccdata d with(nolock) on INV.INVDocDetailsid=d.INVDocDetailsid''	

set @query=@query+'' ,#TblUsrWF WF
WHERE WF.WID=INV.WorkflowID and (WF.LevelID>INV.WorkFlowLevel or (WF.LevelID+1=INV.WorkFlowLevel and INV.StatusID=372)) and (INV.StatusID=371 or INV.StatusID=372 or INV.StatusID=441) AND (WF.Type=1 or (INV.WorkFlowLevel+1=WF.LevelID and INV.StatusID!=372) or (WF.LevelID+1=INV.WorkFlowLevel and INV.StatusID=372) or (WF.CtWef is not null and INV.WorkFlowLevel>=WF.LvWef
and INV.CreatedDate+WF.CtWef<=convert(float,getdate()))) ''+@where+''
GROUP BY INV.CostCenterID,INV.VoucherNo
UNION ALL
SELECT ACC.CostCenterID
FROM ACC_DocDetails ACC with(nolock)''
if(@where<>'''')
	set @query=@query+'' join com_docccdata d with(nolock) on ACC.ACCDocDetailsid=d.ACCDocDetailsid''	

set @query=@query+'',#TblUsrWF WF
WHERE ACC.LinkedAccDocDetailsID is null and ACC.InvDocDetailsID is null and WF.WID=ACC.WorkflowID and (WF.LevelID>ACC.WorkFlowLevel or (WF.LevelID+1=ACC.WorkFlowLevel and ACC.StatusID=372)) and (ACC.StatusID=371 or ACC.StatusID=372 or ACC.StatusID=441) AND (WF.Type=1 or (ACC.WorkFlowLevel+1=WF.LevelID and ACC.StatusID!=372) or (WF.LevelID+1=ACC.WorkFlowLevel and ACC.StatusID=372) or (WF.CtWef is not null and ACC.WorkFlowLevel>=WF.LvWef
and ACC.CreatedDate+WF.CtWef<=convert(float,getdate())))''+@where+''
GROUP BY ACC.CostCenterID,ACC.VoucherNo  ) AS T
JOIN ADM_DocumentTypes DT with(nolock) ON T.CostCenterID=DT.CostCenterID
GROUP BY DT.CostCenterID,DT.DocumentName,DT.DocumentType,DT.IsInventory  
UNION ALL
SELECT DT.FeatureID CostCenterID,DT.Name DocumentName,-DT.FeatureID DocumentType,0 IsInventory,count(*) CNT
FROM (
SELECT INV.CostCenterID FROM REN_Contract INV WITH(NOLOCK),#TblUsrWF WF
WHERE  WF.WID=INV.WorkflowID and WF.LevelID>INV.WorkFlowLevel and (INV.StatusID=440 or INV.StatusID=470 or INV.StatusID=466) AND (WF.Type=1 or (INV.WorkFlowLevel+1=WF.LevelID and INV.StatusID!=470)  or (WF.CtWef is not null and INV.WorkFlowLevel>=WF.LvWef
 and INV.CreatedDate+WF.CtWef<=convert(float,getdate()))) AND INV.RefContractID=0 ) AS T
JOIN ADM_Features DT with(nolock) ON T.CostCenterID=DT.FeatureID
GROUP BY DT.FeatureID,DT.Name 
ORDER BY DocumentName''
exec(@query)

DROP TABLE #TblUsrWF
'
 ,1
 ,1
[System: 192.168.1.56] DEBUG | 06-24-2025 14:19:26.749 | General Service|:: CompanyIndex:7 SpName: spADM_GetDataSet 
 'select * from COM_TokenHistory WITH(NOLOCK) where JwtToken=''eyJhbGciOiJIUzI1NiIsInR5cCI6IkpXVCJ9.eyJ1bmlxdWVfbmFtZSI6ImFkbWluLDEsNywxIiwibmJmIjoxNzUwNzU0OTYyLCJleHAiOjE3NTA3ODM3NjIsImlhdCI6MTc1MDc1NDk2Mn0.dKlDw4MhejWLL-5yHFAhGyTvWCkdRczEbvJ-_OurLOI'''
 ,1
 ,1
[System: 192.168.1.56] DEBUG | 06-24-2025 14:19:27.030 | General Service|:: CompanyIndex:7 SpName: spADM_GetDashBoard 
 1
 ,39
 ,0
 ,'1'
 ,'1'
 ,1
[System: 192.168.1.56] DEBUG | 06-24-2025 14:19:27.030 | General Service|:: CompanyIndex:7 SpName: spADM_GetDataSet 
 'select * from COM_TokenHistory WITH(NOLOCK) where JwtToken=''eyJhbGciOiJIUzI1NiIsInR5cCI6IkpXVCJ9.eyJ1bmlxdWVfbmFtZSI6ImFkbWluLDEsNywxIiwibmJmIjoxNzUwNzU0OTYyLCJleHAiOjE3NTA3ODM3NjIsImlhdCI6MTc1MDc1NDk2Mn0.dKlDw4MhejWLL-5yHFAhGyTvWCkdRczEbvJ-_OurLOI'''
 ,1
 ,1
[System: 192.168.1.56] DEBUG | 06-24-2025 14:19:27.139 | General Service|:: CompanyIndex:7 SpName: spCOM_GetFavorites 
 'VIEW'
 ,25495
 ,'1'
 ,'1'
 ,1
[System: 192.168.1.56] DEBUG | 06-24-2025 14:19:27.139 | General Service|:: CompanyIndex:7 SpName: spADM_GetDataSet 
 'select * from COM_TokenHistory WITH(NOLOCK) where JwtToken=''eyJhbGciOiJIUzI1NiIsInR5cCI6IkpXVCJ9.eyJ1bmlxdWVfbmFtZSI6ImFkbWluLDEsNywxIiwibmJmIjoxNzUwNzU0OTYyLCJleHAiOjE3NTA3ODM3NjIsImlhdCI6MTc1MDc1NDk2Mn0.dKlDw4MhejWLL-5yHFAhGyTvWCkdRczEbvJ-_OurLOI'''
 ,1
 ,1
[System: 192.168.1.56] DEBUG | 06-24-2025 14:19:31.748 | General Service|:: CompanyIndex:7 SpName: spADM_GetCostCenterGridViewList 
 49
 ,1
 ,1
 ,1
[System: 192.168.1.56] DEBUG | 06-24-2025 14:19:31.748 | General Service|:: CompanyIndex:7 SpName: spADM_GetDataSet 
 'select * from COM_TokenHistory WITH(NOLOCK) where JwtToken=''eyJhbGciOiJIUzI1NiIsInR5cCI6IkpXVCJ9.eyJ1bmlxdWVfbmFtZSI6ImFkbWluLDEsNywxIiwibmJmIjoxNzUwNzU0OTYyLCJleHAiOjE3NTA3ODM3NjIsImlhdCI6MTc1MDc1NDk2Mn0.dKlDw4MhejWLL-5yHFAhGyTvWCkdRczEbvJ-_OurLOI'''
 ,1
 ,1
[System: 192.168.1.56] DEBUG | 06-24-2025 14:19:31.779 | General Service|:: CompanyIndex:7 SpName: spCom_GetCostCenterSummary 
 500041
 ,-1
 ,1000
 ,''
 ,''
 ,''
 ,0
 ,'24-Jun-2025'
 ,NULL
 ,''
 ,1
 ,1
 ,0
 ,0
 ,False
 ,1
[System: 192.168.1.56] DEBUG | 06-24-2025 14:19:31.794 | General Service|:: CompanyIndex:7 SpName: spADM_GetDataSet 
 'select * from COM_TokenHistory WITH(NOLOCK) where JwtToken=''eyJhbGciOiJIUzI1NiIsInR5cCI6IkpXVCJ9.eyJ1bmlxdWVfbmFtZSI6ImFkbWluLDEsNywxIiwibmJmIjoxNzUwNzU0OTYyLCJleHAiOjE3NTA3ODM3NjIsImlhdCI6MTc1MDc1NDk2Mn0.dKlDw4MhejWLL-5yHFAhGyTvWCkdRczEbvJ-_OurLOI'''
 ,1
 ,1
[System: 192.168.1.56] DEBUG | 06-24-2025 14:19:34.294 | General Service|:: CompanyIndex:7 SpName: spCom_GetCostCenterQuickViewDefn 
 49
 ,'67'
 ,49
 ,1
 ,1
 ,1
[System: 192.168.1.56] DEBUG | 06-24-2025 14:19:34.294 | General Service|:: CompanyIndex:7 SpName: spADM_GetDataSet 
 'select * from COM_TokenHistory WITH(NOLOCK) where JwtToken=''eyJhbGciOiJIUzI1NiIsInR5cCI6IkpXVCJ9.eyJ1bmlxdWVfbmFtZSI6ImFkbWluLDEsNywxIiwibmJmIjoxNzUwNzU0OTYyLCJleHAiOjE3NTA3ODM3NjIsImlhdCI6MTc1MDc1NDk2Mn0.dKlDw4MhejWLL-5yHFAhGyTvWCkdRczEbvJ-_OurLOI'''
 ,1
 ,1
[System: 192.168.1.56] DEBUG | 06-24-2025 14:19:34.497 | General Service|:: CompanyIndex:7 SpName: spADM_BulkEditDetails 
 6
 ,67
 ,0
 ,''
 ,''
 ,''
 ,''
 ,'admin'
 ,1
 ,1
 ,1
[System: 192.168.1.56] DEBUG | 06-24-2025 14:19:34.497 | General Service|:: CompanyIndex:7 SpName: spADM_GetDataSet 
 'select * from COM_TokenHistory WITH(NOLOCK) where JwtToken=''eyJhbGciOiJIUzI1NiIsInR5cCI6IkpXVCJ9.eyJ1bmlxdWVfbmFtZSI6ImFkbWluLDEsNywxIiwibmJmIjoxNzUwNzU0OTYyLCJleHAiOjE3NTA3ODM3NjIsImlhdCI6MTc1MDc1NDk2Mn0.dKlDw4MhejWLL-5yHFAhGyTvWCkdRczEbvJ-_OurLOI'''
 ,1
 ,1
[System: 192.168.1.56] DEBUG | 06-24-2025 14:19:34.513 | General Service|:: CompanyIndex:7 SpName: spADM_BulkEditDetails 
 2
 ,0
 ,50022
 ,''
 ,''
 ,''
 ,''
 ,'admin'
 ,1
 ,1
 ,1
[System: 192.168.1.56] DEBUG | 06-24-2025 14:19:34.513 | General Service|:: CompanyIndex:7 SpName: spADM_GetDataSet 
 'select * from COM_TokenHistory WITH(NOLOCK) where JwtToken=''eyJhbGciOiJIUzI1NiIsInR5cCI6IkpXVCJ9.eyJ1bmlxdWVfbmFtZSI6ImFkbWluLDEsNywxIiwibmJmIjoxNzUwNzU0OTYyLCJleHAiOjE3NTA3ODM3NjIsImlhdCI6MTc1MDc1NDk2Mn0.dKlDw4MhejWLL-5yHFAhGyTvWCkdRczEbvJ-_OurLOI'''
 ,1
 ,1
[System: 192.168.1.56] DEBUG | 06-24-2025 14:19:36.700 | General Service|:: CompanyIndex:7 SpName: spADM_GetDataSet 
 'SELECT D.NodeID,D.Code,D.Name,D.StatusID,D.GUID,D.Code AS C0,D.Name AS C1,D.ccAlpha1 AS C2,D.ccAlpha3 AS C3 FROM COM_CC50022 D with(nolock)  WHERE 1=1 ORDER BY D.Name'
 ,1
 ,1
[System: 192.168.1.56] DEBUG | 06-24-2025 14:19:36.700 | General Service|:: CompanyIndex:7 SpName: spADM_GetDataSet 
 'select * from COM_TokenHistory WITH(NOLOCK) where JwtToken=''eyJhbGciOiJIUzI1NiIsInR5cCI6IkpXVCJ9.eyJ1bmlxdWVfbmFtZSI6ImFkbWluLDEsNywxIiwibmJmIjoxNzUwNzU0OTYyLCJleHAiOjE3NTA3ODM3NjIsImlhdCI6MTc1MDc1NDk2Mn0.dKlDw4MhejWLL-5yHFAhGyTvWCkdRczEbvJ-_OurLOI'''
 ,1
 ,1
[System: 192.168.1.56] DEBUG | 06-24-2025 14:20:24.345 | General Service|:: CompanyIndex:0 SpName: spADM_GetClientUserDetails2C 
 'admin'
 ,1
 ,0
[System: 192.168.1.56] DEBUG | 06-24-2025 14:20:24.407 | General Service|:: CompanyIndex:0 SpName: spADM_UserLoginCheck 
 2
 ,'admin'
 ,0
 ,'192.168.1.56'
 ,'192.168.1.56'
 ,''
 ,'Web'
 ,1
[System: 192.168.1.56] DEBUG | 06-24-2025 14:20:27.328 | General Service|:: CompanyIndex:7 SpName: spADM_GetClientUserDetails 
 'admin'
 ,1
 ,'25.9.3'
 ,0
[System: 192.168.1.56] DEBUG | 06-24-2025 14:20:27.407 | General Service|:: CompanyIndex:0 SpName: spADM_UserLoginCheck 
 2
 ,'admin'
 ,7
 ,'192.168.1.56'
 ,'192.168.1.56'
 ,''
 ,'Web'
 ,1
[System: 192.168.1.56] DEBUG | 06-24-2025 14:20:27.407 | General Service|:: CompanyIndex:0 SpName: spADM_Login 
 1
 ,''
 ,''
 ,''
 ,''
 ,''
 ,7
[System: 192.168.1.56] DEBUG | 06-24-2025 14:20:27.422 | General Service|:: CompanyIndex:7 SpName: spADM_GetDataSet 
 'select Value from ADM_GlobalPreferences with (nolock) where name =''EnableReLogin'''
 ,1
 ,1
[System: 192.168.1.56] DEBUG | 06-24-2025 14:20:27.422 | General Service|:: CompanyIndex:7 SpName: spADM_GetDataSet 
 'select * from COM_TokenHistory WITH(NOLOCK) where JwtToken=''eyJhbGciOiJIUzI1NiIsInR5cCI6IkpXVCJ9.eyJ1bmlxdWVfbmFtZSI6ImFkbWluLDEsNywxIiwibmJmIjoxNzUwNzU1MDI3LCJleHAiOjE3NTA3ODM4MjcsImlhdCI6MTc1MDc1NTAyN30.TtPW0Csc6Tox1T0cE4ZHPO1xwf1IB_N39bkar8vtVgE'''
 ,1
 ,1
[System: 192.168.1.56] DEBUG | 06-24-2025 14:20:27.438 | General Service|:: CompanyIndex:0 SpName: spADM_Login 
 4
 ,''
 ,''
 ,''
 ,'declare @Cnt int,@ExpiredGUID nvarchar(50),@AllowSession int,@GUID nvarchar(50),@CurrDate float,@UserID INT,@Instances INT,@InstancesExists INT,@LCDBIndex int
set @CurrDate= convert(float,dateadd(minute,-21,getdate()))
set @AllowSession=0
set @GUID=''756d70d6-03ed-4963-95df-7b07ba7a992c''
set @LCDBIndex=0
select top 1 @UserID=UserID,@Instances=InstanceCount from ADM_Users with(nolock) where UserName=''admin''
if exists(select [GUID] from ADM_Login with(nolock) where [GUID]=@GUID)
begin
	update ADM_Login 
	set LastAccessTime=convert(float,getdate()),UserID=@UserID
	where [GUID]=@GUID
    set @AllowSession=1
end
else
begin
	select @Cnt=count(*) from ADM_Login with(nolock) where LCDBIndex=@LCDBIndex and [GUID]!=''ACCESSRIGHTS'' and AP =''WEB''
    if(@Cnt<100)
		set @AllowSession=1
	else
	begin
		select top 1 @ExpiredGUID=[GUID] from ADM_Login with(nolock)
		where [GUID]!=''ACCESSRIGHTS'' and LCDBIndex=@LCDBIndex and LastAccessTime<@CurrDate  and AP =''WEB''
        order by LastAccessTime asc
		if @ExpiredGUID is not null
		begin
			delete from ADM_Login where [GUID]=@ExpiredGUID
			set @AllowSession=1
		end
	end
	if @AllowSession=1
	begin
        select @InstancesExists=COUNT(*) from ADM_Login with(nolock)
		where [GUID]!=''ACCESSRIGHTS'' and LCDBIndex=@LCDBIndex and LastAccessTime>=@CurrDate and UserID=@UserID and AP =''WEB''
		if(@Instances!=0 and @Instances<=@InstancesExists)
			set @AllowSession=2
		else
		    INSERT INTO ADM_Login([GUID],[SysName],IPAddress,[Status],LoginTime,LastAccessTime,AccessRights,UserID,DBIndex,LCDBIndex,AP)
		    VALUES(@GUID,''WEB'',''192.168.1.56'',1,convert(float,getdate()),convert(float,getdate()),null,@UserID,7,@LCDBIndex, ''WEB'')
	end
end

select @AllowSession AllowSession,@Instances Instances,@InstancesExists InstancesExists
'
 ,''
 ,0
[System: 192.168.1.56] DEBUG | 06-24-2025 14:20:27.453 | General Service|:: CompanyIndex:7 SpName: spADM_GetDataSet 
 'select * from COM_TokenHistory WITH(NOLOCK) where JwtToken=''eyJhbGciOiJIUzI1NiIsInR5cCI6IkpXVCJ9.eyJ1bmlxdWVfbmFtZSI6ImFkbWluLDEsNywxIiwibmJmIjoxNzUwNzU1MDI3LCJleHAiOjE3NTA3ODM4MjcsImlhdCI6MTc1MDc1NTAyN30.TtPW0Csc6Tox1T0cE4ZHPO1xwf1IB_N39bkar8vtVgE'''
 ,1
 ,1
[System: 192.168.1.56] DEBUG | 06-24-2025 14:20:27.469 | General Service|:: CompanyIndex:7 SpName: spADM_GetDataSet 
 'SELECT (SELECT COUNT(*) FROM COM_Location L WITH(NOLOCK) JOIN COM_Status S WITH(NOLOCK) ON S.StatusID=L.StatusID WHERE L.IsGroup=0 AND S.[Status]=''Active'') ML
,(SELECT COUNT(*) FROM ADM_Features WITH(NOLOCK) WHERE ((FeatureID>50000 AND FeatureID<=50050) OR FeatureID>=51000) AND IsEnabled=1) MD
,(SELECT ISNULL(COUNT(*),0) FROM ADM_RevenUReports WITH(NOLOCK) WHERE IsGroup=0 AND ReportID>10000 AND StaticReportType IN (0,-1)) MR'
 ,1
 ,1
[System: 192.168.1.56] DEBUG | 06-24-2025 14:20:27.469 | General Service|:: CompanyIndex:7 SpName: spADM_GetDataSet 
 'select * from COM_TokenHistory WITH(NOLOCK) where JwtToken=''eyJhbGciOiJIUzI1NiIsInR5cCI6IkpXVCJ9.eyJ1bmlxdWVfbmFtZSI6ImFkbWluLDEsNywxIiwibmJmIjoxNzUwNzU1MDI3LCJleHAiOjE3NTA3ODM4MjcsImlhdCI6MTc1MDc1NTAyN30.TtPW0Csc6Tox1T0cE4ZHPO1xwf1IB_N39bkar8vtVgE'''
 ,1
 ,1
[System: 192.168.1.56] DEBUG | 06-24-2025 14:20:30.468 | General Service|:: CompanyIndex:7 SpName: spCOM_ConfigValues 
 1
 ,'NotifTime'
 ,''
[System: 192.168.1.56] DEBUG | 06-24-2025 14:20:30.468 | General Service|:: CompanyIndex:7 SpName: spADM_GetDataSet 
 'select * from COM_TokenHistory WITH(NOLOCK) where JwtToken=''eyJhbGciOiJIUzI1NiIsInR5cCI6IkpXVCJ9.eyJ1bmlxdWVfbmFtZSI6ImFkbWluLDEsNywxIiwibmJmIjoxNzUwNzU1MDI3LCJleHAiOjE3NTA3ODM4MjcsImlhdCI6MTc1MDc1NTAyN30.TtPW0Csc6Tox1T0cE4ZHPO1xwf1IB_N39bkar8vtVgE'''
 ,1
 ,1
[System: 192.168.1.56] DEBUG | 06-24-2025 14:20:30.750 | General Service|:: CompanyIndex:7 SpName: spADM_GetRibbonView 
 1
 ,1
 ,1
 ,1
 ,0
 ,''
[System: 192.168.1.56] DEBUG | 06-24-2025 14:20:30.765 | General Service|:: CompanyIndex:7 SpName: spADM_GetDataSet 
 'select * from COM_TokenHistory WITH(NOLOCK) where JwtToken=''eyJhbGciOiJIUzI1NiIsInR5cCI6IkpXVCJ9.eyJ1bmlxdWVfbmFtZSI6ImFkbWluLDEsNywxIiwibmJmIjoxNzUwNzU1MDI3LCJleHAiOjE3NTA3ODM4MjcsImlhdCI6MTc1MDc1NTAyN30.TtPW0Csc6Tox1T0cE4ZHPO1xwf1IB_N39bkar8vtVgE'''
 ,1
 ,1
[System: 192.168.1.56] DEBUG | 06-24-2025 14:20:31.046 | General Service|:: CompanyIndex:7 SpName: spRPT_GetReport 
 2
 ,0
 ,'1'
 ,'1'
 ,1
[System: 192.168.1.56] DEBUG | 06-24-2025 14:20:31.046 | General Service|:: CompanyIndex:7 SpName: spADM_GetDataSet 
 'select * from COM_TokenHistory WITH(NOLOCK) where JwtToken=''eyJhbGciOiJIUzI1NiIsInR5cCI6IkpXVCJ9.eyJ1bmlxdWVfbmFtZSI6ImFkbWluLDEsNywxIiwibmJmIjoxNzUwNzU1MDI3LCJleHAiOjE3NTA3ODM4MjcsImlhdCI6MTc1MDc1NTAyN30.TtPW0Csc6Tox1T0cE4ZHPO1xwf1IB_N39bkar8vtVgE'''
 ,1
 ,1
[System: 192.168.1.56] DEBUG | 06-24-2025 14:20:31.046 | General Service|:: CompanyIndex:7 SpName: spADM_GetDashBoard 
 2
 ,0
 ,0
 ,'1'
 ,'1'
 ,1
[System: 192.168.1.56] DEBUG | 06-24-2025 14:20:31.062 | General Service|:: CompanyIndex:7 SpName: spADM_GetDataSet 
 'select * from COM_TokenHistory WITH(NOLOCK) where JwtToken=''eyJhbGciOiJIUzI1NiIsInR5cCI6IkpXVCJ9.eyJ1bmlxdWVfbmFtZSI6ImFkbWluLDEsNywxIiwibmJmIjoxNzUwNzU1MDI3LCJleHAiOjE3NTA3ODM4MjcsImlhdCI6MTc1MDc1NTAyN30.TtPW0Csc6Tox1T0cE4ZHPO1xwf1IB_N39bkar8vtVgE'''
 ,1
 ,1
[System: 192.168.1.56] DEBUG | 06-24-2025 14:20:31.062 | General Service|:: CompanyIndex:7 SpName: spCOM_ConfigValues 
 1
 ,'LandingDocs'
 ,'1'
[System: 192.168.1.56] DEBUG | 06-24-2025 14:20:31.078 | General Service|:: CompanyIndex:7 SpName: spADM_GetDataSet 
 'select * from COM_TokenHistory WITH(NOLOCK) where JwtToken=''eyJhbGciOiJIUzI1NiIsInR5cCI6IkpXVCJ9.eyJ1bmlxdWVfbmFtZSI6ImFkbWluLDEsNywxIiwibmJmIjoxNzUwNzU1MDI3LCJleHAiOjE3NTA3ODM4MjcsImlhdCI6MTc1MDc1NTAyN30.TtPW0Csc6Tox1T0cE4ZHPO1xwf1IB_N39bkar8vtVgE'''
 ,1
 ,1
[System: 192.168.1.56] DEBUG | 06-24-2025 14:20:31.109 | General Service|:: CompanyIndex:7 SpName: spADM_GetAllListViewsDef 
 1
 ,1
[System: 192.168.1.56] DEBUG | 06-24-2025 14:20:31.109 | General Service|:: CompanyIndex:7 SpName: spADM_GetDataSet 
 'select * from COM_TokenHistory WITH(NOLOCK) where JwtToken=''eyJhbGciOiJIUzI1NiIsInR5cCI6IkpXVCJ9.eyJ1bmlxdWVfbmFtZSI6ImFkbWluLDEsNywxIiwibmJmIjoxNzUwNzU1MDI3LCJleHAiOjE3NTA3ODM4MjcsImlhdCI6MTc1MDc1NTAyN30.TtPW0Csc6Tox1T0cE4ZHPO1xwf1IB_N39bkar8vtVgE'''
 ,1
 ,1
[System: 192.168.1.56] DEBUG | 06-24-2025 14:20:31.203 | General Service|:: CompanyIndex:7 SpName: spADM_GetAllListViewsDef 
 1
 ,1
[System: 192.168.1.56] DEBUG | 06-24-2025 14:20:31.203 | General Service|:: CompanyIndex:7 SpName: spADM_GetDataSet 
 'select * from COM_TokenHistory WITH(NOLOCK) where JwtToken=''eyJhbGciOiJIUzI1NiIsInR5cCI6IkpXVCJ9.eyJ1bmlxdWVfbmFtZSI6ImFkbWluLDEsNywxIiwibmJmIjoxNzUwNzU1MDI3LCJleHAiOjE3NTA3ODM4MjcsImlhdCI6MTc1MDc1NTAyN30.TtPW0Csc6Tox1T0cE4ZHPO1xwf1IB_N39bkar8vtVgE'''
 ,1
 ,1
[System: 192.168.1.56] DEBUG | 06-24-2025 14:20:31.312 | General Service|:: CompanyIndex:7 SpName: spADM_GetDataSet 
 'Select CostCenterID,CostCenterColID,CostCenterName,SysTableName,UserColumnName,SysColumnName,ISNULL(UserDefaultValue,'''') UserDefaultValue
From AdM_CostCenterDef WITH(NOLOCK)
Where SysColumnName IN(''CreditAccount'',''DebitAccount'',''ProductID'') 
AND CostCenterID>40000 AND CostCenterID<50000 

SELECT * FROM ADM_Features WITH(NOLOCK) '
 ,1
 ,1
[System: 192.168.1.56] DEBUG | 06-24-2025 14:20:31.312 | General Service|:: CompanyIndex:7 SpName: spADM_GetDataSet 
 'select * from COM_TokenHistory WITH(NOLOCK) where JwtToken=''eyJhbGciOiJIUzI1NiIsInR5cCI6IkpXVCJ9.eyJ1bmlxdWVfbmFtZSI6ImFkbWluLDEsNywxIiwibmJmIjoxNzUwNzU1MDI3LCJleHAiOjE3NTA3ODM4MjcsImlhdCI6MTc1MDc1NTAyN30.TtPW0Csc6Tox1T0cE4ZHPO1xwf1IB_N39bkar8vtVgE'''
 ,1
 ,1
[System: 192.168.1.56] DEBUG | 06-24-2025 14:20:31.374 | General Service|:: CompanyIndex:7 SpName: spADM_GetDataSet 
 '  SELECT * FROM PAY_PayrollPreferences WITH(NOLOCK) '
 ,1
 ,1
[System: 192.168.1.56] DEBUG | 06-24-2025 14:20:31.374 | General Service|:: CompanyIndex:7 SpName: spADM_GetDataSet 
 'select * from COM_TokenHistory WITH(NOLOCK) where JwtToken=''eyJhbGciOiJIUzI1NiIsInR5cCI6IkpXVCJ9.eyJ1bmlxdWVfbmFtZSI6ImFkbWluLDEsNywxIiwibmJmIjoxNzUwNzU1MDI3LCJleHAiOjE3NTA3ODM4MjcsImlhdCI6MTc1MDc1NTAyN30.TtPW0Csc6Tox1T0cE4ZHPO1xwf1IB_N39bkar8vtVgE'''
 ,1
 ,1
[System: 192.168.1.56] DEBUG | 06-24-2025 14:20:31.390 | General Service|:: CompanyIndex:7 SpName: spADM_GetDataSet 
 '  --0
                                Select * FROM COM_CC50051 WITH(NOLOCK) WHERE IsGroup=0 AND LoginUserID=''admin''
                                --1                                
                                Select * FROM COM_CC50051 WITH(NOLOCK) WHERE RptManager IN (Select NodeID FROM COM_CC50051 WITH(NOLOCK) WHERE IsGroup=0 AND LoginUserID=''admin'')
                                UNION ALL
                                Select * FROM COM_CC50051 WITH(NOLOCK) WHERE RptManager IN 
                                (
	                                Select NodeID FROM COM_CC50051 WITH(NOLOCK) 
	                                WHERE IsGroup=0 AND LoginUserID IN
	                                (
	                                SELECT fe.LoginUserID
	                                FROM INV_DocDetails a WITH(NOLOCK) 
	                                JOIN COM_DocCCData b WITH(NOLOCK) ON b.InvDocDetailsID=a.InvDocDetailsID
	                                JOIN COM_DocNumData c WITH(NOLOCK) ON c.InvDocDetailsID=a.InvDocDetailsID
	                                JOIN COM_DocTextData d WITH(NOLOCK) ON d.InvDocDetailsID=a.InvDocDetailsID
	                                JOIN COM_CC50051 fe WITH(NOLOCK) on fe.NodeID=b.dcCCNID51
	                                JOIN COM_CC50051 te WITH(NOLOCK) on CONVERT(NVARCHAR,te.NodeID)=d.dcAlpha1
	                                WHERE a.CostCenterID=40098 and a.StatusID=369 AND d.dcAlpha3=''Temporary''
	                                AND te.LoginUserID=''admin'' 
	                                AND ISDATE(d.dcAlpha4)=1 AND ISDATE(d.dcAlpha5)=1 
	                                AND CONVERT(DATETIME,''24 Jun 2025'') BETWEEN CONVERT(DATETIME,d.dcAlpha4) AND CONVERT(DATETIME,d.dcAlpha5)
	                                )
                                )
                                --2
                                Select * FROM ADM_USERS WITH(NOLOCK) WHERE USERID=1
                                --3
                                Select * FROM COM_CostCenterCostCenterMap WITH(NOLOCK) WHERE ParentCostCenterID=7 AND ParentNodeID=1
                                --4                                
                                Select * FROM COM_CostCenterCostCenterMap WITH(NOLOCK) WHERE ParentCostCenterID=7 AND ParentNodeID=1
                                AND CostCenterID IN(Select ColumnCostCenterID From ADM_CostCenterDef Where CostCenterID=50051 AND IsColumnInUse=1 AND SysColumnName LIKE ''CCNID%'')
                                --5
                                Select * from COM_Files WITH(NOLOCK) WHERE FeatureID=50051 AND FeaturePK IN (Select NodeID FROM COM_CC50051 WITH(NOLOCK) WHERE IsGroup=0 AND LoginUserID=''admin'')                         
'
 ,1
 ,1
[System: 192.168.1.56] DEBUG | 06-24-2025 14:20:31.406 | General Service|:: CompanyIndex:7 SpName: spADM_GetDataSet 
 'select * from COM_TokenHistory WITH(NOLOCK) where JwtToken=''eyJhbGciOiJIUzI1NiIsInR5cCI6IkpXVCJ9.eyJ1bmlxdWVfbmFtZSI6ImFkbWluLDEsNywxIiwibmJmIjoxNzUwNzU1MDI3LCJleHAiOjE3NTA3ODM4MjcsImlhdCI6MTc1MDc1NTAyN30.TtPW0Csc6Tox1T0cE4ZHPO1xwf1IB_N39bkar8vtVgE'''
 ,1
 ,1
[System: 192.168.1.56] DEBUG | 06-24-2025 14:20:31.406 | General Service|:: CompanyIndex:7 SpName: spADM_GetDataSet 
 'UPDATE C SET STATUSID=CASE WHEN ResignType=''Resigned'' THEN 302 WHEN ResignType=''Terminated With Cause'' THEN 303 WHEN ResignType=''Terminated Without Cause'' THEN 304 END 
                            FROM COM_CC50051 C WITH(NOLOCK)
                            WHERE ResignStatus=''Posted'' AND ResignType NOT IN(''Pending'',''Rejected'') 
                            AND DOResign IS NOT NULL AND DORelieve IS NOT NULL
                            AND STATUSID NOT IN(302,303,304)
                            AND DATEDIFF(D,GETDATE(),DORelieve)<0'
 ,1
 ,1
[System: 192.168.1.56] DEBUG | 06-24-2025 14:20:31.406 | General Service|:: CompanyIndex:7 SpName: spADM_GetDataSet 
 'select * from COM_TokenHistory WITH(NOLOCK) where JwtToken=''eyJhbGciOiJIUzI1NiIsInR5cCI6IkpXVCJ9.eyJ1bmlxdWVfbmFtZSI6ImFkbWluLDEsNywxIiwibmJmIjoxNzUwNzU1MDI3LCJleHAiOjE3NTA3ODM4MjcsImlhdCI6MTc1MDc1NTAyN30.TtPW0Csc6Tox1T0cE4ZHPO1xwf1IB_N39bkar8vtVgE'''
 ,1
 ,1
[System: 192.168.1.56] DEBUG | 06-24-2025 14:20:31.546 | General Service|:: CompanyIndex:7 SpName: spADM_GetDataSet 
 'declare @UserID int,@RoleID int,@UserName NVARCHAR(100),@where nvarchar(max),@query nvarchar(max)
set @UserID=1
set @RoleID=1-- Employee:-1
SELECT @UserName=UserName From ADM_Users WITH(NOLOCK) WHERE UserID=@UserID
exec [fnGet_GetAssignedDims] @UserID,@RoleID,@where output
 create table #TblUsrWF(WID int,LevelID int,Type int,CtWef float,LvWef int)
EXEC spRPT_GetReportData @Type=8,@Param1=@UserID,@strXML=null,@RoleID=@RoleID set @query=''  SELECT DT.CostCenterID,DT.DocumentName,DT.DocumentType,DT.IsInventory,count(*) CNT
FROM (
 SELECT INV.CostCenterID
FROM INV_DocDetails INV with(nolock)''
if(@where<>'''')
	set @query=@query+'' join com_docccdata d with(nolock) on INV.INVDocDetailsid=d.INVDocDetailsid''	

set @query=@query+'' ,#TblUsrWF WF
WHERE WF.WID=INV.WorkflowID and (WF.LevelID>INV.WorkFlowLevel or (WF.LevelID+1=INV.WorkFlowLevel and INV.StatusID=372)) and (INV.StatusID=371 or INV.StatusID=372 or INV.StatusID=441) AND (WF.Type=1 or (INV.WorkFlowLevel+1=WF.LevelID and INV.StatusID!=372) or (WF.LevelID+1=INV.WorkFlowLevel and INV.StatusID=372) or (WF.CtWef is not null and INV.WorkFlowLevel>=WF.LvWef
and INV.CreatedDate+WF.CtWef<=convert(float,getdate()))) ''+@where+''
GROUP BY INV.CostCenterID,INV.VoucherNo
UNION ALL
SELECT ACC.CostCenterID
FROM ACC_DocDetails ACC with(nolock)''
if(@where<>'''')
	set @query=@query+'' join com_docccdata d with(nolock) on ACC.ACCDocDetailsid=d.ACCDocDetailsid''	

set @query=@query+'',#TblUsrWF WF
WHERE ACC.LinkedAccDocDetailsID is null and ACC.InvDocDetailsID is null and WF.WID=ACC.WorkflowID and (WF.LevelID>ACC.WorkFlowLevel or (WF.LevelID+1=ACC.WorkFlowLevel and ACC.StatusID=372)) and (ACC.StatusID=371 or ACC.StatusID=372 or ACC.StatusID=441) AND (WF.Type=1 or (ACC.WorkFlowLevel+1=WF.LevelID and ACC.StatusID!=372) or (WF.LevelID+1=ACC.WorkFlowLevel and ACC.StatusID=372) or (WF.CtWef is not null and ACC.WorkFlowLevel>=WF.LvWef
and ACC.CreatedDate+WF.CtWef<=convert(float,getdate())))''+@where+''
GROUP BY ACC.CostCenterID,ACC.VoucherNo  ) AS T
JOIN ADM_DocumentTypes DT with(nolock) ON T.CostCenterID=DT.CostCenterID
GROUP BY DT.CostCenterID,DT.DocumentName,DT.DocumentType,DT.IsInventory  
UNION ALL
SELECT DT.FeatureID CostCenterID,DT.Name DocumentName,-DT.FeatureID DocumentType,0 IsInventory,count(*) CNT
FROM (
SELECT INV.CostCenterID FROM REN_Contract INV WITH(NOLOCK),#TblUsrWF WF
WHERE  WF.WID=INV.WorkflowID and WF.LevelID>INV.WorkFlowLevel and (INV.StatusID=440 or INV.StatusID=470 or INV.StatusID=466) AND (WF.Type=1 or (INV.WorkFlowLevel+1=WF.LevelID and INV.StatusID!=470)  or (WF.CtWef is not null and INV.WorkFlowLevel>=WF.LvWef
 and INV.CreatedDate+WF.CtWef<=convert(float,getdate()))) AND INV.RefContractID=0 ) AS T
JOIN ADM_Features DT with(nolock) ON T.CostCenterID=DT.FeatureID
GROUP BY DT.FeatureID,DT.Name 
ORDER BY DocumentName''
exec(@query)

DROP TABLE #TblUsrWF
'
 ,1
 ,1
[System: 192.168.1.56] DEBUG | 06-24-2025 14:20:31.546 | General Service|:: CompanyIndex:7 SpName: spADM_GetDataSet 
 'select * from COM_TokenHistory WITH(NOLOCK) where JwtToken=''eyJhbGciOiJIUzI1NiIsInR5cCI6IkpXVCJ9.eyJ1bmlxdWVfbmFtZSI6ImFkbWluLDEsNywxIiwibmJmIjoxNzUwNzU1MDI3LCJleHAiOjE3NTA3ODM4MjcsImlhdCI6MTc1MDc1NTAyN30.TtPW0Csc6Tox1T0cE4ZHPO1xwf1IB_N39bkar8vtVgE'''
 ,1
 ,1
[System: 192.168.1.56] DEBUG | 06-24-2025 14:20:31.843 | General Service|:: CompanyIndex:7 SpName: spADM_GetDashBoard 
 1
 ,39
 ,0
 ,'1'
 ,'1'
 ,1
[System: 192.168.1.56] DEBUG | 06-24-2025 14:20:31.859 | General Service|:: CompanyIndex:7 SpName: spADM_GetDataSet 
 'select * from COM_TokenHistory WITH(NOLOCK) where JwtToken=''eyJhbGciOiJIUzI1NiIsInR5cCI6IkpXVCJ9.eyJ1bmlxdWVfbmFtZSI6ImFkbWluLDEsNywxIiwibmJmIjoxNzUwNzU1MDI3LCJleHAiOjE3NTA3ODM4MjcsImlhdCI6MTc1MDc1NTAyN30.TtPW0Csc6Tox1T0cE4ZHPO1xwf1IB_N39bkar8vtVgE'''
 ,1
 ,1
[System: 192.168.1.56] DEBUG | 06-24-2025 14:20:31.952 | General Service|:: CompanyIndex:7 SpName: spCOM_GetFavorites 
 'VIEW'
 ,25495
 ,'1'
 ,'1'
 ,1
[System: 192.168.1.56] DEBUG | 06-24-2025 14:20:31.952 | General Service|:: CompanyIndex:7 SpName: spADM_GetDataSet 
 'select * from COM_TokenHistory WITH(NOLOCK) where JwtToken=''eyJhbGciOiJIUzI1NiIsInR5cCI6IkpXVCJ9.eyJ1bmlxdWVfbmFtZSI6ImFkbWluLDEsNywxIiwibmJmIjoxNzUwNzU1MDI3LCJleHAiOjE3NTA3ODM4MjcsImlhdCI6MTc1MDc1NTAyN30.TtPW0Csc6Tox1T0cE4ZHPO1xwf1IB_N39bkar8vtVgE'''
 ,1
 ,1
[System: 192.168.1.56] DEBUG | 06-24-2025 14:20:36.373 | General Service|:: CompanyIndex:7 SpName: spADM_GetCostCenterGridViewList 
 49
 ,1
 ,1
 ,1
[System: 192.168.1.56] DEBUG | 06-24-2025 14:20:36.373 | General Service|:: CompanyIndex:7 SpName: spADM_GetDataSet 
 'select * from COM_TokenHistory WITH(NOLOCK) where JwtToken=''eyJhbGciOiJIUzI1NiIsInR5cCI6IkpXVCJ9.eyJ1bmlxdWVfbmFtZSI6ImFkbWluLDEsNywxIiwibmJmIjoxNzUwNzU1MDI3LCJleHAiOjE3NTA3ODM4MjcsImlhdCI6MTc1MDc1NTAyN30.TtPW0Csc6Tox1T0cE4ZHPO1xwf1IB_N39bkar8vtVgE'''
 ,1
 ,1
[System: 192.168.1.56] DEBUG | 06-24-2025 14:20:36.405 | General Service|:: CompanyIndex:7 SpName: spCom_GetCostCenterSummary 
 500041
 ,-1
 ,1000
 ,''
 ,''
 ,''
 ,0
 ,'24-Jun-2025'
 ,NULL
 ,''
 ,1
 ,1
 ,0
 ,0
 ,False
 ,1
[System: 192.168.1.56] DEBUG | 06-24-2025 14:20:36.405 | General Service|:: CompanyIndex:7 SpName: spADM_GetDataSet 
 'select * from COM_TokenHistory WITH(NOLOCK) where JwtToken=''eyJhbGciOiJIUzI1NiIsInR5cCI6IkpXVCJ9.eyJ1bmlxdWVfbmFtZSI6ImFkbWluLDEsNywxIiwibmJmIjoxNzUwNzU1MDI3LCJleHAiOjE3NTA3ODM4MjcsImlhdCI6MTc1MDc1NTAyN30.TtPW0Csc6Tox1T0cE4ZHPO1xwf1IB_N39bkar8vtVgE'''
 ,1
 ,1
[System: 192.168.1.56] DEBUG | 06-24-2025 14:20:38.263 | General Service|:: CompanyIndex:7 SpName: spCom_GetCostCenterQuickViewDefn 
 49
 ,'104'
 ,49
 ,1
 ,1
 ,1
[System: 192.168.1.56] DEBUG | 06-24-2025 14:20:38.263 | General Service|:: CompanyIndex:7 SpName: spADM_GetDataSet 
 'select * from COM_TokenHistory WITH(NOLOCK) where JwtToken=''eyJhbGciOiJIUzI1NiIsInR5cCI6IkpXVCJ9.eyJ1bmlxdWVfbmFtZSI6ImFkbWluLDEsNywxIiwibmJmIjoxNzUwNzU1MDI3LCJleHAiOjE3NTA3ODM4MjcsImlhdCI6MTc1MDc1NTAyN30.TtPW0Csc6Tox1T0cE4ZHPO1xwf1IB_N39bkar8vtVgE'''
 ,1
 ,1
[System: 192.168.1.56] DEBUG | 06-24-2025 14:20:38.482 | General Service|:: CompanyIndex:7 SpName: spADM_BulkEditDetails 
 6
 ,104
 ,0
 ,''
 ,''
 ,''
 ,''
 ,'admin'
 ,1
 ,1
 ,1
[System: 192.168.1.56] DEBUG | 06-24-2025 14:20:38.482 | General Service|:: CompanyIndex:7 SpName: spADM_GetDataSet 
 'select * from COM_TokenHistory WITH(NOLOCK) where JwtToken=''eyJhbGciOiJIUzI1NiIsInR5cCI6IkpXVCJ9.eyJ1bmlxdWVfbmFtZSI6ImFkbWluLDEsNywxIiwibmJmIjoxNzUwNzU1MDI3LCJleHAiOjE3NTA3ODM4MjcsImlhdCI6MTc1MDc1NTAyN30.TtPW0Csc6Tox1T0cE4ZHPO1xwf1IB_N39bkar8vtVgE'''
 ,1
 ,1
[System: 192.168.1.56] DEBUG | 06-24-2025 14:20:38.498 | General Service|:: CompanyIndex:7 SpName: spADM_BulkEditDetails 
 2
 ,0
 ,2
 ,''
 ,''
 ,''
 ,''
 ,'admin'
 ,1
 ,1
 ,1
[System: 192.168.1.56] DEBUG | 06-24-2025 14:20:38.498 | General Service|:: CompanyIndex:7 SpName: spADM_GetDataSet 
 'select * from COM_TokenHistory WITH(NOLOCK) where JwtToken=''eyJhbGciOiJIUzI1NiIsInR5cCI6IkpXVCJ9.eyJ1bmlxdWVfbmFtZSI6ImFkbWluLDEsNywxIiwibmJmIjoxNzUwNzU1MDI3LCJleHAiOjE3NTA3ODM4MjcsImlhdCI6MTc1MDc1NTAyN30.TtPW0Csc6Tox1T0cE4ZHPO1xwf1IB_N39bkar8vtVgE'''
 ,1
 ,1
[System: 192.168.1.56] DEBUG | 06-24-2025 14:20:38.513 | General Service|:: CompanyIndex:7 SpName: spADM_GetDataSet 
 'SELECT StaticReportType FROM ADM_RevenUReports WITH(NOLOCK) WHERE ReportID=90871'
 ,1
 ,1
[System: 192.168.1.56] DEBUG | 06-24-2025 14:20:38.513 | General Service|:: CompanyIndex:7 SpName: spADM_GetDataSet 
 'select * from COM_TokenHistory WITH(NOLOCK) where JwtToken=''eyJhbGciOiJIUzI1NiIsInR5cCI6IkpXVCJ9.eyJ1bmlxdWVfbmFtZSI6ImFkbWluLDEsNywxIiwibmJmIjoxNzUwNzU1MDI3LCJleHAiOjE3NTA3ODM4MjcsImlhdCI6MTc1MDc1NTAyN30.TtPW0Csc6Tox1T0cE4ZHPO1xwf1IB_N39bkar8vtVgE'''
 ,1
 ,1
[System: 192.168.1.56] DEBUG | 06-24-2025 14:20:38.529 | General Service|:: CompanyIndex:7 SpName: spRPT_GetReport 
 0
 ,90871
 ,'1'
 ,'1'
 ,1
[System: 192.168.1.56] DEBUG | 06-24-2025 14:20:38.545 | General Service|:: CompanyIndex:7 SpName: spADM_GetDataSet 
 'select * from COM_TokenHistory WITH(NOLOCK) where JwtToken=''eyJhbGciOiJIUzI1NiIsInR5cCI6IkpXVCJ9.eyJ1bmlxdWVfbmFtZSI6ImFkbWluLDEsNywxIiwibmJmIjoxNzUwNzU1MDI3LCJleHAiOjE3NTA3ODM4MjcsImlhdCI6MTc1MDc1NTAyN30.TtPW0Csc6Tox1T0cE4ZHPO1xwf1IB_N39bkar8vtVgE'''
 ,1
 ,1
[System: 192.168.1.56] DEBUG | 06-24-2025 14:20:38.560 | General Service|:: CompanyIndex:7 SpName: spDOC_GetVPTPrintCopies 
 4
 ,50
 ,90871
 ,2
 ,4
 ,'View~98cab7ee-e70b-42d5-b339-b5ed4057d2e2'
 ,'admin'
 ,1
[System: 192.168.1.56] DEBUG | 06-24-2025 14:20:38.560 | General Service|:: CompanyIndex:7 SpName: spADM_GetDataSet 
 'select * from COM_TokenHistory WITH(NOLOCK) where JwtToken=''eyJhbGciOiJIUzI1NiIsInR5cCI6IkpXVCJ9.eyJ1bmlxdWVfbmFtZSI6ImFkbWluLDEsNywxIiwibmJmIjoxNzUwNzU1MDI3LCJleHAiOjE3NTA3ODM4MjcsImlhdCI6MTc1MDc1NTAyN30.TtPW0Csc6Tox1T0cE4ZHPO1xwf1IB_N39bkar8vtVgE'''
 ,1
 ,1
[System: 192.168.1.56] DEBUG | 06-24-2025 14:20:38.685 | General Service|:: CompanyIndex:7 SpName: spRPT_GetReportCategoryandField 
 -1
 ,0
 ,1
 ,0
 ,'1'
 ,1
[System: 192.168.1.56] DEBUG | 06-24-2025 14:20:38.685 | General Service|:: CompanyIndex:7 SpName: spADM_GetDataSet 
 'select * from COM_TokenHistory WITH(NOLOCK) where JwtToken=''eyJhbGciOiJIUzI1NiIsInR5cCI6IkpXVCJ9.eyJ1bmlxdWVfbmFtZSI6ImFkbWluLDEsNywxIiwibmJmIjoxNzUwNzU1MDI3LCJleHAiOjE3NTA3ODM4MjcsImlhdCI6MTc1MDc1NTAyN30.TtPW0Csc6Tox1T0cE4ZHPO1xwf1IB_N39bkar8vtVgE'''
 ,1
 ,1
[System: 192.168.1.56] DEBUG | 06-24-2025 14:20:38.716 | General Service|:: CompanyIndex:7 SpName: spRPT_GetReportFields 
 2
 ,0
 ,'1'
 ,1
[System: 192.168.1.56] DEBUG | 06-24-2025 14:20:38.716 | General Service|:: CompanyIndex:7 SpName: spADM_GetDataSet 
 'select * from COM_TokenHistory WITH(NOLOCK) where JwtToken=''eyJhbGciOiJIUzI1NiIsInR5cCI6IkpXVCJ9.eyJ1bmlxdWVfbmFtZSI6ImFkbWluLDEsNywxIiwibmJmIjoxNzUwNzU1MDI3LCJleHAiOjE3NTA3ODM4MjcsImlhdCI6MTc1MDc1NTAyN30.TtPW0Csc6Tox1T0cE4ZHPO1xwf1IB_N39bkar8vtVgE'''
 ,1
 ,1
[System: 192.168.1.56] DEBUG | 06-24-2025 14:20:38.732 | General Service|:: CompanyIndex:7 SpName: spRPT_GetReportFields 
 110
 ,0
 ,'1'
 ,1
[System: 192.168.1.56] DEBUG | 06-24-2025 14:20:38.732 | General Service|:: CompanyIndex:7 SpName: spADM_GetDataSet 
 'select * from COM_TokenHistory WITH(NOLOCK) where JwtToken=''eyJhbGciOiJIUzI1NiIsInR5cCI6IkpXVCJ9.eyJ1bmlxdWVfbmFtZSI6ImFkbWluLDEsNywxIiwibmJmIjoxNzUwNzU1MDI3LCJleHAiOjE3NTA3ODM4MjcsImlhdCI6MTc1MDc1NTAyN30.TtPW0Csc6Tox1T0cE4ZHPO1xwf1IB_N39bkar8vtVgE'''
 ,1
 ,1
[System: 192.168.1.56] DEBUG | 06-24-2025 14:20:38.763 | General Service|:: CompanyIndex:7 SpName: spADM_GetCostCenterGridViewList 
 2
 ,1
 ,1
 ,1
[System: 192.168.1.56] DEBUG | 06-24-2025 14:20:38.763 | General Service|:: CompanyIndex:7 SpName: spADM_GetDataSet 
 'select * from COM_TokenHistory WITH(NOLOCK) where JwtToken=''eyJhbGciOiJIUzI1NiIsInR5cCI6IkpXVCJ9.eyJ1bmlxdWVfbmFtZSI6ImFkbWluLDEsNywxIiwibmJmIjoxNzUwNzU1MDI3LCJleHAiOjE3NTA3ODM4MjcsImlhdCI6MTc1MDc1NTAyN30.TtPW0Csc6Tox1T0cE4ZHPO1xwf1IB_N39bkar8vtVgE'''
 ,1
 ,1
[System: 192.168.1.56] DEBUG | 06-24-2025 14:20:38.826 | General Service|:: CompanyIndex:7 SpName: spCom_GetCostCenterSummary 
 126
 ,-1
 ,1000
 ,''
 ,''
 ,''
 ,0
 ,'24-Jun-2025'
 ,NULL
 ,''
 ,1
 ,1
 ,0
 ,0
 ,False
 ,1
[System: 192.168.1.56] DEBUG | 06-24-2025 14:20:38.826 | General Service|:: CompanyIndex:7 SpName: spADM_GetDataSet 
 'select * from COM_TokenHistory WITH(NOLOCK) where JwtToken=''eyJhbGciOiJIUzI1NiIsInR5cCI6IkpXVCJ9.eyJ1bmlxdWVfbmFtZSI6ImFkbWluLDEsNywxIiwibmJmIjoxNzUwNzU1MDI3LCJleHAiOjE3NTA3ODM4MjcsImlhdCI6MTc1MDc1NTAyN30.TtPW0Csc6Tox1T0cE4ZHPO1xwf1IB_N39bkar8vtVgE'''
 ,1
 ,1
[System: 192.168.1.56] DEBUG | 06-24-2025 14:20:38.873 | General Service|:: CompanyIndex:7 SpName: spADM_GetCostCenterGridViewList 
 50002
 ,1
 ,1
 ,1
[System: 192.168.1.56] DEBUG | 06-24-2025 14:20:38.873 | General Service|:: CompanyIndex:7 SpName: spADM_GetDataSet 
 'select * from COM_TokenHistory WITH(NOLOCK) where JwtToken=''eyJhbGciOiJIUzI1NiIsInR5cCI6IkpXVCJ9.eyJ1bmlxdWVfbmFtZSI6ImFkbWluLDEsNywxIiwibmJmIjoxNzUwNzU1MDI3LCJleHAiOjE3NTA3ODM4MjcsImlhdCI6MTc1MDc1NTAyN30.TtPW0Csc6Tox1T0cE4ZHPO1xwf1IB_N39bkar8vtVgE'''
 ,1
 ,1
[System: 192.168.1.56] DEBUG | 06-24-2025 14:20:38.888 | General Service|:: CompanyIndex:7 SpName: spCom_GetCostCenterSummary 
 60
 ,-1
 ,1000
 ,''
 ,''
 ,''
 ,0
 ,'24-Jun-2025'
 ,NULL
 ,''
 ,1
 ,1
 ,0
 ,0
 ,False
 ,1
[System: 192.168.1.56] DEBUG | 06-24-2025 14:20:38.888 | General Service|:: CompanyIndex:7 SpName: spADM_GetDataSet 
 'select * from COM_TokenHistory WITH(NOLOCK) where JwtToken=''eyJhbGciOiJIUzI1NiIsInR5cCI6IkpXVCJ9.eyJ1bmlxdWVfbmFtZSI6ImFkbWluLDEsNywxIiwibmJmIjoxNzUwNzU1MDI3LCJleHAiOjE3NTA3ODM4MjcsImlhdCI6MTc1MDc1NTAyN30.TtPW0Csc6Tox1T0cE4ZHPO1xwf1IB_N39bkar8vtVgE'''
 ,1
 ,1
[System: 192.168.1.56] DEBUG | 06-24-2025 14:20:38.966 | General Service|:: CompanyIndex:7 SpName: spCom_GetCostCenterSummary 
 126
 ,1000
 ,1000
 ,''
 ,''
 ,''
 ,1995
 ,'24-Jun-2025'
 ,NULL
 ,''
 ,1
 ,1
 ,0
 ,0
 ,False
 ,1
[System: 192.168.1.56] DEBUG | 06-24-2025 14:20:38.966 | General Service|:: CompanyIndex:7 SpName: spADM_GetDataSet 
 'select * from COM_TokenHistory WITH(NOLOCK) where JwtToken=''eyJhbGciOiJIUzI1NiIsInR5cCI6IkpXVCJ9.eyJ1bmlxdWVfbmFtZSI6ImFkbWluLDEsNywxIiwibmJmIjoxNzUwNzU1MDI3LCJleHAiOjE3NTA3ODM4MjcsImlhdCI6MTc1MDc1NTAyN30.TtPW0Csc6Tox1T0cE4ZHPO1xwf1IB_N39bkar8vtVgE'''
 ,1
 ,1
[System: 192.168.1.56] DEBUG | 06-24-2025 14:20:39.029 | General Service|:: CompanyIndex:7 SpName: spCom_GetCostCenterSummary 
 126
 ,2000
 ,1000
 ,''
 ,''
 ,''
 ,3995
 ,'24-Jun-2025'
 ,NULL
 ,''
 ,1
 ,1
 ,0
 ,0
 ,False
 ,1
[System: 192.168.1.56] DEBUG | 06-24-2025 14:20:39.029 | General Service|:: CompanyIndex:7 SpName: spADM_GetDataSet 
 'select * from COM_TokenHistory WITH(NOLOCK) where JwtToken=''eyJhbGciOiJIUzI1NiIsInR5cCI6IkpXVCJ9.eyJ1bmlxdWVfbmFtZSI6ImFkbWluLDEsNywxIiwibmJmIjoxNzUwNzU1MDI3LCJleHAiOjE3NTA3ODM4MjcsImlhdCI6MTc1MDc1NTAyN30.TtPW0Csc6Tox1T0cE4ZHPO1xwf1IB_N39bkar8vtVgE'''
 ,1
 ,1
[System: 192.168.1.56] DEBUG | 06-24-2025 14:20:42.684 | General Service|:: CompanyIndex:7 SpName: spADM_GetDataSet 
 'SELECT T0.AccountCode [Cf665c288a864411cb105e83cadc1c28e],T0.AccountID AS [Cf665c288a864411cb105e83cadc1c28e_ID],T0.AccountName [Ccfb5cce170c1490caf71a7a05df316c6],T1.AccountType [C8688bd8c5c0d40959cd37ce7849160dd],T2.UserName [C50eb98dd8d4b4c21b1951b3aefd3d51e],T3.Status [C3d3a4b438be34b90aa3245136d8d8f20]
 FROM ACC_Accounts T0 with(nolock) left join ACC_AccountTypes T1 with(nolock) on T0.AccountTypeID=T1.AccountTypeID left join ADM_Users T2 with(nolock) on T0.CreatedBy=T2.Username left join COM_Status T3 with(nolock) on T0.StatusID=T3.StatusID
 WHERE T3.Status=''Unapproved'''
 ,1
 ,1
[System: 192.168.1.56] DEBUG | 06-24-2025 14:20:42.684 | General Service|:: CompanyIndex:7 SpName: spADM_GetDataSet 
 'select * from COM_TokenHistory WITH(NOLOCK) where JwtToken=''eyJhbGciOiJIUzI1NiIsInR5cCI6IkpXVCJ9.eyJ1bmlxdWVfbmFtZSI6ImFkbWluLDEsNywxIiwibmJmIjoxNzUwNzU1MDI3LCJleHAiOjE3NTA3ODM4MjcsImlhdCI6MTc1MDc1NTAyN30.TtPW0Csc6Tox1T0cE4ZHPO1xwf1IB_N39bkar8vtVgE'''
 ,1
 ,1
[System: 192.168.1.56] DEBUG | 06-24-2025 14:28:38.078 | General Service|:: CompanyIndex:7 SpName: spCOM_ConfigValues 
 1
 ,'NotifTime'
 ,''
[System: 192.168.1.56] DEBUG | 06-24-2025 14:28:38.078 | General Service|:: CompanyIndex:7 SpName: spADM_GetDataSet 
 'select * from COM_TokenHistory WITH(NOLOCK) where JwtToken=''eyJhbGciOiJIUzI1NiIsInR5cCI6IkpXVCJ9.eyJ1bmlxdWVfbmFtZSI6ImFkbWluLDEsNywxIiwibmJmIjoxNzUwNzU1MDI3LCJleHAiOjE3NTA3ODM4MjcsImlhdCI6MTc1MDc1NTAyN30.TtPW0Csc6Tox1T0cE4ZHPO1xwf1IB_N39bkar8vtVgE'''
 ,1
 ,1
[System: 192.168.1.56] DEBUG | 06-24-2025 14:28:38.202 | General Service|:: CompanyIndex:7 SpName: spADM_GetDataSet 
 'declare @UserID int,@RoleID int,@UserName NVARCHAR(100),@where nvarchar(max),@query nvarchar(max)
set @UserID=1
set @RoleID=1-- Employee:-1
SELECT @UserName=UserName From ADM_Users WITH(NOLOCK) WHERE UserID=@UserID
exec [fnGet_GetAssignedDims] @UserID,@RoleID,@where output
 create table #TblUsrWF(WID int,LevelID int,Type int,CtWef float,LvWef int)
EXEC spRPT_GetReportData @Type=8,@Param1=@UserID,@strXML=null,@RoleID=@RoleID set @query=''  SELECT DT.CostCenterID,DT.DocumentName,DT.DocumentType,DT.IsInventory,count(*) CNT
FROM (
 SELECT INV.CostCenterID
FROM INV_DocDetails INV with(nolock)''
if(@where<>'''')
	set @query=@query+'' join com_docccdata d with(nolock) on INV.INVDocDetailsid=d.INVDocDetailsid''	

set @query=@query+'' ,#TblUsrWF WF
WHERE WF.WID=INV.WorkflowID and (WF.LevelID>INV.WorkFlowLevel or (WF.LevelID+1=INV.WorkFlowLevel and INV.StatusID=372)) and (INV.StatusID=371 or INV.StatusID=372 or INV.StatusID=441) AND (WF.Type=1 or (INV.WorkFlowLevel+1=WF.LevelID and INV.StatusID!=372) or (WF.LevelID+1=INV.WorkFlowLevel and INV.StatusID=372) or (WF.CtWef is not null and INV.WorkFlowLevel>=WF.LvWef
and INV.CreatedDate+WF.CtWef<=convert(float,getdate()))) ''+@where+''
GROUP BY INV.CostCenterID,INV.VoucherNo
UNION ALL
SELECT ACC.CostCenterID
FROM ACC_DocDetails ACC with(nolock)''
if(@where<>'''')
	set @query=@query+'' join com_docccdata d with(nolock) on ACC.ACCDocDetailsid=d.ACCDocDetailsid''	

set @query=@query+'',#TblUsrWF WF
WHERE ACC.LinkedAccDocDetailsID is null and ACC.InvDocDetailsID is null and WF.WID=ACC.WorkflowID and (WF.LevelID>ACC.WorkFlowLevel or (WF.LevelID+1=ACC.WorkFlowLevel and ACC.StatusID=372)) and (ACC.StatusID=371 or ACC.StatusID=372 or ACC.StatusID=441) AND (WF.Type=1 or (ACC.WorkFlowLevel+1=WF.LevelID and ACC.StatusID!=372) or (WF.LevelID+1=ACC.WorkFlowLevel and ACC.StatusID=372) or (WF.CtWef is not null and ACC.WorkFlowLevel>=WF.LvWef
and ACC.CreatedDate+WF.CtWef<=convert(float,getdate())))''+@where+''
GROUP BY ACC.CostCenterID,ACC.VoucherNo  ) AS T
JOIN ADM_DocumentTypes DT with(nolock) ON T.CostCenterID=DT.CostCenterID
GROUP BY DT.CostCenterID,DT.DocumentName,DT.DocumentType,DT.IsInventory  
UNION ALL
SELECT DT.FeatureID CostCenterID,DT.Name DocumentName,-DT.FeatureID DocumentType,0 IsInventory,count(*) CNT
FROM (
SELECT INV.CostCenterID FROM REN_Contract INV WITH(NOLOCK),#TblUsrWF WF
WHERE  WF.WID=INV.WorkflowID and WF.LevelID>INV.WorkFlowLevel and (INV.StatusID=440 or INV.StatusID=470 or INV.StatusID=466) AND (WF.Type=1 or (INV.WorkFlowLevel+1=WF.LevelID and INV.StatusID!=470)  or (WF.CtWef is not null and INV.WorkFlowLevel>=WF.LvWef
 and INV.CreatedDate+WF.CtWef<=convert(float,getdate()))) AND INV.RefContractID=0 ) AS T
JOIN ADM_Features DT with(nolock) ON T.CostCenterID=DT.FeatureID
GROUP BY DT.FeatureID,DT.Name 
ORDER BY DocumentName''
exec(@query)

DROP TABLE #TblUsrWF
'
 ,1
 ,1
[System: 192.168.1.56] DEBUG | 06-24-2025 14:28:38.202 | General Service|:: CompanyIndex:7 SpName: spADM_GetDataSet 
 'select * from COM_TokenHistory WITH(NOLOCK) where JwtToken=''eyJhbGciOiJIUzI1NiIsInR5cCI6IkpXVCJ9.eyJ1bmlxdWVfbmFtZSI6ImFkbWluLDEsNywxIiwibmJmIjoxNzUwNzU1MDI3LCJleHAiOjE3NTA3ODM4MjcsImlhdCI6MTc1MDc1NTAyN30.TtPW0Csc6Tox1T0cE4ZHPO1xwf1IB_N39bkar8vtVgE'''
 ,1
 ,1
[System: 192.168.1.56] DEBUG | 06-24-2025 14:28:38.312 | General Service|:: CompanyIndex:7 SpName: spADM_GetDataSet 
 'declare @UserID int,@RoleID int,@UserName NVARCHAR(100),@where nvarchar(max),@query nvarchar(max)
set @UserID=1
set @RoleID=1-- Employee:-1
SELECT @UserName=UserName From ADM_Users WITH(NOLOCK) WHERE UserID=@UserID
exec [fnGet_GetAssignedDims] @UserID,@RoleID,@where output
 create table #TblUsrWF(WID int,LevelID int,Type int,CtWef float,LvWef int)
EXEC spRPT_GetReportData @Type=8,@Param1=@UserID,@strXML=null,@RoleID=@RoleID set @query=''  SELECT DT.CostCenterID,DT.DocumentName,DT.DocumentType,DT.IsInventory,count(*) CNT
FROM (
 SELECT INV.CostCenterID
FROM INV_DocDetails INV with(nolock)''
if(@where<>'''')
	set @query=@query+'' join com_docccdata d with(nolock) on INV.INVDocDetailsid=d.INVDocDetailsid''	

set @query=@query+'' ,#TblUsrWF WF
WHERE WF.WID=INV.WorkflowID and (WF.LevelID>INV.WorkFlowLevel or (WF.LevelID+1=INV.WorkFlowLevel and INV.StatusID=372)) and (INV.StatusID=371 or INV.StatusID=372 or INV.StatusID=441) AND (WF.Type=1 or (INV.WorkFlowLevel+1=WF.LevelID and INV.StatusID!=372) or (WF.LevelID+1=INV.WorkFlowLevel and INV.StatusID=372) or (WF.CtWef is not null and INV.WorkFlowLevel>=WF.LvWef
and INV.CreatedDate+WF.CtWef<=convert(float,getdate()))) ''+@where+''
GROUP BY INV.CostCenterID,INV.VoucherNo
UNION ALL
SELECT ACC.CostCenterID
FROM ACC_DocDetails ACC with(nolock)''
if(@where<>'''')
	set @query=@query+'' join com_docccdata d with(nolock) on ACC.ACCDocDetailsid=d.ACCDocDetailsid''	

set @query=@query+'',#TblUsrWF WF
WHERE ACC.LinkedAccDocDetailsID is null and ACC.InvDocDetailsID is null and WF.WID=ACC.WorkflowID and (WF.LevelID>ACC.WorkFlowLevel or (WF.LevelID+1=ACC.WorkFlowLevel and ACC.StatusID=372)) and (ACC.StatusID=371 or ACC.StatusID=372 or ACC.StatusID=441) AND (WF.Type=1 or (ACC.WorkFlowLevel+1=WF.LevelID and ACC.StatusID!=372) or (WF.LevelID+1=ACC.WorkFlowLevel and ACC.StatusID=372) or (WF.CtWef is not null and ACC.WorkFlowLevel>=WF.LvWef
and ACC.CreatedDate+WF.CtWef<=convert(float,getdate())))''+@where+''
GROUP BY ACC.CostCenterID,ACC.VoucherNo  ) AS T
JOIN ADM_DocumentTypes DT with(nolock) ON T.CostCenterID=DT.CostCenterID
GROUP BY DT.CostCenterID,DT.DocumentName,DT.DocumentType,DT.IsInventory  
UNION ALL
SELECT DT.FeatureID CostCenterID,DT.Name DocumentName,-DT.FeatureID DocumentType,0 IsInventory,count(*) CNT
FROM (
SELECT INV.CostCenterID FROM REN_Contract INV WITH(NOLOCK),#TblUsrWF WF
WHERE  WF.WID=INV.WorkflowID and WF.LevelID>INV.WorkFlowLevel and (INV.StatusID=440 or INV.StatusID=470 or INV.StatusID=466) AND (WF.Type=1 or (INV.WorkFlowLevel+1=WF.LevelID and INV.StatusID!=470)  or (WF.CtWef is not null and INV.WorkFlowLevel>=WF.LvWef
 and INV.CreatedDate+WF.CtWef<=convert(float,getdate()))) AND INV.RefContractID=0 ) AS T
JOIN ADM_Features DT with(nolock) ON T.CostCenterID=DT.FeatureID
GROUP BY DT.FeatureID,DT.Name 
ORDER BY DocumentName''
exec(@query)

DROP TABLE #TblUsrWF
'
 ,1
 ,1
[System: 192.168.1.56] DEBUG | 06-24-2025 14:28:38.312 | General Service|:: CompanyIndex:7 SpName: spADM_GetDataSet 
 'select * from COM_TokenHistory WITH(NOLOCK) where JwtToken=''eyJhbGciOiJIUzI1NiIsInR5cCI6IkpXVCJ9.eyJ1bmlxdWVfbmFtZSI6ImFkbWluLDEsNywxIiwibmJmIjoxNzUwNzU1MDI3LCJleHAiOjE3NTA3ODM4MjcsImlhdCI6MTc1MDc1NTAyN30.TtPW0Csc6Tox1T0cE4ZHPO1xwf1IB_N39bkar8vtVgE'''
 ,1
 ,1
