[System: 192.168.1.56] DEBUG | 07-01-2025 18:58:02.160 | General Service|:: CompanyIndex:0 SpName: spADM_GetClientUserDetails2C 
 'Admin'
 ,1
 ,0
[System: 192.168.1.56] DEBUG | 07-01-2025 18:58:02.379 | General Service|:: CompanyIndex:0 SpName: spADM_UserLoginCheck 
 2
 ,'Admin'
 ,0
 ,'192.168.1.56'
 ,'192.168.1.56'
 ,''
 ,'Web'
 ,1
[System: 192.168.1.56] DEBUG | 07-01-2025 18:58:10.084 | General Service|:: CompanyIndex:0 SpName: spADM_GetClientUserDetails2C 
 'Admin'
 ,1
 ,0
[System: 192.168.1.56] DEBUG | 07-01-2025 18:58:10.131 | General Service|:: CompanyIndex:0 SpName: spADM_UserLoginCheck 
 2
 ,'Admin'
 ,0
 ,'192.168.1.56'
 ,'192.168.1.56'
 ,''
 ,'Web'
 ,1
[System: 192.168.1.56] DEBUG | 07-01-2025 18:58:12.536 | General Service|:: CompanyIndex:7 SpName: spADM_GetClientUserDetails 
 'Admin'
 ,1
 ,'26.0.0'
 ,0
[System: 192.168.1.56] DEBUG | 07-01-2025 18:58:13.177 | General Service|:: CompanyIndex:0 SpName: spADM_UserLoginCheck 
 2
 ,'Admin'
 ,7
 ,'192.168.1.56'
 ,'192.168.1.56'
 ,''
 ,'Web'
 ,1
[System: 192.168.1.56] DEBUG | 07-01-2025 18:58:13.271 | General Service|:: CompanyIndex:0 SpName: spADM_Login 
 1
 ,''
 ,''
 ,''
 ,''
 ,''
 ,7
[System: 192.168.1.56] DEBUG | 07-01-2025 18:58:13.286 | General Service|:: CompanyIndex:7 SpName: spADM_GetDataSet 
 'select Value from ADM_GlobalPreferences with (nolock) where name =''EnableReLogin'''
 ,1
 ,1
[System: 192.168.1.56] DEBUG | 07-01-2025 18:58:13.286 | General Service|:: CompanyIndex:7 SpName: spADM_GetDataSet 
 'select * from COM_TokenHistory WITH(NOLOCK) where JwtToken=''eyJhbGciOiJIUzI1NiIsInR5cCI6IkpXVCJ9.eyJ1bmlxdWVfbmFtZSI6IkFkbWluLDEsNywxIiwibmJmIjoxNzUxMzc2NDkyLCJleHAiOjE3NTE0MDUyOTIsImlhdCI6MTc1MTM3NjQ5Mn0.TZyM9GbdCMTwadqEuw5JHGpZn5z1p6s3m7nTtu158QI'''
 ,1
 ,1
[System: 192.168.1.56] DEBUG | 07-01-2025 18:58:13.365 | General Service|:: CompanyIndex:0 SpName: spADM_Login 
 4
 ,''
 ,''
 ,''
 ,'declare @Cnt int,@ExpiredGUID nvarchar(50),@AllowSession int,@GUID nvarchar(50),@CurrDate float,@UserID INT,@Instances INT,@InstancesExists INT,@LCDBIndex int
set @CurrDate= convert(float,dateadd(minute,-21,getdate()))
set @AllowSession=0
set @GUID=''1158cd01-2946-4b8d-ad14-65eb4a425599''
set @LCDBIndex=0
select top 1 @UserID=UserID,@Instances=InstanceCount from ADM_Users with(nolock) where UserName=''admin''
if exists(select [GUID] from ADM_Login with(nolock) where [GUID]=@GUID)
begin
	update ADM_Login 
	set LastAccessTime=convert(float,getdate()),UserID=@UserID
	where [GUID]=@GUID
    set @AllowSession=1
end
else
begin
	select @Cnt=count(*) from ADM_Login with(nolock) where LCDBIndex=@LCDBIndex and [GUID]!=''ACCESSRIGHTS'' and AP =''WEB''
    if(@Cnt<100)
		set @AllowSession=1
	else
	begin
		select top 1 @ExpiredGUID=[GUID] from ADM_Login with(nolock)
		where [GUID]!=''ACCESSRIGHTS'' and LCDBIndex=@LCDBIndex and LastAccessTime<@CurrDate  and AP =''WEB''
        order by LastAccessTime asc
		if @ExpiredGUID is not null
		begin
			delete from ADM_Login where [GUID]=@ExpiredGUID
			set @AllowSession=1
		end
	end
	if @AllowSession=1
	begin
        select @InstancesExists=COUNT(*) from ADM_Login with(nolock)
		where [GUID]!=''ACCESSRIGHTS'' and LCDBIndex=@LCDBIndex and LastAccessTime>=@CurrDate and UserID=@UserID and AP =''WEB''
		if(@Instances!=0 and @Instances<=@InstancesExists)
			set @AllowSession=2
		else
		    INSERT INTO ADM_Login([GUID],[SysName],IPAddress,[Status],LoginTime,LastAccessTime,AccessRights,UserID,DBIndex,LCDBIndex,AP)
		    VALUES(@GUID,''WEB'',''192.168.1.56'',1,convert(float,getdate()),convert(float,getdate()),null,@UserID,7,@LCDBIndex, ''WEB'')
	end
end

select @AllowSession AllowSession,@Instances Instances,@InstancesExists InstancesExists
'
 ,''
 ,0
[System: 192.168.1.56] DEBUG | 07-01-2025 18:58:13.365 | General Service|:: CompanyIndex:7 SpName: spADM_GetDataSet 
 'select * from COM_TokenHistory WITH(NOLOCK) where JwtToken=''eyJhbGciOiJIUzI1NiIsInR5cCI6IkpXVCJ9.eyJ1bmlxdWVfbmFtZSI6IkFkbWluLDEsNywxIiwibmJmIjoxNzUxMzc2NDkyLCJleHAiOjE3NTE0MDUyOTIsImlhdCI6MTc1MTM3NjQ5Mn0.TZyM9GbdCMTwadqEuw5JHGpZn5z1p6s3m7nTtu158QI'''
 ,1
 ,1
[System: 192.168.1.56] DEBUG | 07-01-2025 18:58:13.505 | General Service|:: CompanyIndex:7 SpName: spADM_GetDataSet 
 'SELECT (SELECT COUNT(*) FROM COM_Location L WITH(NOLOCK) JOIN COM_Status S WITH(NOLOCK) ON S.StatusID=L.StatusID WHERE L.IsGroup=0 AND S.[Status]=''Active'') ML
,(SELECT COUNT(*) FROM ADM_Features WITH(NOLOCK) WHERE ((FeatureID>50000 AND FeatureID<=50050) OR FeatureID>=51000) AND IsEnabled=1) MD
,(SELECT ISNULL(COUNT(*),0) FROM ADM_RevenUReports WITH(NOLOCK) WHERE IsGroup=0 AND ReportID>10000 AND StaticReportType IN (0,-1)) MR'
 ,1
 ,1
[System: 192.168.1.56] DEBUG | 07-01-2025 18:58:13.505 | General Service|:: CompanyIndex:7 SpName: spADM_GetDataSet 
 'select * from COM_TokenHistory WITH(NOLOCK) where JwtToken=''eyJhbGciOiJIUzI1NiIsInR5cCI6IkpXVCJ9.eyJ1bmlxdWVfbmFtZSI6IkFkbWluLDEsNywxIiwibmJmIjoxNzUxMzc2NDkyLCJleHAiOjE3NTE0MDUyOTIsImlhdCI6MTc1MTM3NjQ5Mn0.TZyM9GbdCMTwadqEuw5JHGpZn5z1p6s3m7nTtu158QI'''
 ,1
 ,1
[System: 192.168.1.56] DEBUG | 07-01-2025 18:58:15.629 | General Service|:: CompanyIndex:7 SpName: spCOM_ConfigValues 
 1
 ,'NotifTime'
 ,''
[System: 192.168.1.56] DEBUG | 07-01-2025 18:58:15.645 | General Service|:: CompanyIndex:7 SpName: spADM_GetDataSet 
 'select * from COM_TokenHistory WITH(NOLOCK) where JwtToken=''eyJhbGciOiJIUzI1NiIsInR5cCI6IkpXVCJ9.eyJ1bmlxdWVfbmFtZSI6IkFkbWluLDEsNywxIiwibmJmIjoxNzUxMzc2NDkyLCJleHAiOjE3NTE0MDUyOTIsImlhdCI6MTc1MTM3NjQ5Mn0.TZyM9GbdCMTwadqEuw5JHGpZn5z1p6s3m7nTtu158QI'''
 ,1
 ,1
[System: 192.168.1.56] DEBUG | 07-01-2025 18:58:15.942 | General Service|:: CompanyIndex:7 SpName: spADM_GetRibbonView 
 1
 ,1
 ,1
 ,1
 ,0
 ,''
[System: 192.168.1.56] DEBUG | 07-01-2025 18:58:15.942 | General Service|:: CompanyIndex:7 SpName: spADM_GetDataSet 
 'select * from COM_TokenHistory WITH(NOLOCK) where JwtToken=''eyJhbGciOiJIUzI1NiIsInR5cCI6IkpXVCJ9.eyJ1bmlxdWVfbmFtZSI6IkFkbWluLDEsNywxIiwibmJmIjoxNzUxMzc2NDkyLCJleHAiOjE3NTE0MDUyOTIsImlhdCI6MTc1MTM3NjQ5Mn0.TZyM9GbdCMTwadqEuw5JHGpZn5z1p6s3m7nTtu158QI'''
 ,1
 ,1
[System: 192.168.1.56] DEBUG | 07-01-2025 18:58:16.223 | General Service|:: CompanyIndex:7 SpName: spRPT_GetReport 
 2
 ,0
 ,'1'
 ,'1'
 ,1
[System: 192.168.1.56] DEBUG | 07-01-2025 18:58:16.223 | General Service|:: CompanyIndex:7 SpName: spADM_GetDataSet 
 'select * from COM_TokenHistory WITH(NOLOCK) where JwtToken=''eyJhbGciOiJIUzI1NiIsInR5cCI6IkpXVCJ9.eyJ1bmlxdWVfbmFtZSI6IkFkbWluLDEsNywxIiwibmJmIjoxNzUxMzc2NDkyLCJleHAiOjE3NTE0MDUyOTIsImlhdCI6MTc1MTM3NjQ5Mn0.TZyM9GbdCMTwadqEuw5JHGpZn5z1p6s3m7nTtu158QI'''
 ,1
 ,1
[System: 192.168.1.56] DEBUG | 07-01-2025 18:58:16.239 | General Service|:: CompanyIndex:7 SpName: spADM_GetDashBoard 
 2
 ,0
 ,0
 ,'1'
 ,'1'
 ,1
[System: 192.168.1.56] DEBUG | 07-01-2025 18:58:16.239 | General Service|:: CompanyIndex:7 SpName: spADM_GetDataSet 
 'select * from COM_TokenHistory WITH(NOLOCK) where JwtToken=''eyJhbGciOiJIUzI1NiIsInR5cCI6IkpXVCJ9.eyJ1bmlxdWVfbmFtZSI6IkFkbWluLDEsNywxIiwibmJmIjoxNzUxMzc2NDkyLCJleHAiOjE3NTE0MDUyOTIsImlhdCI6MTc1MTM3NjQ5Mn0.TZyM9GbdCMTwadqEuw5JHGpZn5z1p6s3m7nTtu158QI'''
 ,1
 ,1
[System: 192.168.1.56] DEBUG | 07-01-2025 18:58:16.254 | General Service|:: CompanyIndex:7 SpName: spCOM_ConfigValues 
 1
 ,'LandingDocs'
 ,'1'
[System: 192.168.1.56] DEBUG | 07-01-2025 18:58:16.254 | General Service|:: CompanyIndex:7 SpName: spADM_GetDataSet 
 'select * from COM_TokenHistory WITH(NOLOCK) where JwtToken=''eyJhbGciOiJIUzI1NiIsInR5cCI6IkpXVCJ9.eyJ1bmlxdWVfbmFtZSI6IkFkbWluLDEsNywxIiwibmJmIjoxNzUxMzc2NDkyLCJleHAiOjE3NTE0MDUyOTIsImlhdCI6MTc1MTM3NjQ5Mn0.TZyM9GbdCMTwadqEuw5JHGpZn5z1p6s3m7nTtu158QI'''
 ,1
 ,1
[System: 192.168.1.56] DEBUG | 07-01-2025 18:58:16.286 | General Service|:: CompanyIndex:7 SpName: spADM_GetAllListViewsDef 
 1
 ,1
[System: 192.168.1.56] DEBUG | 07-01-2025 18:58:16.301 | General Service|:: CompanyIndex:7 SpName: spADM_GetDataSet 
 'select * from COM_TokenHistory WITH(NOLOCK) where JwtToken=''eyJhbGciOiJIUzI1NiIsInR5cCI6IkpXVCJ9.eyJ1bmlxdWVfbmFtZSI6IkFkbWluLDEsNywxIiwibmJmIjoxNzUxMzc2NDkyLCJleHAiOjE3NTE0MDUyOTIsImlhdCI6MTc1MTM3NjQ5Mn0.TZyM9GbdCMTwadqEuw5JHGpZn5z1p6s3m7nTtu158QI'''
 ,1
 ,1
[System: 192.168.1.56] DEBUG | 07-01-2025 18:58:16.379 | General Service|:: CompanyIndex:7 SpName: spADM_GetAllListViewsDef 
 1
 ,1
[System: 192.168.1.56] DEBUG | 07-01-2025 18:58:16.395 | General Service|:: CompanyIndex:7 SpName: spADM_GetDataSet 
 'select * from COM_TokenHistory WITH(NOLOCK) where JwtToken=''eyJhbGciOiJIUzI1NiIsInR5cCI6IkpXVCJ9.eyJ1bmlxdWVfbmFtZSI6IkFkbWluLDEsNywxIiwibmJmIjoxNzUxMzc2NDkyLCJleHAiOjE3NTE0MDUyOTIsImlhdCI6MTc1MTM3NjQ5Mn0.TZyM9GbdCMTwadqEuw5JHGpZn5z1p6s3m7nTtu158QI'''
 ,1
 ,1
[System: 192.168.1.56] DEBUG | 07-01-2025 18:58:16.504 | General Service|:: CompanyIndex:7 SpName: spADM_GetDataSet 
 'Select CostCenterID,CostCenterColID,CostCenterName,SysTableName,UserColumnName,SysColumnName,ISNULL(UserDefaultValue,'''') UserDefaultValue
From AdM_CostCenterDef WITH(NOLOCK)
Where SysColumnName IN(''CreditAccount'',''DebitAccount'',''ProductID'') 
AND CostCenterID>40000 AND CostCenterID<50000 

SELECT * FROM ADM_Features WITH(NOLOCK) '
 ,1
 ,1
[System: 192.168.1.56] DEBUG | 07-01-2025 18:58:16.520 | General Service|:: CompanyIndex:7 SpName: spADM_GetDataSet 
 'select * from COM_TokenHistory WITH(NOLOCK) where JwtToken=''eyJhbGciOiJIUzI1NiIsInR5cCI6IkpXVCJ9.eyJ1bmlxdWVfbmFtZSI6IkFkbWluLDEsNywxIiwibmJmIjoxNzUxMzc2NDkyLCJleHAiOjE3NTE0MDUyOTIsImlhdCI6MTc1MTM3NjQ5Mn0.TZyM9GbdCMTwadqEuw5JHGpZn5z1p6s3m7nTtu158QI'''
 ,1
 ,1
[System: 192.168.1.56] DEBUG | 07-01-2025 18:58:16.567 | General Service|:: CompanyIndex:7 SpName: spADM_GetDataSet 
 '  SELECT * FROM PAY_PayrollPreferences WITH(NOLOCK) '
 ,1
 ,1
[System: 192.168.1.56] DEBUG | 07-01-2025 18:58:16.582 | General Service|:: CompanyIndex:7 SpName: spADM_GetDataSet 
 'select * from COM_TokenHistory WITH(NOLOCK) where JwtToken=''eyJhbGciOiJIUzI1NiIsInR5cCI6IkpXVCJ9.eyJ1bmlxdWVfbmFtZSI6IkFkbWluLDEsNywxIiwibmJmIjoxNzUxMzc2NDkyLCJleHAiOjE3NTE0MDUyOTIsImlhdCI6MTc1MTM3NjQ5Mn0.TZyM9GbdCMTwadqEuw5JHGpZn5z1p6s3m7nTtu158QI'''
 ,1
 ,1
[System: 192.168.1.56] DEBUG | 07-01-2025 18:58:16.614 | General Service|:: CompanyIndex:7 SpName: spADM_GetDataSet 
 '  --0
                                Select * FROM COM_CC50051 WITH(NOLOCK) WHERE IsGroup=0 AND LoginUserID=''admin''
                                --1                                
                                Select * FROM COM_CC50051 WITH(NOLOCK) WHERE RptManager IN (Select NodeID FROM COM_CC50051 WITH(NOLOCK) WHERE IsGroup=0 AND LoginUserID=''admin'')
                                UNION ALL
                                Select * FROM COM_CC50051 WITH(NOLOCK) WHERE RptManager IN 
                                (
	                                Select NodeID FROM COM_CC50051 WITH(NOLOCK) 
	                                WHERE IsGroup=0 AND LoginUserID IN
	                                (
	                                SELECT fe.LoginUserID
	                                FROM INV_DocDetails a WITH(NOLOCK) 
	                                JOIN COM_DocCCData b WITH(NOLOCK) ON b.InvDocDetailsID=a.InvDocDetailsID
	                                JOIN COM_DocNumData c WITH(NOLOCK) ON c.InvDocDetailsID=a.InvDocDetailsID
	                                JOIN COM_DocTextData d WITH(NOLOCK) ON d.InvDocDetailsID=a.InvDocDetailsID
	                                JOIN COM_CC50051 fe WITH(NOLOCK) on fe.NodeID=b.dcCCNID51
	                                JOIN COM_CC50051 te WITH(NOLOCK) on CONVERT(NVARCHAR,te.NodeID)=d.dcAlpha1
	                                WHERE a.CostCenterID=40098 and a.StatusID=369 AND d.dcAlpha3=''Temporary''
	                                AND te.LoginUserID=''admin'' 
	                                AND ISDATE(d.dcAlpha4)=1 AND ISDATE(d.dcAlpha5)=1 
	                                AND CONVERT(DATETIME,''01 Jul 2025'') BETWEEN CONVERT(DATETIME,d.dcAlpha4) AND CONVERT(DATETIME,d.dcAlpha5)
	                                )
                                )
                                --2
                                Select * FROM ADM_USERS WITH(NOLOCK) WHERE USERID=1
                                --3
                                Select * FROM COM_CostCenterCostCenterMap WITH(NOLOCK) WHERE ParentCostCenterID=7 AND ParentNodeID=1
                                --4                                
                                Select * FROM COM_CostCenterCostCenterMap WITH(NOLOCK) WHERE ParentCostCenterID=7 AND ParentNodeID=1
                                AND CostCenterID IN(Select ColumnCostCenterID From ADM_CostCenterDef Where CostCenterID=50051 AND IsColumnInUse=1 AND SysColumnName LIKE ''CCNID%'')
                                --5
                                Select * from COM_Files WITH(NOLOCK) WHERE FeatureID=50051 AND FeaturePK IN (Select NodeID FROM COM_CC50051 WITH(NOLOCK) WHERE IsGroup=0 AND LoginUserID=''admin'')                         
'
 ,1
 ,1
[System: 192.168.1.56] DEBUG | 07-01-2025 18:58:16.614 | General Service|:: CompanyIndex:7 SpName: spADM_GetDataSet 
 'select * from COM_TokenHistory WITH(NOLOCK) where JwtToken=''eyJhbGciOiJIUzI1NiIsInR5cCI6IkpXVCJ9.eyJ1bmlxdWVfbmFtZSI6IkFkbWluLDEsNywxIiwibmJmIjoxNzUxMzc2NDkyLCJleHAiOjE3NTE0MDUyOTIsImlhdCI6MTc1MTM3NjQ5Mn0.TZyM9GbdCMTwadqEuw5JHGpZn5z1p6s3m7nTtu158QI'''
 ,1
 ,1
[System: 192.168.1.56] DEBUG | 07-01-2025 18:58:16.629 | General Service|:: CompanyIndex:7 SpName: spADM_GetDataSet 
 'UPDATE C SET STATUSID=CASE WHEN ResignType=''Resigned'' THEN 302 WHEN ResignType=''Terminated With Cause'' THEN 303 WHEN ResignType=''Terminated Without Cause'' THEN 304 END 
                            FROM COM_CC50051 C WITH(NOLOCK)
                            WHERE ResignStatus=''Posted'' AND ResignType NOT IN(''Pending'',''Rejected'') 
                            AND DOResign IS NOT NULL AND DORelieve IS NOT NULL
                            AND STATUSID NOT IN(302,303,304)
                            AND DATEDIFF(D,GETDATE(),DORelieve)<0'
 ,1
 ,1
[System: 192.168.1.56] DEBUG | 07-01-2025 18:58:16.629 | General Service|:: CompanyIndex:7 SpName: spADM_GetDataSet 
 'select * from COM_TokenHistory WITH(NOLOCK) where JwtToken=''eyJhbGciOiJIUzI1NiIsInR5cCI6IkpXVCJ9.eyJ1bmlxdWVfbmFtZSI6IkFkbWluLDEsNywxIiwibmJmIjoxNzUxMzc2NDkyLCJleHAiOjE3NTE0MDUyOTIsImlhdCI6MTc1MTM3NjQ5Mn0.TZyM9GbdCMTwadqEuw5JHGpZn5z1p6s3m7nTtu158QI'''
 ,1
 ,1
[System: 192.168.1.56] DEBUG | 07-01-2025 18:58:16.801 | General Service|:: CompanyIndex:7 SpName: spADM_GetDataSet 
 'declare @UserID int,@RoleID int,@UserName NVARCHAR(100),@where nvarchar(max),@query nvarchar(max)
set @UserID=1
set @RoleID=1-- Employee:-1
SELECT @UserName=UserName From ADM_Users WITH(NOLOCK) WHERE UserID=@UserID
exec [fnGet_GetAssignedDims] @UserID,@RoleID,@where output
 create table #TblUsrWF(WID int,LevelID int,Type int,CtWef float,LvWef int)
EXEC spRPT_GetReportData @Type=8,@Param1=@UserID,@strXML=null,@RoleID=@RoleID set @query=''  SELECT DT.CostCenterID,DT.DocumentName,DT.DocumentType,DT.IsInventory,count(*) CNT
FROM (
 SELECT INV.CostCenterID
FROM INV_DocDetails INV with(nolock)''
if(@where<>'''')
	set @query=@query+'' join com_docccdata d with(nolock) on INV.INVDocDetailsid=d.INVDocDetailsid''	

set @query=@query+'' ,#TblUsrWF WF
WHERE WF.WID=INV.WorkflowID and (WF.LevelID>INV.WorkFlowLevel or (WF.LevelID+1=INV.WorkFlowLevel and INV.StatusID=372)) and (INV.StatusID=371 or INV.StatusID=372 or INV.StatusID=441) AND (WF.Type=1 or (INV.WorkFlowLevel+1=WF.LevelID and INV.StatusID!=372) or (WF.LevelID+1=INV.WorkFlowLevel and INV.StatusID=372) or (WF.CtWef is not null and INV.WorkFlowLevel>=WF.LvWef
and INV.CreatedDate+WF.CtWef<=convert(float,getdate()))) ''+@where+''
GROUP BY INV.CostCenterID,INV.VoucherNo
UNION ALL
SELECT ACC.CostCenterID
FROM ACC_DocDetails ACC with(nolock)''
if(@where<>'''')
	set @query=@query+'' join com_docccdata d with(nolock) on ACC.ACCDocDetailsid=d.ACCDocDetailsid''	

set @query=@query+'',#TblUsrWF WF
WHERE ACC.LinkedAccDocDetailsID is null and ACC.InvDocDetailsID is null and WF.WID=ACC.WorkflowID and (WF.LevelID>ACC.WorkFlowLevel or (WF.LevelID+1=ACC.WorkFlowLevel and ACC.StatusID=372)) and (ACC.StatusID=371 or ACC.StatusID=372 or ACC.StatusID=441) AND (WF.Type=1 or (ACC.WorkFlowLevel+1=WF.LevelID and ACC.StatusID!=372) or (WF.LevelID+1=ACC.WorkFlowLevel and ACC.StatusID=372) or (WF.CtWef is not null and ACC.WorkFlowLevel>=WF.LvWef
and ACC.CreatedDate+WF.CtWef<=convert(float,getdate())))''+@where+''
GROUP BY ACC.CostCenterID,ACC.VoucherNo  ) AS T
JOIN ADM_DocumentTypes DT with(nolock) ON T.CostCenterID=DT.CostCenterID
GROUP BY DT.CostCenterID,DT.DocumentName,DT.DocumentType,DT.IsInventory  
UNION ALL
SELECT DT.FeatureID CostCenterID,DT.Name DocumentName,-DT.FeatureID DocumentType,0 IsInventory,count(*) CNT
FROM (
SELECT INV.CostCenterID FROM REN_Contract INV WITH(NOLOCK),#TblUsrWF WF
WHERE  WF.WID=INV.WorkflowID and WF.LevelID>INV.WorkFlowLevel and (INV.StatusID=440 or INV.StatusID=470 or INV.StatusID=466) AND (WF.Type=1 or (INV.WorkFlowLevel+1=WF.LevelID and INV.StatusID!=470)  or (WF.CtWef is not null and INV.WorkFlowLevel>=WF.LvWef
 and INV.CreatedDate+WF.CtWef<=convert(float,getdate()))) AND INV.RefContractID=0 ) AS T
JOIN ADM_Features DT with(nolock) ON T.CostCenterID=DT.FeatureID
GROUP BY DT.FeatureID,DT.Name 
ORDER BY DocumentName''
exec(@query)

DROP TABLE #TblUsrWF
'
 ,1
 ,1
[System: 192.168.1.56] DEBUG | 07-01-2025 18:58:16.817 | General Service|:: CompanyIndex:7 SpName: spADM_GetDataSet 
 'select * from COM_TokenHistory WITH(NOLOCK) where JwtToken=''eyJhbGciOiJIUzI1NiIsInR5cCI6IkpXVCJ9.eyJ1bmlxdWVfbmFtZSI6IkFkbWluLDEsNywxIiwibmJmIjoxNzUxMzc2NDkyLCJleHAiOjE3NTE0MDUyOTIsImlhdCI6MTc1MTM3NjQ5Mn0.TZyM9GbdCMTwadqEuw5JHGpZn5z1p6s3m7nTtu158QI'''
 ,1
 ,1
[System: 192.168.1.56] DEBUG | 07-01-2025 18:58:17.051 | General Service|:: CompanyIndex:7 SpName: spADM_GetDashBoard 
 1
 ,39
 ,0
 ,'1'
 ,'1'
 ,1
[System: 192.168.1.56] DEBUG | 07-01-2025 18:58:17.051 | General Service|:: CompanyIndex:7 SpName: spADM_GetDataSet 
 'select * from COM_TokenHistory WITH(NOLOCK) where JwtToken=''eyJhbGciOiJIUzI1NiIsInR5cCI6IkpXVCJ9.eyJ1bmlxdWVfbmFtZSI6IkFkbWluLDEsNywxIiwibmJmIjoxNzUxMzc2NDkyLCJleHAiOjE3NTE0MDUyOTIsImlhdCI6MTc1MTM3NjQ5Mn0.TZyM9GbdCMTwadqEuw5JHGpZn5z1p6s3m7nTtu158QI'''
 ,1
 ,1
[System: 192.168.1.56] DEBUG | 07-01-2025 18:58:17.160 | General Service|:: CompanyIndex:7 SpName: spCOM_GetFavorites 
 'VIEW'
 ,25495
 ,'1'
 ,'1'
 ,1
[System: 192.168.1.56] DEBUG | 07-01-2025 18:58:17.176 | General Service|:: CompanyIndex:7 SpName: spADM_GetDataSet 
 'select * from COM_TokenHistory WITH(NOLOCK) where JwtToken=''eyJhbGciOiJIUzI1NiIsInR5cCI6IkpXVCJ9.eyJ1bmlxdWVfbmFtZSI6IkFkbWluLDEsNywxIiwibmJmIjoxNzUxMzc2NDkyLCJleHAiOjE3NTE0MDUyOTIsImlhdCI6MTc1MTM3NjQ5Mn0.TZyM9GbdCMTwadqEuw5JHGpZn5z1p6s3m7nTtu158QI'''
 ,1
 ,1
[System: 192.168.1.56] DEBUG | 07-01-2025 18:58:19.675 | General Service|:: CompanyIndex:7 SpName: spADM_GetCostCenterGridViewList 
 49
 ,1
 ,1
 ,1
[System: 192.168.1.56] DEBUG | 07-01-2025 18:58:19.675 | General Service|:: CompanyIndex:7 SpName: spADM_GetDataSet 
 'select * from COM_TokenHistory WITH(NOLOCK) where JwtToken=''eyJhbGciOiJIUzI1NiIsInR5cCI6IkpXVCJ9.eyJ1bmlxdWVfbmFtZSI6IkFkbWluLDEsNywxIiwibmJmIjoxNzUxMzc2NDkyLCJleHAiOjE3NTE0MDUyOTIsImlhdCI6MTc1MTM3NjQ5Mn0.TZyM9GbdCMTwadqEuw5JHGpZn5z1p6s3m7nTtu158QI'''
 ,1
 ,1
[System: 192.168.1.56] DEBUG | 07-01-2025 18:58:19.722 | General Service|:: CompanyIndex:7 SpName: spCom_GetCostCenterSummary 
 500041
 ,-1
 ,1000
 ,''
 ,''
 ,''
 ,0
 ,'01-Jul-2025'
 ,NULL
 ,''
 ,1
 ,1
 ,0
 ,0
 ,False
 ,1
[System: 192.168.1.56] DEBUG | 07-01-2025 18:58:19.738 | General Service|:: CompanyIndex:7 SpName: spADM_GetDataSet 
 'select * from COM_TokenHistory WITH(NOLOCK) where JwtToken=''eyJhbGciOiJIUzI1NiIsInR5cCI6IkpXVCJ9.eyJ1bmlxdWVfbmFtZSI6IkFkbWluLDEsNywxIiwibmJmIjoxNzUxMzc2NDkyLCJleHAiOjE3NTE0MDUyOTIsImlhdCI6MTc1MTM3NjQ5Mn0.TZyM9GbdCMTwadqEuw5JHGpZn5z1p6s3m7nTtu158QI'''
 ,1
 ,1
[System: 192.168.1.56] DEBUG | 07-01-2025 18:58:21.191 | General Service|:: CompanyIndex:7 SpName: spCom_GetCostCenterQuickViewDefn 
 49
 ,'67'
 ,49
 ,1
 ,1
 ,1
[System: 192.168.1.56] DEBUG | 07-01-2025 18:58:21.191 | General Service|:: CompanyIndex:7 SpName: spADM_GetDataSet 
 'select * from COM_TokenHistory WITH(NOLOCK) where JwtToken=''eyJhbGciOiJIUzI1NiIsInR5cCI6IkpXVCJ9.eyJ1bmlxdWVfbmFtZSI6IkFkbWluLDEsNywxIiwibmJmIjoxNzUxMzc2NDkyLCJleHAiOjE3NTE0MDUyOTIsImlhdCI6MTc1MTM3NjQ5Mn0.TZyM9GbdCMTwadqEuw5JHGpZn5z1p6s3m7nTtu158QI'''
 ,1
 ,1
[System: 192.168.1.56] DEBUG | 07-01-2025 18:58:21.378 | General Service|:: CompanyIndex:7 SpName: spADM_BulkEditDetails 
 6
 ,67
 ,0
 ,''
 ,''
 ,''
 ,''
 ,'admin'
 ,1
 ,1
 ,1
[System: 192.168.1.56] DEBUG | 07-01-2025 18:58:21.378 | General Service|:: CompanyIndex:7 SpName: spADM_GetDataSet 
 'select * from COM_TokenHistory WITH(NOLOCK) where JwtToken=''eyJhbGciOiJIUzI1NiIsInR5cCI6IkpXVCJ9.eyJ1bmlxdWVfbmFtZSI6IkFkbWluLDEsNywxIiwibmJmIjoxNzUxMzc2NDkyLCJleHAiOjE3NTE0MDUyOTIsImlhdCI6MTc1MTM3NjQ5Mn0.TZyM9GbdCMTwadqEuw5JHGpZn5z1p6s3m7nTtu158QI'''
 ,1
 ,1
[System: 192.168.1.56] DEBUG | 07-01-2025 18:58:21.394 | General Service|:: CompanyIndex:7 SpName: spADM_BulkEditDetails 
 2
 ,0
 ,50022
 ,''
 ,''
 ,''
 ,''
 ,'admin'
 ,1
 ,1
 ,1
[System: 192.168.1.56] DEBUG | 07-01-2025 18:58:21.394 | General Service|:: CompanyIndex:7 SpName: spADM_GetDataSet 
 'select * from COM_TokenHistory WITH(NOLOCK) where JwtToken=''eyJhbGciOiJIUzI1NiIsInR5cCI6IkpXVCJ9.eyJ1bmlxdWVfbmFtZSI6IkFkbWluLDEsNywxIiwibmJmIjoxNzUxMzc2NDkyLCJleHAiOjE3NTE0MDUyOTIsImlhdCI6MTc1MTM3NjQ5Mn0.TZyM9GbdCMTwadqEuw5JHGpZn5z1p6s3m7nTtu158QI'''
 ,1
 ,1
[System: 192.168.1.56] DEBUG | 07-01-2025 18:58:23.253 | General Service|:: CompanyIndex:7 SpName: spADM_GetDataSet 
 'SELECT D.NodeID,D.Code,D.Name,D.StatusID,D.GUID,D.Code AS C0,D.Name AS C1,D.ccAlpha1 AS C2,D.ccAlpha3 AS C3 FROM COM_CC50022 D with(nolock)  WHERE 1=1 ORDER BY D.Name'
 ,1
 ,1
[System: 192.168.1.56] DEBUG | 07-01-2025 18:58:23.253 | General Service|:: CompanyIndex:7 SpName: spADM_GetDataSet 
 'select * from COM_TokenHistory WITH(NOLOCK) where JwtToken=''eyJhbGciOiJIUzI1NiIsInR5cCI6IkpXVCJ9.eyJ1bmlxdWVfbmFtZSI6IkFkbWluLDEsNywxIiwibmJmIjoxNzUxMzc2NDkyLCJleHAiOjE3NTE0MDUyOTIsImlhdCI6MTc1MTM3NjQ5Mn0.TZyM9GbdCMTwadqEuw5JHGpZn5z1p6s3m7nTtu158QI'''
 ,1
 ,1
[System: 192.168.1.56] DEBUG | 07-01-2025 18:58:35.572 | General Service|:: CompanyIndex:7 SpName: spADM_GetDataSet 
 'SELECT D.NodeID,D.Code,D.Name,D.StatusID,D.GUID,D.Code AS C0,D.Name AS C1,D.ccAlpha1 AS C2,D.ccAlpha3 AS C3 FROM COM_CC50022 D with(nolock)  WHERE 1=1 ORDER BY D.Name'
 ,1
 ,1
[System: 192.168.1.56] DEBUG | 07-01-2025 18:58:35.572 | General Service|:: CompanyIndex:7 SpName: spADM_GetDataSet 
 'select * from COM_TokenHistory WITH(NOLOCK) where JwtToken=''eyJhbGciOiJIUzI1NiIsInR5cCI6IkpXVCJ9.eyJ1bmlxdWVfbmFtZSI6IkFkbWluLDEsNywxIiwibmJmIjoxNzUxMzc2NDkyLCJleHAiOjE3NTE0MDUyOTIsImlhdCI6MTc1MTM3NjQ5Mn0.TZyM9GbdCMTwadqEuw5JHGpZn5z1p6s3m7nTtu158QI'''
 ,1
 ,1
[System: 192.168.1.56] DEBUG | 07-01-2025 18:58:46.771 | General Service|:: CompanyIndex:7 SpName: spADM_GetDataSet 
 'SELECT D.NodeID,D.Code,D.Name,D.StatusID,D.GUID,D.Code AS C0,D.Name AS C1,D.ccAlpha1 AS C2,D.ccAlpha3 AS C3 FROM COM_CC50022 D with(nolock)  WHERE 1=1 ORDER BY D.Name'
 ,1
 ,1
[System: 192.168.1.56] DEBUG | 07-01-2025 18:58:46.771 | General Service|:: CompanyIndex:7 SpName: spADM_GetDataSet 
 'select * from COM_TokenHistory WITH(NOLOCK) where JwtToken=''eyJhbGciOiJIUzI1NiIsInR5cCI6IkpXVCJ9.eyJ1bmlxdWVfbmFtZSI6IkFkbWluLDEsNywxIiwibmJmIjoxNzUxMzc2NDkyLCJleHAiOjE3NTE0MDUyOTIsImlhdCI6MTc1MTM3NjQ5Mn0.TZyM9GbdCMTwadqEuw5JHGpZn5z1p6s3m7nTtu158QI'''
 ,1
 ,1
