[System: 192.168.1.99] DEBUG | 06-24-2025 18:05:03.843 | General Service|:: CompanyIndex:0 SpName: spADM_GetClientUserDetails2C 
 'admin'
 ,1
 ,0
[System: 192.168.1.99] DEBUG | 06-24-2025 18:05:04.014 | General Service|:: CompanyIndex:0 SpName: spADM_UserLoginCheck 
 2
 ,'admin'
 ,0
 ,'192.168.1.99'
 ,'192.168.1.99'
 ,''
 ,'Web'
 ,1
[System: 192.168.1.99] DEBUG | 06-24-2025 18:05:08.911 | General Service|:: CompanyIndex:0 SpName: spADM_GetClientUserDetails2C 
 'no access'
 ,1
 ,0
[System: 192.168.1.99] DEBUG | 06-24-2025 18:05:08.927 | General Service|:: CompanyIndex:0 SpName: spADM_UserLoginCheck 
 2
 ,'no access'
 ,0
 ,'192.168.1.99'
 ,'192.168.1.99'
 ,''
 ,'Web'
 ,1
[System: 192.168.1.99] DEBUG | 06-24-2025 18:05:08.958 | General Service|:: CompanyIndex:162 SpName: spADM_GetClientUserDetails 
 'no access'
 ,1
 ,'25.9.7'
 ,0
[System: 192.168.1.99] DEBUG | 06-24-2025 18:05:09.177 | General Service|:: CompanyIndex:0 SpName: spADM_UserLoginCheck 
 2
 ,'no access'
 ,162
 ,'192.168.1.99'
 ,'192.168.1.99'
 ,''
 ,'Web'
 ,1
[System: 192.168.1.99] DEBUG | 06-24-2025 18:05:09.302 | General Service|:: CompanyIndex:0 SpName: spADM_Login 
 1
 ,''
 ,''
 ,''
 ,''
 ,''
 ,162
[System: 192.168.1.99] DEBUG | 06-24-2025 18:05:09.302 | General Service|:: CompanyIndex:162 SpName: spADM_GetDataSet 
 'select Value from ADM_GlobalPreferences with (nolock) where name =''EnableReLogin'''
 ,1
 ,1
[System: 192.168.1.99] DEBUG | 06-24-2025 18:05:09.302 | General Service|:: CompanyIndex:162 SpName: spADM_GetDataSet 
 'select * from COM_TokenHistory WITH(NOLOCK) where JwtToken=''eyJhbGciOiJIUzI1NiIsInR5cCI6IkpXVCJ9.eyJ1bmlxdWVfbmFtZSI6Im5vIGFjY2VzcywxMDAwMywxNjIsNTAyIiwibmJmIjoxNzUwNzY4NTA4LCJleHAiOjE3NTA3OTczMDgsImlhdCI6MTc1MDc2ODUwOH0.sMYf4vJqaS8EpEz5Z14PQMynp2fNaHDY4TyvoWAOQ2A'''
 ,1
 ,1
[System: 192.168.1.99] DEBUG | 06-24-2025 18:05:09.333 | General Service|:: CompanyIndex:0 SpName: spADM_Login 
 4
 ,''
 ,''
 ,''
 ,'declare @Cnt int,@ExpiredGUID nvarchar(50),@AllowSession int,@GUID nvarchar(50),@CurrDate float,@UserID INT,@Instances INT,@InstancesExists INT,@LCDBIndex int
set @CurrDate= convert(float,dateadd(minute,-21,getdate()))
set @AllowSession=0
set @GUID=''b674d44d-a39c-4f88-ac6b-885d8dd9bb9b''
set @LCDBIndex=0
select top 1 @UserID=UserID,@Instances=InstanceCount from ADM_Users with(nolock) where UserName=''No access''
if exists(select [GUID] from ADM_Login with(nolock) where [GUID]=@GUID)
begin
	update ADM_Login 
	set LastAccessTime=convert(float,getdate()),UserID=@UserID
	where [GUID]=@GUID
    set @AllowSession=1
end
else
begin
	select @Cnt=count(*) from ADM_Login with(nolock) where LCDBIndex=@LCDBIndex and [GUID]!=''ACCESSRIGHTS'' and AP =''WEB''
    if(@Cnt<100)
		set @AllowSession=1
	else
	begin
		select top 1 @ExpiredGUID=[GUID] from ADM_Login with(nolock)
		where [GUID]!=''ACCESSRIGHTS'' and LCDBIndex=@LCDBIndex and LastAccessTime<@CurrDate  and AP =''WEB''
        order by LastAccessTime asc
		if @ExpiredGUID is not null
		begin
			delete from ADM_Login where [GUID]=@ExpiredGUID
			set @AllowSession=1
		end
	end
	if @AllowSession=1
	begin
        select @InstancesExists=COUNT(*) from ADM_Login with(nolock)
		where [GUID]!=''ACCESSRIGHTS'' and LCDBIndex=@LCDBIndex and LastAccessTime>=@CurrDate and UserID=@UserID and AP =''WEB''
		if(@Instances!=0 and @Instances<=@InstancesExists)
			set @AllowSession=2
		else
		    INSERT INTO ADM_Login([GUID],[SysName],IPAddress,[Status],LoginTime,LastAccessTime,AccessRights,UserID,DBIndex,LCDBIndex,AP)
		    VALUES(@GUID,''WEB'',''192.168.1.99'',1,convert(float,getdate()),convert(float,getdate()),null,@UserID,162,@LCDBIndex, ''WEB'')
	end
end

select @AllowSession AllowSession,@Instances Instances,@InstancesExists InstancesExists
'
 ,''
 ,0
[System: 192.168.1.99] DEBUG | 06-24-2025 18:05:09.333 | General Service|:: CompanyIndex:162 SpName: spADM_GetDataSet 
 'select * from COM_TokenHistory WITH(NOLOCK) where JwtToken=''eyJhbGciOiJIUzI1NiIsInR5cCI6IkpXVCJ9.eyJ1bmlxdWVfbmFtZSI6Im5vIGFjY2VzcywxMDAwMywxNjIsNTAyIiwibmJmIjoxNzUwNzY4NTA4LCJleHAiOjE3NTA3OTczMDgsImlhdCI6MTc1MDc2ODUwOH0.sMYf4vJqaS8EpEz5Z14PQMynp2fNaHDY4TyvoWAOQ2A'''
 ,1
 ,1
[System: 192.168.1.99] DEBUG | 06-24-2025 18:05:12.161 | General Service|:: CompanyIndex:162 SpName: spADM_GetClientUserDetails 
 'no access'
 ,1
 ,'25.9.7'
 ,0
[System: 192.168.1.99] DEBUG | 06-24-2025 18:05:12.224 | General Service|:: CompanyIndex:0 SpName: spADM_UserLoginCheck 
 2
 ,'no access'
 ,162
 ,'192.168.1.99'
 ,'192.168.1.99'
 ,''
 ,'Web'
 ,1
[System: 192.168.1.99] DEBUG | 06-24-2025 18:05:12.239 | General Service|:: CompanyIndex:0 SpName: spADM_Login 
 1
 ,''
 ,''
 ,''
 ,''
 ,''
 ,162
[System: 192.168.1.99] DEBUG | 06-24-2025 18:05:12.239 | General Service|:: CompanyIndex:162 SpName: spADM_GetDataSet 
 'select Value from ADM_GlobalPreferences with (nolock) where name =''EnableReLogin'''
 ,1
 ,1
[System: 192.168.1.99] DEBUG | 06-24-2025 18:05:12.239 | General Service|:: CompanyIndex:162 SpName: spADM_GetDataSet 
 'select * from COM_TokenHistory WITH(NOLOCK) where JwtToken=''eyJhbGciOiJIUzI1NiIsInR5cCI6IkpXVCJ9.eyJ1bmlxdWVfbmFtZSI6Im5vIGFjY2VzcywxMDAwMywxNjIsNTAyIiwibmJmIjoxNzUwNzY4NTEyLCJleHAiOjE3NTA3OTczMTIsImlhdCI6MTc1MDc2ODUxMn0.zu49tszfhbs_kEmsYTIbYmAt-qoiDyHQHCKPaRMyjf4'''
 ,1
 ,1
[System: 192.168.1.99] DEBUG | 06-24-2025 18:05:12.255 | General Service|:: CompanyIndex:0 SpName: spADM_Login 
 4
 ,''
 ,''
 ,''
 ,'declare @Cnt int,@ExpiredGUID nvarchar(50),@AllowSession int,@GUID nvarchar(50),@CurrDate float,@UserID INT,@Instances INT,@InstancesExists INT,@LCDBIndex int
set @CurrDate= convert(float,dateadd(minute,-21,getdate()))
set @AllowSession=0
set @GUID=''a7e88731-2987-4826-8950-a6dde502a6b1''
set @LCDBIndex=0
select top 1 @UserID=UserID,@Instances=InstanceCount from ADM_Users with(nolock) where UserName=''No access''
if exists(select [GUID] from ADM_Login with(nolock) where [GUID]=@GUID)
begin
	update ADM_Login 
	set LastAccessTime=convert(float,getdate()),UserID=@UserID
	where [GUID]=@GUID
    set @AllowSession=1
end
else
begin
	select @Cnt=count(*) from ADM_Login with(nolock) where LCDBIndex=@LCDBIndex and [GUID]!=''ACCESSRIGHTS'' and AP =''WEB''
    if(@Cnt<100)
		set @AllowSession=1
	else
	begin
		select top 1 @ExpiredGUID=[GUID] from ADM_Login with(nolock)
		where [GUID]!=''ACCESSRIGHTS'' and LCDBIndex=@LCDBIndex and LastAccessTime<@CurrDate  and AP =''WEB''
        order by LastAccessTime asc
		if @ExpiredGUID is not null
		begin
			delete from ADM_Login where [GUID]=@ExpiredGUID
			set @AllowSession=1
		end
	end
	if @AllowSession=1
	begin
        select @InstancesExists=COUNT(*) from ADM_Login with(nolock)
		where [GUID]!=''ACCESSRIGHTS'' and LCDBIndex=@LCDBIndex and LastAccessTime>=@CurrDate and UserID=@UserID and AP =''WEB''
		if(@Instances!=0 and @Instances<=@InstancesExists)
			set @AllowSession=2
		else
		    INSERT INTO ADM_Login([GUID],[SysName],IPAddress,[Status],LoginTime,LastAccessTime,AccessRights,UserID,DBIndex,LCDBIndex,AP)
		    VALUES(@GUID,''WEB'',''192.168.1.99'',1,convert(float,getdate()),convert(float,getdate()),null,@UserID,162,@LCDBIndex, ''WEB'')
	end
end

select @AllowSession AllowSession,@Instances Instances,@InstancesExists InstancesExists
'
 ,''
 ,0
[System: 192.168.1.99] DEBUG | 06-24-2025 18:05:12.270 | General Service|:: CompanyIndex:162 SpName: spADM_GetDataSet 
 'select * from COM_TokenHistory WITH(NOLOCK) where JwtToken=''eyJhbGciOiJIUzI1NiIsInR5cCI6IkpXVCJ9.eyJ1bmlxdWVfbmFtZSI6Im5vIGFjY2VzcywxMDAwMywxNjIsNTAyIiwibmJmIjoxNzUwNzY4NTEyLCJleHAiOjE3NTA3OTczMTIsImlhdCI6MTc1MDc2ODUxMn0.zu49tszfhbs_kEmsYTIbYmAt-qoiDyHQHCKPaRMyjf4'''
 ,1
 ,1
[System: 192.168.1.99] DEBUG | 06-24-2025 18:05:13.898 | General Service|:: CompanyIndex:162 SpName: spADM_GetClientUserDetails 
 'no access'
 ,1
 ,'25.9.7'
 ,0
[System: 192.168.1.99] DEBUG | 06-24-2025 18:05:13.960 | General Service|:: CompanyIndex:0 SpName: spADM_UserLoginCheck 
 2
 ,'no access'
 ,162
 ,'192.168.1.99'
 ,'192.168.1.99'
 ,''
 ,'Web'
 ,1
[System: 192.168.1.99] DEBUG | 06-24-2025 18:05:13.976 | General Service|:: CompanyIndex:0 SpName: spADM_Login 
 1
 ,''
 ,''
 ,''
 ,''
 ,''
 ,162
[System: 192.168.1.99] DEBUG | 06-24-2025 18:05:13.976 | General Service|:: CompanyIndex:162 SpName: spADM_GetDataSet 
 'select Value from ADM_GlobalPreferences with (nolock) where name =''EnableReLogin'''
 ,1
 ,1
[System: 192.168.1.99] DEBUG | 06-24-2025 18:05:13.992 | General Service|:: CompanyIndex:162 SpName: spADM_GetDataSet 
 'select * from COM_TokenHistory WITH(NOLOCK) where JwtToken=''eyJhbGciOiJIUzI1NiIsInR5cCI6IkpXVCJ9.eyJ1bmlxdWVfbmFtZSI6Im5vIGFjY2VzcywxMDAwMywxNjIsNTAyIiwibmJmIjoxNzUwNzY4NTEzLCJleHAiOjE3NTA3OTczMTMsImlhdCI6MTc1MDc2ODUxM30.Ymm7zFgc_eyfR7J4KRWzSK66pbTMghc0LaJe6zfcql4'''
 ,1
 ,1
[System: 192.168.1.99] DEBUG | 06-24-2025 18:05:14.007 | General Service|:: CompanyIndex:0 SpName: spADM_Login 
 4
 ,''
 ,''
 ,''
 ,'declare @Cnt int,@ExpiredGUID nvarchar(50),@AllowSession int,@GUID nvarchar(50),@CurrDate float,@UserID INT,@Instances INT,@InstancesExists INT,@LCDBIndex int
set @CurrDate= convert(float,dateadd(minute,-21,getdate()))
set @AllowSession=0
set @GUID=''d6669aa2-2620-4993-81b8-2b7eb4da820e''
set @LCDBIndex=0
select top 1 @UserID=UserID,@Instances=InstanceCount from ADM_Users with(nolock) where UserName=''No access''
if exists(select [GUID] from ADM_Login with(nolock) where [GUID]=@GUID)
begin
	update ADM_Login 
	set LastAccessTime=convert(float,getdate()),UserID=@UserID
	where [GUID]=@GUID
    set @AllowSession=1
end
else
begin
	select @Cnt=count(*) from ADM_Login with(nolock) where LCDBIndex=@LCDBIndex and [GUID]!=''ACCESSRIGHTS'' and AP =''WEB''
    if(@Cnt<100)
		set @AllowSession=1
	else
	begin
		select top 1 @ExpiredGUID=[GUID] from ADM_Login with(nolock)
		where [GUID]!=''ACCESSRIGHTS'' and LCDBIndex=@LCDBIndex and LastAccessTime<@CurrDate  and AP =''WEB''
        order by LastAccessTime asc
		if @ExpiredGUID is not null
		begin
			delete from ADM_Login where [GUID]=@ExpiredGUID
			set @AllowSession=1
		end
	end
	if @AllowSession=1
	begin
        select @InstancesExists=COUNT(*) from ADM_Login with(nolock)
		where [GUID]!=''ACCESSRIGHTS'' and LCDBIndex=@LCDBIndex and LastAccessTime>=@CurrDate and UserID=@UserID and AP =''WEB''
		if(@Instances!=0 and @Instances<=@InstancesExists)
			set @AllowSession=2
		else
		    INSERT INTO ADM_Login([GUID],[SysName],IPAddress,[Status],LoginTime,LastAccessTime,AccessRights,UserID,DBIndex,LCDBIndex,AP)
		    VALUES(@GUID,''WEB'',''192.168.1.99'',1,convert(float,getdate()),convert(float,getdate()),null,@UserID,162,@LCDBIndex, ''WEB'')
	end
end

select @AllowSession AllowSession,@Instances Instances,@InstancesExists InstancesExists
'
 ,''
 ,0
[System: 192.168.1.99] DEBUG | 06-24-2025 18:05:14.007 | General Service|:: CompanyIndex:162 SpName: spADM_GetDataSet 
 'select * from COM_TokenHistory WITH(NOLOCK) where JwtToken=''eyJhbGciOiJIUzI1NiIsInR5cCI6IkpXVCJ9.eyJ1bmlxdWVfbmFtZSI6Im5vIGFjY2VzcywxMDAwMywxNjIsNTAyIiwibmJmIjoxNzUwNzY4NTEzLCJleHAiOjE3NTA3OTczMTMsImlhdCI6MTc1MDc2ODUxM30.Ymm7zFgc_eyfR7J4KRWzSK66pbTMghc0LaJe6zfcql4'''
 ,1
 ,1
[System: 192.168.1.99] DEBUG | 06-24-2025 18:05:16.445 | General Service|:: CompanyIndex:162 SpName: spADM_GetClientUserDetails 
 'no access'
 ,1
 ,'25.9.7'
 ,0
[System: 192.168.1.99] DEBUG | 06-24-2025 18:05:16.507 | General Service|:: CompanyIndex:0 SpName: spADM_UserLoginCheck 
 2
 ,'no access'
 ,162
 ,'192.168.1.99'
 ,'192.168.1.99'
 ,''
 ,'Web'
 ,1
[System: 192.168.1.99] DEBUG | 06-24-2025 18:05:16.523 | General Service|:: CompanyIndex:0 SpName: spADM_Login 
 1
 ,''
 ,''
 ,''
 ,''
 ,''
 ,162
[System: 192.168.1.99] DEBUG | 06-24-2025 18:05:16.523 | General Service|:: CompanyIndex:162 SpName: spADM_GetDataSet 
 'select Value from ADM_GlobalPreferences with (nolock) where name =''EnableReLogin'''
 ,1
 ,1
[System: 192.168.1.99] DEBUG | 06-24-2025 18:05:16.539 | General Service|:: CompanyIndex:162 SpName: spADM_GetDataSet 
 'select * from COM_TokenHistory WITH(NOLOCK) where JwtToken=''eyJhbGciOiJIUzI1NiIsInR5cCI6IkpXVCJ9.eyJ1bmlxdWVfbmFtZSI6Im5vIGFjY2VzcywxMDAwMywxNjIsNTAyIiwibmJmIjoxNzUwNzY4NTE2LCJleHAiOjE3NTA3OTczMTYsImlhdCI6MTc1MDc2ODUxNn0.08ZSn4k2c8f2HbgZyF1JkBNnzhr3rGoN7kW3c_a0MGg'''
 ,1
 ,1
[System: 192.168.1.99] DEBUG | 06-24-2025 18:05:16.554 | General Service|:: CompanyIndex:0 SpName: spADM_Login 
 4
 ,''
 ,''
 ,''
 ,'declare @Cnt int,@ExpiredGUID nvarchar(50),@AllowSession int,@GUID nvarchar(50),@CurrDate float,@UserID INT,@Instances INT,@InstancesExists INT,@LCDBIndex int
set @CurrDate= convert(float,dateadd(minute,-21,getdate()))
set @AllowSession=0
set @GUID=''1a05054a-e81f-4377-8859-6e43810cda62''
set @LCDBIndex=0
select top 1 @UserID=UserID,@Instances=InstanceCount from ADM_Users with(nolock) where UserName=''No access''
if exists(select [GUID] from ADM_Login with(nolock) where [GUID]=@GUID)
begin
	update ADM_Login 
	set LastAccessTime=convert(float,getdate()),UserID=@UserID
	where [GUID]=@GUID
    set @AllowSession=1
end
else
begin
	select @Cnt=count(*) from ADM_Login with(nolock) where LCDBIndex=@LCDBIndex and [GUID]!=''ACCESSRIGHTS'' and AP =''WEB''
    if(@Cnt<100)
		set @AllowSession=1
	else
	begin
		select top 1 @ExpiredGUID=[GUID] from ADM_Login with(nolock)
		where [GUID]!=''ACCESSRIGHTS'' and LCDBIndex=@LCDBIndex and LastAccessTime<@CurrDate  and AP =''WEB''
        order by LastAccessTime asc
		if @ExpiredGUID is not null
		begin
			delete from ADM_Login where [GUID]=@ExpiredGUID
			set @AllowSession=1
		end
	end
	if @AllowSession=1
	begin
        select @InstancesExists=COUNT(*) from ADM_Login with(nolock)
		where [GUID]!=''ACCESSRIGHTS'' and LCDBIndex=@LCDBIndex and LastAccessTime>=@CurrDate and UserID=@UserID and AP =''WEB''
		if(@Instances!=0 and @Instances<=@InstancesExists)
			set @AllowSession=2
		else
		    INSERT INTO ADM_Login([GUID],[SysName],IPAddress,[Status],LoginTime,LastAccessTime,AccessRights,UserID,DBIndex,LCDBIndex,AP)
		    VALUES(@GUID,''WEB'',''192.168.1.99'',1,convert(float,getdate()),convert(float,getdate()),null,@UserID,162,@LCDBIndex, ''WEB'')
	end
end

select @AllowSession AllowSession,@Instances Instances,@InstancesExists InstancesExists
'
 ,''
 ,0
[System: 192.168.1.99] DEBUG | 06-24-2025 18:05:16.554 | General Service|:: CompanyIndex:162 SpName: spADM_GetDataSet 
 'select * from COM_TokenHistory WITH(NOLOCK) where JwtToken=''eyJhbGciOiJIUzI1NiIsInR5cCI6IkpXVCJ9.eyJ1bmlxdWVfbmFtZSI6Im5vIGFjY2VzcywxMDAwMywxNjIsNTAyIiwibmJmIjoxNzUwNzY4NTE2LCJleHAiOjE3NTA3OTczMTYsImlhdCI6MTc1MDc2ODUxNn0.08ZSn4k2c8f2HbgZyF1JkBNnzhr3rGoN7kW3c_a0MGg'''
 ,1
 ,1
[System: 192.168.1.99] DEBUG | 06-24-2025 18:05:22.959 | General Service|:: CompanyIndex:162 SpName: spADM_GetClientUserDetails 
 'no access'
 ,1
 ,'25.9.7'
 ,0
[System: 192.168.1.99] DEBUG | 06-24-2025 18:05:23.022 | General Service|:: CompanyIndex:0 SpName: spADM_UserLoginCheck 
 2
 ,'no access'
 ,162
 ,'192.168.1.99'
 ,'192.168.1.99'
 ,''
 ,'Web'
 ,1
[System: 192.168.1.99] DEBUG | 06-24-2025 18:05:23.038 | General Service|:: CompanyIndex:0 SpName: spADM_Login 
 1
 ,''
 ,''
 ,''
 ,''
 ,''
 ,162
[System: 192.168.1.99] DEBUG | 06-24-2025 18:05:23.038 | General Service|:: CompanyIndex:162 SpName: spADM_GetDataSet 
 'select Value from ADM_GlobalPreferences with (nolock) where name =''EnableReLogin'''
 ,1
 ,1
[System: 192.168.1.99] DEBUG | 06-24-2025 18:05:23.053 | General Service|:: CompanyIndex:162 SpName: spADM_GetDataSet 
 'select * from COM_TokenHistory WITH(NOLOCK) where JwtToken=''eyJhbGciOiJIUzI1NiIsInR5cCI6IkpXVCJ9.eyJ1bmlxdWVfbmFtZSI6Im5vIGFjY2VzcywxMDAwMywxNjIsNTAyIiwibmJmIjoxNzUwNzY4NTIyLCJleHAiOjE3NTA3OTczMjIsImlhdCI6MTc1MDc2ODUyMn0.Zz2OUEY3Bwhs7D5KvMRcnr-mhGntn-Ym0Jv0XynBNYM'''
 ,1
 ,1
[System: 192.168.1.99] DEBUG | 06-24-2025 18:05:23.069 | General Service|:: CompanyIndex:0 SpName: spADM_Login 
 4
 ,''
 ,''
 ,''
 ,'declare @Cnt int,@ExpiredGUID nvarchar(50),@AllowSession int,@GUID nvarchar(50),@CurrDate float,@UserID INT,@Instances INT,@InstancesExists INT,@LCDBIndex int
set @CurrDate= convert(float,dateadd(minute,-21,getdate()))
set @AllowSession=0
set @GUID=''45c63f92-7458-4320-b792-6f6dcb29575f''
set @LCDBIndex=0
select top 1 @UserID=UserID,@Instances=InstanceCount from ADM_Users with(nolock) where UserName=''No access''
if exists(select [GUID] from ADM_Login with(nolock) where [GUID]=@GUID)
begin
	update ADM_Login 
	set LastAccessTime=convert(float,getdate()),UserID=@UserID
	where [GUID]=@GUID
    set @AllowSession=1
end
else
begin
	select @Cnt=count(*) from ADM_Login with(nolock) where LCDBIndex=@LCDBIndex and [GUID]!=''ACCESSRIGHTS'' and AP =''WEB''
    if(@Cnt<100)
		set @AllowSession=1
	else
	begin
		select top 1 @ExpiredGUID=[GUID] from ADM_Login with(nolock)
		where [GUID]!=''ACCESSRIGHTS'' and LCDBIndex=@LCDBIndex and LastAccessTime<@CurrDate  and AP =''WEB''
        order by LastAccessTime asc
		if @ExpiredGUID is not null
		begin
			delete from ADM_Login where [GUID]=@ExpiredGUID
			set @AllowSession=1
		end
	end
	if @AllowSession=1
	begin
        select @InstancesExists=COUNT(*) from ADM_Login with(nolock)
		where [GUID]!=''ACCESSRIGHTS'' and LCDBIndex=@LCDBIndex and LastAccessTime>=@CurrDate and UserID=@UserID and AP =''WEB''
		if(@Instances!=0 and @Instances<=@InstancesExists)
			set @AllowSession=2
		else
		    INSERT INTO ADM_Login([GUID],[SysName],IPAddress,[Status],LoginTime,LastAccessTime,AccessRights,UserID,DBIndex,LCDBIndex,AP)
		    VALUES(@GUID,''WEB'',''192.168.1.99'',1,convert(float,getdate()),convert(float,getdate()),null,@UserID,162,@LCDBIndex, ''WEB'')
	end
end

select @AllowSession AllowSession,@Instances Instances,@InstancesExists InstancesExists
'
 ,''
 ,0
[System: 192.168.1.99] DEBUG | 06-24-2025 18:05:23.069 | General Service|:: CompanyIndex:162 SpName: spADM_GetDataSet 
 'select * from COM_TokenHistory WITH(NOLOCK) where JwtToken=''eyJhbGciOiJIUzI1NiIsInR5cCI6IkpXVCJ9.eyJ1bmlxdWVfbmFtZSI6Im5vIGFjY2VzcywxMDAwMywxNjIsNTAyIiwibmJmIjoxNzUwNzY4NTIyLCJleHAiOjE3NTA3OTczMjIsImlhdCI6MTc1MDc2ODUyMn0.Zz2OUEY3Bwhs7D5KvMRcnr-mhGntn-Ym0Jv0XynBNYM'''
 ,1
 ,1
[System: 192.168.1.99] DEBUG | 06-24-2025 18:05:40.910 | General Service|:: CompanyIndex:162 SpName: spADM_GetClientUserDetails 
 'no access'
 ,1
 ,'25.9.7'
 ,0
[System: 192.168.1.99] DEBUG | 06-24-2025 18:05:40.988 | General Service|:: CompanyIndex:0 SpName: spADM_UserLoginCheck 
 1
 ,'no access'
 ,162
 ,'192.168.1.99'
 ,'192.168.1.99'
 ,''
 ,'Web'
 ,1
[System: 192.168.1.99] DEBUG | 06-24-2025 18:05:44.210 | General Service|:: CompanyIndex:162 SpName: spADM_GetClientUserDetails 
 'no access'
 ,1
 ,'25.9.7'
 ,0
[System: 192.168.1.99] DEBUG | 06-24-2025 18:05:44.288 | General Service|:: CompanyIndex:0 SpName: spADM_UserLoginCheck 
 2
 ,'no access'
 ,162
 ,'192.168.1.99'
 ,'192.168.1.99'
 ,''
 ,'Web'
 ,1
[System: 192.168.1.99] DEBUG | 06-24-2025 18:05:44.303 | General Service|:: CompanyIndex:0 SpName: spADM_Login 
 1
 ,''
 ,''
 ,''
 ,''
 ,''
 ,162
[System: 192.168.1.99] DEBUG | 06-24-2025 18:05:44.303 | General Service|:: CompanyIndex:162 SpName: spADM_GetDataSet 
 'select Value from ADM_GlobalPreferences with (nolock) where name =''EnableReLogin'''
 ,1
 ,1
[System: 192.168.1.99] DEBUG | 06-24-2025 18:05:44.319 | General Service|:: CompanyIndex:162 SpName: spADM_GetDataSet 
 'select * from COM_TokenHistory WITH(NOLOCK) where JwtToken=''eyJhbGciOiJIUzI1NiIsInR5cCI6IkpXVCJ9.eyJ1bmlxdWVfbmFtZSI6Im5vIGFjY2VzcywxMDAwMywxNjIsNTAyIiwibmJmIjoxNzUwNzY4NTQ0LCJleHAiOjE3NTA3OTczNDQsImlhdCI6MTc1MDc2ODU0NH0.wNa2OkQsdRub-GkUBXCxeY8RBQK1E5rD2eS4pHWb5R4'''
 ,1
 ,1
[System: 192.168.1.99] DEBUG | 06-24-2025 18:05:44.335 | General Service|:: CompanyIndex:0 SpName: spADM_Login 
 4
 ,''
 ,''
 ,''
 ,'declare @Cnt int,@ExpiredGUID nvarchar(50),@AllowSession int,@GUID nvarchar(50),@CurrDate float,@UserID INT,@Instances INT,@InstancesExists INT,@LCDBIndex int
set @CurrDate= convert(float,dateadd(minute,-21,getdate()))
set @AllowSession=0
set @GUID=''a1842cbb-abc1-4e26-8b76-34045aaca38d''
set @LCDBIndex=0
select top 1 @UserID=UserID,@Instances=InstanceCount from ADM_Users with(nolock) where UserName=''No access''
if exists(select [GUID] from ADM_Login with(nolock) where [GUID]=@GUID)
begin
	update ADM_Login 
	set LastAccessTime=convert(float,getdate()),UserID=@UserID
	where [GUID]=@GUID
    set @AllowSession=1
end
else
begin
	select @Cnt=count(*) from ADM_Login with(nolock) where LCDBIndex=@LCDBIndex and [GUID]!=''ACCESSRIGHTS'' and AP =''WEB''
    if(@Cnt<100)
		set @AllowSession=1
	else
	begin
		select top 1 @ExpiredGUID=[GUID] from ADM_Login with(nolock)
		where [GUID]!=''ACCESSRIGHTS'' and LCDBIndex=@LCDBIndex and LastAccessTime<@CurrDate  and AP =''WEB''
        order by LastAccessTime asc
		if @ExpiredGUID is not null
		begin
			delete from ADM_Login where [GUID]=@ExpiredGUID
			set @AllowSession=1
		end
	end
	if @AllowSession=1
	begin
        select @InstancesExists=COUNT(*) from ADM_Login with(nolock)
		where [GUID]!=''ACCESSRIGHTS'' and LCDBIndex=@LCDBIndex and LastAccessTime>=@CurrDate and UserID=@UserID and AP =''WEB''
		if(@Instances!=0 and @Instances<=@InstancesExists)
			set @AllowSession=2
		else
		    INSERT INTO ADM_Login([GUID],[SysName],IPAddress,[Status],LoginTime,LastAccessTime,AccessRights,UserID,DBIndex,LCDBIndex,AP)
		    VALUES(@GUID,''WEB'',''192.168.1.99'',1,convert(float,getdate()),convert(float,getdate()),null,@UserID,162,@LCDBIndex, ''WEB'')
	end
end

select @AllowSession AllowSession,@Instances Instances,@InstancesExists InstancesExists
'
 ,''
 ,0
[System: 192.168.1.99] DEBUG | 06-24-2025 18:05:44.335 | General Service|:: CompanyIndex:162 SpName: spADM_GetDataSet 
 'select * from COM_TokenHistory WITH(NOLOCK) where JwtToken=''eyJhbGciOiJIUzI1NiIsInR5cCI6IkpXVCJ9.eyJ1bmlxdWVfbmFtZSI6Im5vIGFjY2VzcywxMDAwMywxNjIsNTAyIiwibmJmIjoxNzUwNzY4NTQ0LCJleHAiOjE3NTA3OTczNDQsImlhdCI6MTc1MDc2ODU0NH0.wNa2OkQsdRub-GkUBXCxeY8RBQK1E5rD2eS4pHWb5R4'''
 ,1
 ,1
[System: 192.168.1.99] DEBUG | 06-24-2025 18:05:45.272 | General Service|:: CompanyIndex:162 SpName: spADM_GetClientUserDetails 
 'no access'
 ,1
 ,'25.9.7'
 ,0
[System: 192.168.1.99] DEBUG | 06-24-2025 18:05:45.334 | General Service|:: CompanyIndex:0 SpName: spADM_UserLoginCheck 
 2
 ,'no access'
 ,162
 ,'192.168.1.99'
 ,'192.168.1.99'
 ,''
 ,'Web'
 ,1
[System: 192.168.1.99] DEBUG | 06-24-2025 18:05:45.334 | General Service|:: CompanyIndex:0 SpName: spADM_Login 
 1
 ,''
 ,''
 ,''
 ,''
 ,''
 ,162
[System: 192.168.1.99] DEBUG | 06-24-2025 18:05:45.334 | General Service|:: CompanyIndex:162 SpName: spADM_GetDataSet 
 'select Value from ADM_GlobalPreferences with (nolock) where name =''EnableReLogin'''
 ,1
 ,1
[System: 192.168.1.99] DEBUG | 06-24-2025 18:05:45.334 | General Service|:: CompanyIndex:162 SpName: spADM_GetDataSet 
 'select * from COM_TokenHistory WITH(NOLOCK) where JwtToken=''eyJhbGciOiJIUzI1NiIsInR5cCI6IkpXVCJ9.eyJ1bmlxdWVfbmFtZSI6Im5vIGFjY2VzcywxMDAwMywxNjIsNTAyIiwibmJmIjoxNzUwNzY4NTQ1LCJleHAiOjE3NTA3OTczNDUsImlhdCI6MTc1MDc2ODU0NX0.7JjC2eWn4ZNqKZe-gIowo9382jzdlb6G2wTKDyRGca0'''
 ,1
 ,1
[System: 192.168.1.99] DEBUG | 06-24-2025 18:05:45.350 | General Service|:: CompanyIndex:0 SpName: spADM_Login 
 4
 ,''
 ,''
 ,''
 ,'declare @Cnt int,@ExpiredGUID nvarchar(50),@AllowSession int,@GUID nvarchar(50),@CurrDate float,@UserID INT,@Instances INT,@InstancesExists INT,@LCDBIndex int
set @CurrDate= convert(float,dateadd(minute,-21,getdate()))
set @AllowSession=0
set @GUID=''02a300b0-766a-4ebc-b73b-10610d0b5bdd''
set @LCDBIndex=0
select top 1 @UserID=UserID,@Instances=InstanceCount from ADM_Users with(nolock) where UserName=''No access''
if exists(select [GUID] from ADM_Login with(nolock) where [GUID]=@GUID)
begin
	update ADM_Login 
	set LastAccessTime=convert(float,getdate()),UserID=@UserID
	where [GUID]=@GUID
    set @AllowSession=1
end
else
begin
	select @Cnt=count(*) from ADM_Login with(nolock) where LCDBIndex=@LCDBIndex and [GUID]!=''ACCESSRIGHTS'' and AP =''WEB''
    if(@Cnt<100)
		set @AllowSession=1
	else
	begin
		select top 1 @ExpiredGUID=[GUID] from ADM_Login with(nolock)
		where [GUID]!=''ACCESSRIGHTS'' and LCDBIndex=@LCDBIndex and LastAccessTime<@CurrDate  and AP =''WEB''
        order by LastAccessTime asc
		if @ExpiredGUID is not null
		begin
			delete from ADM_Login where [GUID]=@ExpiredGUID
			set @AllowSession=1
		end
	end
	if @AllowSession=1
	begin
        select @InstancesExists=COUNT(*) from ADM_Login with(nolock)
		where [GUID]!=''ACCESSRIGHTS'' and LCDBIndex=@LCDBIndex and LastAccessTime>=@CurrDate and UserID=@UserID and AP =''WEB''
		if(@Instances!=0 and @Instances<=@InstancesExists)
			set @AllowSession=2
		else
		    INSERT INTO ADM_Login([GUID],[SysName],IPAddress,[Status],LoginTime,LastAccessTime,AccessRights,UserID,DBIndex,LCDBIndex,AP)
		    VALUES(@GUID,''WEB'',''192.168.1.99'',1,convert(float,getdate()),convert(float,getdate()),null,@UserID,162,@LCDBIndex, ''WEB'')
	end
end

select @AllowSession AllowSession,@Instances Instances,@InstancesExists InstancesExists
'
 ,''
 ,0
[System: 192.168.1.99] DEBUG | 06-24-2025 18:05:45.350 | General Service|:: CompanyIndex:162 SpName: spADM_GetDataSet 
 'select * from COM_TokenHistory WITH(NOLOCK) where JwtToken=''eyJhbGciOiJIUzI1NiIsInR5cCI6IkpXVCJ9.eyJ1bmlxdWVfbmFtZSI6Im5vIGFjY2VzcywxMDAwMywxNjIsNTAyIiwibmJmIjoxNzUwNzY4NTQ1LCJleHAiOjE3NTA3OTczNDUsImlhdCI6MTc1MDc2ODU0NX0.7JjC2eWn4ZNqKZe-gIowo9382jzdlb6G2wTKDyRGca0'''
 ,1
 ,1
[System: 192.168.1.99] DEBUG | 06-24-2025 18:05:45.428 | General Service|:: CompanyIndex:162 SpName: spADM_GetClientUserDetails 
 'no access'
 ,1
 ,'25.9.7'
 ,0
[System: 192.168.1.99] DEBUG | 06-24-2025 18:05:45.491 | General Service|:: CompanyIndex:0 SpName: spADM_UserLoginCheck 
 2
 ,'no access'
 ,162
 ,'192.168.1.99'
 ,'192.168.1.99'
 ,''
 ,'Web'
 ,1
[System: 192.168.1.99] DEBUG | 06-24-2025 18:05:45.506 | General Service|:: CompanyIndex:0 SpName: spADM_Login 
 1
 ,''
 ,''
 ,''
 ,''
 ,''
 ,162
[System: 192.168.1.99] DEBUG | 06-24-2025 18:05:45.506 | General Service|:: CompanyIndex:162 SpName: spADM_GetDataSet 
 'select Value from ADM_GlobalPreferences with (nolock) where name =''EnableReLogin'''
 ,1
 ,1
[System: 192.168.1.99] DEBUG | 06-24-2025 18:05:45.506 | General Service|:: CompanyIndex:162 SpName: spADM_GetDataSet 
 'select * from COM_TokenHistory WITH(NOLOCK) where JwtToken=''eyJhbGciOiJIUzI1NiIsInR5cCI6IkpXVCJ9.eyJ1bmlxdWVfbmFtZSI6Im5vIGFjY2VzcywxMDAwMywxNjIsNTAyIiwibmJmIjoxNzUwNzY4NTQ1LCJleHAiOjE3NTA3OTczNDUsImlhdCI6MTc1MDc2ODU0NX0.7JjC2eWn4ZNqKZe-gIowo9382jzdlb6G2wTKDyRGca0'''
 ,1
 ,1
[System: 192.168.1.99] DEBUG | 06-24-2025 18:05:45.522 | General Service|:: CompanyIndex:0 SpName: spADM_Login 
 4
 ,''
 ,''
 ,''
 ,'declare @Cnt int,@ExpiredGUID nvarchar(50),@AllowSession int,@GUID nvarchar(50),@CurrDate float,@UserID INT,@Instances INT,@InstancesExists INT,@LCDBIndex int
set @CurrDate= convert(float,dateadd(minute,-21,getdate()))
set @AllowSession=0
set @GUID=''a6fd6129-f4ca-4090-84f2-909d1f09f835''
set @LCDBIndex=0
select top 1 @UserID=UserID,@Instances=InstanceCount from ADM_Users with(nolock) where UserName=''No access''
if exists(select [GUID] from ADM_Login with(nolock) where [GUID]=@GUID)
begin
	update ADM_Login 
	set LastAccessTime=convert(float,getdate()),UserID=@UserID
	where [GUID]=@GUID
    set @AllowSession=1
end
else
begin
	select @Cnt=count(*) from ADM_Login with(nolock) where LCDBIndex=@LCDBIndex and [GUID]!=''ACCESSRIGHTS'' and AP =''WEB''
    if(@Cnt<100)
		set @AllowSession=1
	else
	begin
		select top 1 @ExpiredGUID=[GUID] from ADM_Login with(nolock)
		where [GUID]!=''ACCESSRIGHTS'' and LCDBIndex=@LCDBIndex and LastAccessTime<@CurrDate  and AP =''WEB''
        order by LastAccessTime asc
		if @ExpiredGUID is not null
		begin
			delete from ADM_Login where [GUID]=@ExpiredGUID
			set @AllowSession=1
		end
	end
	if @AllowSession=1
	begin
        select @InstancesExists=COUNT(*) from ADM_Login with(nolock)
		where [GUID]!=''ACCESSRIGHTS'' and LCDBIndex=@LCDBIndex and LastAccessTime>=@CurrDate and UserID=@UserID and AP =''WEB''
		if(@Instances!=0 and @Instances<=@InstancesExists)
			set @AllowSession=2
		else
		    INSERT INTO ADM_Login([GUID],[SysName],IPAddress,[Status],LoginTime,LastAccessTime,AccessRights,UserID,DBIndex,LCDBIndex,AP)
		    VALUES(@GUID,''WEB'',''192.168.1.99'',1,convert(float,getdate()),convert(float,getdate()),null,@UserID,162,@LCDBIndex, ''WEB'')
	end
end

select @AllowSession AllowSession,@Instances Instances,@InstancesExists InstancesExists
'
 ,''
 ,0
[System: 192.168.1.99] DEBUG | 06-24-2025 18:05:45.522 | General Service|:: CompanyIndex:162 SpName: spADM_GetDataSet 
 'select * from COM_TokenHistory WITH(NOLOCK) where JwtToken=''eyJhbGciOiJIUzI1NiIsInR5cCI6IkpXVCJ9.eyJ1bmlxdWVfbmFtZSI6Im5vIGFjY2VzcywxMDAwMywxNjIsNTAyIiwibmJmIjoxNzUwNzY4NTQ1LCJleHAiOjE3NTA3OTczNDUsImlhdCI6MTc1MDc2ODU0NX0.7JjC2eWn4ZNqKZe-gIowo9382jzdlb6G2wTKDyRGca0'''
 ,1
 ,1
[System: 192.168.1.99] DEBUG | 06-24-2025 18:05:45.600 | General Service|:: CompanyIndex:162 SpName: spADM_GetClientUserDetails 
 'no access'
 ,1
 ,'25.9.7'
 ,0
[System: 192.168.1.99] DEBUG | 06-24-2025 18:05:45.662 | General Service|:: CompanyIndex:0 SpName: spADM_UserLoginCheck 
 2
 ,'no access'
 ,162
 ,'192.168.1.99'
 ,'192.168.1.99'
 ,''
 ,'Web'
 ,1
[System: 192.168.1.99] DEBUG | 06-24-2025 18:05:45.678 | General Service|:: CompanyIndex:0 SpName: spADM_Login 
 1
 ,''
 ,''
 ,''
 ,''
 ,''
 ,162
[System: 192.168.1.99] DEBUG | 06-24-2025 18:05:45.678 | General Service|:: CompanyIndex:162 SpName: spADM_GetDataSet 
 'select Value from ADM_GlobalPreferences with (nolock) where name =''EnableReLogin'''
 ,1
 ,1
[System: 192.168.1.99] DEBUG | 06-24-2025 18:05:45.694 | General Service|:: CompanyIndex:162 SpName: spADM_GetDataSet 
 'select * from COM_TokenHistory WITH(NOLOCK) where JwtToken=''eyJhbGciOiJIUzI1NiIsInR5cCI6IkpXVCJ9.eyJ1bmlxdWVfbmFtZSI6Im5vIGFjY2VzcywxMDAwMywxNjIsNTAyIiwibmJmIjoxNzUwNzY4NTQ1LCJleHAiOjE3NTA3OTczNDUsImlhdCI6MTc1MDc2ODU0NX0.7JjC2eWn4ZNqKZe-gIowo9382jzdlb6G2wTKDyRGca0'''
 ,1
 ,1
[System: 192.168.1.99] DEBUG | 06-24-2025 18:05:45.709 | General Service|:: CompanyIndex:0 SpName: spADM_Login 
 4
 ,''
 ,''
 ,''
 ,'declare @Cnt int,@ExpiredGUID nvarchar(50),@AllowSession int,@GUID nvarchar(50),@CurrDate float,@UserID INT,@Instances INT,@InstancesExists INT,@LCDBIndex int
set @CurrDate= convert(float,dateadd(minute,-21,getdate()))
set @AllowSession=0
set @GUID=''c0885c17-b600-4fa7-94c4-b3d42d220d2a''
set @LCDBIndex=0
select top 1 @UserID=UserID,@Instances=InstanceCount from ADM_Users with(nolock) where UserName=''No access''
if exists(select [GUID] from ADM_Login with(nolock) where [GUID]=@GUID)
begin
	update ADM_Login 
	set LastAccessTime=convert(float,getdate()),UserID=@UserID
	where [GUID]=@GUID
    set @AllowSession=1
end
else
begin
	select @Cnt=count(*) from ADM_Login with(nolock) where LCDBIndex=@LCDBIndex and [GUID]!=''ACCESSRIGHTS'' and AP =''WEB''
    if(@Cnt<100)
		set @AllowSession=1
	else
	begin
		select top 1 @ExpiredGUID=[GUID] from ADM_Login with(nolock)
		where [GUID]!=''ACCESSRIGHTS'' and LCDBIndex=@LCDBIndex and LastAccessTime<@CurrDate  and AP =''WEB''
        order by LastAccessTime asc
		if @ExpiredGUID is not null
		begin
			delete from ADM_Login where [GUID]=@ExpiredGUID
			set @AllowSession=1
		end
	end
	if @AllowSession=1
	begin
        select @InstancesExists=COUNT(*) from ADM_Login with(nolock)
		where [GUID]!=''ACCESSRIGHTS'' and LCDBIndex=@LCDBIndex and LastAccessTime>=@CurrDate and UserID=@UserID and AP =''WEB''
		if(@Instances!=0 and @Instances<=@InstancesExists)
			set @AllowSession=2
		else
		    INSERT INTO ADM_Login([GUID],[SysName],IPAddress,[Status],LoginTime,LastAccessTime,AccessRights,UserID,DBIndex,LCDBIndex,AP)
		    VALUES(@GUID,''WEB'',''192.168.1.99'',1,convert(float,getdate()),convert(float,getdate()),null,@UserID,162,@LCDBIndex, ''WEB'')
	end
end

select @AllowSession AllowSession,@Instances Instances,@InstancesExists InstancesExists
'
 ,''
 ,0
[System: 192.168.1.99] DEBUG | 06-24-2025 18:05:45.709 | General Service|:: CompanyIndex:162 SpName: spADM_GetDataSet 
 'select * from COM_TokenHistory WITH(NOLOCK) where JwtToken=''eyJhbGciOiJIUzI1NiIsInR5cCI6IkpXVCJ9.eyJ1bmlxdWVfbmFtZSI6Im5vIGFjY2VzcywxMDAwMywxNjIsNTAyIiwibmJmIjoxNzUwNzY4NTQ1LCJleHAiOjE3NTA3OTczNDUsImlhdCI6MTc1MDc2ODU0NX0.7JjC2eWn4ZNqKZe-gIowo9382jzdlb6G2wTKDyRGca0'''
 ,1
 ,1
[System: 192.168.1.99] DEBUG | 06-24-2025 18:05:45.756 | General Service|:: CompanyIndex:162 SpName: spADM_GetClientUserDetails 
 'no access'
 ,1
 ,'25.9.7'
 ,0
[System: 192.168.1.99] DEBUG | 06-24-2025 18:05:45.819 | General Service|:: CompanyIndex:0 SpName: spADM_UserLoginCheck 
 2
 ,'no access'
 ,162
 ,'192.168.1.99'
 ,'192.168.1.99'
 ,''
 ,'Web'
 ,1
[System: 192.168.1.99] DEBUG | 06-24-2025 18:05:45.834 | General Service|:: CompanyIndex:0 SpName: spADM_Login 
 1
 ,''
 ,''
 ,''
 ,''
 ,''
 ,162
[System: 192.168.1.99] DEBUG | 06-24-2025 18:05:45.834 | General Service|:: CompanyIndex:162 SpName: spADM_GetDataSet 
 'select Value from ADM_GlobalPreferences with (nolock) where name =''EnableReLogin'''
 ,1
 ,1
[System: 192.168.1.99] DEBUG | 06-24-2025 18:05:45.850 | General Service|:: CompanyIndex:162 SpName: spADM_GetDataSet 
 'select * from COM_TokenHistory WITH(NOLOCK) where JwtToken=''eyJhbGciOiJIUzI1NiIsInR5cCI6IkpXVCJ9.eyJ1bmlxdWVfbmFtZSI6Im5vIGFjY2VzcywxMDAwMywxNjIsNTAyIiwibmJmIjoxNzUwNzY4NTQ1LCJleHAiOjE3NTA3OTczNDUsImlhdCI6MTc1MDc2ODU0NX0.7JjC2eWn4ZNqKZe-gIowo9382jzdlb6G2wTKDyRGca0'''
 ,1
 ,1
[System: 192.168.1.99] DEBUG | 06-24-2025 18:05:45.866 | General Service|:: CompanyIndex:0 SpName: spADM_Login 
 4
 ,''
 ,''
 ,''
 ,'declare @Cnt int,@ExpiredGUID nvarchar(50),@AllowSession int,@GUID nvarchar(50),@CurrDate float,@UserID INT,@Instances INT,@InstancesExists INT,@LCDBIndex int
set @CurrDate= convert(float,dateadd(minute,-21,getdate()))
set @AllowSession=0
set @GUID=''bd0ae5d5-210d-4957-ae15-5e8d3fc1a46a''
set @LCDBIndex=0
select top 1 @UserID=UserID,@Instances=InstanceCount from ADM_Users with(nolock) where UserName=''No access''
if exists(select [GUID] from ADM_Login with(nolock) where [GUID]=@GUID)
begin
	update ADM_Login 
	set LastAccessTime=convert(float,getdate()),UserID=@UserID
	where [GUID]=@GUID
    set @AllowSession=1
end
else
begin
	select @Cnt=count(*) from ADM_Login with(nolock) where LCDBIndex=@LCDBIndex and [GUID]!=''ACCESSRIGHTS'' and AP =''WEB''
    if(@Cnt<100)
		set @AllowSession=1
	else
	begin
		select top 1 @ExpiredGUID=[GUID] from ADM_Login with(nolock)
		where [GUID]!=''ACCESSRIGHTS'' and LCDBIndex=@LCDBIndex and LastAccessTime<@CurrDate  and AP =''WEB''
        order by LastAccessTime asc
		if @ExpiredGUID is not null
		begin
			delete from ADM_Login where [GUID]=@ExpiredGUID
			set @AllowSession=1
		end
	end
	if @AllowSession=1
	begin
        select @InstancesExists=COUNT(*) from ADM_Login with(nolock)
		where [GUID]!=''ACCESSRIGHTS'' and LCDBIndex=@LCDBIndex and LastAccessTime>=@CurrDate and UserID=@UserID and AP =''WEB''
		if(@Instances!=0 and @Instances<=@InstancesExists)
			set @AllowSession=2
		else
		    INSERT INTO ADM_Login([GUID],[SysName],IPAddress,[Status],LoginTime,LastAccessTime,AccessRights,UserID,DBIndex,LCDBIndex,AP)
		    VALUES(@GUID,''WEB'',''192.168.1.99'',1,convert(float,getdate()),convert(float,getdate()),null,@UserID,162,@LCDBIndex, ''WEB'')
	end
end

select @AllowSession AllowSession,@Instances Instances,@InstancesExists InstancesExists
'
 ,''
 ,0
[System: 192.168.1.99] DEBUG | 06-24-2025 18:05:45.866 | General Service|:: CompanyIndex:162 SpName: spADM_GetDataSet 
 'select * from COM_TokenHistory WITH(NOLOCK) where JwtToken=''eyJhbGciOiJIUzI1NiIsInR5cCI6IkpXVCJ9.eyJ1bmlxdWVfbmFtZSI6Im5vIGFjY2VzcywxMDAwMywxNjIsNTAyIiwibmJmIjoxNzUwNzY4NTQ1LCJleHAiOjE3NTA3OTczNDUsImlhdCI6MTc1MDc2ODU0NX0.7JjC2eWn4ZNqKZe-gIowo9382jzdlb6G2wTKDyRGca0'''
 ,1
 ,1
[System: 192.168.1.99] DEBUG | 06-24-2025 18:05:45.928 | General Service|:: CompanyIndex:162 SpName: spADM_GetClientUserDetails 
 'no access'
 ,1
 ,'25.9.7'
 ,0
[System: 192.168.1.99] DEBUG | 06-24-2025 18:05:45.991 | General Service|:: CompanyIndex:0 SpName: spADM_UserLoginCheck 
 2
 ,'no access'
 ,162
 ,'192.168.1.99'
 ,'192.168.1.99'
 ,''
 ,'Web'
 ,1
[System: 192.168.1.99] DEBUG | 06-24-2025 18:05:45.991 | General Service|:: CompanyIndex:0 SpName: spADM_Login 
 1
 ,''
 ,''
 ,''
 ,''
 ,''
 ,162
[System: 192.168.1.99] DEBUG | 06-24-2025 18:05:45.991 | General Service|:: CompanyIndex:162 SpName: spADM_GetDataSet 
 'select Value from ADM_GlobalPreferences with (nolock) where name =''EnableReLogin'''
 ,1
 ,1
[System: 192.168.1.99] DEBUG | 06-24-2025 18:05:45.991 | General Service|:: CompanyIndex:162 SpName: spADM_GetDataSet 
 'select * from COM_TokenHistory WITH(NOLOCK) where JwtToken=''eyJhbGciOiJIUzI1NiIsInR5cCI6IkpXVCJ9.eyJ1bmlxdWVfbmFtZSI6Im5vIGFjY2VzcywxMDAwMywxNjIsNTAyIiwibmJmIjoxNzUwNzY4NTQ1LCJleHAiOjE3NTA3OTczNDUsImlhdCI6MTc1MDc2ODU0NX0.7JjC2eWn4ZNqKZe-gIowo9382jzdlb6G2wTKDyRGca0'''
 ,1
 ,1
[System: 192.168.1.99] DEBUG | 06-24-2025 18:05:46.006 | General Service|:: CompanyIndex:0 SpName: spADM_Login 
 4
 ,''
 ,''
 ,''
 ,'declare @Cnt int,@ExpiredGUID nvarchar(50),@AllowSession int,@GUID nvarchar(50),@CurrDate float,@UserID INT,@Instances INT,@InstancesExists INT,@LCDBIndex int
set @CurrDate= convert(float,dateadd(minute,-21,getdate()))
set @AllowSession=0
set @GUID=''a1419b71-3999-4a2a-aee9-d6d51893be73''
set @LCDBIndex=0
select top 1 @UserID=UserID,@Instances=InstanceCount from ADM_Users with(nolock) where UserName=''No access''
if exists(select [GUID] from ADM_Login with(nolock) where [GUID]=@GUID)
begin
	update ADM_Login 
	set LastAccessTime=convert(float,getdate()),UserID=@UserID
	where [GUID]=@GUID
    set @AllowSession=1
end
else
begin
	select @Cnt=count(*) from ADM_Login with(nolock) where LCDBIndex=@LCDBIndex and [GUID]!=''ACCESSRIGHTS'' and AP =''WEB''
    if(@Cnt<100)
		set @AllowSession=1
	else
	begin
		select top 1 @ExpiredGUID=[GUID] from ADM_Login with(nolock)
		where [GUID]!=''ACCESSRIGHTS'' and LCDBIndex=@LCDBIndex and LastAccessTime<@CurrDate  and AP =''WEB''
        order by LastAccessTime asc
		if @ExpiredGUID is not null
		begin
			delete from ADM_Login where [GUID]=@ExpiredGUID
			set @AllowSession=1
		end
	end
	if @AllowSession=1
	begin
        select @InstancesExists=COUNT(*) from ADM_Login with(nolock)
		where [GUID]!=''ACCESSRIGHTS'' and LCDBIndex=@LCDBIndex and LastAccessTime>=@CurrDate and UserID=@UserID and AP =''WEB''
		if(@Instances!=0 and @Instances<=@InstancesExists)
			set @AllowSession=2
		else
		    INSERT INTO ADM_Login([GUID],[SysName],IPAddress,[Status],LoginTime,LastAccessTime,AccessRights,UserID,DBIndex,LCDBIndex,AP)
		    VALUES(@GUID,''WEB'',''192.168.1.99'',1,convert(float,getdate()),convert(float,getdate()),null,@UserID,162,@LCDBIndex, ''WEB'')
	end
end

select @AllowSession AllowSession,@Instances Instances,@InstancesExists InstancesExists
'
 ,''
 ,0
[System: 192.168.1.99] DEBUG | 06-24-2025 18:05:46.022 | General Service|:: CompanyIndex:162 SpName: spADM_GetDataSet 
 'select * from COM_TokenHistory WITH(NOLOCK) where JwtToken=''eyJhbGciOiJIUzI1NiIsInR5cCI6IkpXVCJ9.eyJ1bmlxdWVfbmFtZSI6Im5vIGFjY2VzcywxMDAwMywxNjIsNTAyIiwibmJmIjoxNzUwNzY4NTQ1LCJleHAiOjE3NTA3OTczNDUsImlhdCI6MTc1MDc2ODU0NX0.7JjC2eWn4ZNqKZe-gIowo9382jzdlb6G2wTKDyRGca0'''
 ,1
 ,1
[System: 192.168.1.99] DEBUG | 06-24-2025 18:05:51.166 | General Service|:: CompanyIndex:162 SpName: spADM_GetClientUserDetails 
 'no access'
 ,1
 ,'25.9.7'
 ,0
[System: 192.168.1.99] DEBUG | 06-24-2025 18:05:51.228 | General Service|:: CompanyIndex:0 SpName: spADM_UserLoginCheck 
 2
 ,'no access'
 ,162
 ,'192.168.1.99'
 ,'192.168.1.99'
 ,''
 ,'Web'
 ,1
[System: 192.168.1.99] DEBUG | 06-24-2025 18:05:51.244 | General Service|:: CompanyIndex:0 SpName: spADM_Login 
 1
 ,''
 ,''
 ,''
 ,''
 ,''
 ,162
[System: 192.168.1.99] DEBUG | 06-24-2025 18:05:51.244 | General Service|:: CompanyIndex:162 SpName: spADM_GetDataSet 
 'select Value from ADM_GlobalPreferences with (nolock) where name =''EnableReLogin'''
 ,1
 ,1
[System: 192.168.1.99] DEBUG | 06-24-2025 18:05:51.244 | General Service|:: CompanyIndex:162 SpName: spADM_GetDataSet 
 'select * from COM_TokenHistory WITH(NOLOCK) where JwtToken=''eyJhbGciOiJIUzI1NiIsInR5cCI6IkpXVCJ9.eyJ1bmlxdWVfbmFtZSI6Im5vIGFjY2VzcywxMDAwMywxNjIsNTAyIiwibmJmIjoxNzUwNzY4NTUxLCJleHAiOjE3NTA3OTczNTEsImlhdCI6MTc1MDc2ODU1MX0.Bo4-tkg_JWACnNwhqfvMJZ5LjbRuzrCIu8sq_HtaM5c'''
 ,1
 ,1
[System: 192.168.1.99] DEBUG | 06-24-2025 18:05:51.260 | General Service|:: CompanyIndex:0 SpName: spADM_Login 
 4
 ,''
 ,''
 ,''
 ,'declare @Cnt int,@ExpiredGUID nvarchar(50),@AllowSession int,@GUID nvarchar(50),@CurrDate float,@UserID INT,@Instances INT,@InstancesExists INT,@LCDBIndex int
set @CurrDate= convert(float,dateadd(minute,-21,getdate()))
set @AllowSession=0
set @GUID=''7a3cfde2-588a-445b-a3a4-a273336008b1''
set @LCDBIndex=0
select top 1 @UserID=UserID,@Instances=InstanceCount from ADM_Users with(nolock) where UserName=''No access''
if exists(select [GUID] from ADM_Login with(nolock) where [GUID]=@GUID)
begin
	update ADM_Login 
	set LastAccessTime=convert(float,getdate()),UserID=@UserID
	where [GUID]=@GUID
    set @AllowSession=1
end
else
begin
	select @Cnt=count(*) from ADM_Login with(nolock) where LCDBIndex=@LCDBIndex and [GUID]!=''ACCESSRIGHTS'' and AP =''WEB''
    if(@Cnt<100)
		set @AllowSession=1
	else
	begin
		select top 1 @ExpiredGUID=[GUID] from ADM_Login with(nolock)
		where [GUID]!=''ACCESSRIGHTS'' and LCDBIndex=@LCDBIndex and LastAccessTime<@CurrDate  and AP =''WEB''
        order by LastAccessTime asc
		if @ExpiredGUID is not null
		begin
			delete from ADM_Login where [GUID]=@ExpiredGUID
			set @AllowSession=1
		end
	end
	if @AllowSession=1
	begin
        select @InstancesExists=COUNT(*) from ADM_Login with(nolock)
		where [GUID]!=''ACCESSRIGHTS'' and LCDBIndex=@LCDBIndex and LastAccessTime>=@CurrDate and UserID=@UserID and AP =''WEB''
		if(@Instances!=0 and @Instances<=@InstancesExists)
			set @AllowSession=2
		else
		    INSERT INTO ADM_Login([GUID],[SysName],IPAddress,[Status],LoginTime,LastAccessTime,AccessRights,UserID,DBIndex,LCDBIndex,AP)
		    VALUES(@GUID,''WEB'',''192.168.1.99'',1,convert(float,getdate()),convert(float,getdate()),null,@UserID,162,@LCDBIndex, ''WEB'')
	end
end

select @AllowSession AllowSession,@Instances Instances,@InstancesExists InstancesExists
'
 ,''
 ,0
[System: 192.168.1.99] DEBUG | 06-24-2025 18:05:51.260 | General Service|:: CompanyIndex:162 SpName: spADM_GetDataSet 
 'select * from COM_TokenHistory WITH(NOLOCK) where JwtToken=''eyJhbGciOiJIUzI1NiIsInR5cCI6IkpXVCJ9.eyJ1bmlxdWVfbmFtZSI6Im5vIGFjY2VzcywxMDAwMywxNjIsNTAyIiwibmJmIjoxNzUwNzY4NTUxLCJleHAiOjE3NTA3OTczNTEsImlhdCI6MTc1MDc2ODU1MX0.Bo4-tkg_JWACnNwhqfvMJZ5LjbRuzrCIu8sq_HtaM5c'''
 ,1
 ,1
[System: 192.168.1.56] DEBUG | 06-24-2025 18:06:36.261 | General Service|:: CompanyIndex:7 SpName: spADM_GetDataSet 
 'SELECT T0.AccountCode [Cf665c288a864411cb105e83cadc1c28e],T0.AccountID AS [Cf665c288a864411cb105e83cadc1c28e_ID],T0.AccountName [Ccfb5cce170c1490caf71a7a05df316c6],T1.AccountType [C8688bd8c5c0d40959cd37ce7849160dd],T2.UserName [C50eb98dd8d4b4c21b1951b3aefd3d51e],T3.Status [C3d3a4b438be34b90aa3245136d8d8f20]
 FROM ACC_Accounts T0 with(nolock) left join ACC_AccountTypes T1 with(nolock) on T0.AccountTypeID=T1.AccountTypeID left join ADM_Users T2 with(nolock) on T0.CreatedBy=T2.Username left join COM_Status T3 with(nolock) on T0.StatusID=T3.StatusID
 WHERE T3.Status=''Unapproved'''
 ,1
 ,1
[System: 192.168.1.56] DEBUG | 06-24-2025 18:06:36.339 | General Service|:: CompanyIndex:7 SpName: spADM_GetDataSet 
 'select * from COM_TokenHistory WITH(NOLOCK) where JwtToken=''eyJhbGciOiJIUzI1NiIsInR5cCI6IkpXVCJ9.eyJ1bmlxdWVfbmFtZSI6ImFkbWluLDEsNywxIiwibmJmIjoxNzUwNzY4MzcxLCJleHAiOjE3NTA3OTcxNzEsImlhdCI6MTc1MDc2ODM3MX0.52lBMMGEReQGEh4WlVMHq5VUNZPleKNqvz-Zp7fqUFo'''
 ,1
 ,1
 message=Invalid object name 'COM_TokenHistory'.
[System: 192.168.1.56] DEBUG | 06-24-2025 18:06:36.339 | General Service|:: CompanyIndex:7 SpName: spADM_GetDataSet 
 'select * from COM_TokenHistory WITH(NOLOCK) where JwtToken=''eyJhbGciOiJIUzI1NiIsInR5cCI6IkpXVCJ9.eyJ1bmlxdWVfbmFtZSI6ImFkbWluLDEsNywxIiwibmJmIjoxNzUwNzY4MzcxLCJleHAiOjE3NTA3OTcxNzEsImlhdCI6MTc1MDc2ODM3MX0.52lBMMGEReQGEh4WlVMHq5VUNZPleKNqvz-Zp7fqUFo'''
 ,1
 ,1
 message=Problem in processing your request, Please contact administrator.
[System: 192.168.1.56] INFO | 06-24-2025 18:06:36.339 | OnStartup: Logger Instance Created Successfully
[System: 192.168.1.56] INFO | 06-24-2025 18:06:36.339 | OnStartup: Application Starting...
[System: 192.168.1.56] ERROR | 06-24-2025 18:06:36.339 | General Service|:: CompanyIndex:7 SpName: spADM_GetDataSetParameters :
 'select * from COM_TokenHistory WITH(NOLOCK) where JwtToken=''eyJhbGciOiJIUzI1NiIsInR5cCI6IkpXVCJ9.eyJ1bmlxdWVfbmFtZSI6ImFkbWluLDEsNywxIiwibmJmIjoxNzUwNzY4MzcxLCJleHAiOjE3NTA3OTcxNzEsImlhdCI6MTc1MDc2ODM3MX0.52lBMMGEReQGEh4WlVMHq5VUNZPleKNqvz-Zp7fqUFo'''
 ,1
 ,1|Invalid object name 'COM_TokenHistory'.
[System: 192.168.1.56] DEBUG | 06-24-2025 18:06:36.932 | General Service|:: CompanyIndex:7 SpName: spADM_GetDataSet 
 'declare @UserID int,@RoleID int,@UserName NVARCHAR(100),@where nvarchar(max),@query nvarchar(max)
set @UserID=1
set @RoleID=1-- Employee:-1
SELECT @UserName=UserName From ADM_Users WITH(NOLOCK) WHERE UserID=@UserID
exec [fnGet_GetAssignedDims] @UserID,@RoleID,@where output
 create table #TblUsrWF(WID int,LevelID int,Type int,CtWef float,LvWef int)
EXEC spRPT_GetReportData @Type=8,@Param1=@UserID,@strXML=null,@RoleID=@RoleID set @query=''  SELECT DT.CostCenterID,DT.DocumentName,DT.DocumentType,DT.IsInventory,count(*) CNT
FROM (
 SELECT INV.CostCenterID
FROM INV_DocDetails INV with(nolock)''
if(@where<>'''')
	set @query=@query+'' join com_docccdata d with(nolock) on INV.INVDocDetailsid=d.INVDocDetailsid''	

set @query=@query+'' ,#TblUsrWF WF
WHERE WF.WID=INV.WorkflowID and (WF.LevelID>INV.WorkFlowLevel or (WF.LevelID+1=INV.WorkFlowLevel and INV.StatusID=372)) and (INV.StatusID=371 or INV.StatusID=372 or INV.StatusID=441) AND (WF.Type=1 or (INV.WorkFlowLevel+1=WF.LevelID and INV.StatusID!=372) or (WF.LevelID+1=INV.WorkFlowLevel and INV.StatusID=372) or (WF.CtWef is not null and INV.WorkFlowLevel>=WF.LvWef
and INV.CreatedDate+WF.CtWef<=convert(float,getdate()))) ''+@where+''
GROUP BY INV.CostCenterID,INV.VoucherNo
UNION ALL
SELECT ACC.CostCenterID
FROM ACC_DocDetails ACC with(nolock)''
if(@where<>'''')
	set @query=@query+'' join com_docccdata d with(nolock) on ACC.ACCDocDetailsid=d.ACCDocDetailsid''	

set @query=@query+'',#TblUsrWF WF
WHERE ACC.LinkedAccDocDetailsID is null and ACC.InvDocDetailsID is null and WF.WID=ACC.WorkflowID and (WF.LevelID>ACC.WorkFlowLevel or (WF.LevelID+1=ACC.WorkFlowLevel and ACC.StatusID=372)) and (ACC.StatusID=371 or ACC.StatusID=372 or ACC.StatusID=441) AND (WF.Type=1 or (ACC.WorkFlowLevel+1=WF.LevelID and ACC.StatusID!=372) or (WF.LevelID+1=ACC.WorkFlowLevel and ACC.StatusID=372) or (WF.CtWef is not null and ACC.WorkFlowLevel>=WF.LvWef
and ACC.CreatedDate+WF.CtWef<=convert(float,getdate())))''+@where+''
GROUP BY ACC.CostCenterID,ACC.VoucherNo  ) AS T
JOIN ADM_DocumentTypes DT with(nolock) ON T.CostCenterID=DT.CostCenterID
GROUP BY DT.CostCenterID,DT.DocumentName,DT.DocumentType,DT.IsInventory  
UNION ALL
SELECT DT.FeatureID CostCenterID,DT.Name DocumentName,-DT.FeatureID DocumentType,0 IsInventory,count(*) CNT
FROM (
SELECT INV.CostCenterID FROM REN_Contract INV WITH(NOLOCK),#TblUsrWF WF
WHERE  WF.WID=INV.WorkflowID and WF.LevelID>INV.WorkFlowLevel and (INV.StatusID=440 or INV.StatusID=470 or INV.StatusID=466) AND (WF.Type=1 or (INV.WorkFlowLevel+1=WF.LevelID and INV.StatusID!=470)  or (WF.CtWef is not null and INV.WorkFlowLevel>=WF.LvWef
 and INV.CreatedDate+WF.CtWef<=convert(float,getdate()))) AND INV.RefContractID=0 ) AS T
JOIN ADM_Features DT with(nolock) ON T.CostCenterID=DT.FeatureID
GROUP BY DT.FeatureID,DT.Name 
ORDER BY DocumentName''
exec(@query)

DROP TABLE #TblUsrWF
'
 ,1
 ,1
[System: 192.168.1.56] DEBUG | 06-24-2025 18:06:36.932 | General Service|:: CompanyIndex:7 SpName: spADM_GetDataSet 
 'select * from COM_TokenHistory WITH(NOLOCK) where JwtToken=''eyJhbGciOiJIUzI1NiIsInR5cCI6IkpXVCJ9.eyJ1bmlxdWVfbmFtZSI6ImFkbWluLDEsNywxIiwibmJmIjoxNzUwNzY4MzcxLCJleHAiOjE3NTA3OTcxNzEsImlhdCI6MTc1MDc2ODM3MX0.52lBMMGEReQGEh4WlVMHq5VUNZPleKNqvz-Zp7fqUFo'''
 ,1
 ,1
 message=Invalid object name 'COM_TokenHistory'.
[System: 192.168.1.56] DEBUG | 06-24-2025 18:06:36.932 | General Service|:: CompanyIndex:7 SpName: spADM_GetDataSet 
 'select * from COM_TokenHistory WITH(NOLOCK) where JwtToken=''eyJhbGciOiJIUzI1NiIsInR5cCI6IkpXVCJ9.eyJ1bmlxdWVfbmFtZSI6ImFkbWluLDEsNywxIiwibmJmIjoxNzUwNzY4MzcxLCJleHAiOjE3NTA3OTcxNzEsImlhdCI6MTc1MDc2ODM3MX0.52lBMMGEReQGEh4WlVMHq5VUNZPleKNqvz-Zp7fqUFo'''
 ,1
 ,1
 message=Problem in processing your request, Please contact administrator.
[System: 192.168.1.56] INFO | 06-24-2025 18:06:36.932 | OnStartup: Logger Instance Created Successfully
[System: 192.168.1.56] INFO | 06-24-2025 18:06:36.932 | OnStartup: Application Starting...
[System: 192.168.1.56] ERROR | 06-24-2025 18:06:36.932 | General Service|:: CompanyIndex:7 SpName: spADM_GetDataSetParameters :
 'select * from COM_TokenHistory WITH(NOLOCK) where JwtToken=''eyJhbGciOiJIUzI1NiIsInR5cCI6IkpXVCJ9.eyJ1bmlxdWVfbmFtZSI6ImFkbWluLDEsNywxIiwibmJmIjoxNzUwNzY4MzcxLCJleHAiOjE3NTA3OTcxNzEsImlhdCI6MTc1MDc2ODM3MX0.52lBMMGEReQGEh4WlVMHq5VUNZPleKNqvz-Zp7fqUFo'''
 ,1
 ,1|Invalid object name 'COM_TokenHistory'.
[System: 192.168.1.56] DEBUG | 06-24-2025 18:06:59.391 | General Service|:: CompanyIndex:7 SpName: spADM_GetDataSet 
 'declare @UserID int,@RoleID int,@UserName NVARCHAR(100),@where nvarchar(max),@query nvarchar(max)
set @UserID=1
set @RoleID=1-- Employee:-1
SELECT @UserName=UserName From ADM_Users WITH(NOLOCK) WHERE UserID=@UserID
exec [fnGet_GetAssignedDims] @UserID,@RoleID,@where output
 create table #TblUsrWF(WID int,LevelID int,Type int,CtWef float,LvWef int)
EXEC spRPT_GetReportData @Type=8,@Param1=@UserID,@strXML=null,@RoleID=@RoleID set @query=''  SELECT DT.CostCenterID,DT.DocumentName,DT.DocumentType,DT.IsInventory,count(*) CNT
FROM (
 SELECT INV.CostCenterID
FROM INV_DocDetails INV with(nolock)''
if(@where<>'''')
	set @query=@query+'' join com_docccdata d with(nolock) on INV.INVDocDetailsid=d.INVDocDetailsid''	

set @query=@query+'' ,#TblUsrWF WF
WHERE WF.WID=INV.WorkflowID and (WF.LevelID>INV.WorkFlowLevel or (WF.LevelID+1=INV.WorkFlowLevel and INV.StatusID=372)) and (INV.StatusID=371 or INV.StatusID=372 or INV.StatusID=441) AND (WF.Type=1 or (INV.WorkFlowLevel+1=WF.LevelID and INV.StatusID!=372) or (WF.LevelID+1=INV.WorkFlowLevel and INV.StatusID=372) or (WF.CtWef is not null and INV.WorkFlowLevel>=WF.LvWef
and INV.CreatedDate+WF.CtWef<=convert(float,getdate()))) ''+@where+''
GROUP BY INV.CostCenterID,INV.VoucherNo
UNION ALL
SELECT ACC.CostCenterID
FROM ACC_DocDetails ACC with(nolock)''
if(@where<>'''')
	set @query=@query+'' join com_docccdata d with(nolock) on ACC.ACCDocDetailsid=d.ACCDocDetailsid''	

set @query=@query+'',#TblUsrWF WF
WHERE ACC.LinkedAccDocDetailsID is null and ACC.InvDocDetailsID is null and WF.WID=ACC.WorkflowID and (WF.LevelID>ACC.WorkFlowLevel or (WF.LevelID+1=ACC.WorkFlowLevel and ACC.StatusID=372)) and (ACC.StatusID=371 or ACC.StatusID=372 or ACC.StatusID=441) AND (WF.Type=1 or (ACC.WorkFlowLevel+1=WF.LevelID and ACC.StatusID!=372) or (WF.LevelID+1=ACC.WorkFlowLevel and ACC.StatusID=372) or (WF.CtWef is not null and ACC.WorkFlowLevel>=WF.LvWef
and ACC.CreatedDate+WF.CtWef<=convert(float,getdate())))''+@where+''
GROUP BY ACC.CostCenterID,ACC.VoucherNo  ) AS T
JOIN ADM_DocumentTypes DT with(nolock) ON T.CostCenterID=DT.CostCenterID
GROUP BY DT.CostCenterID,DT.DocumentName,DT.DocumentType,DT.IsInventory  
UNION ALL
SELECT DT.FeatureID CostCenterID,DT.Name DocumentName,-DT.FeatureID DocumentType,0 IsInventory,count(*) CNT
FROM (
SELECT INV.CostCenterID FROM REN_Contract INV WITH(NOLOCK),#TblUsrWF WF
WHERE  WF.WID=INV.WorkflowID and WF.LevelID>INV.WorkFlowLevel and (INV.StatusID=440 or INV.StatusID=470 or INV.StatusID=466) AND (WF.Type=1 or (INV.WorkFlowLevel+1=WF.LevelID and INV.StatusID!=470)  or (WF.CtWef is not null and INV.WorkFlowLevel>=WF.LvWef
 and INV.CreatedDate+WF.CtWef<=convert(float,getdate()))) AND INV.RefContractID=0 ) AS T
JOIN ADM_Features DT with(nolock) ON T.CostCenterID=DT.FeatureID
GROUP BY DT.FeatureID,DT.Name 
ORDER BY DocumentName''
exec(@query)

DROP TABLE #TblUsrWF
'
 ,1
 ,1
[System: 192.168.1.56] DEBUG | 06-24-2025 18:06:59.391 | General Service|:: CompanyIndex:7 SpName: spADM_GetDataSet 
 'select * from COM_TokenHistory WITH(NOLOCK) where JwtToken=''eyJhbGciOiJIUzI1NiIsInR5cCI6IkpXVCJ9.eyJ1bmlxdWVfbmFtZSI6ImFkbWluLDEsNywxIiwibmJmIjoxNzUwNzY4MzcxLCJleHAiOjE3NTA3OTcxNzEsImlhdCI6MTc1MDc2ODM3MX0.52lBMMGEReQGEh4WlVMHq5VUNZPleKNqvz-Zp7fqUFo'''
 ,1
 ,1
 message=Invalid object name 'COM_TokenHistory'.
[System: 192.168.1.56] DEBUG | 06-24-2025 18:06:59.391 | General Service|:: CompanyIndex:7 SpName: spADM_GetDataSet 
 'select * from COM_TokenHistory WITH(NOLOCK) where JwtToken=''eyJhbGciOiJIUzI1NiIsInR5cCI6IkpXVCJ9.eyJ1bmlxdWVfbmFtZSI6ImFkbWluLDEsNywxIiwibmJmIjoxNzUwNzY4MzcxLCJleHAiOjE3NTA3OTcxNzEsImlhdCI6MTc1MDc2ODM3MX0.52lBMMGEReQGEh4WlVMHq5VUNZPleKNqvz-Zp7fqUFo'''
 ,1
 ,1
 message=Problem in processing your request, Please contact administrator.
[System: 192.168.1.56] INFO | 06-24-2025 18:06:59.391 | OnStartup: Logger Instance Created Successfully
[System: 192.168.1.56] INFO | 06-24-2025 18:06:59.391 | OnStartup: Application Starting...
[System: 192.168.1.56] ERROR | 06-24-2025 18:06:59.391 | General Service|:: CompanyIndex:7 SpName: spADM_GetDataSetParameters :
 'select * from COM_TokenHistory WITH(NOLOCK) where JwtToken=''eyJhbGciOiJIUzI1NiIsInR5cCI6IkpXVCJ9.eyJ1bmlxdWVfbmFtZSI6ImFkbWluLDEsNywxIiwibmJmIjoxNzUwNzY4MzcxLCJleHAiOjE3NTA3OTcxNzEsImlhdCI6MTc1MDc2ODM3MX0.52lBMMGEReQGEh4WlVMHq5VUNZPleKNqvz-Zp7fqUFo'''
 ,1
 ,1|Invalid object name 'COM_TokenHistory'.
[System: 192.168.1.56] DEBUG | 06-24-2025 18:08:01.297 | General Service|:: CompanyIndex:0 SpName: spADM_GetClientUserDetails2C 
 'admin'
 ,1
 ,0
[System: 192.168.1.56] DEBUG | 06-24-2025 18:08:01.329 | General Service|:: CompanyIndex:0 SpName: spADM_UserLoginCheck 
 2
 ,'admin'
 ,0
 ,'192.168.1.56'
 ,'192.168.1.56'
 ,''
 ,'Web'
 ,1
[System: 192.168.1.56] DEBUG | 06-24-2025 18:08:38.240 | General Service|:: CompanyIndex:0 SpName: spADM_GetClientUserDetails2C 
 'admin'
 ,1
 ,0
[System: 192.168.1.56] DEBUG | 06-24-2025 18:08:38.787 | General Service|:: CompanyIndex:0 SpName: spADM_UserLoginCheck 
 2
 ,'admin'
 ,0
 ,'192.168.1.56'
 ,'192.168.1.56'
 ,''
 ,'Web'
 ,1
[System: 192.168.1.56] DEBUG | 06-24-2025 18:09:29.555 | General Service|:: CompanyIndex:0 SpName: spADM_GetClientUserDetails2C 
 'admin'
 ,1
 ,0
[System: 192.168.1.56] DEBUG | 06-24-2025 18:09:29.586 | General Service|:: CompanyIndex:0 SpName: spADM_UserLoginCheck 
 2
 ,'admin'
 ,0
 ,'192.168.1.56'
 ,'192.168.1.56'
 ,''
 ,'Web'
 ,1
[System: 192.168.1.56] DEBUG | 06-24-2025 18:12:20.084 | General Service|:: CompanyIndex:0 SpName: spADM_GetClientUserDetails2C 
 'admin'
 ,1
 ,0
[System: 192.168.1.56] DEBUG | 06-24-2025 18:12:20.131 | General Service|:: CompanyIndex:0 SpName: spADM_UserLoginCheck 
 2
 ,'admin'
 ,0
 ,'192.168.1.56'
 ,'192.168.1.56'
 ,''
 ,'Web'
 ,1
