[System: 192.168.1.56] DEBUG | 06-26-2025 17:03:34.134 | General Service|:: CompanyIndex:7 SpName: spADM_GetCostCenterGridViewList 
 49
 ,1
 ,1
 ,1
[System: 192.168.1.56] DEBUG | 06-26-2025 17:03:34.134 | General Service|:: CompanyIndex:7 SpName: spADM_GetDataSet 
 'select * from COM_TokenHistory WITH(NOLOCK) where JwtToken=''eyJhbGciOiJIUzI1NiIsInR5cCI6IkpXVCJ9.eyJ1bmlxdWVfbmFtZSI6ImFkbWluLDEsNywxIiwibmJmIjoxNzUwOTM3NjAwLCJleHAiOjE3NTA5NjY0MDAsImlhdCI6MTc1MDkzNzYwMH0.6h8sa0n8ox3T3l-AIEZ3YytIgC5FTyn9OWVVxslgMmQ'''
 ,1
 ,1
[System: 192.168.1.56] DEBUG | 06-26-2025 17:03:34.430 | General Service|:: CompanyIndex:7 SpName: spCom_GetCostCenterSummary 
 500041
 ,-1
 ,1000
 ,''
 ,''
 ,''
 ,0
 ,'26-Jun-2025'
 ,NULL
 ,''
 ,1
 ,1
 ,0
 ,0
 ,False
 ,1
[System: 192.168.1.56] DEBUG | 06-26-2025 17:03:34.430 | General Service|:: CompanyIndex:7 SpName: spADM_GetDataSet 
 'select * from COM_TokenHistory WITH(NOLOCK) where JwtToken=''eyJhbGciOiJIUzI1NiIsInR5cCI6IkpXVCJ9.eyJ1bmlxdWVfbmFtZSI6ImFkbWluLDEsNywxIiwibmJmIjoxNzUwOTM3NjAwLCJleHAiOjE3NTA5NjY0MDAsImlhdCI6MTc1MDkzNzYwMH0.6h8sa0n8ox3T3l-AIEZ3YytIgC5FTyn9OWVVxslgMmQ'''
 ,1
 ,1
[System: 192.168.1.56] DEBUG | 06-26-2025 17:03:36.742 | General Service|:: CompanyIndex:7 SpName: spCom_GetCostCenterQuickViewDefn 
 49
 ,'104'
 ,49
 ,1
 ,1
 ,1
[System: 192.168.1.56] DEBUG | 06-26-2025 17:03:36.742 | General Service|:: CompanyIndex:7 SpName: spADM_GetDataSet 
 'select * from COM_TokenHistory WITH(NOLOCK) where JwtToken=''eyJhbGciOiJIUzI1NiIsInR5cCI6IkpXVCJ9.eyJ1bmlxdWVfbmFtZSI6ImFkbWluLDEsNywxIiwibmJmIjoxNzUwOTM3NjAwLCJleHAiOjE3NTA5NjY0MDAsImlhdCI6MTc1MDkzNzYwMH0.6h8sa0n8ox3T3l-AIEZ3YytIgC5FTyn9OWVVxslgMmQ'''
 ,1
 ,1
[System: 192.168.1.56] DEBUG | 06-26-2025 17:03:36.993 | General Service|:: CompanyIndex:7 SpName: spADM_BulkEditDetails 
 6
 ,104
 ,0
 ,''
 ,''
 ,''
 ,''
 ,'admin'
 ,1
 ,1
 ,1
[System: 192.168.1.56] DEBUG | 06-26-2025 17:03:36.993 | General Service|:: CompanyIndex:7 SpName: spADM_GetDataSet 
 'select * from COM_TokenHistory WITH(NOLOCK) where JwtToken=''eyJhbGciOiJIUzI1NiIsInR5cCI6IkpXVCJ9.eyJ1bmlxdWVfbmFtZSI6ImFkbWluLDEsNywxIiwibmJmIjoxNzUwOTM3NjAwLCJleHAiOjE3NTA5NjY0MDAsImlhdCI6MTc1MDkzNzYwMH0.6h8sa0n8ox3T3l-AIEZ3YytIgC5FTyn9OWVVxslgMmQ'''
 ,1
 ,1
[System: 192.168.1.56] DEBUG | 06-26-2025 17:03:37.024 | General Service|:: CompanyIndex:7 SpName: spADM_BulkEditDetails 
 2
 ,0
 ,2
 ,''
 ,''
 ,''
 ,''
 ,'admin'
 ,1
 ,1
 ,1
[System: 192.168.1.56] DEBUG | 06-26-2025 17:03:37.024 | General Service|:: CompanyIndex:7 SpName: spADM_GetDataSet 
 'select * from COM_TokenHistory WITH(NOLOCK) where JwtToken=''eyJhbGciOiJIUzI1NiIsInR5cCI6IkpXVCJ9.eyJ1bmlxdWVfbmFtZSI6ImFkbWluLDEsNywxIiwibmJmIjoxNzUwOTM3NjAwLCJleHAiOjE3NTA5NjY0MDAsImlhdCI6MTc1MDkzNzYwMH0.6h8sa0n8ox3T3l-AIEZ3YytIgC5FTyn9OWVVxslgMmQ'''
 ,1
 ,1
[System: 192.168.1.56] DEBUG | 06-26-2025 17:03:37.117 | General Service|:: CompanyIndex:7 SpName: spADM_GetDataSet 
 'SELECT StaticReportType FROM ADM_RevenUReports WITH(NOLOCK) WHERE ReportID=90871'
 ,1
 ,1
[System: 192.168.1.56] DEBUG | 06-26-2025 17:03:37.117 | General Service|:: CompanyIndex:7 SpName: spADM_GetDataSet 
 'select * from COM_TokenHistory WITH(NOLOCK) where JwtToken=''eyJhbGciOiJIUzI1NiIsInR5cCI6IkpXVCJ9.eyJ1bmlxdWVfbmFtZSI6ImFkbWluLDEsNywxIiwibmJmIjoxNzUwOTM3NjAwLCJleHAiOjE3NTA5NjY0MDAsImlhdCI6MTc1MDkzNzYwMH0.6h8sa0n8ox3T3l-AIEZ3YytIgC5FTyn9OWVVxslgMmQ'''
 ,1
 ,1
[System: 192.168.1.56] DEBUG | 06-26-2025 17:03:37.133 | General Service|:: CompanyIndex:7 SpName: spRPT_GetReport 
 0
 ,90871
 ,'1'
 ,'1'
 ,1
[System: 192.168.1.56] DEBUG | 06-26-2025 17:03:37.149 | General Service|:: CompanyIndex:7 SpName: spADM_GetDataSet 
 'select * from COM_TokenHistory WITH(NOLOCK) where JwtToken=''eyJhbGciOiJIUzI1NiIsInR5cCI6IkpXVCJ9.eyJ1bmlxdWVfbmFtZSI6ImFkbWluLDEsNywxIiwibmJmIjoxNzUwOTM3NjAwLCJleHAiOjE3NTA5NjY0MDAsImlhdCI6MTc1MDkzNzYwMH0.6h8sa0n8ox3T3l-AIEZ3YytIgC5FTyn9OWVVxslgMmQ'''
 ,1
 ,1
[System: 192.168.1.56] DEBUG | 06-26-2025 17:03:37.180 | General Service|:: CompanyIndex:7 SpName: spDOC_GetVPTPrintCopies 
 4
 ,50
 ,90871
 ,2
 ,4
 ,'View~98cab7ee-e70b-42d5-b339-b5ed4057d2e2'
 ,'admin'
 ,1
[System: 192.168.1.56] DEBUG | 06-26-2025 17:03:37.180 | General Service|:: CompanyIndex:7 SpName: spADM_GetDataSet 
 'select * from COM_TokenHistory WITH(NOLOCK) where JwtToken=''eyJhbGciOiJIUzI1NiIsInR5cCI6IkpXVCJ9.eyJ1bmlxdWVfbmFtZSI6ImFkbWluLDEsNywxIiwibmJmIjoxNzUwOTM3NjAwLCJleHAiOjE3NTA5NjY0MDAsImlhdCI6MTc1MDkzNzYwMH0.6h8sa0n8ox3T3l-AIEZ3YytIgC5FTyn9OWVVxslgMmQ'''
 ,1
 ,1
[System: 192.168.1.56] DEBUG | 06-26-2025 17:03:37.320 | General Service|:: CompanyIndex:7 SpName: spRPT_GetReportCategoryandField 
 -1
 ,0
 ,1
 ,0
 ,'1'
 ,1
[System: 192.168.1.56] DEBUG | 06-26-2025 17:03:37.320 | General Service|:: CompanyIndex:7 SpName: spADM_GetDataSet 
 'select * from COM_TokenHistory WITH(NOLOCK) where JwtToken=''eyJhbGciOiJIUzI1NiIsInR5cCI6IkpXVCJ9.eyJ1bmlxdWVfbmFtZSI6ImFkbWluLDEsNywxIiwibmJmIjoxNzUwOTM3NjAwLCJleHAiOjE3NTA5NjY0MDAsImlhdCI6MTc1MDkzNzYwMH0.6h8sa0n8ox3T3l-AIEZ3YytIgC5FTyn9OWVVxslgMmQ'''
 ,1
 ,1
[System: 192.168.1.56] DEBUG | 06-26-2025 17:03:37.383 | General Service|:: CompanyIndex:7 SpName: spRPT_GetReportFields 
 2
 ,0
 ,'1'
 ,1
[System: 192.168.1.56] DEBUG | 06-26-2025 17:03:37.383 | General Service|:: CompanyIndex:7 SpName: spADM_GetDataSet 
 'select * from COM_TokenHistory WITH(NOLOCK) where JwtToken=''eyJhbGciOiJIUzI1NiIsInR5cCI6IkpXVCJ9.eyJ1bmlxdWVfbmFtZSI6ImFkbWluLDEsNywxIiwibmJmIjoxNzUwOTM3NjAwLCJleHAiOjE3NTA5NjY0MDAsImlhdCI6MTc1MDkzNzYwMH0.6h8sa0n8ox3T3l-AIEZ3YytIgC5FTyn9OWVVxslgMmQ'''
 ,1
 ,1
[System: 192.168.1.56] DEBUG | 06-26-2025 17:03:37.414 | General Service|:: CompanyIndex:7 SpName: spRPT_GetReportFields 
 110
 ,0
 ,'1'
 ,1
[System: 192.168.1.56] DEBUG | 06-26-2025 17:03:37.414 | General Service|:: CompanyIndex:7 SpName: spADM_GetDataSet 
 'select * from COM_TokenHistory WITH(NOLOCK) where JwtToken=''eyJhbGciOiJIUzI1NiIsInR5cCI6IkpXVCJ9.eyJ1bmlxdWVfbmFtZSI6ImFkbWluLDEsNywxIiwibmJmIjoxNzUwOTM3NjAwLCJleHAiOjE3NTA5NjY0MDAsImlhdCI6MTc1MDkzNzYwMH0.6h8sa0n8ox3T3l-AIEZ3YytIgC5FTyn9OWVVxslgMmQ'''
 ,1
 ,1
[System: 192.168.1.56] DEBUG | 06-26-2025 17:03:37.446 | General Service|:: CompanyIndex:7 SpName: spADM_GetCostCenterGridViewList 
 2
 ,1
 ,1
 ,1
[System: 192.168.1.56] DEBUG | 06-26-2025 17:03:37.461 | General Service|:: CompanyIndex:7 SpName: spADM_GetDataSet 
 'select * from COM_TokenHistory WITH(NOLOCK) where JwtToken=''eyJhbGciOiJIUzI1NiIsInR5cCI6IkpXVCJ9.eyJ1bmlxdWVfbmFtZSI6ImFkbWluLDEsNywxIiwibmJmIjoxNzUwOTM3NjAwLCJleHAiOjE3NTA5NjY0MDAsImlhdCI6MTc1MDkzNzYwMH0.6h8sa0n8ox3T3l-AIEZ3YytIgC5FTyn9OWVVxslgMmQ'''
 ,1
 ,1
[System: 192.168.1.56] DEBUG | 06-26-2025 17:03:37.539 | General Service|:: CompanyIndex:7 SpName: spCom_GetCostCenterSummary 
 126
 ,-1
 ,1000
 ,''
 ,''
 ,''
 ,0
 ,'26-Jun-2025'
 ,NULL
 ,''
 ,1
 ,1
 ,0
 ,0
 ,False
 ,1
[System: 192.168.1.56] DEBUG | 06-26-2025 17:03:37.539 | General Service|:: CompanyIndex:7 SpName: spADM_GetDataSet 
 'select * from COM_TokenHistory WITH(NOLOCK) where JwtToken=''eyJhbGciOiJIUzI1NiIsInR5cCI6IkpXVCJ9.eyJ1bmlxdWVfbmFtZSI6ImFkbWluLDEsNywxIiwibmJmIjoxNzUwOTM3NjAwLCJleHAiOjE3NTA5NjY0MDAsImlhdCI6MTc1MDkzNzYwMH0.6h8sa0n8ox3T3l-AIEZ3YytIgC5FTyn9OWVVxslgMmQ'''
 ,1
 ,1
[System: 192.168.1.56] DEBUG | 06-26-2025 17:03:37.602 | General Service|:: CompanyIndex:7 SpName: spADM_GetCostCenterGridViewList 
 50002
 ,1
 ,1
 ,1
[System: 192.168.1.56] DEBUG | 06-26-2025 17:03:37.602 | General Service|:: CompanyIndex:7 SpName: spADM_GetDataSet 
 'select * from COM_TokenHistory WITH(NOLOCK) where JwtToken=''eyJhbGciOiJIUzI1NiIsInR5cCI6IkpXVCJ9.eyJ1bmlxdWVfbmFtZSI6ImFkbWluLDEsNywxIiwibmJmIjoxNzUwOTM3NjAwLCJleHAiOjE3NTA5NjY0MDAsImlhdCI6MTc1MDkzNzYwMH0.6h8sa0n8ox3T3l-AIEZ3YytIgC5FTyn9OWVVxslgMmQ'''
 ,1
 ,1
[System: 192.168.1.56] DEBUG | 06-26-2025 17:03:37.617 | General Service|:: CompanyIndex:7 SpName: spCom_GetCostCenterSummary 
 60
 ,-1
 ,1000
 ,''
 ,''
 ,''
 ,0
 ,'26-Jun-2025'
 ,NULL
 ,''
 ,1
 ,1
 ,0
 ,0
 ,False
 ,1
[System: 192.168.1.56] DEBUG | 06-26-2025 17:03:37.617 | General Service|:: CompanyIndex:7 SpName: spADM_GetDataSet 
 'select * from COM_TokenHistory WITH(NOLOCK) where JwtToken=''eyJhbGciOiJIUzI1NiIsInR5cCI6IkpXVCJ9.eyJ1bmlxdWVfbmFtZSI6ImFkbWluLDEsNywxIiwibmJmIjoxNzUwOTM3NjAwLCJleHAiOjE3NTA5NjY0MDAsImlhdCI6MTc1MDkzNzYwMH0.6h8sa0n8ox3T3l-AIEZ3YytIgC5FTyn9OWVVxslgMmQ'''
 ,1
 ,1
[System: 192.168.1.56] DEBUG | 06-26-2025 17:03:37.680 | General Service|:: CompanyIndex:7 SpName: spCom_GetCostCenterSummary 
 126
 ,1000
 ,1000
 ,''
 ,''
 ,''
 ,1995
 ,'26-Jun-2025'
 ,NULL
 ,''
 ,1
 ,1
 ,0
 ,0
 ,False
 ,1
[System: 192.168.1.56] DEBUG | 06-26-2025 17:03:37.680 | General Service|:: CompanyIndex:7 SpName: spADM_GetDataSet 
 'select * from COM_TokenHistory WITH(NOLOCK) where JwtToken=''eyJhbGciOiJIUzI1NiIsInR5cCI6IkpXVCJ9.eyJ1bmlxdWVfbmFtZSI6ImFkbWluLDEsNywxIiwibmJmIjoxNzUwOTM3NjAwLCJleHAiOjE3NTA5NjY0MDAsImlhdCI6MTc1MDkzNzYwMH0.6h8sa0n8ox3T3l-AIEZ3YytIgC5FTyn9OWVVxslgMmQ'''
 ,1
 ,1
[System: 192.168.1.56] DEBUG | 06-26-2025 17:03:37.742 | General Service|:: CompanyIndex:7 SpName: spCom_GetCostCenterSummary 
 126
 ,2000
 ,1000
 ,''
 ,''
 ,''
 ,3995
 ,'26-Jun-2025'
 ,NULL
 ,''
 ,1
 ,1
 ,0
 ,0
 ,False
 ,1
[System: 192.168.1.56] DEBUG | 06-26-2025 17:03:37.742 | General Service|:: CompanyIndex:7 SpName: spADM_GetDataSet 
 'select * from COM_TokenHistory WITH(NOLOCK) where JwtToken=''eyJhbGciOiJIUzI1NiIsInR5cCI6IkpXVCJ9.eyJ1bmlxdWVfbmFtZSI6ImFkbWluLDEsNywxIiwibmJmIjoxNzUwOTM3NjAwLCJleHAiOjE3NTA5NjY0MDAsImlhdCI6MTc1MDkzNzYwMH0.6h8sa0n8ox3T3l-AIEZ3YytIgC5FTyn9OWVVxslgMmQ'''
 ,1
 ,1
[System: 192.168.1.56] DEBUG | 06-26-2025 17:03:40.601 | General Service|:: CompanyIndex:7 SpName: spADM_GetDataSet 
 'SELECT T0.AccountCode [Cf665c288a864411cb105e83cadc1c28e],T0.AccountID AS [Cf665c288a864411cb105e83cadc1c28e_ID],T0.AccountName [Ccfb5cce170c1490caf71a7a05df316c6],T1.AccountType [C8688bd8c5c0d40959cd37ce7849160dd],T2.UserName [C50eb98dd8d4b4c21b1951b3aefd3d51e],T3.Status [C3d3a4b438be34b90aa3245136d8d8f20]
 FROM ACC_Accounts T0 with(nolock) left join ACC_AccountTypes T1 with(nolock) on T0.AccountTypeID=T1.AccountTypeID left join ADM_Users T2 with(nolock) on T0.CreatedBy=T2.Username left join COM_Status T3 with(nolock) on T0.StatusID=T3.StatusID
 WHERE T3.Status=''Unapproved'''
 ,1
 ,1
[System: 192.168.1.56] DEBUG | 06-26-2025 17:03:40.601 | General Service|:: CompanyIndex:7 SpName: spADM_GetDataSet 
 'select * from COM_TokenHistory WITH(NOLOCK) where JwtToken=''eyJhbGciOiJIUzI1NiIsInR5cCI6IkpXVCJ9.eyJ1bmlxdWVfbmFtZSI6ImFkbWluLDEsNywxIiwibmJmIjoxNzUwOTM3NjAwLCJleHAiOjE3NTA5NjY0MDAsImlhdCI6MTc1MDkzNzYwMH0.6h8sa0n8ox3T3l-AIEZ3YytIgC5FTyn9OWVVxslgMmQ'''
 ,1
 ,1
