[System: 192.168.1.56] DEBUG | 06-26-2025 17:09:24.655 | General Service|:: CompanyIndex:7 SpName: spADM_BulkEditDetails 
 2
 ,0
 ,2
 ,''
 ,''
 ,''
 ,''
 ,'admin'
 ,1
 ,1
 ,1
[System: 192.168.1.56] DEBUG | 06-26-2025 17:09:24.655 | General Service|:: CompanyIndex:7 SpName: spADM_GetDataSet 
 'select * from COM_TokenHistory WITH(NOLOCK) where JwtToken=''eyJhbGciOiJIUzI1NiIsInR5cCI6IkpXVCJ9.eyJ1bmlxdWVfbmFtZSI6ImFkbWluLDEsNywxIiwibmJmIjoxNzUwOTM3NjAwLCJleHAiOjE3NTA5NjY0MDAsImlhdCI6MTc1MDkzNzYwMH0.6h8sa0n8ox3T3l-AIEZ3YytIgC5FTyn9OWVVxslgMmQ'''
 ,1
 ,1
[System: 192.168.1.56] DEBUG | 06-26-2025 17:09:24.812 | General Service|:: CompanyIndex:7 SpName: spADM_GetDataSet 
 'SELECT StaticReportType FROM ADM_RevenUReports WITH(NOLOCK) WHERE ReportID=90871'
 ,1
 ,1
[System: 192.168.1.56] DEBUG | 06-26-2025 17:09:24.812 | General Service|:: CompanyIndex:7 SpName: spADM_GetDataSet 
 'select * from COM_TokenHistory WITH(NOLOCK) where JwtToken=''eyJhbGciOiJIUzI1NiIsInR5cCI6IkpXVCJ9.eyJ1bmlxdWVfbmFtZSI6ImFkbWluLDEsNywxIiwibmJmIjoxNzUwOTM3NjAwLCJleHAiOjE3NTA5NjY0MDAsImlhdCI6MTc1MDkzNzYwMH0.6h8sa0n8ox3T3l-AIEZ3YytIgC5FTyn9OWVVxslgMmQ'''
 ,1
 ,1
[System: 192.168.1.56] DEBUG | 06-26-2025 17:09:24.843 | General Service|:: CompanyIndex:7 SpName: spRPT_GetReport 
 0
 ,90871
 ,'1'
 ,'1'
 ,1
[System: 192.168.1.56] DEBUG | 06-26-2025 17:09:24.843 | General Service|:: CompanyIndex:7 SpName: spADM_GetDataSet 
 'select * from COM_TokenHistory WITH(NOLOCK) where JwtToken=''eyJhbGciOiJIUzI1NiIsInR5cCI6IkpXVCJ9.eyJ1bmlxdWVfbmFtZSI6ImFkbWluLDEsNywxIiwibmJmIjoxNzUwOTM3NjAwLCJleHAiOjE3NTA5NjY0MDAsImlhdCI6MTc1MDkzNzYwMH0.6h8sa0n8ox3T3l-AIEZ3YytIgC5FTyn9OWVVxslgMmQ'''
 ,1
 ,1
[System: 192.168.1.56] DEBUG | 06-26-2025 17:09:24.858 | General Service|:: CompanyIndex:7 SpName: spDOC_GetVPTPrintCopies 
 4
 ,50
 ,90871
 ,2
 ,4
 ,'View~98cab7ee-e70b-42d5-b339-b5ed4057d2e2'
 ,'admin'
 ,1
[System: 192.168.1.56] DEBUG | 06-26-2025 17:09:24.858 | General Service|:: CompanyIndex:7 SpName: spADM_GetDataSet 
 'select * from COM_TokenHistory WITH(NOLOCK) where JwtToken=''eyJhbGciOiJIUzI1NiIsInR5cCI6IkpXVCJ9.eyJ1bmlxdWVfbmFtZSI6ImFkbWluLDEsNywxIiwibmJmIjoxNzUwOTM3NjAwLCJleHAiOjE3NTA5NjY0MDAsImlhdCI6MTc1MDkzNzYwMH0.6h8sa0n8ox3T3l-AIEZ3YytIgC5FTyn9OWVVxslgMmQ'''
 ,1
 ,1
[System: 192.168.1.56] DEBUG | 06-26-2025 17:09:24.874 | General Service|:: CompanyIndex:7 SpName: spRPT_GetReportFields 
 2
 ,0
 ,'1'
 ,1
[System: 192.168.1.56] DEBUG | 06-26-2025 17:09:24.874 | General Service|:: CompanyIndex:7 SpName: spADM_GetDataSet 
 'select * from COM_TokenHistory WITH(NOLOCK) where JwtToken=''eyJhbGciOiJIUzI1NiIsInR5cCI6IkpXVCJ9.eyJ1bmlxdWVfbmFtZSI6ImFkbWluLDEsNywxIiwibmJmIjoxNzUwOTM3NjAwLCJleHAiOjE3NTA5NjY0MDAsImlhdCI6MTc1MDkzNzYwMH0.6h8sa0n8ox3T3l-AIEZ3YytIgC5FTyn9OWVVxslgMmQ'''
 ,1
 ,1
[System: 192.168.1.56] DEBUG | 06-26-2025 17:09:24.905 | General Service|:: CompanyIndex:7 SpName: spRPT_GetReportFields 
 110
 ,0
 ,'1'
 ,1
[System: 192.168.1.56] DEBUG | 06-26-2025 17:09:24.905 | General Service|:: CompanyIndex:7 SpName: spADM_GetDataSet 
 'select * from COM_TokenHistory WITH(NOLOCK) where JwtToken=''eyJhbGciOiJIUzI1NiIsInR5cCI6IkpXVCJ9.eyJ1bmlxdWVfbmFtZSI6ImFkbWluLDEsNywxIiwibmJmIjoxNzUwOTM3NjAwLCJleHAiOjE3NTA5NjY0MDAsImlhdCI6MTc1MDkzNzYwMH0.6h8sa0n8ox3T3l-AIEZ3YytIgC5FTyn9OWVVxslgMmQ'''
 ,1
 ,1
[System: 192.168.1.56] DEBUG | 06-26-2025 17:09:24.937 | General Service|:: CompanyIndex:7 SpName: spADM_GetCostCenterGridViewList 
 2
 ,1
 ,1
 ,1
[System: 192.168.1.56] DEBUG | 06-26-2025 17:09:24.937 | General Service|:: CompanyIndex:7 SpName: spADM_GetDataSet 
 'select * from COM_TokenHistory WITH(NOLOCK) where JwtToken=''eyJhbGciOiJIUzI1NiIsInR5cCI6IkpXVCJ9.eyJ1bmlxdWVfbmFtZSI6ImFkbWluLDEsNywxIiwibmJmIjoxNzUwOTM3NjAwLCJleHAiOjE3NTA5NjY0MDAsImlhdCI6MTc1MDkzNzYwMH0.6h8sa0n8ox3T3l-AIEZ3YytIgC5FTyn9OWVVxslgMmQ'''
 ,1
 ,1
[System: 192.168.1.56] DEBUG | 06-26-2025 17:09:25.046 | General Service|:: CompanyIndex:7 SpName: spCom_GetCostCenterSummary 
 126
 ,-1
 ,1000
 ,''
 ,''
 ,''
 ,0
 ,'26-Jun-2025'
 ,NULL
 ,''
 ,1
 ,1
 ,0
 ,0
 ,False
 ,1
[System: 192.168.1.56] DEBUG | 06-26-2025 17:09:25.061 | General Service|:: CompanyIndex:7 SpName: spADM_GetDataSet 
 'select * from COM_TokenHistory WITH(NOLOCK) where JwtToken=''eyJhbGciOiJIUzI1NiIsInR5cCI6IkpXVCJ9.eyJ1bmlxdWVfbmFtZSI6ImFkbWluLDEsNywxIiwibmJmIjoxNzUwOTM3NjAwLCJleHAiOjE3NTA5NjY0MDAsImlhdCI6MTc1MDkzNzYwMH0.6h8sa0n8ox3T3l-AIEZ3YytIgC5FTyn9OWVVxslgMmQ'''
 ,1
 ,1
[System: 192.168.1.56] DEBUG | 06-26-2025 17:09:25.108 | General Service|:: CompanyIndex:7 SpName: spADM_GetCostCenterGridViewList 
 50002
 ,1
 ,1
 ,1
[System: 192.168.1.56] DEBUG | 06-26-2025 17:09:25.108 | General Service|:: CompanyIndex:7 SpName: spADM_GetDataSet 
 'select * from COM_TokenHistory WITH(NOLOCK) where JwtToken=''eyJhbGciOiJIUzI1NiIsInR5cCI6IkpXVCJ9.eyJ1bmlxdWVfbmFtZSI6ImFkbWluLDEsNywxIiwibmJmIjoxNzUwOTM3NjAwLCJleHAiOjE3NTA5NjY0MDAsImlhdCI6MTc1MDkzNzYwMH0.6h8sa0n8ox3T3l-AIEZ3YytIgC5FTyn9OWVVxslgMmQ'''
 ,1
 ,1
[System: 192.168.1.56] DEBUG | 06-26-2025 17:09:25.140 | General Service|:: CompanyIndex:7 SpName: spCom_GetCostCenterSummary 
 60
 ,-1
 ,1000
 ,''
 ,''
 ,''
 ,0
 ,'26-Jun-2025'
 ,NULL
 ,''
 ,1
 ,1
 ,0
 ,0
 ,False
 ,1
[System: 192.168.1.56] DEBUG | 06-26-2025 17:09:25.155 | General Service|:: CompanyIndex:7 SpName: spADM_GetDataSet 
 'select * from COM_TokenHistory WITH(NOLOCK) where JwtToken=''eyJhbGciOiJIUzI1NiIsInR5cCI6IkpXVCJ9.eyJ1bmlxdWVfbmFtZSI6ImFkbWluLDEsNywxIiwibmJmIjoxNzUwOTM3NjAwLCJleHAiOjE3NTA5NjY0MDAsImlhdCI6MTc1MDkzNzYwMH0.6h8sa0n8ox3T3l-AIEZ3YytIgC5FTyn9OWVVxslgMmQ'''
 ,1
 ,1
[System: 192.168.1.56] DEBUG | 06-26-2025 17:09:25.233 | General Service|:: CompanyIndex:7 SpName: spCom_GetCostCenterSummary 
 126
 ,1000
 ,1000
 ,''
 ,''
 ,''
 ,1995
 ,'26-Jun-2025'
 ,NULL
 ,''
 ,1
 ,1
 ,0
 ,0
 ,False
 ,1
[System: 192.168.1.56] DEBUG | 06-26-2025 17:09:25.233 | General Service|:: CompanyIndex:7 SpName: spADM_GetDataSet 
 'select * from COM_TokenHistory WITH(NOLOCK) where JwtToken=''eyJhbGciOiJIUzI1NiIsInR5cCI6IkpXVCJ9.eyJ1bmlxdWVfbmFtZSI6ImFkbWluLDEsNywxIiwibmJmIjoxNzUwOTM3NjAwLCJleHAiOjE3NTA5NjY0MDAsImlhdCI6MTc1MDkzNzYwMH0.6h8sa0n8ox3T3l-AIEZ3YytIgC5FTyn9OWVVxslgMmQ'''
 ,1
 ,1
[System: 192.168.1.56] DEBUG | 06-26-2025 17:09:25.311 | General Service|:: CompanyIndex:7 SpName: spCom_GetCostCenterSummary 
 126
 ,2000
 ,1000
 ,''
 ,''
 ,''
 ,3995
 ,'26-Jun-2025'
 ,NULL
 ,''
 ,1
 ,1
 ,0
 ,0
 ,False
 ,1
[System: 192.168.1.56] DEBUG | 06-26-2025 17:09:25.311 | General Service|:: CompanyIndex:7 SpName: spADM_GetDataSet 
 'select * from COM_TokenHistory WITH(NOLOCK) where JwtToken=''eyJhbGciOiJIUzI1NiIsInR5cCI6IkpXVCJ9.eyJ1bmlxdWVfbmFtZSI6ImFkbWluLDEsNywxIiwibmJmIjoxNzUwOTM3NjAwLCJleHAiOjE3NTA5NjY0MDAsImlhdCI6MTc1MDkzNzYwMH0.6h8sa0n8ox3T3l-AIEZ3YytIgC5FTyn9OWVVxslgMmQ'''
 ,1
 ,1
[System: 192.168.1.56] DEBUG | 06-26-2025 17:09:26.281 | General Service|:: CompanyIndex:7 SpName: spADM_GetDataSet 
 'declare @UserID int,@RoleID int,@UserName NVARCHAR(100),@where nvarchar(max),@query nvarchar(max)
set @UserID=1
set @RoleID=1-- Employee:-1
SELECT @UserName=UserName From ADM_Users WITH(NOLOCK) WHERE UserID=@UserID
exec [fnGet_GetAssignedDims] @UserID,@RoleID,@where output
 create table #TblUsrWF(WID int,LevelID int,Type int,CtWef float,LvWef int)
EXEC spRPT_GetReportData @Type=8,@Param1=@UserID,@strXML=null,@RoleID=@RoleID set @query=''  SELECT DT.CostCenterID,DT.DocumentName,DT.DocumentType,DT.IsInventory,count(*) CNT
FROM (
 SELECT INV.CostCenterID
FROM INV_DocDetails INV with(nolock)''
if(@where<>'''')
	set @query=@query+'' join com_docccdata d with(nolock) on INV.INVDocDetailsid=d.INVDocDetailsid''	

set @query=@query+'' ,#TblUsrWF WF
WHERE WF.WID=INV.WorkflowID and (WF.LevelID>INV.WorkFlowLevel or (WF.LevelID+1=INV.WorkFlowLevel and INV.StatusID=372)) and (INV.StatusID=371 or INV.StatusID=372 or INV.StatusID=441) AND (WF.Type=1 or (INV.WorkFlowLevel+1=WF.LevelID and INV.StatusID!=372) or (WF.LevelID+1=INV.WorkFlowLevel and INV.StatusID=372) or (WF.CtWef is not null and INV.WorkFlowLevel>=WF.LvWef
and INV.CreatedDate+WF.CtWef<=convert(float,getdate()))) ''+@where+''
GROUP BY INV.CostCenterID,INV.VoucherNo
UNION ALL
SELECT ACC.CostCenterID
FROM ACC_DocDetails ACC with(nolock)''
if(@where<>'''')
	set @query=@query+'' join com_docccdata d with(nolock) on ACC.ACCDocDetailsid=d.ACCDocDetailsid''	

set @query=@query+'',#TblUsrWF WF
WHERE ACC.LinkedAccDocDetailsID is null and ACC.InvDocDetailsID is null and WF.WID=ACC.WorkflowID and (WF.LevelID>ACC.WorkFlowLevel or (WF.LevelID+1=ACC.WorkFlowLevel and ACC.StatusID=372)) and (ACC.StatusID=371 or ACC.StatusID=372 or ACC.StatusID=441) AND (WF.Type=1 or (ACC.WorkFlowLevel+1=WF.LevelID and ACC.StatusID!=372) or (WF.LevelID+1=ACC.WorkFlowLevel and ACC.StatusID=372) or (WF.CtWef is not null and ACC.WorkFlowLevel>=WF.LvWef
and ACC.CreatedDate+WF.CtWef<=convert(float,getdate())))''+@where+''
GROUP BY ACC.CostCenterID,ACC.VoucherNo  ) AS T
JOIN ADM_DocumentTypes DT with(nolock) ON T.CostCenterID=DT.CostCenterID
GROUP BY DT.CostCenterID,DT.DocumentName,DT.DocumentType,DT.IsInventory  
UNION ALL
SELECT DT.FeatureID CostCenterID,DT.Name DocumentName,-DT.FeatureID DocumentType,0 IsInventory,count(*) CNT
FROM (
SELECT INV.CostCenterID FROM REN_Contract INV WITH(NOLOCK),#TblUsrWF WF
WHERE  WF.WID=INV.WorkflowID and WF.LevelID>INV.WorkFlowLevel and (INV.StatusID=440 or INV.StatusID=470 or INV.StatusID=466) AND (WF.Type=1 or (INV.WorkFlowLevel+1=WF.LevelID and INV.StatusID!=470)  or (WF.CtWef is not null and INV.WorkFlowLevel>=WF.LvWef
 and INV.CreatedDate+WF.CtWef<=convert(float,getdate()))) AND INV.RefContractID=0 ) AS T
JOIN ADM_Features DT with(nolock) ON T.CostCenterID=DT.FeatureID
GROUP BY DT.FeatureID,DT.Name 
ORDER BY DocumentName''
exec(@query)

DROP TABLE #TblUsrWF
'
 ,1
 ,1
[System: 192.168.1.56] DEBUG | 06-26-2025 17:09:26.296 | General Service|:: CompanyIndex:7 SpName: spADM_GetDataSet 
 'select * from COM_TokenHistory WITH(NOLOCK) where JwtToken=''eyJhbGciOiJIUzI1NiIsInR5cCI6IkpXVCJ9.eyJ1bmlxdWVfbmFtZSI6ImFkbWluLDEsNywxIiwibmJmIjoxNzUwOTM3NjAwLCJleHAiOjE3NTA5NjY0MDAsImlhdCI6MTc1MDkzNzYwMH0.6h8sa0n8ox3T3l-AIEZ3YytIgC5FTyn9OWVVxslgMmQ'''
 ,1
 ,1
