[System: 192.168.1.181] DEBUG | 07-04-2025 17:14:48.418 | General Service|:: CompanyIndex:1 SpName: spADM_GetDataSet 
 'declare @UserID int,@RoleID int,@UserName NVARCHAR(100),@where nvarchar(max),@query nvarchar(max)
set @UserID=1
set @RoleID=1-- Employee:-1
SELECT @UserName=UserName From ADM_Users WITH(NOLOCK) WHERE UserID=@UserID
exec [fnGet_GetAssignedDims] @UserID,@RoleID,@where output
 create table #TblUsrWF(WID int,LevelID int,Type int,CtWef float,LvWef int)
EXEC spRPT_GetReportData @Type=8,@Param1=@UserID,@strXML=null,@RoleID=@RoleID set @query=''  SELECT DT.CostCenterID,DT.DocumentName,DT.DocumentType,DT.IsInventory,count(*) CNT
FROM (
 SELECT INV.CostCenterID
FROM INV_DocDetails INV with(nolock)''
if(@where<>'''')
	set @query=@query+'' join com_docccdata d with(nolock) on INV.INVDocDetailsid=d.INVDocDetailsid''	

set @query=@query+'' ,#TblUsrWF WF
WHERE WF.WID=INV.WorkflowID and (WF.LevelID>INV.WorkFlowLevel or (WF.LevelID+1=INV.WorkFlowLevel and INV.StatusID=372)) and (INV.StatusID=371 or INV.StatusID=372 or INV.StatusID=441) AND (WF.Type=1 or (INV.WorkFlowLevel+1=WF.LevelID and INV.StatusID!=372) or (WF.LevelID+1=INV.WorkFlowLevel and INV.StatusID=372) or (WF.CtWef is not null and INV.WorkFlowLevel>=WF.LvWef
and INV.CreatedDate+WF.CtWef<=convert(float,getdate()))) ''+@where+''
GROUP BY INV.CostCenterID,INV.VoucherNo
UNION ALL
SELECT ACC.CostCenterID
FROM ACC_DocDetails ACC with(nolock)''
if(@where<>'''')
	set @query=@query+'' join com_docccdata d with(nolock) on ACC.ACCDocDetailsid=d.ACCDocDetailsid''	

set @query=@query+'',#TblUsrWF WF
WHERE ACC.LinkedAccDocDetailsID is null and ACC.InvDocDetailsID is null and WF.WID=ACC.WorkflowID and (WF.LevelID>ACC.WorkFlowLevel or (WF.LevelID+1=ACC.WorkFlowLevel and ACC.StatusID=372)) and (ACC.StatusID=371 or ACC.StatusID=372 or ACC.StatusID=441) AND (WF.Type=1 or (ACC.WorkFlowLevel+1=WF.LevelID and ACC.StatusID!=372) or (WF.LevelID+1=ACC.WorkFlowLevel and ACC.StatusID=372) or (WF.CtWef is not null and ACC.WorkFlowLevel>=WF.LvWef
and ACC.CreatedDate+WF.CtWef<=convert(float,getdate())))''+@where+''
GROUP BY ACC.CostCenterID,ACC.VoucherNo  ) AS T
JOIN ADM_DocumentTypes DT with(nolock) ON T.CostCenterID=DT.CostCenterID
GROUP BY DT.CostCenterID,DT.DocumentName,DT.DocumentType,DT.IsInventory  
UNION ALL
SELECT DT.FeatureID CostCenterID,DT.Name DocumentName,-DT.FeatureID DocumentType,0 IsInventory,count(*) CNT
FROM (
SELECT INV.CostCenterID FROM REN_Contract INV WITH(NOLOCK),#TblUsrWF WF
WHERE  WF.WID=INV.WorkflowID and WF.LevelID>INV.WorkFlowLevel and (INV.StatusID=440 or INV.StatusID=470 or INV.StatusID=466) AND (WF.Type=1 or (INV.WorkFlowLevel+1=WF.LevelID and INV.StatusID!=470)  or (WF.CtWef is not null and INV.WorkFlowLevel>=WF.LvWef
 and INV.CreatedDate+WF.CtWef<=convert(float,getdate()))) AND INV.RefContractID=0 ) AS T
JOIN ADM_Features DT with(nolock) ON T.CostCenterID=DT.FeatureID
GROUP BY DT.FeatureID,DT.Name 
ORDER BY DocumentName''
exec(@query)

DROP TABLE #TblUsrWF
'
 ,1
 ,1
[System: 192.168.1.181] DEBUG | 07-04-2025 17:14:48.480 | General Service|:: CompanyIndex:1 SpName: spADM_GetDataSet 
 'select * from COM_TokenHistory WITH(NOLOCK) where JwtToken=''eyJhbGciOiJIUzI1NiIsInR5cCI6IkpXVCJ9.eyJ1bmlxdWVfbmFtZSI6ImFkbWluLDEsMSwxIiwibmJmIjoxNzUxNjI3NDc2LCJleHAiOjE3NTE2NTYyNzYsImlhdCI6MTc1MTYyNzQ3Nn0.nyj8RiMh5pZSBXNC9--WP-NqqPFf_meke1UeXaVOy24'''
 ,1
 ,1
 message=Invalid object name 'COM_TokenHistory'.
[System: 192.168.1.181] DEBUG | 07-04-2025 17:14:48.480 | General Service|:: CompanyIndex:1 SpName: spADM_GetDataSet 
 'select * from COM_TokenHistory WITH(NOLOCK) where JwtToken=''eyJhbGciOiJIUzI1NiIsInR5cCI6IkpXVCJ9.eyJ1bmlxdWVfbmFtZSI6ImFkbWluLDEsMSwxIiwibmJmIjoxNzUxNjI3NDc2LCJleHAiOjE3NTE2NTYyNzYsImlhdCI6MTc1MTYyNzQ3Nn0.nyj8RiMh5pZSBXNC9--WP-NqqPFf_meke1UeXaVOy24'''
 ,1
 ,1
 message=Problem in processing your request, Please contact administrator.
[System: 192.168.1.181] INFO | 07-04-2025 17:14:48.480 | OnStartup: Logger Instance Created Successfully
[System: 192.168.1.181] INFO | 07-04-2025 17:14:48.480 | OnStartup: Application Starting...
[System: 192.168.1.181] ERROR | 07-04-2025 17:14:48.480 | General Service|:: CompanyIndex:1 SpName: spADM_GetDataSetParameters :
 'select * from COM_TokenHistory WITH(NOLOCK) where JwtToken=''eyJhbGciOiJIUzI1NiIsInR5cCI6IkpXVCJ9.eyJ1bmlxdWVfbmFtZSI6ImFkbWluLDEsMSwxIiwibmJmIjoxNzUxNjI3NDc2LCJleHAiOjE3NTE2NTYyNzYsImlhdCI6MTc1MTYyNzQ3Nn0.nyj8RiMh5pZSBXNC9--WP-NqqPFf_meke1UeXaVOy24'''
 ,1
 ,1|Invalid object name 'COM_TokenHistory'.
[System: 192.168.1.181] DEBUG | 07-04-2025 17:15:48.045 | General Service|:: CompanyIndex:1 SpName: spADM_GetDataSet 
 'declare @UserID int,@RoleID int,@UserName NVARCHAR(100),@where nvarchar(max),@query nvarchar(max)
set @UserID=1
set @RoleID=1-- Employee:-1
SELECT @UserName=UserName From ADM_Users WITH(NOLOCK) WHERE UserID=@UserID
exec [fnGet_GetAssignedDims] @UserID,@RoleID,@where output
 create table #TblUsrWF(WID int,LevelID int,Type int,CtWef float,LvWef int)
EXEC spRPT_GetReportData @Type=8,@Param1=@UserID,@strXML=null,@RoleID=@RoleID set @query=''  SELECT DT.CostCenterID,DT.DocumentName,DT.DocumentType,DT.IsInventory,count(*) CNT
FROM (
 SELECT INV.CostCenterID
FROM INV_DocDetails INV with(nolock)''
if(@where<>'''')
	set @query=@query+'' join com_docccdata d with(nolock) on INV.INVDocDetailsid=d.INVDocDetailsid''	

set @query=@query+'' ,#TblUsrWF WF
WHERE WF.WID=INV.WorkflowID and (WF.LevelID>INV.WorkFlowLevel or (WF.LevelID+1=INV.WorkFlowLevel and INV.StatusID=372)) and (INV.StatusID=371 or INV.StatusID=372 or INV.StatusID=441) AND (WF.Type=1 or (INV.WorkFlowLevel+1=WF.LevelID and INV.StatusID!=372) or (WF.LevelID+1=INV.WorkFlowLevel and INV.StatusID=372) or (WF.CtWef is not null and INV.WorkFlowLevel>=WF.LvWef
and INV.CreatedDate+WF.CtWef<=convert(float,getdate()))) ''+@where+''
GROUP BY INV.CostCenterID,INV.VoucherNo
UNION ALL
SELECT ACC.CostCenterID
FROM ACC_DocDetails ACC with(nolock)''
if(@where<>'''')
	set @query=@query+'' join com_docccdata d with(nolock) on ACC.ACCDocDetailsid=d.ACCDocDetailsid''	

set @query=@query+'',#TblUsrWF WF
WHERE ACC.LinkedAccDocDetailsID is null and ACC.InvDocDetailsID is null and WF.WID=ACC.WorkflowID and (WF.LevelID>ACC.WorkFlowLevel or (WF.LevelID+1=ACC.WorkFlowLevel and ACC.StatusID=372)) and (ACC.StatusID=371 or ACC.StatusID=372 or ACC.StatusID=441) AND (WF.Type=1 or (ACC.WorkFlowLevel+1=WF.LevelID and ACC.StatusID!=372) or (WF.LevelID+1=ACC.WorkFlowLevel and ACC.StatusID=372) or (WF.CtWef is not null and ACC.WorkFlowLevel>=WF.LvWef
and ACC.CreatedDate+WF.CtWef<=convert(float,getdate())))''+@where+''
GROUP BY ACC.CostCenterID,ACC.VoucherNo  ) AS T
JOIN ADM_DocumentTypes DT with(nolock) ON T.CostCenterID=DT.CostCenterID
GROUP BY DT.CostCenterID,DT.DocumentName,DT.DocumentType,DT.IsInventory  
UNION ALL
SELECT DT.FeatureID CostCenterID,DT.Name DocumentName,-DT.FeatureID DocumentType,0 IsInventory,count(*) CNT
FROM (
SELECT INV.CostCenterID FROM REN_Contract INV WITH(NOLOCK),#TblUsrWF WF
WHERE  WF.WID=INV.WorkflowID and WF.LevelID>INV.WorkFlowLevel and (INV.StatusID=440 or INV.StatusID=470 or INV.StatusID=466) AND (WF.Type=1 or (INV.WorkFlowLevel+1=WF.LevelID and INV.StatusID!=470)  or (WF.CtWef is not null and INV.WorkFlowLevel>=WF.LvWef
 and INV.CreatedDate+WF.CtWef<=convert(float,getdate()))) AND INV.RefContractID=0 ) AS T
JOIN ADM_Features DT with(nolock) ON T.CostCenterID=DT.FeatureID
GROUP BY DT.FeatureID,DT.Name 
ORDER BY DocumentName''
exec(@query)

DROP TABLE #TblUsrWF
'
 ,1
 ,1
[System: 192.168.1.181] DEBUG | 07-04-2025 17:15:48.045 | General Service|:: CompanyIndex:1 SpName: spADM_GetDataSet 
 'select * from COM_TokenHistory WITH(NOLOCK) where JwtToken=''eyJhbGciOiJIUzI1NiIsInR5cCI6IkpXVCJ9.eyJ1bmlxdWVfbmFtZSI6ImFkbWluLDEsMSwxIiwibmJmIjoxNzUxNjI3NDc2LCJleHAiOjE3NTE2NTYyNzYsImlhdCI6MTc1MTYyNzQ3Nn0.nyj8RiMh5pZSBXNC9--WP-NqqPFf_meke1UeXaVOy24'''
 ,1
 ,1
 message=Invalid object name 'COM_TokenHistory'.
[System: 192.168.1.181] DEBUG | 07-04-2025 17:15:48.045 | General Service|:: CompanyIndex:1 SpName: spADM_GetDataSet 
 'select * from COM_TokenHistory WITH(NOLOCK) where JwtToken=''eyJhbGciOiJIUzI1NiIsInR5cCI6IkpXVCJ9.eyJ1bmlxdWVfbmFtZSI6ImFkbWluLDEsMSwxIiwibmJmIjoxNzUxNjI3NDc2LCJleHAiOjE3NTE2NTYyNzYsImlhdCI6MTc1MTYyNzQ3Nn0.nyj8RiMh5pZSBXNC9--WP-NqqPFf_meke1UeXaVOy24'''
 ,1
 ,1
 message=Problem in processing your request, Please contact administrator.
[System: 192.168.1.181] INFO | 07-04-2025 17:15:48.045 | OnStartup: Logger Instance Created Successfully
[System: 192.168.1.181] INFO | 07-04-2025 17:15:48.045 | OnStartup: Application Starting...
[System: 192.168.1.181] ERROR | 07-04-2025 17:15:48.045 | General Service|:: CompanyIndex:1 SpName: spADM_GetDataSetParameters :
 'select * from COM_TokenHistory WITH(NOLOCK) where JwtToken=''eyJhbGciOiJIUzI1NiIsInR5cCI6IkpXVCJ9.eyJ1bmlxdWVfbmFtZSI6ImFkbWluLDEsMSwxIiwibmJmIjoxNzUxNjI3NDc2LCJleHAiOjE3NTE2NTYyNzYsImlhdCI6MTc1MTYyNzQ3Nn0.nyj8RiMh5pZSBXNC9--WP-NqqPFf_meke1UeXaVOy24'''
 ,1
 ,1|Invalid object name 'COM_TokenHistory'.
[System: 192.168.1.181] DEBUG | 07-04-2025 17:16:48.982 | General Service|:: CompanyIndex:1 SpName: spRPT_GetUnApprovedDocsCount 
 ''
 ,'1'
 ,'1'
 ,1
[System: 192.168.1.181] DEBUG | 07-04-2025 17:16:48.982 | General Service|:: CompanyIndex:1 SpName: spADM_GetDataSet 
 'select * from COM_TokenHistory WITH(NOLOCK) where JwtToken=''eyJhbGciOiJIUzI1NiIsInR5cCI6IkpXVCJ9.eyJ1bmlxdWVfbmFtZSI6ImFkbWluLDEsMSwxIiwibmJmIjoxNzUxNjI3NDc2LCJleHAiOjE3NTE2NTYyNzYsImlhdCI6MTc1MTYyNzQ3Nn0.nyj8RiMh5pZSBXNC9--WP-NqqPFf_meke1UeXaVOy24'''
 ,1
 ,1
 message=Invalid object name 'COM_TokenHistory'.
[System: 192.168.1.181] DEBUG | 07-04-2025 17:16:48.982 | General Service|:: CompanyIndex:1 SpName: spADM_GetDataSet 
 'select * from COM_TokenHistory WITH(NOLOCK) where JwtToken=''eyJhbGciOiJIUzI1NiIsInR5cCI6IkpXVCJ9.eyJ1bmlxdWVfbmFtZSI6ImFkbWluLDEsMSwxIiwibmJmIjoxNzUxNjI3NDc2LCJleHAiOjE3NTE2NTYyNzYsImlhdCI6MTc1MTYyNzQ3Nn0.nyj8RiMh5pZSBXNC9--WP-NqqPFf_meke1UeXaVOy24'''
 ,1
 ,1
 message=Problem in processing your request, Please contact administrator.
[System: 192.168.1.181] INFO | 07-04-2025 17:16:48.982 | OnStartup: Logger Instance Created Successfully
[System: 192.168.1.181] INFO | 07-04-2025 17:16:48.982 | OnStartup: Application Starting...
[System: 192.168.1.181] ERROR | 07-04-2025 17:16:48.982 | General Service|:: CompanyIndex:1 SpName: spADM_GetDataSetParameters :
 'select * from COM_TokenHistory WITH(NOLOCK) where JwtToken=''eyJhbGciOiJIUzI1NiIsInR5cCI6IkpXVCJ9.eyJ1bmlxdWVfbmFtZSI6ImFkbWluLDEsMSwxIiwibmJmIjoxNzUxNjI3NDc2LCJleHAiOjE3NTE2NTYyNzYsImlhdCI6MTc1MTYyNzQ3Nn0.nyj8RiMh5pZSBXNC9--WP-NqqPFf_meke1UeXaVOy24'''
 ,1
 ,1|Invalid object name 'COM_TokenHistory'.
[System: 192.168.1.181] DEBUG | 07-04-2025 17:16:49.029 | General Service|:: CompanyIndex:1 SpName: spCOM_ConfigValues 
 1
 ,'NotifTime'
 ,''
[System: 192.168.1.181] DEBUG | 07-04-2025 17:16:49.044 | General Service|:: CompanyIndex:1 SpName: spADM_GetDataSet 
 'select * from COM_TokenHistory WITH(NOLOCK) where JwtToken=''eyJhbGciOiJIUzI1NiIsInR5cCI6IkpXVCJ9.eyJ1bmlxdWVfbmFtZSI6ImFkbWluLDEsMSwxIiwibmJmIjoxNzUxNjI3NDc2LCJleHAiOjE3NTE2NTYyNzYsImlhdCI6MTc1MTYyNzQ3Nn0.nyj8RiMh5pZSBXNC9--WP-NqqPFf_meke1UeXaVOy24'''
 ,1
 ,1
 message=Invalid object name 'COM_TokenHistory'.
[System: 192.168.1.181] DEBUG | 07-04-2025 17:16:49.044 | General Service|:: CompanyIndex:1 SpName: spADM_GetDataSet 
 'select * from COM_TokenHistory WITH(NOLOCK) where JwtToken=''eyJhbGciOiJIUzI1NiIsInR5cCI6IkpXVCJ9.eyJ1bmlxdWVfbmFtZSI6ImFkbWluLDEsMSwxIiwibmJmIjoxNzUxNjI3NDc2LCJleHAiOjE3NTE2NTYyNzYsImlhdCI6MTc1MTYyNzQ3Nn0.nyj8RiMh5pZSBXNC9--WP-NqqPFf_meke1UeXaVOy24'''
 ,1
 ,1
 message=Problem in processing your request, Please contact administrator.
[System: 192.168.1.181] INFO | 07-04-2025 17:16:49.044 | OnStartup: Logger Instance Created Successfully
[System: 192.168.1.181] INFO | 07-04-2025 17:16:49.044 | OnStartup: Application Starting...
[System: 192.168.1.181] ERROR | 07-04-2025 17:16:49.044 | General Service|:: CompanyIndex:1 SpName: spADM_GetDataSetParameters :
 'select * from COM_TokenHistory WITH(NOLOCK) where JwtToken=''eyJhbGciOiJIUzI1NiIsInR5cCI6IkpXVCJ9.eyJ1bmlxdWVfbmFtZSI6ImFkbWluLDEsMSwxIiwibmJmIjoxNzUxNjI3NDc2LCJleHAiOjE3NTE2NTYyNzYsImlhdCI6MTc1MTYyNzQ3Nn0.nyj8RiMh5pZSBXNC9--WP-NqqPFf_meke1UeXaVOy24'''
 ,1
 ,1|Invalid object name 'COM_TokenHistory'.
[System: 192.168.1.181] DEBUG | 07-04-2025 17:16:49.123 | General Service|:: CompanyIndex:1 SpName: spADM_GetDataSet 
 'declare @UserID int,@RoleID int,@UserName NVARCHAR(100),@where nvarchar(max),@query nvarchar(max)
set @UserID=1
set @RoleID=1-- Employee:-1
SELECT @UserName=UserName From ADM_Users WITH(NOLOCK) WHERE UserID=@UserID
exec [fnGet_GetAssignedDims] @UserID,@RoleID,@where output
 create table #TblUsrWF(WID int,LevelID int,Type int,CtWef float,LvWef int)
EXEC spRPT_GetReportData @Type=8,@Param1=@UserID,@strXML=null,@RoleID=@RoleID set @query=''  SELECT DT.CostCenterID,DT.DocumentName,DT.DocumentType,DT.IsInventory,count(*) CNT
FROM (
 SELECT INV.CostCenterID
FROM INV_DocDetails INV with(nolock)''
if(@where<>'''')
	set @query=@query+'' join com_docccdata d with(nolock) on INV.INVDocDetailsid=d.INVDocDetailsid''	

set @query=@query+'' ,#TblUsrWF WF
WHERE WF.WID=INV.WorkflowID and (WF.LevelID>INV.WorkFlowLevel or (WF.LevelID+1=INV.WorkFlowLevel and INV.StatusID=372)) and (INV.StatusID=371 or INV.StatusID=372 or INV.StatusID=441) AND (WF.Type=1 or (INV.WorkFlowLevel+1=WF.LevelID and INV.StatusID!=372) or (WF.LevelID+1=INV.WorkFlowLevel and INV.StatusID=372) or (WF.CtWef is not null and INV.WorkFlowLevel>=WF.LvWef
and INV.CreatedDate+WF.CtWef<=convert(float,getdate()))) ''+@where+''
GROUP BY INV.CostCenterID,INV.VoucherNo
UNION ALL
SELECT ACC.CostCenterID
FROM ACC_DocDetails ACC with(nolock)''
if(@where<>'''')
	set @query=@query+'' join com_docccdata d with(nolock) on ACC.ACCDocDetailsid=d.ACCDocDetailsid''	

set @query=@query+'',#TblUsrWF WF
WHERE ACC.LinkedAccDocDetailsID is null and ACC.InvDocDetailsID is null and WF.WID=ACC.WorkflowID and (WF.LevelID>ACC.WorkFlowLevel or (WF.LevelID+1=ACC.WorkFlowLevel and ACC.StatusID=372)) and (ACC.StatusID=371 or ACC.StatusID=372 or ACC.StatusID=441) AND (WF.Type=1 or (ACC.WorkFlowLevel+1=WF.LevelID and ACC.StatusID!=372) or (WF.LevelID+1=ACC.WorkFlowLevel and ACC.StatusID=372) or (WF.CtWef is not null and ACC.WorkFlowLevel>=WF.LvWef
and ACC.CreatedDate+WF.CtWef<=convert(float,getdate())))''+@where+''
GROUP BY ACC.CostCenterID,ACC.VoucherNo  ) AS T
JOIN ADM_DocumentTypes DT with(nolock) ON T.CostCenterID=DT.CostCenterID
GROUP BY DT.CostCenterID,DT.DocumentName,DT.DocumentType,DT.IsInventory  
UNION ALL
SELECT DT.FeatureID CostCenterID,DT.Name DocumentName,-DT.FeatureID DocumentType,0 IsInventory,count(*) CNT
FROM (
SELECT INV.CostCenterID FROM REN_Contract INV WITH(NOLOCK),#TblUsrWF WF
WHERE  WF.WID=INV.WorkflowID and WF.LevelID>INV.WorkFlowLevel and (INV.StatusID=440 or INV.StatusID=470 or INV.StatusID=466) AND (WF.Type=1 or (INV.WorkFlowLevel+1=WF.LevelID and INV.StatusID!=470)  or (WF.CtWef is not null and INV.WorkFlowLevel>=WF.LvWef
 and INV.CreatedDate+WF.CtWef<=convert(float,getdate()))) AND INV.RefContractID=0 ) AS T
JOIN ADM_Features DT with(nolock) ON T.CostCenterID=DT.FeatureID
GROUP BY DT.FeatureID,DT.Name 
ORDER BY DocumentName''
exec(@query)

DROP TABLE #TblUsrWF
'
 ,1
 ,1
[System: 192.168.1.181] DEBUG | 07-04-2025 17:16:49.123 | General Service|:: CompanyIndex:1 SpName: spADM_GetDataSet 
 'select * from COM_TokenHistory WITH(NOLOCK) where JwtToken=''eyJhbGciOiJIUzI1NiIsInR5cCI6IkpXVCJ9.eyJ1bmlxdWVfbmFtZSI6ImFkbWluLDEsMSwxIiwibmJmIjoxNzUxNjI3NDc2LCJleHAiOjE3NTE2NTYyNzYsImlhdCI6MTc1MTYyNzQ3Nn0.nyj8RiMh5pZSBXNC9--WP-NqqPFf_meke1UeXaVOy24'''
 ,1
 ,1
 message=Invalid object name 'COM_TokenHistory'.
[System: 192.168.1.181] DEBUG | 07-04-2025 17:16:49.123 | General Service|:: CompanyIndex:1 SpName: spADM_GetDataSet 
 'select * from COM_TokenHistory WITH(NOLOCK) where JwtToken=''eyJhbGciOiJIUzI1NiIsInR5cCI6IkpXVCJ9.eyJ1bmlxdWVfbmFtZSI6ImFkbWluLDEsMSwxIiwibmJmIjoxNzUxNjI3NDc2LCJleHAiOjE3NTE2NTYyNzYsImlhdCI6MTc1MTYyNzQ3Nn0.nyj8RiMh5pZSBXNC9--WP-NqqPFf_meke1UeXaVOy24'''
 ,1
 ,1
 message=Problem in processing your request, Please contact administrator.
[System: 192.168.1.181] INFO | 07-04-2025 17:16:49.123 | OnStartup: Logger Instance Created Successfully
[System: 192.168.1.181] INFO | 07-04-2025 17:16:49.123 | OnStartup: Application Starting...
[System: 192.168.1.181] ERROR | 07-04-2025 17:16:49.123 | General Service|:: CompanyIndex:1 SpName: spADM_GetDataSetParameters :
 'select * from COM_TokenHistory WITH(NOLOCK) where JwtToken=''eyJhbGciOiJIUzI1NiIsInR5cCI6IkpXVCJ9.eyJ1bmlxdWVfbmFtZSI6ImFkbWluLDEsMSwxIiwibmJmIjoxNzUxNjI3NDc2LCJleHAiOjE3NTE2NTYyNzYsImlhdCI6MTc1MTYyNzQ3Nn0.nyj8RiMh5pZSBXNC9--WP-NqqPFf_meke1UeXaVOy24'''
 ,1
 ,1|Invalid object name 'COM_TokenHistory'.
[System: 192.168.1.181] DEBUG | 07-04-2025 17:17:49.930 | General Service|:: CompanyIndex:1 SpName: spADM_GetDataSet 
 'declare @UserID int,@RoleID int,@UserName NVARCHAR(100),@where nvarchar(max),@query nvarchar(max)
set @UserID=1
set @RoleID=1-- Employee:-1
SELECT @UserName=UserName From ADM_Users WITH(NOLOCK) WHERE UserID=@UserID
exec [fnGet_GetAssignedDims] @UserID,@RoleID,@where output
 create table #TblUsrWF(WID int,LevelID int,Type int,CtWef float,LvWef int)
EXEC spRPT_GetReportData @Type=8,@Param1=@UserID,@strXML=null,@RoleID=@RoleID set @query=''  SELECT DT.CostCenterID,DT.DocumentName,DT.DocumentType,DT.IsInventory,count(*) CNT
FROM (
 SELECT INV.CostCenterID
FROM INV_DocDetails INV with(nolock)''
if(@where<>'''')
	set @query=@query+'' join com_docccdata d with(nolock) on INV.INVDocDetailsid=d.INVDocDetailsid''	

set @query=@query+'' ,#TblUsrWF WF
WHERE WF.WID=INV.WorkflowID and (WF.LevelID>INV.WorkFlowLevel or (WF.LevelID+1=INV.WorkFlowLevel and INV.StatusID=372)) and (INV.StatusID=371 or INV.StatusID=372 or INV.StatusID=441) AND (WF.Type=1 or (INV.WorkFlowLevel+1=WF.LevelID and INV.StatusID!=372) or (WF.LevelID+1=INV.WorkFlowLevel and INV.StatusID=372) or (WF.CtWef is not null and INV.WorkFlowLevel>=WF.LvWef
and INV.CreatedDate+WF.CtWef<=convert(float,getdate()))) ''+@where+''
GROUP BY INV.CostCenterID,INV.VoucherNo
UNION ALL
SELECT ACC.CostCenterID
FROM ACC_DocDetails ACC with(nolock)''
if(@where<>'''')
	set @query=@query+'' join com_docccdata d with(nolock) on ACC.ACCDocDetailsid=d.ACCDocDetailsid''	

set @query=@query+'',#TblUsrWF WF
WHERE ACC.LinkedAccDocDetailsID is null and ACC.InvDocDetailsID is null and WF.WID=ACC.WorkflowID and (WF.LevelID>ACC.WorkFlowLevel or (WF.LevelID+1=ACC.WorkFlowLevel and ACC.StatusID=372)) and (ACC.StatusID=371 or ACC.StatusID=372 or ACC.StatusID=441) AND (WF.Type=1 or (ACC.WorkFlowLevel+1=WF.LevelID and ACC.StatusID!=372) or (WF.LevelID+1=ACC.WorkFlowLevel and ACC.StatusID=372) or (WF.CtWef is not null and ACC.WorkFlowLevel>=WF.LvWef
and ACC.CreatedDate+WF.CtWef<=convert(float,getdate())))''+@where+''
GROUP BY ACC.CostCenterID,ACC.VoucherNo  ) AS T
JOIN ADM_DocumentTypes DT with(nolock) ON T.CostCenterID=DT.CostCenterID
GROUP BY DT.CostCenterID,DT.DocumentName,DT.DocumentType,DT.IsInventory  
UNION ALL
SELECT DT.FeatureID CostCenterID,DT.Name DocumentName,-DT.FeatureID DocumentType,0 IsInventory,count(*) CNT
FROM (
SELECT INV.CostCenterID FROM REN_Contract INV WITH(NOLOCK),#TblUsrWF WF
WHERE  WF.WID=INV.WorkflowID and WF.LevelID>INV.WorkFlowLevel and (INV.StatusID=440 or INV.StatusID=470 or INV.StatusID=466) AND (WF.Type=1 or (INV.WorkFlowLevel+1=WF.LevelID and INV.StatusID!=470)  or (WF.CtWef is not null and INV.WorkFlowLevel>=WF.LvWef
 and INV.CreatedDate+WF.CtWef<=convert(float,getdate()))) AND INV.RefContractID=0 ) AS T
JOIN ADM_Features DT with(nolock) ON T.CostCenterID=DT.FeatureID
GROUP BY DT.FeatureID,DT.Name 
ORDER BY DocumentName''
exec(@query)

DROP TABLE #TblUsrWF
'
 ,1
 ,1
[System: 192.168.1.181] DEBUG | 07-04-2025 17:17:49.930 | General Service|:: CompanyIndex:1 SpName: spADM_GetDataSet 
 'select * from COM_TokenHistory WITH(NOLOCK) where JwtToken=''eyJhbGciOiJIUzI1NiIsInR5cCI6IkpXVCJ9.eyJ1bmlxdWVfbmFtZSI6ImFkbWluLDEsMSwxIiwibmJmIjoxNzUxNjI3NDc2LCJleHAiOjE3NTE2NTYyNzYsImlhdCI6MTc1MTYyNzQ3Nn0.nyj8RiMh5pZSBXNC9--WP-NqqPFf_meke1UeXaVOy24'''
 ,1
 ,1
 message=Invalid object name 'COM_TokenHistory'.
[System: 192.168.1.181] DEBUG | 07-04-2025 17:17:49.930 | General Service|:: CompanyIndex:1 SpName: spADM_GetDataSet 
 'select * from COM_TokenHistory WITH(NOLOCK) where JwtToken=''eyJhbGciOiJIUzI1NiIsInR5cCI6IkpXVCJ9.eyJ1bmlxdWVfbmFtZSI6ImFkbWluLDEsMSwxIiwibmJmIjoxNzUxNjI3NDc2LCJleHAiOjE3NTE2NTYyNzYsImlhdCI6MTc1MTYyNzQ3Nn0.nyj8RiMh5pZSBXNC9--WP-NqqPFf_meke1UeXaVOy24'''
 ,1
 ,1
 message=Problem in processing your request, Please contact administrator.
[System: 192.168.1.181] INFO | 07-04-2025 17:17:49.930 | OnStartup: Logger Instance Created Successfully
[System: 192.168.1.181] INFO | 07-04-2025 17:17:49.930 | OnStartup: Application Starting...
[System: 192.168.1.181] ERROR | 07-04-2025 17:17:49.930 | General Service|:: CompanyIndex:1 SpName: spADM_GetDataSetParameters :
 'select * from COM_TokenHistory WITH(NOLOCK) where JwtToken=''eyJhbGciOiJIUzI1NiIsInR5cCI6IkpXVCJ9.eyJ1bmlxdWVfbmFtZSI6ImFkbWluLDEsMSwxIiwibmJmIjoxNzUxNjI3NDc2LCJleHAiOjE3NTE2NTYyNzYsImlhdCI6MTc1MTYyNzQ3Nn0.nyj8RiMh5pZSBXNC9--WP-NqqPFf_meke1UeXaVOy24'''
 ,1
 ,1|Invalid object name 'COM_TokenHistory'.
