[System: 192.168.1.56] DEBUG | 06-25-2025 10:17:36.377 | General Service|:: CompanyIndex:7 SpName: spCOM_ConfigValues 
 1
 ,'NotifTime'
 ,''
[System: 192.168.1.56] DEBUG | 06-25-2025 10:17:36.377 | General Service|:: CompanyIndex:7 SpName: spADM_GetDataSet 
 'select * from COM_TokenHistory WITH(NOLOCK) where JwtToken=''eyJhbGciOiJIUzI1NiIsInR5cCI6IkpXVCJ9.eyJ1bmlxdWVfbmFtZSI6ImFkbWluLDEsNywxIiwibmJmIjoxNzUwODI1NTIzLCJleHAiOjE3NTA4NTQzMjMsImlhdCI6MTc1MDgyNTUyM30.l_5irF2kvboLlrlfIUjqXug8kExnxUHyblwN4UDAlf0'''
 ,1
 ,1
[System: 192.168.1.56] DEBUG | 06-25-2025 10:17:36.455 | General Service|:: CompanyIndex:0 SpName: spADM_Login 
 4
 ,''
 ,''
 ,''
 ,'declare @AllowSession bit,@GUID nvarchar(50)
set @AllowSession=0
set @GUID=''10fcbab1-c15d-4877-ada2-fc36cfbdf707''
if exists(select [GUID] from ADM_Login with(nolock) where [GUID]=@GUID)
begin
    update ADM_Login  set LastAccessTime=convert(float,getdate()) where [GUID]=@GUID
    set @AllowSession=1
end
select @AllowSession AllowSession
'
 ,''
 ,0
[System: 192.168.1.56] DEBUG | 06-25-2025 10:17:36.455 | General Service|:: CompanyIndex:7 SpName: spADM_GetDataSet 
 'select * from COM_TokenHistory WITH(NOLOCK) where JwtToken=''eyJhbGciOiJIUzI1NiIsInR5cCI6IkpXVCJ9.eyJ1bmlxdWVfbmFtZSI6ImFkbWluLDEsNywxIiwibmJmIjoxNzUwODI1NTIzLCJleHAiOjE3NTA4NTQzMjMsImlhdCI6MTc1MDgyNTUyM30.l_5irF2kvboLlrlfIUjqXug8kExnxUHyblwN4UDAlf0'''
 ,1
 ,1
[System: 192.168.1.56] DEBUG | 06-25-2025 10:17:36.643 | General Service|:: CompanyIndex:7 SpName: spADM_GetDataSet 
 'declare @UserID int,@RoleID int,@UserName NVARCHAR(100),@where nvarchar(max),@query nvarchar(max)
set @UserID=1
set @RoleID=1-- Employee:-1
SELECT @UserName=UserName From ADM_Users WITH(NOLOCK) WHERE UserID=@UserID
exec [fnGet_GetAssignedDims] @UserID,@RoleID,@where output
 create table #TblUsrWF(WID int,LevelID int,Type int,CtWef float,LvWef int)
EXEC spRPT_GetReportData @Type=8,@Param1=@UserID,@strXML=null,@RoleID=@RoleID set @query=''  SELECT DT.CostCenterID,DT.DocumentName,DT.DocumentType,DT.IsInventory,count(*) CNT
FROM (
 SELECT INV.CostCenterID
FROM INV_DocDetails INV with(nolock)''
if(@where<>'''')
	set @query=@query+'' join com_docccdata d with(nolock) on INV.INVDocDetailsid=d.INVDocDetailsid''	

set @query=@query+'' ,#TblUsrWF WF
WHERE WF.WID=INV.WorkflowID and (WF.LevelID>INV.WorkFlowLevel or (WF.LevelID+1=INV.WorkFlowLevel and INV.StatusID=372)) and (INV.StatusID=371 or INV.StatusID=372 or INV.StatusID=441) AND (WF.Type=1 or (INV.WorkFlowLevel+1=WF.LevelID and INV.StatusID!=372) or (WF.LevelID+1=INV.WorkFlowLevel and INV.StatusID=372) or (WF.CtWef is not null and INV.WorkFlowLevel>=WF.LvWef
and INV.CreatedDate+WF.CtWef<=convert(float,getdate()))) ''+@where+''
GROUP BY INV.CostCenterID,INV.VoucherNo
UNION ALL
SELECT ACC.CostCenterID
FROM ACC_DocDetails ACC with(nolock)''
if(@where<>'''')
	set @query=@query+'' join com_docccdata d with(nolock) on ACC.ACCDocDetailsid=d.ACCDocDetailsid''	

set @query=@query+'',#TblUsrWF WF
WHERE ACC.LinkedAccDocDetailsID is null and ACC.InvDocDetailsID is null and WF.WID=ACC.WorkflowID and (WF.LevelID>ACC.WorkFlowLevel or (WF.LevelID+1=ACC.WorkFlowLevel and ACC.StatusID=372)) and (ACC.StatusID=371 or ACC.StatusID=372 or ACC.StatusID=441) AND (WF.Type=1 or (ACC.WorkFlowLevel+1=WF.LevelID and ACC.StatusID!=372) or (WF.LevelID+1=ACC.WorkFlowLevel and ACC.StatusID=372) or (WF.CtWef is not null and ACC.WorkFlowLevel>=WF.LvWef
and ACC.CreatedDate+WF.CtWef<=convert(float,getdate())))''+@where+''
GROUP BY ACC.CostCenterID,ACC.VoucherNo  ) AS T
JOIN ADM_DocumentTypes DT with(nolock) ON T.CostCenterID=DT.CostCenterID
GROUP BY DT.CostCenterID,DT.DocumentName,DT.DocumentType,DT.IsInventory  
UNION ALL
SELECT DT.FeatureID CostCenterID,DT.Name DocumentName,-DT.FeatureID DocumentType,0 IsInventory,count(*) CNT
FROM (
SELECT INV.CostCenterID FROM REN_Contract INV WITH(NOLOCK),#TblUsrWF WF
WHERE  WF.WID=INV.WorkflowID and WF.LevelID>INV.WorkFlowLevel and (INV.StatusID=440 or INV.StatusID=470 or INV.StatusID=466) AND (WF.Type=1 or (INV.WorkFlowLevel+1=WF.LevelID and INV.StatusID!=470)  or (WF.CtWef is not null and INV.WorkFlowLevel>=WF.LvWef
 and INV.CreatedDate+WF.CtWef<=convert(float,getdate()))) AND INV.RefContractID=0 ) AS T
JOIN ADM_Features DT with(nolock) ON T.CostCenterID=DT.FeatureID
GROUP BY DT.FeatureID,DT.Name 
ORDER BY DocumentName''
exec(@query)

DROP TABLE #TblUsrWF
'
 ,1
 ,1
[System: 192.168.1.56] DEBUG | 06-25-2025 10:17:36.659 | General Service|:: CompanyIndex:7 SpName: spADM_GetDataSet 
 'select * from COM_TokenHistory WITH(NOLOCK) where JwtToken=''eyJhbGciOiJIUzI1NiIsInR5cCI6IkpXVCJ9.eyJ1bmlxdWVfbmFtZSI6ImFkbWluLDEsNywxIiwibmJmIjoxNzUwODI1NTIzLCJleHAiOjE3NTA4NTQzMjMsImlhdCI6MTc1MDgyNTUyM30.l_5irF2kvboLlrlfIUjqXug8kExnxUHyblwN4UDAlf0'''
 ,1
 ,1
[System: 192.168.1.56] DEBUG | 06-25-2025 10:17:36.768 | General Service|:: CompanyIndex:7 SpName: spADM_GetDataSet 
 'declare @UserID int,@RoleID int,@UserName NVARCHAR(100),@where nvarchar(max),@query nvarchar(max)
set @UserID=1
set @RoleID=1-- Employee:-1
SELECT @UserName=UserName From ADM_Users WITH(NOLOCK) WHERE UserID=@UserID
exec [fnGet_GetAssignedDims] @UserID,@RoleID,@where output
 create table #TblUsrWF(WID int,LevelID int,Type int,CtWef float,LvWef int)
EXEC spRPT_GetReportData @Type=8,@Param1=@UserID,@strXML=null,@RoleID=@RoleID set @query=''  SELECT DT.CostCenterID,DT.DocumentName,DT.DocumentType,DT.IsInventory,count(*) CNT
FROM (
 SELECT INV.CostCenterID
FROM INV_DocDetails INV with(nolock)''
if(@where<>'''')
	set @query=@query+'' join com_docccdata d with(nolock) on INV.INVDocDetailsid=d.INVDocDetailsid''	

set @query=@query+'' ,#TblUsrWF WF
WHERE WF.WID=INV.WorkflowID and (WF.LevelID>INV.WorkFlowLevel or (WF.LevelID+1=INV.WorkFlowLevel and INV.StatusID=372)) and (INV.StatusID=371 or INV.StatusID=372 or INV.StatusID=441) AND (WF.Type=1 or (INV.WorkFlowLevel+1=WF.LevelID and INV.StatusID!=372) or (WF.LevelID+1=INV.WorkFlowLevel and INV.StatusID=372) or (WF.CtWef is not null and INV.WorkFlowLevel>=WF.LvWef
and INV.CreatedDate+WF.CtWef<=convert(float,getdate()))) ''+@where+''
GROUP BY INV.CostCenterID,INV.VoucherNo
UNION ALL
SELECT ACC.CostCenterID
FROM ACC_DocDetails ACC with(nolock)''
if(@where<>'''')
	set @query=@query+'' join com_docccdata d with(nolock) on ACC.ACCDocDetailsid=d.ACCDocDetailsid''	

set @query=@query+'',#TblUsrWF WF
WHERE ACC.LinkedAccDocDetailsID is null and ACC.InvDocDetailsID is null and WF.WID=ACC.WorkflowID and (WF.LevelID>ACC.WorkFlowLevel or (WF.LevelID+1=ACC.WorkFlowLevel and ACC.StatusID=372)) and (ACC.StatusID=371 or ACC.StatusID=372 or ACC.StatusID=441) AND (WF.Type=1 or (ACC.WorkFlowLevel+1=WF.LevelID and ACC.StatusID!=372) or (WF.LevelID+1=ACC.WorkFlowLevel and ACC.StatusID=372) or (WF.CtWef is not null and ACC.WorkFlowLevel>=WF.LvWef
and ACC.CreatedDate+WF.CtWef<=convert(float,getdate())))''+@where+''
GROUP BY ACC.CostCenterID,ACC.VoucherNo  ) AS T
JOIN ADM_DocumentTypes DT with(nolock) ON T.CostCenterID=DT.CostCenterID
GROUP BY DT.CostCenterID,DT.DocumentName,DT.DocumentType,DT.IsInventory  
UNION ALL
SELECT DT.FeatureID CostCenterID,DT.Name DocumentName,-DT.FeatureID DocumentType,0 IsInventory,count(*) CNT
FROM (
SELECT INV.CostCenterID FROM REN_Contract INV WITH(NOLOCK),#TblUsrWF WF
WHERE  WF.WID=INV.WorkflowID and WF.LevelID>INV.WorkFlowLevel and (INV.StatusID=440 or INV.StatusID=470 or INV.StatusID=466) AND (WF.Type=1 or (INV.WorkFlowLevel+1=WF.LevelID and INV.StatusID!=470)  or (WF.CtWef is not null and INV.WorkFlowLevel>=WF.LvWef
 and INV.CreatedDate+WF.CtWef<=convert(float,getdate()))) AND INV.RefContractID=0 ) AS T
JOIN ADM_Features DT with(nolock) ON T.CostCenterID=DT.FeatureID
GROUP BY DT.FeatureID,DT.Name 
ORDER BY DocumentName''
exec(@query)

DROP TABLE #TblUsrWF
'
 ,1
 ,1
[System: 192.168.1.56] DEBUG | 06-25-2025 10:17:36.768 | General Service|:: CompanyIndex:7 SpName: spADM_GetDataSet 
 'select * from COM_TokenHistory WITH(NOLOCK) where JwtToken=''eyJhbGciOiJIUzI1NiIsInR5cCI6IkpXVCJ9.eyJ1bmlxdWVfbmFtZSI6ImFkbWluLDEsNywxIiwibmJmIjoxNzUwODI1NTIzLCJleHAiOjE3NTA4NTQzMjMsImlhdCI6MTc1MDgyNTUyM30.l_5irF2kvboLlrlfIUjqXug8kExnxUHyblwN4UDAlf0'''
 ,1
 ,1
[System: 192.168.1.56] DEBUG | 06-25-2025 10:17:46.000 | General Service|:: CompanyIndex:7 SpName: spADM_BulkEditDetails 
 6
 ,104
 ,0
 ,''
 ,''
 ,''
 ,''
 ,'admin'
 ,1
 ,1
 ,1
[System: 192.168.1.56] DEBUG | 06-25-2025 10:17:46.000 | General Service|:: CompanyIndex:7 SpName: spADM_GetDataSet 
 'select * from COM_TokenHistory WITH(NOLOCK) where JwtToken=''eyJhbGciOiJIUzI1NiIsInR5cCI6IkpXVCJ9.eyJ1bmlxdWVfbmFtZSI6ImFkbWluLDEsNywxIiwibmJmIjoxNzUwODI1NTIzLCJleHAiOjE3NTA4NTQzMjMsImlhdCI6MTc1MDgyNTUyM30.l_5irF2kvboLlrlfIUjqXug8kExnxUHyblwN4UDAlf0'''
 ,1
 ,1
[System: 192.168.1.56] DEBUG | 06-25-2025 10:17:46.016 | General Service|:: CompanyIndex:7 SpName: spADM_BulkEditDetails 
 2
 ,0
 ,2
 ,''
 ,''
 ,''
 ,''
 ,'admin'
 ,1
 ,1
 ,1
[System: 192.168.1.56] DEBUG | 06-25-2025 10:17:46.016 | General Service|:: CompanyIndex:7 SpName: spADM_GetDataSet 
 'select * from COM_TokenHistory WITH(NOLOCK) where JwtToken=''eyJhbGciOiJIUzI1NiIsInR5cCI6IkpXVCJ9.eyJ1bmlxdWVfbmFtZSI6ImFkbWluLDEsNywxIiwibmJmIjoxNzUwODI1NTIzLCJleHAiOjE3NTA4NTQzMjMsImlhdCI6MTc1MDgyNTUyM30.l_5irF2kvboLlrlfIUjqXug8kExnxUHyblwN4UDAlf0'''
 ,1
 ,1
[System: 192.168.1.56] DEBUG | 06-25-2025 10:17:46.047 | General Service|:: CompanyIndex:7 SpName: spADM_GetDataSet 
 'SELECT StaticReportType FROM ADM_RevenUReports WITH(NOLOCK) WHERE ReportID=90871'
 ,1
 ,1
[System: 192.168.1.56] DEBUG | 06-25-2025 10:17:46.047 | General Service|:: CompanyIndex:7 SpName: spADM_GetDataSet 
 'select * from COM_TokenHistory WITH(NOLOCK) where JwtToken=''eyJhbGciOiJIUzI1NiIsInR5cCI6IkpXVCJ9.eyJ1bmlxdWVfbmFtZSI6ImFkbWluLDEsNywxIiwibmJmIjoxNzUwODI1NTIzLCJleHAiOjE3NTA4NTQzMjMsImlhdCI6MTc1MDgyNTUyM30.l_5irF2kvboLlrlfIUjqXug8kExnxUHyblwN4UDAlf0'''
 ,1
 ,1
[System: 192.168.1.56] DEBUG | 06-25-2025 10:17:46.063 | General Service|:: CompanyIndex:7 SpName: spRPT_GetReport 
 0
 ,90871
 ,'1'
 ,'1'
 ,1
[System: 192.168.1.56] DEBUG | 06-25-2025 10:17:46.078 | General Service|:: CompanyIndex:7 SpName: spADM_GetDataSet 
 'select * from COM_TokenHistory WITH(NOLOCK) where JwtToken=''eyJhbGciOiJIUzI1NiIsInR5cCI6IkpXVCJ9.eyJ1bmlxdWVfbmFtZSI6ImFkbWluLDEsNywxIiwibmJmIjoxNzUwODI1NTIzLCJleHAiOjE3NTA4NTQzMjMsImlhdCI6MTc1MDgyNTUyM30.l_5irF2kvboLlrlfIUjqXug8kExnxUHyblwN4UDAlf0'''
 ,1
 ,1
[System: 192.168.1.56] DEBUG | 06-25-2025 10:17:46.094 | General Service|:: CompanyIndex:7 SpName: spDOC_GetVPTPrintCopies 
 4
 ,50
 ,90871
 ,2
 ,4
 ,'View~98cab7ee-e70b-42d5-b339-b5ed4057d2e2'
 ,'admin'
 ,1
[System: 192.168.1.56] DEBUG | 06-25-2025 10:17:46.094 | General Service|:: CompanyIndex:7 SpName: spADM_GetDataSet 
 'select * from COM_TokenHistory WITH(NOLOCK) where JwtToken=''eyJhbGciOiJIUzI1NiIsInR5cCI6IkpXVCJ9.eyJ1bmlxdWVfbmFtZSI6ImFkbWluLDEsNywxIiwibmJmIjoxNzUwODI1NTIzLCJleHAiOjE3NTA4NTQzMjMsImlhdCI6MTc1MDgyNTUyM30.l_5irF2kvboLlrlfIUjqXug8kExnxUHyblwN4UDAlf0'''
 ,1
 ,1
[System: 192.168.1.56] DEBUG | 06-25-2025 10:17:46.125 | General Service|:: CompanyIndex:7 SpName: spRPT_GetReportFields 
 2
 ,0
 ,'1'
 ,1
[System: 192.168.1.56] DEBUG | 06-25-2025 10:17:46.141 | General Service|:: CompanyIndex:7 SpName: spADM_GetDataSet 
 'select * from COM_TokenHistory WITH(NOLOCK) where JwtToken=''eyJhbGciOiJIUzI1NiIsInR5cCI6IkpXVCJ9.eyJ1bmlxdWVfbmFtZSI6ImFkbWluLDEsNywxIiwibmJmIjoxNzUwODI1NTIzLCJleHAiOjE3NTA4NTQzMjMsImlhdCI6MTc1MDgyNTUyM30.l_5irF2kvboLlrlfIUjqXug8kExnxUHyblwN4UDAlf0'''
 ,1
 ,1
[System: 192.168.1.56] DEBUG | 06-25-2025 10:17:46.156 | General Service|:: CompanyIndex:7 SpName: spRPT_GetReportFields 
 110
 ,0
 ,'1'
 ,1
[System: 192.168.1.56] DEBUG | 06-25-2025 10:17:46.172 | General Service|:: CompanyIndex:7 SpName: spADM_GetDataSet 
 'select * from COM_TokenHistory WITH(NOLOCK) where JwtToken=''eyJhbGciOiJIUzI1NiIsInR5cCI6IkpXVCJ9.eyJ1bmlxdWVfbmFtZSI6ImFkbWluLDEsNywxIiwibmJmIjoxNzUwODI1NTIzLCJleHAiOjE3NTA4NTQzMjMsImlhdCI6MTc1MDgyNTUyM30.l_5irF2kvboLlrlfIUjqXug8kExnxUHyblwN4UDAlf0'''
 ,1
 ,1
[System: 192.168.1.56] DEBUG | 06-25-2025 10:17:46.219 | General Service|:: CompanyIndex:7 SpName: spADM_GetCostCenterGridViewList 
 2
 ,1
 ,1
 ,1
[System: 192.168.1.56] DEBUG | 06-25-2025 10:17:46.219 | General Service|:: CompanyIndex:7 SpName: spADM_GetDataSet 
 'select * from COM_TokenHistory WITH(NOLOCK) where JwtToken=''eyJhbGciOiJIUzI1NiIsInR5cCI6IkpXVCJ9.eyJ1bmlxdWVfbmFtZSI6ImFkbWluLDEsNywxIiwibmJmIjoxNzUwODI1NTIzLCJleHAiOjE3NTA4NTQzMjMsImlhdCI6MTc1MDgyNTUyM30.l_5irF2kvboLlrlfIUjqXug8kExnxUHyblwN4UDAlf0'''
 ,1
 ,1
[System: 192.168.1.56] DEBUG | 06-25-2025 10:17:46.359 | General Service|:: CompanyIndex:7 SpName: spCom_GetCostCenterSummary 
 126
 ,-1
 ,1000
 ,''
 ,''
 ,''
 ,0
 ,'25-Jun-2025'
 ,NULL
 ,''
 ,1
 ,1
 ,0
 ,0
 ,False
 ,1
[System: 192.168.1.56] DEBUG | 06-25-2025 10:17:46.359 | General Service|:: CompanyIndex:7 SpName: spADM_GetDataSet 
 'select * from COM_TokenHistory WITH(NOLOCK) where JwtToken=''eyJhbGciOiJIUzI1NiIsInR5cCI6IkpXVCJ9.eyJ1bmlxdWVfbmFtZSI6ImFkbWluLDEsNywxIiwibmJmIjoxNzUwODI1NTIzLCJleHAiOjE3NTA4NTQzMjMsImlhdCI6MTc1MDgyNTUyM30.l_5irF2kvboLlrlfIUjqXug8kExnxUHyblwN4UDAlf0'''
 ,1
 ,1
[System: 192.168.1.56] DEBUG | 06-25-2025 10:17:46.406 | General Service|:: CompanyIndex:7 SpName: spADM_GetCostCenterGridViewList 
 50002
 ,1
 ,1
 ,1
[System: 192.168.1.56] DEBUG | 06-25-2025 10:17:46.422 | General Service|:: CompanyIndex:7 SpName: spADM_GetDataSet 
 'select * from COM_TokenHistory WITH(NOLOCK) where JwtToken=''eyJhbGciOiJIUzI1NiIsInR5cCI6IkpXVCJ9.eyJ1bmlxdWVfbmFtZSI6ImFkbWluLDEsNywxIiwibmJmIjoxNzUwODI1NTIzLCJleHAiOjE3NTA4NTQzMjMsImlhdCI6MTc1MDgyNTUyM30.l_5irF2kvboLlrlfIUjqXug8kExnxUHyblwN4UDAlf0'''
 ,1
 ,1
[System: 192.168.1.56] DEBUG | 06-25-2025 10:17:46.438 | General Service|:: CompanyIndex:7 SpName: spCom_GetCostCenterSummary 
 60
 ,-1
 ,1000
 ,''
 ,''
 ,''
 ,0
 ,'25-Jun-2025'
 ,NULL
 ,''
 ,1
 ,1
 ,0
 ,0
 ,False
 ,1
[System: 192.168.1.56] DEBUG | 06-25-2025 10:17:46.438 | General Service|:: CompanyIndex:7 SpName: spADM_GetDataSet 
 'select * from COM_TokenHistory WITH(NOLOCK) where JwtToken=''eyJhbGciOiJIUzI1NiIsInR5cCI6IkpXVCJ9.eyJ1bmlxdWVfbmFtZSI6ImFkbWluLDEsNywxIiwibmJmIjoxNzUwODI1NTIzLCJleHAiOjE3NTA4NTQzMjMsImlhdCI6MTc1MDgyNTUyM30.l_5irF2kvboLlrlfIUjqXug8kExnxUHyblwN4UDAlf0'''
 ,1
 ,1
[System: 192.168.1.56] DEBUG | 06-25-2025 10:17:46.516 | General Service|:: CompanyIndex:7 SpName: spCom_GetCostCenterSummary 
 126
 ,1000
 ,1000
 ,''
 ,''
 ,''
 ,1995
 ,'25-Jun-2025'
 ,NULL
 ,''
 ,1
 ,1
 ,0
 ,0
 ,False
 ,1
[System: 192.168.1.56] DEBUG | 06-25-2025 10:17:46.531 | General Service|:: CompanyIndex:7 SpName: spADM_GetDataSet 
 'select * from COM_TokenHistory WITH(NOLOCK) where JwtToken=''eyJhbGciOiJIUzI1NiIsInR5cCI6IkpXVCJ9.eyJ1bmlxdWVfbmFtZSI6ImFkbWluLDEsNywxIiwibmJmIjoxNzUwODI1NTIzLCJleHAiOjE3NTA4NTQzMjMsImlhdCI6MTc1MDgyNTUyM30.l_5irF2kvboLlrlfIUjqXug8kExnxUHyblwN4UDAlf0'''
 ,1
 ,1
[System: 192.168.1.56] DEBUG | 06-25-2025 10:17:46.594 | General Service|:: CompanyIndex:7 SpName: spCom_GetCostCenterSummary 
 126
 ,2000
 ,1000
 ,''
 ,''
 ,''
 ,3995
 ,'25-Jun-2025'
 ,NULL
 ,''
 ,1
 ,1
 ,0
 ,0
 ,False
 ,1
[System: 192.168.1.56] DEBUG | 06-25-2025 10:17:46.594 | General Service|:: CompanyIndex:7 SpName: spADM_GetDataSet 
 'select * from COM_TokenHistory WITH(NOLOCK) where JwtToken=''eyJhbGciOiJIUzI1NiIsInR5cCI6IkpXVCJ9.eyJ1bmlxdWVfbmFtZSI6ImFkbWluLDEsNywxIiwibmJmIjoxNzUwODI1NTIzLCJleHAiOjE3NTA4NTQzMjMsImlhdCI6MTc1MDgyNTUyM30.l_5irF2kvboLlrlfIUjqXug8kExnxUHyblwN4UDAlf0'''
 ,1
 ,1
[System: 192.168.1.56] DEBUG | 06-25-2025 10:17:49.082 | General Service|:: CompanyIndex:7 SpName: spADM_GetDataSet 
 'SELECT T0.AccountCode [Cf665c288a864411cb105e83cadc1c28e],T0.AccountID AS [Cf665c288a864411cb105e83cadc1c28e_ID],T0.AccountName [Ccfb5cce170c1490caf71a7a05df316c6],T1.AccountType [C8688bd8c5c0d40959cd37ce7849160dd],T2.UserName [C50eb98dd8d4b4c21b1951b3aefd3d51e],T3.Status [C3d3a4b438be34b90aa3245136d8d8f20]
 FROM ACC_Accounts T0 with(nolock) left join ACC_AccountTypes T1 with(nolock) on T0.AccountTypeID=T1.AccountTypeID left join ADM_Users T2 with(nolock) on T0.CreatedBy=T2.Username left join COM_Status T3 with(nolock) on T0.StatusID=T3.StatusID
 WHERE T3.Status=''Unapproved'''
 ,1
 ,1
[System: 192.168.1.56] DEBUG | 06-25-2025 10:17:49.082 | General Service|:: CompanyIndex:7 SpName: spADM_GetDataSet 
 'select * from COM_TokenHistory WITH(NOLOCK) where JwtToken=''eyJhbGciOiJIUzI1NiIsInR5cCI6IkpXVCJ9.eyJ1bmlxdWVfbmFtZSI6ImFkbWluLDEsNywxIiwibmJmIjoxNzUwODI1NTIzLCJleHAiOjE3NTA4NTQzMjMsImlhdCI6MTc1MDgyNTUyM30.l_5irF2kvboLlrlfIUjqXug8kExnxUHyblwN4UDAlf0'''
 ,1
 ,1
[System: 192.168.1.56] DEBUG | 06-25-2025 10:17:56.668 | General Service|:: CompanyIndex:7 SpName: spADM_GetDataSet 
 'SELECT T0.AccountCode [Cf665c288a864411cb105e83cadc1c28e],T0.AccountID AS [Cf665c288a864411cb105e83cadc1c28e_ID],T0.AccountName [Ccfb5cce170c1490caf71a7a05df316c6],T1.AccountType [C8688bd8c5c0d40959cd37ce7849160dd],T2.UserName [C50eb98dd8d4b4c21b1951b3aefd3d51e],T3.Status [C3d3a4b438be34b90aa3245136d8d8f20]
 FROM ACC_Accounts T0 with(nolock) left join ACC_AccountTypes T1 with(nolock) on T0.AccountTypeID=T1.AccountTypeID left join ADM_Users T2 with(nolock) on T0.CreatedBy=T2.Username left join COM_Status T3 with(nolock) on T0.StatusID=T3.StatusID
 WHERE T3.Status=''Unapproved'''
 ,1
 ,1
[System: 192.168.1.56] DEBUG | 06-25-2025 10:17:56.683 | General Service|:: CompanyIndex:7 SpName: spADM_GetDataSet 
 'select * from COM_TokenHistory WITH(NOLOCK) where JwtToken=''eyJhbGciOiJIUzI1NiIsInR5cCI6IkpXVCJ9.eyJ1bmlxdWVfbmFtZSI6ImFkbWluLDEsNywxIiwibmJmIjoxNzUwODI1NTIzLCJleHAiOjE3NTA4NTQzMjMsImlhdCI6MTc1MDgyNTUyM30.l_5irF2kvboLlrlfIUjqXug8kExnxUHyblwN4UDAlf0'''
 ,1
 ,1
[System: 192.168.1.56] DEBUG | 06-25-2025 10:18:02.303 | General Service|:: CompanyIndex:7 SpName: spADM_GetDataSet 
 'SELECT T0.AccountCode [Cf665c288a864411cb105e83cadc1c28e],T0.AccountID AS [Cf665c288a864411cb105e83cadc1c28e_ID],T0.AccountName [Ccfb5cce170c1490caf71a7a05df316c6],T1.AccountType [C8688bd8c5c0d40959cd37ce7849160dd],T2.UserName [C50eb98dd8d4b4c21b1951b3aefd3d51e],T3.Status [C3d3a4b438be34b90aa3245136d8d8f20]
 FROM ACC_Accounts T0 with(nolock) left join ACC_AccountTypes T1 with(nolock) on T0.AccountTypeID=T1.AccountTypeID left join ADM_Users T2 with(nolock) on T0.CreatedBy=T2.Username left join COM_Status T3 with(nolock) on T0.StatusID=T3.StatusID
 WHERE T3.Status=''Unapproved'''
 ,1
 ,1
[System: 192.168.1.56] DEBUG | 06-25-2025 10:18:02.303 | General Service|:: CompanyIndex:7 SpName: spADM_GetDataSet 
 'select * from COM_TokenHistory WITH(NOLOCK) where JwtToken=''eyJhbGciOiJIUzI1NiIsInR5cCI6IkpXVCJ9.eyJ1bmlxdWVfbmFtZSI6ImFkbWluLDEsNywxIiwibmJmIjoxNzUwODI1NTIzLCJleHAiOjE3NTA4NTQzMjMsImlhdCI6MTc1MDgyNTUyM30.l_5irF2kvboLlrlfIUjqXug8kExnxUHyblwN4UDAlf0'''
 ,1
 ,1
[System: 192.168.1.56] DEBUG | 06-25-2025 10:18:29.936 | General Service|:: CompanyIndex:7 SpName: spADM_GetDataSet 
 'declare @UserID int,@RoleID int,@UserName NVARCHAR(100),@where nvarchar(max),@query nvarchar(max)
set @UserID=1
set @RoleID=1-- Employee:-1
SELECT @UserName=UserName From ADM_Users WITH(NOLOCK) WHERE UserID=@UserID
exec [fnGet_GetAssignedDims] @UserID,@RoleID,@where output
 create table #TblUsrWF(WID int,LevelID int,Type int,CtWef float,LvWef int)
EXEC spRPT_GetReportData @Type=8,@Param1=@UserID,@strXML=null,@RoleID=@RoleID set @query=''  SELECT DT.CostCenterID,DT.DocumentName,DT.DocumentType,DT.IsInventory,count(*) CNT
FROM (
 SELECT INV.CostCenterID
FROM INV_DocDetails INV with(nolock)''
if(@where<>'''')
	set @query=@query+'' join com_docccdata d with(nolock) on INV.INVDocDetailsid=d.INVDocDetailsid''	

set @query=@query+'' ,#TblUsrWF WF
WHERE WF.WID=INV.WorkflowID and (WF.LevelID>INV.WorkFlowLevel or (WF.LevelID+1=INV.WorkFlowLevel and INV.StatusID=372)) and (INV.StatusID=371 or INV.StatusID=372 or INV.StatusID=441) AND (WF.Type=1 or (INV.WorkFlowLevel+1=WF.LevelID and INV.StatusID!=372) or (WF.LevelID+1=INV.WorkFlowLevel and INV.StatusID=372) or (WF.CtWef is not null and INV.WorkFlowLevel>=WF.LvWef
and INV.CreatedDate+WF.CtWef<=convert(float,getdate()))) ''+@where+''
GROUP BY INV.CostCenterID,INV.VoucherNo
UNION ALL
SELECT ACC.CostCenterID
FROM ACC_DocDetails ACC with(nolock)''
if(@where<>'''')
	set @query=@query+'' join com_docccdata d with(nolock) on ACC.ACCDocDetailsid=d.ACCDocDetailsid''	

set @query=@query+'',#TblUsrWF WF
WHERE ACC.LinkedAccDocDetailsID is null and ACC.InvDocDetailsID is null and WF.WID=ACC.WorkflowID and (WF.LevelID>ACC.WorkFlowLevel or (WF.LevelID+1=ACC.WorkFlowLevel and ACC.StatusID=372)) and (ACC.StatusID=371 or ACC.StatusID=372 or ACC.StatusID=441) AND (WF.Type=1 or (ACC.WorkFlowLevel+1=WF.LevelID and ACC.StatusID!=372) or (WF.LevelID+1=ACC.WorkFlowLevel and ACC.StatusID=372) or (WF.CtWef is not null and ACC.WorkFlowLevel>=WF.LvWef
and ACC.CreatedDate+WF.CtWef<=convert(float,getdate())))''+@where+''
GROUP BY ACC.CostCenterID,ACC.VoucherNo  ) AS T
JOIN ADM_DocumentTypes DT with(nolock) ON T.CostCenterID=DT.CostCenterID
GROUP BY DT.CostCenterID,DT.DocumentName,DT.DocumentType,DT.IsInventory  
UNION ALL
SELECT DT.FeatureID CostCenterID,DT.Name DocumentName,-DT.FeatureID DocumentType,0 IsInventory,count(*) CNT
FROM (
SELECT INV.CostCenterID FROM REN_Contract INV WITH(NOLOCK),#TblUsrWF WF
WHERE  WF.WID=INV.WorkflowID and WF.LevelID>INV.WorkFlowLevel and (INV.StatusID=440 or INV.StatusID=470 or INV.StatusID=466) AND (WF.Type=1 or (INV.WorkFlowLevel+1=WF.LevelID and INV.StatusID!=470)  or (WF.CtWef is not null and INV.WorkFlowLevel>=WF.LvWef
 and INV.CreatedDate+WF.CtWef<=convert(float,getdate()))) AND INV.RefContractID=0 ) AS T
JOIN ADM_Features DT with(nolock) ON T.CostCenterID=DT.FeatureID
GROUP BY DT.FeatureID,DT.Name 
ORDER BY DocumentName''
exec(@query)

DROP TABLE #TblUsrWF
'
 ,1
 ,1
[System: 192.168.1.56] DEBUG | 06-25-2025 10:18:29.952 | General Service|:: CompanyIndex:7 SpName: spADM_GetDataSet 
 'select * from COM_TokenHistory WITH(NOLOCK) where JwtToken=''eyJhbGciOiJIUzI1NiIsInR5cCI6IkpXVCJ9.eyJ1bmlxdWVfbmFtZSI6ImFkbWluLDEsNywxIiwibmJmIjoxNzUwODI1NTIzLCJleHAiOjE3NTA4NTQzMjMsImlhdCI6MTc1MDgyNTUyM30.l_5irF2kvboLlrlfIUjqXug8kExnxUHyblwN4UDAlf0'''
 ,1
 ,1
