[System: 192.168.1.76] DEBUG | 07-07-2025 18:42:32.585 | General Service|:: CompanyIndex:26 SpName: spCOM_GetDivisions 
 0
 ,171
 ,1
 ,1
[System: 192.168.1.76] DEBUG | 07-07-2025 18:42:32.600 | General Service|:: CompanyIndex:26 SpName: spADM_GetDataSet 
 'select * from COM_TokenHistory WITH(NOLOCK) where JwtToken=''eyJhbGciOiJIUzI1NiIsInR5cCI6IkpXVCJ9.eyJ1bmlxdWVfbmFtZSI6IkFmc2VyLDE3MSwyNiwxIiwibmJmIjoxNzUxODg4MDYwLCJleHAiOjE3NTE5MTY4NjAsImlhdCI6MTc1MTg4ODA2MH0.qoI4MfysBp9aHI6u8DA78WOBKUiL5q1-VyYWXnWlejs'''
 ,1
 ,1
[System: 192.168.1.76] DEBUG | 07-07-2025 18:42:32.803 | General Service|:: CompanyIndex:26 SpName: spCOM_ConfigValues 
 1
 ,'NotifTime'
 ,''
[System: 192.168.1.76] DEBUG | 07-07-2025 18:42:32.803 | General Service|:: CompanyIndex:26 SpName: spADM_GetDataSet 
 'select * from COM_TokenHistory WITH(NOLOCK) where JwtToken=''eyJhbGciOiJIUzI1NiIsInR5cCI6IkpXVCJ9.eyJ1bmlxdWVfbmFtZSI6IkFmc2VyLDE3MSwyNiwxIiwibmJmIjoxNzUxODg4MDYwLCJleHAiOjE3NTE5MTY4NjAsImlhdCI6MTc1MTg4ODA2MH0.qoI4MfysBp9aHI6u8DA78WOBKUiL5q1-VyYWXnWlejs'''
 ,1
 ,1
[System: 192.168.1.76] DEBUG | 07-07-2025 18:42:32.991 | General Service|:: CompanyIndex:26 SpName: spADM_GetRibbonView 
 171
 ,1
 ,1
 ,1
 ,0
 ,''
[System: 192.168.1.76] DEBUG | 07-07-2025 18:42:33.006 | General Service|:: CompanyIndex:26 SpName: spADM_GetDataSet 
 'select * from COM_TokenHistory WITH(NOLOCK) where JwtToken=''eyJhbGciOiJIUzI1NiIsInR5cCI6IkpXVCJ9.eyJ1bmlxdWVfbmFtZSI6IkFmc2VyLDE3MSwyNiwxIiwibmJmIjoxNzUxODg4MDYwLCJleHAiOjE3NTE5MTY4NjAsImlhdCI6MTc1MTg4ODA2MH0.qoI4MfysBp9aHI6u8DA78WOBKUiL5q1-VyYWXnWlejs'''
 ,1
 ,1
[System: 192.168.1.76] DEBUG | 07-07-2025 18:42:33.225 | General Service|:: CompanyIndex:26 SpName: spADM_GetDashBoard 
 2
 ,0
 ,0
 ,'171'
 ,'1'
 ,1
[System: 192.168.1.76] DEBUG | 07-07-2025 18:42:33.225 | General Service|:: CompanyIndex:26 SpName: spADM_GetDataSet 
 'select * from COM_TokenHistory WITH(NOLOCK) where JwtToken=''eyJhbGciOiJIUzI1NiIsInR5cCI6IkpXVCJ9.eyJ1bmlxdWVfbmFtZSI6IkFmc2VyLDE3MSwyNiwxIiwibmJmIjoxNzUxODg4MDYwLCJleHAiOjE3NTE5MTY4NjAsImlhdCI6MTc1MTg4ODA2MH0.qoI4MfysBp9aHI6u8DA78WOBKUiL5q1-VyYWXnWlejs'''
 ,1
 ,1
[System: 192.168.1.76] DEBUG | 07-07-2025 18:42:33.288 | General Service|:: CompanyIndex:26 SpName: spCOM_ConfigValues 
 1
 ,'LandingDocs'
 ,'1'
[System: 192.168.1.76] DEBUG | 07-07-2025 18:42:33.288 | General Service|:: CompanyIndex:26 SpName: spADM_GetDataSet 
 'select * from COM_TokenHistory WITH(NOLOCK) where JwtToken=''eyJhbGciOiJIUzI1NiIsInR5cCI6IkpXVCJ9.eyJ1bmlxdWVfbmFtZSI6IkFmc2VyLDE3MSwyNiwxIiwibmJmIjoxNzUxODg4MDYwLCJleHAiOjE3NTE5MTY4NjAsImlhdCI6MTc1MTg4ODA2MH0.qoI4MfysBp9aHI6u8DA78WOBKUiL5q1-VyYWXnWlejs'''
 ,1
 ,1
[System: 192.168.1.76] DEBUG | 07-07-2025 18:42:33.366 | General Service|:: CompanyIndex:26 SpName: spADM_GetAllListViewsDef 
 171
 ,1
[System: 192.168.1.76] DEBUG | 07-07-2025 18:42:33.366 | General Service|:: CompanyIndex:26 SpName: spADM_GetDataSet 
 'select * from COM_TokenHistory WITH(NOLOCK) where JwtToken=''eyJhbGciOiJIUzI1NiIsInR5cCI6IkpXVCJ9.eyJ1bmlxdWVfbmFtZSI6IkFmc2VyLDE3MSwyNiwxIiwibmJmIjoxNzUxODg4MDYwLCJleHAiOjE3NTE5MTY4NjAsImlhdCI6MTc1MTg4ODA2MH0.qoI4MfysBp9aHI6u8DA78WOBKUiL5q1-VyYWXnWlejs'''
 ,1
 ,1
[System: 192.168.1.76] DEBUG | 07-07-2025 18:42:33.491 | General Service|:: CompanyIndex:26 SpName: spADM_GetAllListViewsDef 
 171
 ,1
[System: 192.168.1.76] DEBUG | 07-07-2025 18:42:33.506 | General Service|:: CompanyIndex:26 SpName: spADM_GetDataSet 
 'select * from COM_TokenHistory WITH(NOLOCK) where JwtToken=''eyJhbGciOiJIUzI1NiIsInR5cCI6IkpXVCJ9.eyJ1bmlxdWVfbmFtZSI6IkFmc2VyLDE3MSwyNiwxIiwibmJmIjoxNzUxODg4MDYwLCJleHAiOjE3NTE5MTY4NjAsImlhdCI6MTc1MTg4ODA2MH0.qoI4MfysBp9aHI6u8DA78WOBKUiL5q1-VyYWXnWlejs'''
 ,1
 ,1
[System: 192.168.1.76] DEBUG | 07-07-2025 18:42:33.663 | General Service|:: CompanyIndex:26 SpName: spADM_GetDataSet 
 'Select CostCenterID,CostCenterColID,CostCenterName,SysTableName,UserColumnName,SysColumnName,ISNULL(UserDefaultValue,'''') UserDefaultValue
From AdM_CostCenterDef WITH(NOLOCK)
Where SysColumnName IN(''CreditAccount'',''DebitAccount'',''ProductID'') 
AND CostCenterID>40000 AND CostCenterID<50000 

SELECT * FROM ADM_Features WITH(NOLOCK) '
 ,171
 ,1
[System: 192.168.1.76] DEBUG | 07-07-2025 18:42:33.663 | General Service|:: CompanyIndex:26 SpName: spADM_GetDataSet 
 'select * from COM_TokenHistory WITH(NOLOCK) where JwtToken=''eyJhbGciOiJIUzI1NiIsInR5cCI6IkpXVCJ9.eyJ1bmlxdWVfbmFtZSI6IkFmc2VyLDE3MSwyNiwxIiwibmJmIjoxNzUxODg4MDYwLCJleHAiOjE3NTE5MTY4NjAsImlhdCI6MTc1MTg4ODA2MH0.qoI4MfysBp9aHI6u8DA78WOBKUiL5q1-VyYWXnWlejs'''
 ,1
 ,1
[System: 192.168.1.76] DEBUG | 07-07-2025 18:42:33.710 | General Service|:: CompanyIndex:26 SpName: spADM_GetDataSet 
 '  SELECT * FROM PAY_PayrollPreferences WITH(NOLOCK) '
 ,171
 ,1
 message=Invalid object name 'PAY_PayrollPreferences'.
[System: 192.168.1.76] DEBUG | 07-07-2025 18:42:33.710 | General Service|:: CompanyIndex:26 SpName: spADM_GetDataSet 
 '  SELECT * FROM PAY_PayrollPreferences WITH(NOLOCK) '
 ,171
 ,1
 message=Problem in processing your request, Please contact administrator.
[System: 192.168.1.76] INFO | 07-07-2025 18:42:33.710 | OnStartup: Logger Instance Created Successfully
[System: 192.168.1.76] INFO | 07-07-2025 18:42:33.710 | OnStartup: Application Starting...
[System: 192.168.1.76] ERROR | 07-07-2025 18:42:33.710 | General Service|:: CompanyIndex:26 SpName: spADM_GetDataSetParameters :
 '  SELECT * FROM PAY_PayrollPreferences WITH(NOLOCK) '
 ,171
 ,1|Invalid object name 'PAY_PayrollPreferences'.
[System: 192.168.1.76] DEBUG | 07-07-2025 18:42:33.725 | General Service|:: CompanyIndex:26 SpName: spADM_GetDataSet 
 'select * from COM_TokenHistory WITH(NOLOCK) where JwtToken=''eyJhbGciOiJIUzI1NiIsInR5cCI6IkpXVCJ9.eyJ1bmlxdWVfbmFtZSI6IkFmc2VyLDE3MSwyNiwxIiwibmJmIjoxNzUxODg4MDYwLCJleHAiOjE3NTE5MTY4NjAsImlhdCI6MTc1MTg4ODA2MH0.qoI4MfysBp9aHI6u8DA78WOBKUiL5q1-VyYWXnWlejs'''
 ,1
 ,1
[System: 192.168.1.76] DEBUG | 07-07-2025 18:42:33.741 | General Service|:: CompanyIndex:26 SpName: spADM_GetDataSet 
 '  --0
                                Select * FROM COM_CC50051 WITH(NOLOCK) WHERE IsGroup=0 AND LoginUserID=''AFSER''
                                --1                                
                                Select * FROM COM_CC50051 WITH(NOLOCK) WHERE RptManager IN (Select NodeID FROM COM_CC50051 WITH(NOLOCK) WHERE IsGroup=0 AND LoginUserID=''AFSER'')
                                UNION ALL
                                Select * FROM COM_CC50051 WITH(NOLOCK) WHERE RptManager IN 
                                (
	                                Select NodeID FROM COM_CC50051 WITH(NOLOCK) 
	                                WHERE IsGroup=0 AND LoginUserID IN
	                                (
	                                SELECT fe.LoginUserID
	                                FROM INV_DocDetails a WITH(NOLOCK) 
	                                JOIN COM_DocCCData b WITH(NOLOCK) ON b.InvDocDetailsID=a.InvDocDetailsID
	                                JOIN COM_DocNumData c WITH(NOLOCK) ON c.InvDocDetailsID=a.InvDocDetailsID
	                                JOIN COM_DocTextData d WITH(NOLOCK) ON d.InvDocDetailsID=a.InvDocDetailsID
	                                JOIN COM_CC50051 fe WITH(NOLOCK) on fe.NodeID=b.dcCCNID51
	                                JOIN COM_CC50051 te WITH(NOLOCK) on CONVERT(NVARCHAR,te.NodeID)=d.dcAlpha1
	                                WHERE a.CostCenterID=40098 and a.StatusID=369 AND d.dcAlpha3=''Temporary''
	                                AND te.LoginUserID=''AFSER'' 
	                                AND ISDATE(d.dcAlpha4)=1 AND ISDATE(d.dcAlpha5)=1 
	                                AND CONVERT(DATETIME,''07 Jul 2025'') BETWEEN CONVERT(DATETIME,d.dcAlpha4) AND CONVERT(DATETIME,d.dcAlpha5)
	                                )
                                )
                                --2
                                Select * FROM ADM_USERS WITH(NOLOCK) WHERE USERID=171
                                --3
                                Select * FROM COM_CostCenterCostCenterMap WITH(NOLOCK) WHERE ParentCostCenterID=7 AND ParentNodeID=171
                                --4                                
                                Select * FROM COM_CostCenterCostCenterMap WITH(NOLOCK) WHERE ParentCostCenterID=7 AND ParentNodeID=171
                                AND CostCenterID IN(Select ColumnCostCenterID From ADM_CostCenterDef Where CostCenterID=50051 AND IsColumnInUse=1 AND SysColumnName LIKE ''CCNID%'')
                                --5
                                Select * from COM_Files WITH(NOLOCK) WHERE FeatureID=50051 AND FeaturePK IN (Select NodeID FROM COM_CC50051 WITH(NOLOCK) WHERE IsGroup=0 AND LoginUserID=''AFSER'')                         
'
 ,171
 ,1
[System: 192.168.1.76] DEBUG | 07-07-2025 18:42:33.741 | General Service|:: CompanyIndex:26 SpName: spADM_GetDataSet 
 'select * from COM_TokenHistory WITH(NOLOCK) where JwtToken=''eyJhbGciOiJIUzI1NiIsInR5cCI6IkpXVCJ9.eyJ1bmlxdWVfbmFtZSI6IkFmc2VyLDE3MSwyNiwxIiwibmJmIjoxNzUxODg4MDYwLCJleHAiOjE3NTE5MTY4NjAsImlhdCI6MTc1MTg4ODA2MH0.qoI4MfysBp9aHI6u8DA78WOBKUiL5q1-VyYWXnWlejs'''
 ,1
 ,1
[System: 192.168.1.76] DEBUG | 07-07-2025 18:42:34.053 | General Service|:: CompanyIndex:26 SpName: spADM_GetDataSet 
 'declare @UserID int,@RoleID int,@UserName NVARCHAR(100),@where nvarchar(max),@query nvarchar(max)
set @UserID=171
set @RoleID=1-- Employee:-1
SELECT @UserName=UserName From ADM_Users WITH(NOLOCK) WHERE UserID=@UserID
exec [fnGet_GetAssignedDims] @UserID,@RoleID,@where output
 create table #TblUsrWF(WID int,LevelID int,Type int,CtWef float,LvWef int)
EXEC spRPT_GetReportData @Type=8,@Param1=@UserID,@strXML=null,@RoleID=@RoleID set @query=''  SELECT DT.CostCenterID,DT.DocumentName,DT.DocumentType,DT.IsInventory,count(*) CNT
FROM (
 SELECT INV.CostCenterID
FROM INV_DocDetails INV with(nolock)''
if(@where<>'''')
	set @query=@query+'' join com_docccdata d with(nolock) on INV.INVDocDetailsid=d.INVDocDetailsid''	

set @query=@query+'' ,#TblUsrWF WF
WHERE WF.WID=INV.WorkflowID and (WF.LevelID>INV.WorkFlowLevel or (WF.LevelID+1=INV.WorkFlowLevel and INV.StatusID=372)) and (INV.StatusID=371 or INV.StatusID=372 or INV.StatusID=441) AND (WF.Type=1 or (INV.WorkFlowLevel+1=WF.LevelID and INV.StatusID!=372) or (WF.LevelID+1=INV.WorkFlowLevel and INV.StatusID=372) or (WF.CtWef is not null and INV.WorkFlowLevel>=WF.LvWef
and INV.CreatedDate+WF.CtWef<=convert(float,getdate()))) ''+@where+''
GROUP BY INV.CostCenterID,INV.VoucherNo
UNION ALL
SELECT ACC.CostCenterID
FROM ACC_DocDetails ACC with(nolock)''
if(@where<>'''')
	set @query=@query+'' join com_docccdata d with(nolock) on ACC.ACCDocDetailsid=d.ACCDocDetailsid''	

set @query=@query+'',#TblUsrWF WF
WHERE ACC.LinkedAccDocDetailsID is null and ACC.InvDocDetailsID is null and WF.WID=ACC.WorkflowID and (WF.LevelID>ACC.WorkFlowLevel or (WF.LevelID+1=ACC.WorkFlowLevel and ACC.StatusID=372)) and (ACC.StatusID=371 or ACC.StatusID=372 or ACC.StatusID=441) AND (WF.Type=1 or (ACC.WorkFlowLevel+1=WF.LevelID and ACC.StatusID!=372) or (WF.LevelID+1=ACC.WorkFlowLevel and ACC.StatusID=372) or (WF.CtWef is not null and ACC.WorkFlowLevel>=WF.LvWef
and ACC.CreatedDate+WF.CtWef<=convert(float,getdate())))''+@where+''
GROUP BY ACC.CostCenterID,ACC.VoucherNo  ) AS T
JOIN ADM_DocumentTypes DT with(nolock) ON T.CostCenterID=DT.CostCenterID
GROUP BY DT.CostCenterID,DT.DocumentName,DT.DocumentType,DT.IsInventory  
UNION ALL
SELECT DT.FeatureID CostCenterID,DT.Name DocumentName,-DT.FeatureID DocumentType,0 IsInventory,count(*) CNT
FROM (
SELECT INV.CostCenterID FROM REN_Contract INV WITH(NOLOCK),#TblUsrWF WF
WHERE  WF.WID=INV.WorkflowID and WF.LevelID>INV.WorkFlowLevel and (INV.StatusID=440 or INV.StatusID=470 or INV.StatusID=466) AND (WF.Type=1 or (INV.WorkFlowLevel+1=WF.LevelID and INV.StatusID!=470)  or (WF.CtWef is not null and INV.WorkFlowLevel>=WF.LvWef
 and INV.CreatedDate+WF.CtWef<=convert(float,getdate()))) AND INV.RefContractID=0 ) AS T
JOIN ADM_Features DT with(nolock) ON T.CostCenterID=DT.FeatureID
GROUP BY DT.FeatureID,DT.Name 
ORDER BY DocumentName''
exec(@query)

DROP TABLE #TblUsrWF
'
 ,171
 ,1
[System: 192.168.1.76] DEBUG | 07-07-2025 18:42:34.053 | General Service|:: CompanyIndex:26 SpName: spADM_GetDataSet 
 'select * from COM_TokenHistory WITH(NOLOCK) where JwtToken=''eyJhbGciOiJIUzI1NiIsInR5cCI6IkpXVCJ9.eyJ1bmlxdWVfbmFtZSI6IkFmc2VyLDE3MSwyNiwxIiwibmJmIjoxNzUxODg4MDYwLCJleHAiOjE3NTE5MTY4NjAsImlhdCI6MTc1MTg4ODA2MH0.qoI4MfysBp9aHI6u8DA78WOBKUiL5q1-VyYWXnWlejs'''
 ,1
 ,1
[System: 192.168.1.76] DEBUG | 07-07-2025 18:42:34.225 | General Service|:: CompanyIndex:26 SpName: spCOM_GetFavorites 
 'GETLIST0'
 ,0
 ,'171'
 ,'1'
 ,1
[System: 192.168.1.76] DEBUG | 07-07-2025 18:42:34.225 | General Service|:: CompanyIndex:26 SpName: spADM_GetDataSet 
 'select * from COM_TokenHistory WITH(NOLOCK) where JwtToken=''eyJhbGciOiJIUzI1NiIsInR5cCI6IkpXVCJ9.eyJ1bmlxdWVfbmFtZSI6IkFmc2VyLDE3MSwyNiwxIiwibmJmIjoxNzUxODg4MDYwLCJleHAiOjE3NTE5MTY4NjAsImlhdCI6MTc1MTg4ODA2MH0.qoI4MfysBp9aHI6u8DA78WOBKUiL5q1-VyYWXnWlejs'''
 ,1
 ,1
[System: 192.168.1.76] DEBUG | 07-07-2025 18:42:34.256 | General Service|:: CompanyIndex:26 SpName: spCOM_GetFavorites 
 'VIEW'
 ,1
 ,'171'
 ,'1'
 ,1
[System: 192.168.1.76] DEBUG | 07-07-2025 18:42:34.256 | General Service|:: CompanyIndex:26 SpName: spADM_GetDataSet 
 'select * from COM_TokenHistory WITH(NOLOCK) where JwtToken=''eyJhbGciOiJIUzI1NiIsInR5cCI6IkpXVCJ9.eyJ1bmlxdWVfbmFtZSI6IkFmc2VyLDE3MSwyNiwxIiwibmJmIjoxNzUxODg4MDYwLCJleHAiOjE3NTE5MTY4NjAsImlhdCI6MTc1MTg4ODA2MH0.qoI4MfysBp9aHI6u8DA78WOBKUiL5q1-VyYWXnWlejs'''
 ,1
 ,1
[System: 192.168.1.76] DEBUG | 07-07-2025 18:42:45.444 | General Service|:: CompanyIndex:0 SpName: spADM_Login 
 6
 ,'0a5639bd-d3f9-4a3a-a3c7-108e6477224e'
 ,''
 ,''
 ,''
 ,''
 ,0
[System: 192.168.1.76] DEBUG | 07-07-2025 18:42:45.460 | General Service|:: CompanyIndex:26 SpName: spADM_GetDataSet 
 'select * from COM_TokenHistory WITH(NOLOCK) where JwtToken=''eyJhbGciOiJIUzI1NiIsInR5cCI6IkpXVCJ9.eyJ1bmlxdWVfbmFtZSI6IkFmc2VyLDE3MSwyNiwxIiwibmJmIjoxNzUxODg4MDYwLCJleHAiOjE3NTE5MTY4NjAsImlhdCI6MTc1MTg4ODA2MH0.qoI4MfysBp9aHI6u8DA78WOBKUiL5q1-VyYWXnWlejs'''
 ,1
 ,1
[System: 192.168.1.76] DEBUG | 07-07-2025 18:42:45.772 | General Service|:: CompanyIndex:26 SpName: sp_SetTokenHistory 
 0
 ,'eyJhbGciOiJIUzI1NiIsInR5cCI6IkpXVCJ9.eyJ1bmlxdWVfbmFtZSI6IkFmc2VyLDE3MSwyNiwxIiwibmJmIjoxNzUxODg4MDYwLCJleHAiOjE3NTE5MTY4NjAsImlhdCI6MTc1MTg4ODA2MH0.qoI4MfysBp9aHI6u8DA78WOBKUiL5q1-VyYWXnWlejs'
 ,''
 ,NULL
 ,171
 ,1
 message=Saved Succesfully
[System: 192.168.1.76] DEBUG | 07-07-2025 18:42:45.820 | General Service|:: CompanyIndex:26 SpName: spADM_GetDataSet 
 'select * from COM_TokenHistory WITH(NOLOCK) where JwtToken=''eyJhbGciOiJIUzI1NiIsInR5cCI6IkpXVCJ9.eyJ1bmlxdWVfbmFtZSI6IkFmc2VyLDE3MSwyNiwxIiwibmJmIjoxNzUxODg4MDYwLCJleHAiOjE3NTE5MTY4NjAsImlhdCI6MTc1MTg4ODA2MH0.qoI4MfysBp9aHI6u8DA78WOBKUiL5q1-VyYWXnWlejs'''
 ,1
 ,1
