[System: 192.168.1.76] DEBUG | 07-07-2025 17:04:19.765 | General Service|:: CompanyIndex:0 SpName: spADM_GetClientUserDetails2C 
 'Afser'
 ,1
 ,0
[System: 192.168.1.76] DEBUG | 07-07-2025 17:04:19.968 | General Service|:: CompanyIndex:0 SpName: spADM_UserLoginCheck 
 2
 ,'Afser'
 ,0
 ,'192.168.1.76'
 ,'192.168.1.76'
 ,''
 ,'Web'
 ,1
[System: 192.168.1.76] DEBUG | 07-07-2025 17:04:20.014 | General Service|:: CompanyIndex:26 SpName: spADM_GetClientUserDetails 
 'Afser'
 ,1
 ,'26.0.5'
 ,0
[System: 192.168.1.76] DEBUG | 07-07-2025 17:04:20.139 | General Service|:: CompanyIndex:0 SpName: spADM_UserLoginCheck 
 2
 ,'Afser'
 ,26
 ,'192.168.1.76'
 ,'192.168.1.76'
 ,''
 ,'Web'
 ,1
[System: 192.168.1.76] DEBUG | 07-07-2025 17:04:20.171 | General Service|:: CompanyIndex:0 SpName: spADM_Login 
 1
 ,''
 ,''
 ,''
 ,''
 ,''
 ,26
[System: 192.168.1.76] DEBUG | 07-07-2025 17:04:20.202 | General Service|:: CompanyIndex:26 SpName: spADM_GetDataSet 
 'select Value from ADM_GlobalPreferences with (nolock) where name =''EnableReLogin'''
 ,1
 ,1
[System: 192.168.1.76] DEBUG | 07-07-2025 17:04:20.233 | General Service|:: CompanyIndex:26 SpName: spADM_GetDataSet 
 'select * from COM_TokenHistory WITH(NOLOCK) where JwtToken=''eyJhbGciOiJIUzI1NiIsInR5cCI6IkpXVCJ9.eyJ1bmlxdWVfbmFtZSI6IkFmc2VyLDE3MSwyNiwxIiwibmJmIjoxNzUxODg4MDYwLCJleHAiOjE3NTE5MTY4NjAsImlhdCI6MTc1MTg4ODA2MH0.qoI4MfysBp9aHI6u8DA78WOBKUiL5q1-VyYWXnWlejs'''
 ,1
 ,1
[System: 192.168.1.76] DEBUG | 07-07-2025 17:04:20.280 | General Service|:: CompanyIndex:0 SpName: spADM_Login 
 4
 ,''
 ,''
 ,''
 ,'declare @Cnt int,@ExpiredGUID nvarchar(50),@AllowSession int,@GUID nvarchar(50),@CurrDate float,@UserID INT,@Instances INT,@InstancesExists INT,@LCDBIndex int
set @CurrDate= convert(float,dateadd(minute,-21,getdate()))
set @AllowSession=0
set @GUID=''0a5639bd-d3f9-4a3a-a3c7-108e6477224e''
set @LCDBIndex=0
select top 1 @UserID=UserID,@Instances=InstanceCount from ADM_Users with(nolock) where UserName=''AFSER''
if exists(select [GUID] from ADM_Login with(nolock) where [GUID]=@GUID)
begin
	update ADM_Login 
	set LastAccessTime=convert(float,getdate()),UserID=@UserID
	where [GUID]=@GUID
    set @AllowSession=1
end
else
begin
	select @Cnt=count(*) from ADM_Login with(nolock) where LCDBIndex=@LCDBIndex and [GUID]!=''ACCESSRIGHTS'' and AP =''WEB''
    if(@Cnt<100)
		set @AllowSession=1
	else
	begin
		select top 1 @ExpiredGUID=[GUID] from ADM_Login with(nolock)
		where [GUID]!=''ACCESSRIGHTS'' and LCDBIndex=@LCDBIndex and LastAccessTime<@CurrDate  and AP =''WEB''
        order by LastAccessTime asc
		if @ExpiredGUID is not null
		begin
			delete from ADM_Login where [GUID]=@ExpiredGUID
			set @AllowSession=1
		end
	end
	if @AllowSession=1
	begin
        select @InstancesExists=COUNT(*) from ADM_Login with(nolock)
		where [GUID]!=''ACCESSRIGHTS'' and LCDBIndex=@LCDBIndex and LastAccessTime>=@CurrDate and UserID=@UserID and AP =''WEB''
		if(@Instances!=0 and @Instances<=@InstancesExists)
			set @AllowSession=2
		else
		    INSERT INTO ADM_Login([GUID],[SysName],IPAddress,[Status],LoginTime,LastAccessTime,AccessRights,UserID,DBIndex,LCDBIndex,AP)
		    VALUES(@GUID,''WEB'',''192.168.1.76'',1,convert(float,getdate()),convert(float,getdate()),null,@UserID,26,@LCDBIndex, ''WEB'')
	end
end

select @AllowSession AllowSession,@Instances Instances,@InstancesExists InstancesExists
'
 ,''
 ,0
[System: 192.168.1.76] DEBUG | 07-07-2025 17:04:20.280 | General Service|:: CompanyIndex:26 SpName: spADM_GetDataSet 
 'select * from COM_TokenHistory WITH(NOLOCK) where JwtToken=''eyJhbGciOiJIUzI1NiIsInR5cCI6IkpXVCJ9.eyJ1bmlxdWVfbmFtZSI6IkFmc2VyLDE3MSwyNiwxIiwibmJmIjoxNzUxODg4MDYwLCJleHAiOjE3NTE5MTY4NjAsImlhdCI6MTc1MTg4ODA2MH0.qoI4MfysBp9aHI6u8DA78WOBKUiL5q1-VyYWXnWlejs'''
 ,1
 ,1
[System: 192.168.1.76] DEBUG | 07-07-2025 17:04:20.421 | General Service|:: CompanyIndex:26 SpName: spADM_GetDataSet 
 'SELECT (SELECT COUNT(*) FROM COM_Location L WITH(NOLOCK) JOIN COM_Status S WITH(NOLOCK) ON S.StatusID=L.StatusID WHERE L.IsGroup=0 AND S.[Status]=''Active'') ML
,(SELECT COUNT(*) FROM ADM_Features WITH(NOLOCK) WHERE ((FeatureID>50000 AND FeatureID<=50050) OR FeatureID>=51000) AND IsEnabled=1) MD
,(SELECT ISNULL(COUNT(*),0) FROM ADM_RevenUReports WITH(NOLOCK) WHERE IsGroup=0 AND ReportID>10000 AND StaticReportType IN (0,-1)) MR'
 ,171
 ,1
[System: 192.168.1.76] DEBUG | 07-07-2025 17:04:20.421 | General Service|:: CompanyIndex:26 SpName: spADM_GetDataSet 
 'select * from COM_TokenHistory WITH(NOLOCK) where JwtToken=''eyJhbGciOiJIUzI1NiIsInR5cCI6IkpXVCJ9.eyJ1bmlxdWVfbmFtZSI6IkFmc2VyLDE3MSwyNiwxIiwibmJmIjoxNzUxODg4MDYwLCJleHAiOjE3NTE5MTY4NjAsImlhdCI6MTc1MTg4ODA2MH0.qoI4MfysBp9aHI6u8DA78WOBKUiL5q1-VyYWXnWlejs'''
 ,1
 ,1
[System: 192.168.1.76] DEBUG | 07-07-2025 17:19:20.497 | General Service|:: CompanyIndex:0 SpName: spADM_Login 
 4
 ,''
 ,''
 ,''
 ,'declare @AllowSession bit,@GUID nvarchar(50)
set @AllowSession=0
set @GUID=''0a5639bd-d3f9-4a3a-a3c7-108e6477224e''
if exists(select [GUID] from ADM_Login with(nolock) where [GUID]=@GUID)
begin
    update ADM_Login  set LastAccessTime=convert(float,getdate()) where [GUID]=@GUID
    set @AllowSession=1
end
select @AllowSession AllowSession
'
 ,''
 ,0
[System: 192.168.1.76] DEBUG | 07-07-2025 17:19:20.513 | General Service|:: CompanyIndex:26 SpName: spADM_GetDataSet 
 'select * from COM_TokenHistory WITH(NOLOCK) where JwtToken=''eyJhbGciOiJIUzI1NiIsInR5cCI6IkpXVCJ9.eyJ1bmlxdWVfbmFtZSI6IkFmc2VyLDE3MSwyNiwxIiwibmJmIjoxNzUxODg4MDYwLCJleHAiOjE3NTE5MTY4NjAsImlhdCI6MTc1MTg4ODA2MH0.qoI4MfysBp9aHI6u8DA78WOBKUiL5q1-VyYWXnWlejs'''
 ,1
 ,1
[System: 192.168.1.76] DEBUG | 07-07-2025 17:34:20.484 | General Service|:: CompanyIndex:0 SpName: spADM_Login 
 4
 ,''
 ,''
 ,''
 ,'declare @AllowSession bit,@GUID nvarchar(50)
set @AllowSession=0
set @GUID=''0a5639bd-d3f9-4a3a-a3c7-108e6477224e''
if exists(select [GUID] from ADM_Login with(nolock) where [GUID]=@GUID)
begin
    update ADM_Login  set LastAccessTime=convert(float,getdate()) where [GUID]=@GUID
    set @AllowSession=1
end
select @AllowSession AllowSession
'
 ,''
 ,0
[System: 192.168.1.76] DEBUG | 07-07-2025 17:34:20.500 | General Service|:: CompanyIndex:26 SpName: spADM_GetDataSet 
 'select * from COM_TokenHistory WITH(NOLOCK) where JwtToken=''eyJhbGciOiJIUzI1NiIsInR5cCI6IkpXVCJ9.eyJ1bmlxdWVfbmFtZSI6IkFmc2VyLDE3MSwyNiwxIiwibmJmIjoxNzUxODg4MDYwLCJleHAiOjE3NTE5MTY4NjAsImlhdCI6MTc1MTg4ODA2MH0.qoI4MfysBp9aHI6u8DA78WOBKUiL5q1-VyYWXnWlejs'''
 ,1
 ,1
[System: 192.168.1.76] DEBUG | 07-07-2025 17:49:20.517 | General Service|:: CompanyIndex:0 SpName: spADM_Login 
 4
 ,''
 ,''
 ,''
 ,'declare @AllowSession bit,@GUID nvarchar(50)
set @AllowSession=0
set @GUID=''0a5639bd-d3f9-4a3a-a3c7-108e6477224e''
if exists(select [GUID] from ADM_Login with(nolock) where [GUID]=@GUID)
begin
    update ADM_Login  set LastAccessTime=convert(float,getdate()) where [GUID]=@GUID
    set @AllowSession=1
end
select @AllowSession AllowSession
'
 ,''
 ,0
[System: 192.168.1.76] DEBUG | 07-07-2025 17:49:20.533 | General Service|:: CompanyIndex:26 SpName: spADM_GetDataSet 
 'select * from COM_TokenHistory WITH(NOLOCK) where JwtToken=''eyJhbGciOiJIUzI1NiIsInR5cCI6IkpXVCJ9.eyJ1bmlxdWVfbmFtZSI6IkFmc2VyLDE3MSwyNiwxIiwibmJmIjoxNzUxODg4MDYwLCJleHAiOjE3NTE5MTY4NjAsImlhdCI6MTc1MTg4ODA2MH0.qoI4MfysBp9aHI6u8DA78WOBKUiL5q1-VyYWXnWlejs'''
 ,1
 ,1
[System: 192.168.1.76] DEBUG | 07-07-2025 18:04:20.554 | General Service|:: CompanyIndex:0 SpName: spADM_Login 
 4
 ,''
 ,''
 ,''
 ,'declare @AllowSession bit,@GUID nvarchar(50)
set @AllowSession=0
set @GUID=''0a5639bd-d3f9-4a3a-a3c7-108e6477224e''
if exists(select [GUID] from ADM_Login with(nolock) where [GUID]=@GUID)
begin
    update ADM_Login  set LastAccessTime=convert(float,getdate()) where [GUID]=@GUID
    set @AllowSession=1
end
select @AllowSession AllowSession
'
 ,''
 ,0
[System: 192.168.1.76] DEBUG | 07-07-2025 18:04:20.570 | General Service|:: CompanyIndex:26 SpName: spADM_GetDataSet 
 'select * from COM_TokenHistory WITH(NOLOCK) where JwtToken=''eyJhbGciOiJIUzI1NiIsInR5cCI6IkpXVCJ9.eyJ1bmlxdWVfbmFtZSI6IkFmc2VyLDE3MSwyNiwxIiwibmJmIjoxNzUxODg4MDYwLCJleHAiOjE3NTE5MTY4NjAsImlhdCI6MTc1MTg4ODA2MH0.qoI4MfysBp9aHI6u8DA78WOBKUiL5q1-VyYWXnWlejs'''
 ,1
 ,1
[System: 192.168.1.76] DEBUG | 07-07-2025 18:19:20.599 | General Service|:: CompanyIndex:0 SpName: spADM_Login 
 4
 ,''
 ,''
 ,''
 ,'declare @AllowSession bit,@GUID nvarchar(50)
set @AllowSession=0
set @GUID=''0a5639bd-d3f9-4a3a-a3c7-108e6477224e''
if exists(select [GUID] from ADM_Login with(nolock) where [GUID]=@GUID)
begin
    update ADM_Login  set LastAccessTime=convert(float,getdate()) where [GUID]=@GUID
    set @AllowSession=1
end
select @AllowSession AllowSession
'
 ,''
 ,0
[System: 192.168.1.76] DEBUG | 07-07-2025 18:19:20.615 | General Service|:: CompanyIndex:26 SpName: spADM_GetDataSet 
 'select * from COM_TokenHistory WITH(NOLOCK) where JwtToken=''eyJhbGciOiJIUzI1NiIsInR5cCI6IkpXVCJ9.eyJ1bmlxdWVfbmFtZSI6IkFmc2VyLDE3MSwyNiwxIiwibmJmIjoxNzUxODg4MDYwLCJleHAiOjE3NTE5MTY4NjAsImlhdCI6MTc1MTg4ODA2MH0.qoI4MfysBp9aHI6u8DA78WOBKUiL5q1-VyYWXnWlejs'''
 ,1
 ,1
