[System: 192.168.1.77] DEBUG | 07-24-2025 15:35:13.447 | General Service|:: CompanyIndex:0 SpName: spADM_GetClientUserDetails2C 
 'bob'
 ,1
 ,0
[System: 192.168.1.77] DEBUG | 07-24-2025 15:35:13.603 | General Service|:: CompanyIndex:0 SpName: spADM_UserLoginCheck 
 2
 ,'bob'
 ,0
 ,'192.168.1.77'
 ,'192.168.1.77'
 ,''
 ,'Web'
 ,1
[System: 192.168.1.77] DEBUG | 07-24-2025 15:35:13.665 | General Service|:: CompanyIndex:137 SpName: spADM_GetClientUserDetails 
 'bob'
 ,1
 ,'26.1.9'
 ,0
[System: 192.168.1.77] DEBUG | 07-24-2025 15:35:13.869 | General Service|:: CompanyIndex:0 SpName: spADM_UserLoginCheck 
 2
 ,'bob'
 ,137
 ,'192.168.1.77'
 ,'192.168.1.77'
 ,''
 ,'Web'
 ,1
[System: 192.168.1.77] DEBUG | 07-24-2025 15:35:13.978 | General Service|:: CompanyIndex:0 SpName: spADM_Login 
 1
 ,''
 ,''
 ,''
 ,''
 ,''
 ,137
[System: 192.168.1.77] DEBUG | 07-24-2025 15:35:13.978 | General Service|:: CompanyIndex:137 SpName: spADM_GetDataSet 
 'select Value from ADM_GlobalPreferences with (nolock) where name =''EnableReLogin'''
 ,1
 ,1
[System: 192.168.1.77] DEBUG | 07-24-2025 15:35:13.978 | General Service|:: CompanyIndex:137 SpName: spADM_GetDataSet 
 'select * from COM_TokenHistory WITH(NOLOCK) where JwtToken=''eyJhbGciOiJIUzI1NiIsInR5cCI6IkpXVCJ9.eyJ1bmlxdWVfbmFtZSI6ImJvYiw5LDEzNywyIiwibmJmIjoxNzUzMzUxNTEzLCJleHAiOjE3NTMzODAzMTMsImlhdCI6MTc1MzM1MTUxM30.YMYhWbN0PAoZliTIZJl_Gtt04rb25zgGCRVF2gz4UjQ'''
 ,1
 ,1
[System: 192.168.1.77] DEBUG | 07-24-2025 15:35:14.025 | General Service|:: CompanyIndex:0 SpName: spADM_Login 
 4
 ,''
 ,''
 ,''
 ,'declare @Cnt int,@ExpiredGUID nvarchar(50),@AllowSession int,@GUID nvarchar(50),@CurrDate float,@UserID INT,@Instances INT,@InstancesExists INT,@LCDBIndex int
set @CurrDate= convert(float,dateadd(minute,-21,getdate()))
set @AllowSession=0
set @GUID=''a6b9bb02-cd81-4836-a15c-9d2e36f7d817''
set @LCDBIndex=0
select top 1 @UserID=UserID,@Instances=InstanceCount from ADM_Users with(nolock) where UserName=''Bob''
if exists(select [GUID] from ADM_Login with(nolock) where [GUID]=@GUID)
begin
	update ADM_Login 
	set LastAccessTime=convert(float,getdate()),UserID=@UserID
	where [GUID]=@GUID
    set @AllowSession=1
end
else
begin
	select @Cnt=count(*) from ADM_Login with(nolock) where LCDBIndex=@LCDBIndex and [GUID]!=''ACCESSRIGHTS'' and AP =''ESS''
    if(@Cnt<50)
		set @AllowSession=1
	else
	begin
		select top 1 @ExpiredGUID=[GUID] from ADM_Login with(nolock)
		where [GUID]!=''ACCESSRIGHTS'' and LCDBIndex=@LCDBIndex and LastAccessTime<@CurrDate  and AP =''ESS''
        order by LastAccessTime asc
		if @ExpiredGUID is not null
		begin
			delete from ADM_Login where [GUID]=@ExpiredGUID
			set @AllowSession=1
		end
	end
	if @AllowSession=1
	begin
        select @InstancesExists=COUNT(*) from ADM_Login with(nolock)
		where [GUID]!=''ACCESSRIGHTS'' and LCDBIndex=@LCDBIndex and LastAccessTime>=@CurrDate and UserID=@UserID and AP =''ESS''
		if(@Instances!=0 and @Instances<=@InstancesExists)
			set @AllowSession=2
		else
		    INSERT INTO ADM_Login([GUID],[SysName],IPAddress,[Status],LoginTime,LastAccessTime,AccessRights,UserID,DBIndex,LCDBIndex,AP)
		    VALUES(@GUID,''ESS'',''192.168.1.77'',1,convert(float,getdate()),convert(float,getdate()),null,@UserID,137,@LCDBIndex, ''ESS'')
	end
end

select @AllowSession AllowSession,@Instances Instances,@InstancesExists InstancesExists
'
 ,''
 ,0
[System: 192.168.1.77] DEBUG | 07-24-2025 15:35:14.025 | General Service|:: CompanyIndex:137 SpName: spADM_GetDataSet 
 'select * from COM_TokenHistory WITH(NOLOCK) where JwtToken=''eyJhbGciOiJIUzI1NiIsInR5cCI6IkpXVCJ9.eyJ1bmlxdWVfbmFtZSI6ImJvYiw5LDEzNywyIiwibmJmIjoxNzUzMzUxNTEzLCJleHAiOjE3NTMzODAzMTMsImlhdCI6MTc1MzM1MTUxM30.YMYhWbN0PAoZliTIZJl_Gtt04rb25zgGCRVF2gz4UjQ'''
 ,1
 ,1
[System: 192.168.1.77] DEBUG | 07-24-2025 15:35:14.072 | General Service|:: CompanyIndex:137 SpName: spADM_GetDataSet 
 'select NodeID,Code,Name,Timezone from COM_CC50051 EMP WITH(NOLOCK) where EMP.LoginUserID=''bob'''
 ,9
 ,1
[System: 192.168.1.77] DEBUG | 07-24-2025 15:35:14.087 | General Service|:: CompanyIndex:137 SpName: spADM_GetDataSet 
 'select * from COM_TokenHistory WITH(NOLOCK) where JwtToken=''eyJhbGciOiJIUzI1NiIsInR5cCI6IkpXVCJ9.eyJ1bmlxdWVfbmFtZSI6ImJvYiw5LDEzNywyIiwibmJmIjoxNzUzMzUxNTEzLCJleHAiOjE3NTMzODAzMTMsImlhdCI6MTc1MzM1MTUxM30.YMYhWbN0PAoZliTIZJl_Gtt04rb25zgGCRVF2gz4UjQ'''
 ,1
 ,1
[System: 192.168.1.77] DEBUG | 07-24-2025 15:35:14.118 | General Service|:: CompanyIndex:137 SpName: spADM_GetDataSet 
 'SELECT (SELECT COUNT(*) FROM COM_Location L WITH(NOLOCK) JOIN COM_Status S WITH(NOLOCK) ON S.StatusID=L.StatusID WHERE L.IsGroup=0 AND S.[Status]=''Active'') ML
,(SELECT COUNT(*) FROM ADM_Features WITH(NOLOCK) WHERE ((FeatureID>50000 AND FeatureID<=50050) OR FeatureID>=51000) AND IsEnabled=1) MD
,(SELECT ISNULL(COUNT(*),0) FROM ADM_RevenUReports WITH(NOLOCK) WHERE IsGroup=0 AND ReportID>10000 AND StaticReportType IN (0,-1)) MR'
 ,9
 ,1
[System: 192.168.1.77] DEBUG | 07-24-2025 15:35:14.118 | General Service|:: CompanyIndex:137 SpName: spADM_GetDataSet 
 'select * from COM_TokenHistory WITH(NOLOCK) where JwtToken=''eyJhbGciOiJIUzI1NiIsInR5cCI6IkpXVCJ9.eyJ1bmlxdWVfbmFtZSI6ImJvYiw5LDEzNywyIiwibmJmIjoxNzUzMzUxNTEzLCJleHAiOjE3NTMzODAzMTMsImlhdCI6MTc1MzM1MTUxM30.YMYhWbN0PAoZliTIZJl_Gtt04rb25zgGCRVF2gz4UjQ'''
 ,1
 ,1
[System: 192.168.1.77] DEBUG | 07-24-2025 15:35:14.197 | General Service|:: CompanyIndex:137 SpName: spADM_GetRibbonView 
 9
 ,2
 ,1
 ,1
 ,0
 ,''
[System: 192.168.1.77] DEBUG | 07-24-2025 15:35:14.197 | General Service|:: CompanyIndex:137 SpName: spADM_GetDataSet 
 'select * from COM_TokenHistory WITH(NOLOCK) where JwtToken=''eyJhbGciOiJIUzI1NiIsInR5cCI6IkpXVCJ9.eyJ1bmlxdWVfbmFtZSI6ImJvYiw5LDEzNywyIiwibmJmIjoxNzUzMzUxNTEzLCJleHAiOjE3NTMzODAzMTMsImlhdCI6MTc1MzM1MTUxM30.YMYhWbN0PAoZliTIZJl_Gtt04rb25zgGCRVF2gz4UjQ'''
 ,1
 ,1
[System: 192.168.1.77] DEBUG | 07-24-2025 15:35:14.259 | General Service|:: CompanyIndex:137 SpName: spADM_GetDashBoard 
 2
 ,0
 ,0
 ,'9'
 ,'2'
 ,1
[System: 192.168.1.77] DEBUG | 07-24-2025 15:35:14.275 | General Service|:: CompanyIndex:137 SpName: spADM_GetDataSet 
 'select * from COM_TokenHistory WITH(NOLOCK) where JwtToken=''eyJhbGciOiJIUzI1NiIsInR5cCI6IkpXVCJ9.eyJ1bmlxdWVfbmFtZSI6ImJvYiw5LDEzNywyIiwibmJmIjoxNzUzMzUxNTEzLCJleHAiOjE3NTMzODAzMTMsImlhdCI6MTc1MzM1MTUxM30.YMYhWbN0PAoZliTIZJl_Gtt04rb25zgGCRVF2gz4UjQ'''
 ,1
 ,1
[System: 192.168.1.77] DEBUG | 07-24-2025 15:35:14.290 | General Service|:: CompanyIndex:137 SpName: spCOM_ConfigValues 
 1
 ,'LandingDocs'
 ,'2'
[System: 192.168.1.77] DEBUG | 07-24-2025 15:35:14.290 | General Service|:: CompanyIndex:137 SpName: spADM_GetDataSet 
 'select * from COM_TokenHistory WITH(NOLOCK) where JwtToken=''eyJhbGciOiJIUzI1NiIsInR5cCI6IkpXVCJ9.eyJ1bmlxdWVfbmFtZSI6ImJvYiw5LDEzNywyIiwibmJmIjoxNzUzMzUxNTEzLCJleHAiOjE3NTMzODAzMTMsImlhdCI6MTc1MzM1MTUxM30.YMYhWbN0PAoZliTIZJl_Gtt04rb25zgGCRVF2gz4UjQ'''
 ,1
 ,1
[System: 192.168.1.77] DEBUG | 07-24-2025 15:35:14.337 | General Service|:: CompanyIndex:137 SpName: spADM_GetAllListViewsDef 
 9
 ,1
[System: 192.168.1.77] DEBUG | 07-24-2025 15:35:14.337 | General Service|:: CompanyIndex:137 SpName: spADM_GetDataSet 
 'select * from COM_TokenHistory WITH(NOLOCK) where JwtToken=''eyJhbGciOiJIUzI1NiIsInR5cCI6IkpXVCJ9.eyJ1bmlxdWVfbmFtZSI6ImJvYiw5LDEzNywyIiwibmJmIjoxNzUzMzUxNTEzLCJleHAiOjE3NTMzODAzMTMsImlhdCI6MTc1MzM1MTUxM30.YMYhWbN0PAoZliTIZJl_Gtt04rb25zgGCRVF2gz4UjQ'''
 ,1
 ,1
[System: 192.168.1.77] DEBUG | 07-24-2025 15:35:14.446 | General Service|:: CompanyIndex:137 SpName: spADM_GetAllListViewsDef 
 9
 ,1
[System: 192.168.1.77] DEBUG | 07-24-2025 15:35:14.446 | General Service|:: CompanyIndex:137 SpName: spADM_GetDataSet 
 'select * from COM_TokenHistory WITH(NOLOCK) where JwtToken=''eyJhbGciOiJIUzI1NiIsInR5cCI6IkpXVCJ9.eyJ1bmlxdWVfbmFtZSI6ImJvYiw5LDEzNywyIiwibmJmIjoxNzUzMzUxNTEzLCJleHAiOjE3NTMzODAzMTMsImlhdCI6MTc1MzM1MTUxM30.YMYhWbN0PAoZliTIZJl_Gtt04rb25zgGCRVF2gz4UjQ'''
 ,1
 ,1
[System: 192.168.1.77] DEBUG | 07-24-2025 15:35:14.603 | General Service|:: CompanyIndex:137 SpName: spADM_GetDataSet 
 'Select CostCenterID,CostCenterColID,CostCenterName,SysTableName,UserColumnName,SysColumnName,ISNULL(UserDefaultValue,'''') UserDefaultValue
From AdM_CostCenterDef WITH(NOLOCK)
Where SysColumnName IN(''CreditAccount'',''DebitAccount'',''ProductID'') 
AND CostCenterID>40000 AND CostCenterID<50000 

SELECT * FROM ADM_Features WITH(NOLOCK) '
 ,9
 ,1
[System: 192.168.1.77] DEBUG | 07-24-2025 15:35:14.618 | General Service|:: CompanyIndex:137 SpName: spADM_GetDataSet 
 'select * from COM_TokenHistory WITH(NOLOCK) where JwtToken=''eyJhbGciOiJIUzI1NiIsInR5cCI6IkpXVCJ9.eyJ1bmlxdWVfbmFtZSI6ImJvYiw5LDEzNywyIiwibmJmIjoxNzUzMzUxNTEzLCJleHAiOjE3NTMzODAzMTMsImlhdCI6MTc1MzM1MTUxM30.YMYhWbN0PAoZliTIZJl_Gtt04rb25zgGCRVF2gz4UjQ'''
 ,1
 ,1
[System: 192.168.1.77] DEBUG | 07-24-2025 15:35:14.650 | General Service|:: CompanyIndex:137 SpName: spADM_GetDataSet 
 '  SELECT * FROM PAY_PayrollPreferences WITH(NOLOCK) '
 ,9
 ,1
[System: 192.168.1.77] DEBUG | 07-24-2025 15:35:14.650 | General Service|:: CompanyIndex:137 SpName: spADM_GetDataSet 
 'select * from COM_TokenHistory WITH(NOLOCK) where JwtToken=''eyJhbGciOiJIUzI1NiIsInR5cCI6IkpXVCJ9.eyJ1bmlxdWVfbmFtZSI6ImJvYiw5LDEzNywyIiwibmJmIjoxNzUzMzUxNTEzLCJleHAiOjE3NTMzODAzMTMsImlhdCI6MTc1MzM1MTUxM30.YMYhWbN0PAoZliTIZJl_Gtt04rb25zgGCRVF2gz4UjQ'''
 ,1
 ,1
[System: 192.168.1.77] DEBUG | 07-24-2025 15:35:14.712 | General Service|:: CompanyIndex:137 SpName: spADM_GetDataSet 
 '  --0
                                Select * FROM COM_CC50051 WITH(NOLOCK) WHERE IsGroup=0 AND LoginUserID=''Bob''
                                --1                                
                                Select * FROM COM_CC50051 WITH(NOLOCK) WHERE RptManager IN (Select NodeID FROM COM_CC50051 WITH(NOLOCK) WHERE IsGroup=0 AND LoginUserID=''Bob'')
                                UNION ALL
                                Select * FROM COM_CC50051 WITH(NOLOCK) WHERE RptManager IN 
                                (
	                                Select NodeID FROM COM_CC50051 WITH(NOLOCK) 
	                                WHERE IsGroup=0 AND LoginUserID IN
	                                (
	                                SELECT fe.LoginUserID
	                                FROM INV_DocDetails a WITH(NOLOCK) 
	                                JOIN COM_DocCCData b WITH(NOLOCK) ON b.InvDocDetailsID=a.InvDocDetailsID
	                                JOIN COM_DocNumData c WITH(NOLOCK) ON c.InvDocDetailsID=a.InvDocDetailsID
	                                JOIN COM_DocTextData d WITH(NOLOCK) ON d.InvDocDetailsID=a.InvDocDetailsID
	                                JOIN COM_CC50051 fe WITH(NOLOCK) on fe.NodeID=b.dcCCNID51
	                                JOIN COM_CC50051 te WITH(NOLOCK) on CONVERT(NVARCHAR,te.NodeID)=d.dcAlpha1
	                                WHERE a.CostCenterID=40098 and a.StatusID=369 AND d.dcAlpha3=''Temporary''
	                                AND te.LoginUserID=''Bob'' 
	                                AND ISDATE(d.dcAlpha4)=1 AND ISDATE(d.dcAlpha5)=1 
	                                AND CONVERT(DATETIME,''24 Jul 2025'') BETWEEN CONVERT(DATETIME,d.dcAlpha4) AND CONVERT(DATETIME,d.dcAlpha5)
	                                )
                                )
                                --2
                                Select * FROM ADM_USERS WITH(NOLOCK) WHERE USERID=9
                                --3
                                Select * FROM COM_CostCenterCostCenterMap WITH(NOLOCK) WHERE ParentCostCenterID=7 AND ParentNodeID=9
                                --4                                
                                Select * FROM COM_CostCenterCostCenterMap WITH(NOLOCK) WHERE ParentCostCenterID=7 AND ParentNodeID=9
                                AND CostCenterID IN(Select ColumnCostCenterID From ADM_CostCenterDef Where CostCenterID=50051 AND IsColumnInUse=1 AND SysColumnName LIKE ''CCNID%'')
                                --5
                                Select * from COM_Files WITH(NOLOCK) WHERE FeatureID=50051 AND FeaturePK IN (Select NodeID FROM COM_CC50051 WITH(NOLOCK) WHERE IsGroup=0 AND LoginUserID=''Bob'')                         
'
 ,9
 ,1
[System: 192.168.1.77] DEBUG | 07-24-2025 15:35:14.728 | General Service|:: CompanyIndex:137 SpName: spADM_GetDataSet 
 'select * from COM_TokenHistory WITH(NOLOCK) where JwtToken=''eyJhbGciOiJIUzI1NiIsInR5cCI6IkpXVCJ9.eyJ1bmlxdWVfbmFtZSI6ImJvYiw5LDEzNywyIiwibmJmIjoxNzUzMzUxNTEzLCJleHAiOjE3NTMzODAzMTMsImlhdCI6MTc1MzM1MTUxM30.YMYhWbN0PAoZliTIZJl_Gtt04rb25zgGCRVF2gz4UjQ'''
 ,1
 ,1
[System: 192.168.1.77] DEBUG | 07-24-2025 15:35:14.759 | General Service|:: CompanyIndex:137 SpName: spPAY_GetEmpDimensionsAsOnDate 
 '24-Jul-2025'
 ,'a.NodeID IN(20)'
 ,''
 ,''
[System: 192.168.1.77] DEBUG | 07-24-2025 15:35:14.759 | General Service|:: CompanyIndex:137 SpName: spADM_GetDataSet 
 'select * from COM_TokenHistory WITH(NOLOCK) where JwtToken=''eyJhbGciOiJIUzI1NiIsInR5cCI6IkpXVCJ9.eyJ1bmlxdWVfbmFtZSI6ImJvYiw5LDEzNywyIiwibmJmIjoxNzUzMzUxNTEzLCJleHAiOjE3NTMzODAzMTMsImlhdCI6MTc1MzM1MTUxM30.YMYhWbN0PAoZliTIZJl_Gtt04rb25zgGCRVF2gz4UjQ'''
 ,1
 ,1
[System: 192.168.1.77] DEBUG | 07-24-2025 15:35:14.790 | General Service|:: CompanyIndex:137 SpName: spCOM_GetFavorites 
 'GETLIST0'
 ,0
 ,'9'
 ,'2'
 ,1
[System: 192.168.1.77] DEBUG | 07-24-2025 15:35:14.790 | General Service|:: CompanyIndex:137 SpName: spADM_GetDataSet 
 'select * from COM_TokenHistory WITH(NOLOCK) where JwtToken=''eyJhbGciOiJIUzI1NiIsInR5cCI6IkpXVCJ9.eyJ1bmlxdWVfbmFtZSI6ImJvYiw5LDEzNywyIiwibmJmIjoxNzUzMzUxNTEzLCJleHAiOjE3NTMzODAzMTMsImlhdCI6MTc1MzM1MTUxM30.YMYhWbN0PAoZliTIZJl_Gtt04rb25zgGCRVF2gz4UjQ'''
 ,1
 ,1
[System: 192.168.1.77] DEBUG | 07-24-2025 15:35:14.931 | General Service|:: CompanyIndex:137 SpName: spADM_GetDataSet 
 'select * from COM_TokenHistory WITH(NOLOCK) where JwtToken=''eyJhbGciOiJIUzI1NiIsInR5cCI6IkpXVCJ9.eyJ1bmlxdWVfbmFtZSI6ImJvYiw5LDEzNywyIiwibmJmIjoxNzUzMzUxNTEzLCJleHAiOjE3NTMzODAzMTMsImlhdCI6MTc1MzM1MTUxM30.YMYhWbN0PAoZliTIZJl_Gtt04rb25zgGCRVF2gz4UjQ'''
 ,1
 ,1
[System: 192.168.1.77] DEBUG | 07-24-2025 15:35:14.978 | General Service|:: CompanyIndex:137 SpName: spADM_GetDataSet 
 'declare @UserID int,@RoleID int,@UserName NVARCHAR(100),@where nvarchar(max),@query nvarchar(max)
set @UserID=9
set @RoleID=2-- Employee:-1
SELECT @UserName=UserName From ADM_Users WITH(NOLOCK) WHERE UserID=@UserID
exec [fnGet_GetAssignedDims] @UserID,@RoleID,@where output
 create table #TblUsrWF(WID int,LevelID int,Type int,CtWef float,LvWef int)
EXEC spRPT_GetReportData @Type=8,@Param1=@UserID,@strXML=null,@RoleID=@RoleID set @query=''  SELECT DT.CostCenterID,DT.DocumentName,DT.DocumentType,DT.IsInventory,count(*) CNT
FROM (
 SELECT INV.CostCenterID
FROM INV_DocDetails INV with(nolock)
WHERE INV.DocumentType BETWEEN 51 AND 199 AND INV.DocumentType<>64
AND dbo.fnPay_CanApprove(INV.InvDocDetailsID,INV.DocumentType,''''''+@UserName+'''''',INV.CostCenterID,INV.WorkflowID,INV.WorkFlowLevel,INV.StatusID,INV.CreatedDate,9,2)=1
GROUP BY INV.CostCenterID,INV.VoucherNo  ) AS T
JOIN ADM_DocumentTypes DT with(nolock) ON T.CostCenterID=DT.CostCenterID
GROUP BY DT.CostCenterID,DT.DocumentName,DT.DocumentType,DT.IsInventory  
UNION ALL
SELECT DT.FeatureID CostCenterID,DT.Name DocumentName,-DT.FeatureID DocumentType,0 IsInventory,count(*) CNT
FROM (
SELECT INV.CostCenterID FROM REN_Contract INV WITH(NOLOCK),#TblUsrWF WF
WHERE  WF.WID=INV.WorkflowID and WF.LevelID>INV.WorkFlowLevel and (INV.StatusID=440 or INV.StatusID=470 or INV.StatusID=466) AND (WF.Type=1 or (INV.WorkFlowLevel+1=WF.LevelID and INV.StatusID!=470)  or (WF.CtWef is not null and INV.WorkFlowLevel>=WF.LvWef
 and INV.CreatedDate+WF.CtWef<=convert(float,getdate()))) AND INV.RefContractID=0 ) AS T
JOIN ADM_Features DT with(nolock) ON T.CostCenterID=DT.FeatureID
GROUP BY DT.FeatureID,DT.Name 
ORDER BY DocumentName''
exec(@query)

DROP TABLE #TblUsrWF
'
 ,9
 ,1
[System: 192.168.1.77] DEBUG | 07-24-2025 15:35:14.978 | General Service|:: CompanyIndex:137 SpName: spADM_GetDataSet 
 'select * from COM_TokenHistory WITH(NOLOCK) where JwtToken=''eyJhbGciOiJIUzI1NiIsInR5cCI6IkpXVCJ9.eyJ1bmlxdWVfbmFtZSI6ImJvYiw5LDEzNywyIiwibmJmIjoxNzUzMzUxNTEzLCJleHAiOjE3NTMzODAzMTMsImlhdCI6MTc1MzM1MTUxM30.YMYhWbN0PAoZliTIZJl_Gtt04rb25zgGCRVF2gz4UjQ'''
 ,1
 ,1
[System: 192.168.1.77] DEBUG | 07-24-2025 15:35:14.993 | General Service|:: CompanyIndex:137 SpName: spADM_GetDataSet 
 'select * from COM_TokenHistory WITH(NOLOCK) where JwtToken=''eyJhbGciOiJIUzI1NiIsInR5cCI6IkpXVCJ9.eyJ1bmlxdWVfbmFtZSI6ImJvYiw5LDEzNywyIiwibmJmIjoxNzUzMzUxNTEzLCJleHAiOjE3NTMzODAzMTMsImlhdCI6MTc1MzM1MTUxM30.YMYhWbN0PAoZliTIZJl_Gtt04rb25zgGCRVF2gz4UjQ'''
 ,1
 ,1
[System: 192.168.1.77] DEBUG | 07-24-2025 15:35:15.009 | General Service|:: CompanyIndex:137 SpName: spADM_GetDataSet 
 'select * from COM_TokenHistory WITH(NOLOCK) where JwtToken=''eyJhbGciOiJIUzI1NiIsInR5cCI6IkpXVCJ9.eyJ1bmlxdWVfbmFtZSI6ImJvYiw5LDEzNywyIiwibmJmIjoxNzUzMzUxNTEzLCJleHAiOjE3NTMzODAzMTMsImlhdCI6MTc1MzM1MTUxM30.YMYhWbN0PAoZliTIZJl_Gtt04rb25zgGCRVF2gz4UjQ'''
 ,1
 ,1
[System: 192.168.1.77] DEBUG | 07-24-2025 15:35:15.024 | General Service|:: CompanyIndex:137 SpName: spCom_GetCostCenterQuickViewDefn 
 50051
 ,'20'
 ,-1
 ,9
 ,2
 ,1
[System: 192.168.1.77] DEBUG | 07-24-2025 15:35:15.024 | General Service|:: CompanyIndex:137 SpName: spADM_GetDataSet 
 'select * from COM_TokenHistory WITH(NOLOCK) where JwtToken=''eyJhbGciOiJIUzI1NiIsInR5cCI6IkpXVCJ9.eyJ1bmlxdWVfbmFtZSI6ImJvYiw5LDEzNywyIiwibmJmIjoxNzUzMzUxNTEzLCJleHAiOjE3NTMzODAzMTMsImlhdCI6MTc1MzM1MTUxM30.YMYhWbN0PAoZliTIZJl_Gtt04rb25zgGCRVF2gz4UjQ'''
 ,1
 ,1
[System: 192.168.1.77] DEBUG | 07-24-2025 15:35:15.071 | General Service|:: CompanyIndex:137 SpName: spCom_GetCostCenterQuickViewSummary 
 50051
 ,'20'
 ,50051
 ,'24/Jul/2025 03:35:14 PM'
 ,NULL
 ,0
 ,781
 ,9
 ,2
 ,1
[System: 192.168.1.77] DEBUG | 07-24-2025 15:35:15.071 | General Service|:: CompanyIndex:137 SpName: spADM_GetDataSet 
 'select * from COM_TokenHistory WITH(NOLOCK) where JwtToken=''eyJhbGciOiJIUzI1NiIsInR5cCI6IkpXVCJ9.eyJ1bmlxdWVfbmFtZSI6ImJvYiw5LDEzNywyIiwibmJmIjoxNzUzMzUxNTEzLCJleHAiOjE3NTMzODAzMTMsImlhdCI6MTc1MzM1MTUxM30.YMYhWbN0PAoZliTIZJl_Gtt04rb25zgGCRVF2gz4UjQ'''
 ,1
 ,1
[System: 192.168.1.77] DEBUG | 07-24-2025 15:35:15.290 | General Service|:: CompanyIndex:137 SpName: spADM_GetDataSet 
 'select * from COM_TokenHistory WITH(NOLOCK) where JwtToken=''eyJhbGciOiJIUzI1NiIsInR5cCI6IkpXVCJ9.eyJ1bmlxdWVfbmFtZSI6ImJvYiw5LDEzNywyIiwibmJmIjoxNzUzMzUxNTEzLCJleHAiOjE3NTMzODAzMTMsImlhdCI6MTc1MzM1MTUxM30.YMYhWbN0PAoZliTIZJl_Gtt04rb25zgGCRVF2gz4UjQ'''
 ,1
 ,1
[System: 192.168.1.77] DEBUG | 07-24-2025 15:35:15.321 | General Service|:: CompanyIndex:137 SpName: spCOM_GetFavorites 
 'GETLIST0'
 ,0
 ,'9'
 ,'2'
 ,1
[System: 192.168.1.77] DEBUG | 07-24-2025 15:35:15.321 | General Service|:: CompanyIndex:137 SpName: spADM_GetDataSet 
 'select * from COM_TokenHistory WITH(NOLOCK) where JwtToken=''eyJhbGciOiJIUzI1NiIsInR5cCI6IkpXVCJ9.eyJ1bmlxdWVfbmFtZSI6ImJvYiw5LDEzNywyIiwibmJmIjoxNzUzMzUxNTEzLCJleHAiOjE3NTMzODAzMTMsImlhdCI6MTc1MzM1MTUxM30.YMYhWbN0PAoZliTIZJl_Gtt04rb25zgGCRVF2gz4UjQ'''
 ,1
 ,1
[System: 192.168.1.77] DEBUG | 07-24-2025 15:35:15.337 | General Service|:: CompanyIndex:137 SpName: spCOM_GetFavorites 
 'VIEW'
 ,-1000
 ,'9'
 ,'2'
 ,1
[System: 192.168.1.77] DEBUG | 07-24-2025 15:35:15.337 | General Service|:: CompanyIndex:137 SpName: spADM_GetDataSet 
 'select * from COM_TokenHistory WITH(NOLOCK) where JwtToken=''eyJhbGciOiJIUzI1NiIsInR5cCI6IkpXVCJ9.eyJ1bmlxdWVfbmFtZSI6ImJvYiw5LDEzNywyIiwibmJmIjoxNzUzMzUxNTEzLCJleHAiOjE3NTMzODAzMTMsImlhdCI6MTc1MzM1MTUxM30.YMYhWbN0PAoZliTIZJl_Gtt04rb25zgGCRVF2gz4UjQ'''
 ,1
 ,1
[System: 192.168.1.77] DEBUG | 07-24-2025 15:35:18.051 | General Service|:: CompanyIndex:0 SpName: spADM_Login 
 6
 ,'a6b9bb02-cd81-4836-a15c-9d2e36f7d817'
 ,''
 ,''
 ,''
 ,''
 ,0
[System: 192.168.1.77] DEBUG | 07-24-2025 15:35:18.051 | General Service|:: CompanyIndex:137 SpName: spADM_GetDataSet 
 'select * from COM_TokenHistory WITH(NOLOCK) where JwtToken=''eyJhbGciOiJIUzI1NiIsInR5cCI6IkpXVCJ9.eyJ1bmlxdWVfbmFtZSI6ImJvYiw5LDEzNywyIiwibmJmIjoxNzUzMzUxNTEzLCJleHAiOjE3NTMzODAzMTMsImlhdCI6MTc1MzM1MTUxM30.YMYhWbN0PAoZliTIZJl_Gtt04rb25zgGCRVF2gz4UjQ'''
 ,1
 ,1
[System: 192.168.1.77] DEBUG | 07-24-2025 15:35:18.082 | General Service|:: CompanyIndex:137 SpName: sp_SetTokenHistory 
 0
 ,'eyJhbGciOiJIUzI1NiIsInR5cCI6IkpXVCJ9.eyJ1bmlxdWVfbmFtZSI6ImJvYiw5LDEzNywyIiwibmJmIjoxNzUzMzUxNTEzLCJleHAiOjE3NTMzODAzMTMsImlhdCI6MTc1MzM1MTUxM30.YMYhWbN0PAoZliTIZJl_Gtt04rb25zgGCRVF2gz4UjQ'
 ,''
 ,NULL
 ,9
 ,1
 message=Saved Succesfully
[System: 192.168.1.77] DEBUG | 07-24-2025 15:35:18.082 | General Service|:: CompanyIndex:137 SpName: spADM_GetDataSet 
 'select * from COM_TokenHistory WITH(NOLOCK) where JwtToken=''eyJhbGciOiJIUzI1NiIsInR5cCI6IkpXVCJ9.eyJ1bmlxdWVfbmFtZSI6ImJvYiw5LDEzNywyIiwibmJmIjoxNzUzMzUxNTEzLCJleHAiOjE3NTMzODAzMTMsImlhdCI6MTc1MzM1MTUxM30.YMYhWbN0PAoZliTIZJl_Gtt04rb25zgGCRVF2gz4UjQ'''
 ,1
 ,1
[System: 192.168.1.99] ERROR | 07-24-2025 15:35:42.959 | General Service|:: CompanyIndex:53 SpName: spADM_GetDataSetParameters :
 'declare @UserID int,@RoleID int,@UserName NVARCHAR(100),@where nvarchar(max),@query nvarchar(max)
set @UserID=1
set @RoleID=1-- Employee:-1
SELECT @UserName=UserName From ADM_Users WITH(NOLOCK) WHERE UserID=@UserID
exec [fnGet_GetAssignedDims] @UserID,@RoleID,@where output
 create table #TblUsrWF(WID int,LevelID int,Type int,CtWef float,LvWef int)
EXEC spRPT_GetReportData @Type=8,@Param1=@UserID,@strXML=null,@RoleID=@RoleID set @query=''  SELECT DT.CostCenterID,DT.DocumentName,DT.DocumentType,DT.IsInventory,count(*) CNT
FROM (
 SELECT INV.CostCenterID
FROM INV_DocDetails INV with(nolock)''
if(@where<>'''')
	set @query=@query+'' join com_docccdata d with(nolock) on INV.INVDocDetailsid=d.INVDocDetailsid''	

set @query=@query+'' ,#TblUsrWF WF
WHERE WF.WID=INV.WorkflowID and (WF.LevelID>INV.WorkFlowLevel or (WF.LevelID+1=INV.WorkFlowLevel and INV.StatusID=372)) and (INV.StatusID=371 or INV.StatusID=372 or INV.StatusID=441) AND (WF.Type=1 or (INV.WorkFlowLevel+1=WF.LevelID and INV.StatusID!=372) or (WF.LevelID+1=INV.WorkFlowLevel and INV.StatusID=372) or (WF.CtWef is not null and INV.WorkFlowLevel>=WF.LvWef
and INV.CreatedDate+WF.CtWef<=convert(float,getdate()))) ''+@where+''
GROUP BY INV.CostCenterID,INV.VoucherNo
UNION ALL
SELECT ACC.CostCenterID
FROM ACC_DocDetails ACC with(nolock)''
if(@where<>'''')
	set @query=@query+'' join com_docccdata d with(nolock) on ACC.ACCDocDetailsid=d.ACCDocDetailsid''	

set @query=@query+'',#TblUsrWF WF
WHERE ACC.LinkedAccDocDetailsID is null and ACC.InvDocDetailsID is null and WF.WID=ACC.WorkflowID and (WF.LevelID>ACC.WorkFlowLevel or (WF.LevelID+1=ACC.WorkFlowLevel and ACC.StatusID=372)) and (ACC.StatusID=371 or ACC.StatusID=372 or ACC.StatusID=441) AND (WF.Type=1 or (ACC.WorkFlowLevel+1=WF.LevelID and ACC.StatusID!=372) or (WF.LevelID+1=ACC.WorkFlowLevel and ACC.StatusID=372) or (WF.CtWef is not null and ACC.WorkFlowLevel>=WF.LvWef
and ACC.CreatedDate+WF.CtWef<=convert(float,getdate())))''+@where+''
GROUP BY ACC.CostCenterID,ACC.VoucherNo  ) AS T
JOIN ADM_DocumentTypes DT with(nolock) ON T.CostCenterID=DT.CostCenterID
GROUP BY DT.CostCenterID,DT.DocumentName,DT.DocumentType,DT.IsInventory  
UNION ALL
SELECT DT.FeatureID CostCenterID,DT.Name DocumentName,-DT.FeatureID DocumentType,0 IsInventory,count(*) CNT
FROM (
SELECT INV.CostCenterID FROM REN_Contract INV WITH(NOLOCK),#TblUsrWF WF
WHERE  WF.WID=INV.WorkflowID and WF.LevelID>INV.WorkFlowLevel and (INV.StatusID=440 or INV.StatusID=470 or INV.StatusID=466) AND (WF.Type=1 or (INV.WorkFlowLevel+1=WF.LevelID and INV.StatusID!=470)  or (WF.CtWef is not null and INV.WorkFlowLevel>=WF.LvWef
 and INV.CreatedDate+WF.CtWef<=convert(float,getdate()))) AND INV.RefContractID=0 ) AS T
JOIN ADM_Features DT with(nolock) ON T.CostCenterID=DT.FeatureID
GROUP BY DT.FeatureID,DT.Name 
ORDER BY DocumentName''
exec(@query)

DROP TABLE #TblUsrWF
'
 ,1
 ,1|Cannot open database "PACT2C53" requested by the login. The login failed.
Login failed for user 'sa'.
[System: 192.168.1.99] ERROR | 07-24-2025 15:35:42.959 | General Service|:: CompanyIndex:53 SpName: spADM_GetDataSetParameters :
 'select * from COM_TokenHistory WITH(NOLOCK) where JwtToken=''eyJhbGciOiJIUzI1NiIsInR5cCI6IkpXVCJ9.eyJ1bmlxdWVfbmFtZSI6ImFkbWluLDEsNTMsMSIsIm5iZiI6MTc1MzM1MDE2NSwiZXhwIjoxNzUzMzc4OTY1LCJpYXQiOjE3NTMzNTAxNjV9.JFz4XFEBZp4BV1xIOc6uN8RSw1beb0FQuLciWxmOlaQ'''
 ,1
 ,1|Cannot open database "PACT2C53" requested by the login. The login failed.
Login failed for user 'sa'.
[System: 192.168.1.99] ERROR | 07-24-2025 15:36:42.933 | General Service|:: CompanyIndex:53 SpName: spADM_GetDataSetParameters :
 'declare @UserID int,@RoleID int,@UserName NVARCHAR(100),@where nvarchar(max),@query nvarchar(max)
set @UserID=1
set @RoleID=1-- Employee:-1
SELECT @UserName=UserName From ADM_Users WITH(NOLOCK) WHERE UserID=@UserID
exec [fnGet_GetAssignedDims] @UserID,@RoleID,@where output
 create table #TblUsrWF(WID int,LevelID int,Type int,CtWef float,LvWef int)
EXEC spRPT_GetReportData @Type=8,@Param1=@UserID,@strXML=null,@RoleID=@RoleID set @query=''  SELECT DT.CostCenterID,DT.DocumentName,DT.DocumentType,DT.IsInventory,count(*) CNT
FROM (
 SELECT INV.CostCenterID
FROM INV_DocDetails INV with(nolock)''
if(@where<>'''')
	set @query=@query+'' join com_docccdata d with(nolock) on INV.INVDocDetailsid=d.INVDocDetailsid''	

set @query=@query+'' ,#TblUsrWF WF
WHERE WF.WID=INV.WorkflowID and (WF.LevelID>INV.WorkFlowLevel or (WF.LevelID+1=INV.WorkFlowLevel and INV.StatusID=372)) and (INV.StatusID=371 or INV.StatusID=372 or INV.StatusID=441) AND (WF.Type=1 or (INV.WorkFlowLevel+1=WF.LevelID and INV.StatusID!=372) or (WF.LevelID+1=INV.WorkFlowLevel and INV.StatusID=372) or (WF.CtWef is not null and INV.WorkFlowLevel>=WF.LvWef
and INV.CreatedDate+WF.CtWef<=convert(float,getdate()))) ''+@where+''
GROUP BY INV.CostCenterID,INV.VoucherNo
UNION ALL
SELECT ACC.CostCenterID
FROM ACC_DocDetails ACC with(nolock)''
if(@where<>'''')
	set @query=@query+'' join com_docccdata d with(nolock) on ACC.ACCDocDetailsid=d.ACCDocDetailsid''	

set @query=@query+'',#TblUsrWF WF
WHERE ACC.LinkedAccDocDetailsID is null and ACC.InvDocDetailsID is null and WF.WID=ACC.WorkflowID and (WF.LevelID>ACC.WorkFlowLevel or (WF.LevelID+1=ACC.WorkFlowLevel and ACC.StatusID=372)) and (ACC.StatusID=371 or ACC.StatusID=372 or ACC.StatusID=441) AND (WF.Type=1 or (ACC.WorkFlowLevel+1=WF.LevelID and ACC.StatusID!=372) or (WF.LevelID+1=ACC.WorkFlowLevel and ACC.StatusID=372) or (WF.CtWef is not null and ACC.WorkFlowLevel>=WF.LvWef
and ACC.CreatedDate+WF.CtWef<=convert(float,getdate())))''+@where+''
GROUP BY ACC.CostCenterID,ACC.VoucherNo  ) AS T
JOIN ADM_DocumentTypes DT with(nolock) ON T.CostCenterID=DT.CostCenterID
GROUP BY DT.CostCenterID,DT.DocumentName,DT.DocumentType,DT.IsInventory  
UNION ALL
SELECT DT.FeatureID CostCenterID,DT.Name DocumentName,-DT.FeatureID DocumentType,0 IsInventory,count(*) CNT
FROM (
SELECT INV.CostCenterID FROM REN_Contract INV WITH(NOLOCK),#TblUsrWF WF
WHERE  WF.WID=INV.WorkflowID and WF.LevelID>INV.WorkFlowLevel and (INV.StatusID=440 or INV.StatusID=470 or INV.StatusID=466) AND (WF.Type=1 or (INV.WorkFlowLevel+1=WF.LevelID and INV.StatusID!=470)  or (WF.CtWef is not null and INV.WorkFlowLevel>=WF.LvWef
 and INV.CreatedDate+WF.CtWef<=convert(float,getdate()))) AND INV.RefContractID=0 ) AS T
JOIN ADM_Features DT with(nolock) ON T.CostCenterID=DT.FeatureID
GROUP BY DT.FeatureID,DT.Name 
ORDER BY DocumentName''
exec(@query)

DROP TABLE #TblUsrWF
'
 ,1
 ,1|Cannot open database "PACT2C53" requested by the login. The login failed.
Login failed for user 'sa'.
[System: 192.168.1.99] ERROR | 07-24-2025 15:36:42.933 | General Service|:: CompanyIndex:53 SpName: spADM_GetDataSetParameters :
 'select * from COM_TokenHistory WITH(NOLOCK) where JwtToken=''eyJhbGciOiJIUzI1NiIsInR5cCI6IkpXVCJ9.eyJ1bmlxdWVfbmFtZSI6ImFkbWluLDEsNTMsMSIsIm5iZiI6MTc1MzM1MDE2NSwiZXhwIjoxNzUzMzc4OTY1LCJpYXQiOjE3NTMzNTAxNjV9.JFz4XFEBZp4BV1xIOc6uN8RSw1beb0FQuLciWxmOlaQ'''
 ,1
 ,1|Cannot open database "PACT2C53" requested by the login. The login failed.
Login failed for user 'sa'.
