[System: 192.168.1.76] DEBUG | 06-26-2025 17:02:32.285 | General Service|:: CompanyIndex:0 SpName: spADM_Login 
 4
 ,''
 ,''
 ,''
 ,'declare @AllowSession bit,@GUID nvarchar(50)
set @AllowSession=0
set @GUID=''84b96e39-62cf-4c37-9b63-0709a4a79698''
if exists(select [GUID] from ADM_Login with(nolock) where [GUID]=@GUID)
begin
    update ADM_Login  set LastAccessTime=convert(float,getdate()) where [GUID]=@GUID
    set @AllowSession=1
end
select @AllowSession AllowSession
'
 ,''
 ,0
[System: 192.168.1.76] DEBUG | 06-26-2025 17:02:32.285 | General Service|:: CompanyIndex:301 SpName: spCOM_ConfigValues 
 1
 ,'NotifTime'
 ,''
[System: 192.168.1.76] DEBUG | 06-26-2025 17:02:32.301 | General Service|:: CompanyIndex:301 SpName: spADM_GetDataSet 
 'select * from COM_TokenHistory WITH(NOLOCK) where JwtToken=''eyJhbGciOiJIUzI1NiIsInR5cCI6IkpXVCJ9.eyJ1bmlxdWVfbmFtZSI6ImFkbWluLDEsMzAxLDEiLCJuYmYiOjE3NTA5MTQxMDEsImV4cCI6MTc1MDk0MjkwMSwiaWF0IjoxNzUwOTE0MTAxfQ.sjRmCR-dJmw3i8w7UyHtWzu22miacp2tJBQKXsQDLT0'''
 ,1
 ,1
[System: 192.168.1.76] DEBUG | 06-26-2025 17:02:32.317 | General Service|:: CompanyIndex:301 SpName: spADM_GetDataSet 
 'select * from COM_TokenHistory WITH(NOLOCK) where JwtToken=''eyJhbGciOiJIUzI1NiIsInR5cCI6IkpXVCJ9.eyJ1bmlxdWVfbmFtZSI6ImFkbWluLDEsMzAxLDEiLCJuYmYiOjE3NTA5MTQxMDEsImV4cCI6MTc1MDk0MjkwMSwiaWF0IjoxNzUwOTE0MTAxfQ.sjRmCR-dJmw3i8w7UyHtWzu22miacp2tJBQKXsQDLT0'''
 ,1
 ,1
