[System: 192.168.1.99] DEBUG | 07-03-2025 11:10:15.939 | General Service|:: CompanyIndex:0 SpName: spADM_GetClientUserDetails2C 
 'admin'
 ,1
 ,0
[System: 192.168.1.99] DEBUG | 07-03-2025 11:10:16.049 | General Service|:: CompanyIndex:0 SpName: spADM_GetClientUserDetails2C 
 'admin'
 ,1
 ,0
[System: 192.168.1.99] DEBUG | 07-03-2025 11:10:16.127 | General Service|:: CompanyIndex:0 SpName: spADM_UserLoginCheck 
 2
 ,'admin'
 ,0
 ,'192.168.1.99'
 ,'192.168.1.99'
 ,''
 ,'Web'
 ,1
[System: 192.168.1.99] DEBUG | 07-03-2025 11:10:23.917 | General Service|:: CompanyIndex:0 SpName: spADM_GetClientUserDetails2C 
 'BOB'
 ,1
 ,0
[System: 192.168.1.99] DEBUG | 07-03-2025 11:10:23.932 | General Service|:: CompanyIndex:0 SpName: spADM_GetClientUserDetails2C 
 'BOB'
 ,1
 ,0
[System: 192.168.1.99] DEBUG | 07-03-2025 11:10:23.963 | General Service|:: CompanyIndex:0 SpName: spADM_UserLoginCheck 
 2
 ,'BOB'
 ,0
 ,'192.168.1.99'
 ,'192.168.1.99'
 ,''
 ,'Web'
 ,1
[System: 192.168.1.99] DEBUG | 07-03-2025 11:10:24.026 | General Service|:: CompanyIndex:137 SpName: spADM_GetClientUserDetails 
 'BOB'
 ,1
 ,'26.0.3'
 ,0
[System: 192.168.1.99] DEBUG | 07-03-2025 11:10:24.182 | General Service|:: CompanyIndex:137 SpName: spADM_GetClientUserDetails 
 'BOB'
 ,1
 ,'26.0.3'
 ,0
[System: 192.168.1.99] DEBUG | 07-03-2025 11:10:24.260 | General Service|:: CompanyIndex:0 SpName: spADM_UserLoginCheck 
 2
 ,'BOB'
 ,137
 ,'192.168.1.99'
 ,'192.168.1.99'
 ,''
 ,'Web'
 ,1
[System: 192.168.1.99] DEBUG | 07-03-2025 11:10:24.385 | General Service|:: CompanyIndex:0 SpName: spADM_Login 
 1
 ,''
 ,''
 ,''
 ,''
 ,''
 ,137
[System: 192.168.1.99] DEBUG | 07-03-2025 11:10:24.401 | General Service|:: CompanyIndex:137 SpName: spADM_GetDataSet 
 'select Value from ADM_GlobalPreferences with (nolock) where name =''EnableReLogin'''
 ,1
 ,1
[System: 192.168.1.99] DEBUG | 07-03-2025 11:10:24.401 | General Service|:: CompanyIndex:137 SpName: spADM_GetDataSet 
 'select * from COM_TokenHistory WITH(NOLOCK) where JwtToken=''eyJhbGciOiJIUzI1NiIsInR5cCI6IkpXVCJ9.eyJ1bmlxdWVfbmFtZSI6IkJPQiw5LDEzNywyIiwibmJmIjoxNzUxNTIxMjI0LCJleHAiOjE3NTE1NTAwMjQsImlhdCI6MTc1MTUyMTIyNH0.bzjGfKXVlGhSildJWGa5MIYKWMHhvN27H49HbHGfGg8'''
 ,1
 ,1
[System: 192.168.1.99] DEBUG | 07-03-2025 11:10:24.432 | General Service|:: CompanyIndex:0 SpName: spADM_Login 
 4
 ,''
 ,''
 ,''
 ,'declare @Cnt int,@ExpiredGUID nvarchar(50),@AllowSession int,@GUID nvarchar(50),@CurrDate float,@UserID INT,@Instances INT,@InstancesExists INT,@LCDBIndex int
set @CurrDate= convert(float,dateadd(minute,-21,getdate()))
set @AllowSession=0
set @GUID=''a9571c5d-6e2f-42b0-ba81-714b39676541''
set @LCDBIndex=0
select top 1 @UserID=UserID,@Instances=InstanceCount from ADM_Users with(nolock) where UserName=''Bob''
if exists(select [GUID] from ADM_Login with(nolock) where [GUID]=@GUID)
begin
	update ADM_Login 
	set LastAccessTime=convert(float,getdate()),UserID=@UserID
	where [GUID]=@GUID
    set @AllowSession=1
end
else
begin
	select @Cnt=count(*) from ADM_Login with(nolock) where LCDBIndex=@LCDBIndex and [GUID]!=''ACCESSRIGHTS'' and AP =''ESS''
    if(@Cnt<50)
		set @AllowSession=1
	else
	begin
		select top 1 @ExpiredGUID=[GUID] from ADM_Login with(nolock)
		where [GUID]!=''ACCESSRIGHTS'' and LCDBIndex=@LCDBIndex and LastAccessTime<@CurrDate  and AP =''ESS''
        order by LastAccessTime asc
		if @ExpiredGUID is not null
		begin
			delete from ADM_Login where [GUID]=@ExpiredGUID
			set @AllowSession=1
		end
	end
	if @AllowSession=1
	begin
        select @InstancesExists=COUNT(*) from ADM_Login with(nolock)
		where [GUID]!=''ACCESSRIGHTS'' and LCDBIndex=@LCDBIndex and LastAccessTime>=@CurrDate and UserID=@UserID and AP =''ESS''
		if(@Instances!=0 and @Instances<=@InstancesExists)
			set @AllowSession=2
		else
		    INSERT INTO ADM_Login([GUID],[SysName],IPAddress,[Status],LoginTime,LastAccessTime,AccessRights,UserID,DBIndex,LCDBIndex,AP)
		    VALUES(@GUID,''ESS'',''192.168.1.99'',1,convert(float,getdate()),convert(float,getdate()),null,@UserID,137,@LCDBIndex, ''ESS'')
	end
end

select @AllowSession AllowSession,@Instances Instances,@InstancesExists InstancesExists
'
 ,''
 ,0
[System: 192.168.1.99] DEBUG | 07-03-2025 11:10:24.432 | General Service|:: CompanyIndex:137 SpName: spADM_GetDataSet 
 'select * from COM_TokenHistory WITH(NOLOCK) where JwtToken=''eyJhbGciOiJIUzI1NiIsInR5cCI6IkpXVCJ9.eyJ1bmlxdWVfbmFtZSI6IkJPQiw5LDEzNywyIiwibmJmIjoxNzUxNTIxMjI0LCJleHAiOjE3NTE1NTAwMjQsImlhdCI6MTc1MTUyMTIyNH0.bzjGfKXVlGhSildJWGa5MIYKWMHhvN27H49HbHGfGg8'''
 ,1
 ,1
[System: 192.168.1.99] DEBUG | 07-03-2025 11:10:24.541 | General Service|:: CompanyIndex:137 SpName: spADM_GetDataSet 
 'select NodeID,Code,Name,Timezone from COM_CC50051 EMP WITH(NOLOCK) where EMP.LoginUserID=''BOB'''
 ,9
 ,1
[System: 192.168.1.99] DEBUG | 07-03-2025 11:10:24.541 | General Service|:: CompanyIndex:137 SpName: spADM_GetDataSet 
 'select * from COM_TokenHistory WITH(NOLOCK) where JwtToken=''eyJhbGciOiJIUzI1NiIsInR5cCI6IkpXVCJ9.eyJ1bmlxdWVfbmFtZSI6IkJPQiw5LDEzNywyIiwibmJmIjoxNzUxNTIxMjI0LCJleHAiOjE3NTE1NTAwMjQsImlhdCI6MTc1MTUyMTIyNH0.bzjGfKXVlGhSildJWGa5MIYKWMHhvN27H49HbHGfGg8'''
 ,1
 ,1
[System: 192.168.1.99] DEBUG | 07-03-2025 11:10:24.604 | General Service|:: CompanyIndex:137 SpName: spADM_GetDataSet 
 'SELECT (SELECT COUNT(*) FROM COM_Location L WITH(NOLOCK) JOIN COM_Status S WITH(NOLOCK) ON S.StatusID=L.StatusID WHERE L.IsGroup=0 AND S.[Status]=''Active'') ML
,(SELECT COUNT(*) FROM ADM_Features WITH(NOLOCK) WHERE ((FeatureID>50000 AND FeatureID<=50050) OR FeatureID>=51000) AND IsEnabled=1) MD
,(SELECT ISNULL(COUNT(*),0) FROM ADM_RevenUReports WITH(NOLOCK) WHERE IsGroup=0 AND ReportID>10000 AND StaticReportType IN (0,-1)) MR'
 ,9
 ,1
[System: 192.168.1.99] DEBUG | 07-03-2025 11:10:24.604 | General Service|:: CompanyIndex:137 SpName: spADM_GetDataSet 
 'select * from COM_TokenHistory WITH(NOLOCK) where JwtToken=''eyJhbGciOiJIUzI1NiIsInR5cCI6IkpXVCJ9.eyJ1bmlxdWVfbmFtZSI6IkJPQiw5LDEzNywyIiwibmJmIjoxNzUxNTIxMjI0LCJleHAiOjE3NTE1NTAwMjQsImlhdCI6MTc1MTUyMTIyNH0.bzjGfKXVlGhSildJWGa5MIYKWMHhvN27H49HbHGfGg8'''
 ,1
 ,1
[System: 192.168.1.99] DEBUG | 07-03-2025 11:10:24.697 | General Service|:: CompanyIndex:137 SpName: spADM_GetRibbonView 
 9
 ,2
 ,1
 ,1
 ,0
 ,''
[System: 192.168.1.99] DEBUG | 07-03-2025 11:10:24.729 | General Service|:: CompanyIndex:137 SpName: spADM_GetDataSet 
 'select * from COM_TokenHistory WITH(NOLOCK) where JwtToken=''eyJhbGciOiJIUzI1NiIsInR5cCI6IkpXVCJ9.eyJ1bmlxdWVfbmFtZSI6IkJPQiw5LDEzNywyIiwibmJmIjoxNzUxNTIxMjI0LCJleHAiOjE3NTE1NTAwMjQsImlhdCI6MTc1MTUyMTIyNH0.bzjGfKXVlGhSildJWGa5MIYKWMHhvN27H49HbHGfGg8'''
 ,1
 ,1
[System: 192.168.1.99] DEBUG | 07-03-2025 11:10:24.776 | General Service|:: CompanyIndex:137 SpName: spADM_GetDashBoard 
 2
 ,0
 ,0
 ,'9'
 ,'2'
 ,1
[System: 192.168.1.99] DEBUG | 07-03-2025 11:10:24.776 | General Service|:: CompanyIndex:137 SpName: spADM_GetDataSet 
 'select * from COM_TokenHistory WITH(NOLOCK) where JwtToken=''eyJhbGciOiJIUzI1NiIsInR5cCI6IkpXVCJ9.eyJ1bmlxdWVfbmFtZSI6IkJPQiw5LDEzNywyIiwibmJmIjoxNzUxNTIxMjI0LCJleHAiOjE3NTE1NTAwMjQsImlhdCI6MTc1MTUyMTIyNH0.bzjGfKXVlGhSildJWGa5MIYKWMHhvN27H49HbHGfGg8'''
 ,1
 ,1
[System: 192.168.1.99] DEBUG | 07-03-2025 11:10:24.807 | General Service|:: CompanyIndex:137 SpName: spCOM_ConfigValues 
 1
 ,'LandingDocs'
 ,'2'
[System: 192.168.1.99] DEBUG | 07-03-2025 11:10:24.807 | General Service|:: CompanyIndex:137 SpName: spADM_GetDataSet 
 'select * from COM_TokenHistory WITH(NOLOCK) where JwtToken=''eyJhbGciOiJIUzI1NiIsInR5cCI6IkpXVCJ9.eyJ1bmlxdWVfbmFtZSI6IkJPQiw5LDEzNywyIiwibmJmIjoxNzUxNTIxMjI0LCJleHAiOjE3NTE1NTAwMjQsImlhdCI6MTc1MTUyMTIyNH0.bzjGfKXVlGhSildJWGa5MIYKWMHhvN27H49HbHGfGg8'''
 ,1
 ,1
[System: 192.168.1.99] DEBUG | 07-03-2025 11:10:24.869 | General Service|:: CompanyIndex:137 SpName: spADM_GetAllListViewsDef 
 9
 ,1
[System: 192.168.1.99] DEBUG | 07-03-2025 11:10:24.869 | General Service|:: CompanyIndex:137 SpName: spADM_GetDataSet 
 'select * from COM_TokenHistory WITH(NOLOCK) where JwtToken=''eyJhbGciOiJIUzI1NiIsInR5cCI6IkpXVCJ9.eyJ1bmlxdWVfbmFtZSI6IkJPQiw5LDEzNywyIiwibmJmIjoxNzUxNTIxMjI0LCJleHAiOjE3NTE1NTAwMjQsImlhdCI6MTc1MTUyMTIyNH0.bzjGfKXVlGhSildJWGa5MIYKWMHhvN27H49HbHGfGg8'''
 ,1
 ,1
[System: 192.168.1.99] DEBUG | 07-03-2025 11:10:24.947 | General Service|:: CompanyIndex:137 SpName: spADM_GetAllListViewsDef 
 9
 ,1
[System: 192.168.1.99] DEBUG | 07-03-2025 11:10:24.963 | General Service|:: CompanyIndex:137 SpName: spADM_GetDataSet 
 'select * from COM_TokenHistory WITH(NOLOCK) where JwtToken=''eyJhbGciOiJIUzI1NiIsInR5cCI6IkpXVCJ9.eyJ1bmlxdWVfbmFtZSI6IkJPQiw5LDEzNywyIiwibmJmIjoxNzUxNTIxMjI0LCJleHAiOjE3NTE1NTAwMjQsImlhdCI6MTc1MTUyMTIyNH0.bzjGfKXVlGhSildJWGa5MIYKWMHhvN27H49HbHGfGg8'''
 ,1
 ,1
[System: 192.168.1.99] DEBUG | 07-03-2025 11:10:25.088 | General Service|:: CompanyIndex:137 SpName: spADM_GetDataSet 
 'Select CostCenterID,CostCenterColID,CostCenterName,SysTableName,UserColumnName,SysColumnName,ISNULL(UserDefaultValue,'''') UserDefaultValue
From AdM_CostCenterDef WITH(NOLOCK)
Where SysColumnName IN(''CreditAccount'',''DebitAccount'',''ProductID'') 
AND CostCenterID>40000 AND CostCenterID<50000 

SELECT * FROM ADM_Features WITH(NOLOCK) '
 ,9
 ,1
[System: 192.168.1.99] DEBUG | 07-03-2025 11:10:25.088 | General Service|:: CompanyIndex:137 SpName: spADM_GetDataSet 
 'select * from COM_TokenHistory WITH(NOLOCK) where JwtToken=''eyJhbGciOiJIUzI1NiIsInR5cCI6IkpXVCJ9.eyJ1bmlxdWVfbmFtZSI6IkJPQiw5LDEzNywyIiwibmJmIjoxNzUxNTIxMjI0LCJleHAiOjE3NTE1NTAwMjQsImlhdCI6MTc1MTUyMTIyNH0.bzjGfKXVlGhSildJWGa5MIYKWMHhvN27H49HbHGfGg8'''
 ,1
 ,1
[System: 192.168.1.99] DEBUG | 07-03-2025 11:10:25.119 | General Service|:: CompanyIndex:137 SpName: spADM_GetDataSet 
 '  SELECT * FROM PAY_PayrollPreferences WITH(NOLOCK) '
 ,9
 ,1
[System: 192.168.1.99] DEBUG | 07-03-2025 11:10:25.119 | General Service|:: CompanyIndex:137 SpName: spADM_GetDataSet 
 'select * from COM_TokenHistory WITH(NOLOCK) where JwtToken=''eyJhbGciOiJIUzI1NiIsInR5cCI6IkpXVCJ9.eyJ1bmlxdWVfbmFtZSI6IkJPQiw5LDEzNywyIiwibmJmIjoxNzUxNTIxMjI0LCJleHAiOjE3NTE1NTAwMjQsImlhdCI6MTc1MTUyMTIyNH0.bzjGfKXVlGhSildJWGa5MIYKWMHhvN27H49HbHGfGg8'''
 ,1
 ,1
[System: 192.168.1.99] DEBUG | 07-03-2025 11:10:25.198 | General Service|:: CompanyIndex:137 SpName: spADM_GetDataSet 
 '  --0
                                Select * FROM COM_CC50051 WITH(NOLOCK) WHERE IsGroup=0 AND LoginUserID=''Bob''
                                --1                                
                                Select * FROM COM_CC50051 WITH(NOLOCK) WHERE RptManager IN (Select NodeID FROM COM_CC50051 WITH(NOLOCK) WHERE IsGroup=0 AND LoginUserID=''Bob'')
                                UNION ALL
                                Select * FROM COM_CC50051 WITH(NOLOCK) WHERE RptManager IN 
                                (
	                                Select NodeID FROM COM_CC50051 WITH(NOLOCK) 
	                                WHERE IsGroup=0 AND LoginUserID IN
	                                (
	                                SELECT fe.LoginUserID
	                                FROM INV_DocDetails a WITH(NOLOCK) 
	                                JOIN COM_DocCCData b WITH(NOLOCK) ON b.InvDocDetailsID=a.InvDocDetailsID
	                                JOIN COM_DocNumData c WITH(NOLOCK) ON c.InvDocDetailsID=a.InvDocDetailsID
	                                JOIN COM_DocTextData d WITH(NOLOCK) ON d.InvDocDetailsID=a.InvDocDetailsID
	                                JOIN COM_CC50051 fe WITH(NOLOCK) on fe.NodeID=b.dcCCNID51
	                                JOIN COM_CC50051 te WITH(NOLOCK) on CONVERT(NVARCHAR,te.NodeID)=d.dcAlpha1
	                                WHERE a.CostCenterID=40098 and a.StatusID=369 AND d.dcAlpha3=''Temporary''
	                                AND te.LoginUserID=''Bob'' 
	                                AND ISDATE(d.dcAlpha4)=1 AND ISDATE(d.dcAlpha5)=1 
	                                AND CONVERT(DATETIME,''03 Jul 2025'') BETWEEN CONVERT(DATETIME,d.dcAlpha4) AND CONVERT(DATETIME,d.dcAlpha5)
	                                )
                                )
                                --2
                                Select * FROM ADM_USERS WITH(NOLOCK) WHERE USERID=9
                                --3
                                Select * FROM COM_CostCenterCostCenterMap WITH(NOLOCK) WHERE ParentCostCenterID=7 AND ParentNodeID=9
                                --4                                
                                Select * FROM COM_CostCenterCostCenterMap WITH(NOLOCK) WHERE ParentCostCenterID=7 AND ParentNodeID=9
                                AND CostCenterID IN(Select ColumnCostCenterID From ADM_CostCenterDef Where CostCenterID=50051 AND IsColumnInUse=1 AND SysColumnName LIKE ''CCNID%'')
                                --5
                                Select * from COM_Files WITH(NOLOCK) WHERE FeatureID=50051 AND FeaturePK IN (Select NodeID FROM COM_CC50051 WITH(NOLOCK) WHERE IsGroup=0 AND LoginUserID=''Bob'')                         
'
 ,9
 ,1
[System: 192.168.1.99] DEBUG | 07-03-2025 11:10:25.198 | General Service|:: CompanyIndex:137 SpName: spADM_GetDataSet 
 'select * from COM_TokenHistory WITH(NOLOCK) where JwtToken=''eyJhbGciOiJIUzI1NiIsInR5cCI6IkpXVCJ9.eyJ1bmlxdWVfbmFtZSI6IkJPQiw5LDEzNywyIiwibmJmIjoxNzUxNTIxMjI0LCJleHAiOjE3NTE1NTAwMjQsImlhdCI6MTc1MTUyMTIyNH0.bzjGfKXVlGhSildJWGa5MIYKWMHhvN27H49HbHGfGg8'''
 ,1
 ,1
[System: 192.168.1.99] DEBUG | 07-03-2025 11:10:25.230 | General Service|:: CompanyIndex:137 SpName: spPAY_GetEmpDimensionsAsOnDate 
 '03-Jul-2025'
 ,'a.NodeID IN(20)'
 ,''
 ,''
[System: 192.168.1.99] DEBUG | 07-03-2025 11:10:25.230 | General Service|:: CompanyIndex:137 SpName: spADM_GetDataSet 
 'select * from COM_TokenHistory WITH(NOLOCK) where JwtToken=''eyJhbGciOiJIUzI1NiIsInR5cCI6IkpXVCJ9.eyJ1bmlxdWVfbmFtZSI6IkJPQiw5LDEzNywyIiwibmJmIjoxNzUxNTIxMjI0LCJleHAiOjE3NTE1NTAwMjQsImlhdCI6MTc1MTUyMTIyNH0.bzjGfKXVlGhSildJWGa5MIYKWMHhvN27H49HbHGfGg8'''
 ,1
 ,1
[System: 192.168.1.99] DEBUG | 07-03-2025 11:10:25.276 | General Service|:: CompanyIndex:137 SpName: spCOM_GetFavorites 
 'GETLIST0'
 ,0
 ,'9'
 ,'2'
 ,1
[System: 192.168.1.99] DEBUG | 07-03-2025 11:10:25.276 | General Service|:: CompanyIndex:137 SpName: spADM_GetDataSet 
 'select * from COM_TokenHistory WITH(NOLOCK) where JwtToken=''eyJhbGciOiJIUzI1NiIsInR5cCI6IkpXVCJ9.eyJ1bmlxdWVfbmFtZSI6IkJPQiw5LDEzNywyIiwibmJmIjoxNzUxNTIxMjI0LCJleHAiOjE3NTE1NTAwMjQsImlhdCI6MTc1MTUyMTIyNH0.bzjGfKXVlGhSildJWGa5MIYKWMHhvN27H49HbHGfGg8'''
 ,1
 ,1
[System: 192.168.1.99] DEBUG | 07-03-2025 11:10:25.323 | General Service|:: CompanyIndex:137 SpName: spADM_GetDataSet 
 'select * from COM_TokenHistory WITH(NOLOCK) where JwtToken=''eyJhbGciOiJIUzI1NiIsInR5cCI6IkpXVCJ9.eyJ1bmlxdWVfbmFtZSI6IkJPQiw5LDEzNywyIiwibmJmIjoxNzUxNTIxMjI0LCJleHAiOjE3NTE1NTAwMjQsImlhdCI6MTc1MTUyMTIyNH0.bzjGfKXVlGhSildJWGa5MIYKWMHhvN27H49HbHGfGg8'''
 ,1
 ,1
[System: 192.168.1.99] DEBUG | 07-03-2025 11:10:25.354 | General Service|:: CompanyIndex:137 SpName: spADM_GetDataSet 
 'select * from COM_TokenHistory WITH(NOLOCK) where JwtToken=''eyJhbGciOiJIUzI1NiIsInR5cCI6IkpXVCJ9.eyJ1bmlxdWVfbmFtZSI6IkJPQiw5LDEzNywyIiwibmJmIjoxNzUxNTIxMjI0LCJleHAiOjE3NTE1NTAwMjQsImlhdCI6MTc1MTUyMTIyNH0.bzjGfKXVlGhSildJWGa5MIYKWMHhvN27H49HbHGfGg8'''
 ,1
 ,1
[System: 192.168.1.99] DEBUG | 07-03-2025 11:10:25.354 | General Service|:: CompanyIndex:137 SpName: spADM_GetDataSet 
 'declare @UserID int,@RoleID int,@UserName NVARCHAR(100),@where nvarchar(max),@query nvarchar(max)
set @UserID=9
set @RoleID=2-- Employee:-1
SELECT @UserName=UserName From ADM_Users WITH(NOLOCK) WHERE UserID=@UserID
exec [fnGet_GetAssignedDims] @UserID,@RoleID,@where output
 create table #TblUsrWF(WID int,LevelID int,Type int,CtWef float,LvWef int)
EXEC spRPT_GetReportData @Type=8,@Param1=@UserID,@strXML=null,@RoleID=@RoleID set @query=''  SELECT DT.CostCenterID,DT.DocumentName,DT.DocumentType,DT.IsInventory,count(*) CNT
FROM (
 SELECT INV.CostCenterID
FROM INV_DocDetails INV with(nolock)
WHERE INV.DocumentType BETWEEN 51 AND 199 AND INV.DocumentType<>64
AND dbo.fnPay_CanApprove(INV.InvDocDetailsID,INV.DocumentType,''''''+@UserName+'''''',INV.CostCenterID,INV.WorkflowID,INV.WorkFlowLevel,INV.StatusID,INV.CreatedDate,9,2)=1
GROUP BY INV.CostCenterID,INV.VoucherNo  ) AS T
JOIN ADM_DocumentTypes DT with(nolock) ON T.CostCenterID=DT.CostCenterID
GROUP BY DT.CostCenterID,DT.DocumentName,DT.DocumentType,DT.IsInventory  
UNION ALL
SELECT DT.FeatureID CostCenterID,DT.Name DocumentName,-DT.FeatureID DocumentType,0 IsInventory,count(*) CNT
FROM (
SELECT INV.CostCenterID FROM REN_Contract INV WITH(NOLOCK),#TblUsrWF WF
WHERE  WF.WID=INV.WorkflowID and WF.LevelID>INV.WorkFlowLevel and (INV.StatusID=440 or INV.StatusID=470 or INV.StatusID=466) AND (WF.Type=1 or (INV.WorkFlowLevel+1=WF.LevelID and INV.StatusID!=470)  or (WF.CtWef is not null and INV.WorkFlowLevel>=WF.LvWef
 and INV.CreatedDate+WF.CtWef<=convert(float,getdate()))) AND INV.RefContractID=0 ) AS T
JOIN ADM_Features DT with(nolock) ON T.CostCenterID=DT.FeatureID
GROUP BY DT.FeatureID,DT.Name 
ORDER BY DocumentName''
exec(@query)

DROP TABLE #TblUsrWF
'
 ,9
 ,1
[System: 192.168.1.99] DEBUG | 07-03-2025 11:10:25.354 | General Service|:: CompanyIndex:137 SpName: spADM_GetDataSet 
 'select * from COM_TokenHistory WITH(NOLOCK) where JwtToken=''eyJhbGciOiJIUzI1NiIsInR5cCI6IkpXVCJ9.eyJ1bmlxdWVfbmFtZSI6IkJPQiw5LDEzNywyIiwibmJmIjoxNzUxNTIxMjI0LCJleHAiOjE3NTE1NTAwMjQsImlhdCI6MTc1MTUyMTIyNH0.bzjGfKXVlGhSildJWGa5MIYKWMHhvN27H49HbHGfGg8'''
 ,1
 ,1
[System: 192.168.1.99] DEBUG | 07-03-2025 11:10:25.370 | General Service|:: CompanyIndex:137 SpName: spADM_GetDataSet 
 'select * from COM_TokenHistory WITH(NOLOCK) where JwtToken=''eyJhbGciOiJIUzI1NiIsInR5cCI6IkpXVCJ9.eyJ1bmlxdWVfbmFtZSI6IkJPQiw5LDEzNywyIiwibmJmIjoxNzUxNTIxMjI0LCJleHAiOjE3NTE1NTAwMjQsImlhdCI6MTc1MTUyMTIyNH0.bzjGfKXVlGhSildJWGa5MIYKWMHhvN27H49HbHGfGg8'''
 ,1
 ,1
[System: 192.168.1.99] DEBUG | 07-03-2025 11:10:25.386 | General Service|:: CompanyIndex:137 SpName: spCom_GetCostCenterQuickViewDefn 
 50051
 ,'20'
 ,-1
 ,9
 ,2
 ,1
[System: 192.168.1.99] DEBUG | 07-03-2025 11:10:25.386 | General Service|:: CompanyIndex:137 SpName: spADM_GetDataSet 
 'select * from COM_TokenHistory WITH(NOLOCK) where JwtToken=''eyJhbGciOiJIUzI1NiIsInR5cCI6IkpXVCJ9.eyJ1bmlxdWVfbmFtZSI6IkJPQiw5LDEzNywyIiwibmJmIjoxNzUxNTIxMjI0LCJleHAiOjE3NTE1NTAwMjQsImlhdCI6MTc1MTUyMTIyNH0.bzjGfKXVlGhSildJWGa5MIYKWMHhvN27H49HbHGfGg8'''
 ,1
 ,1
[System: 192.168.1.99] DEBUG | 07-03-2025 11:10:25.417 | General Service|:: CompanyIndex:137 SpName: spCom_GetCostCenterQuickViewSummary 
 50051
 ,'20'
 ,50051
 ,'03/Jul/2025 11:10:25 AM'
 ,NULL
 ,0
 ,781
 ,9
 ,2
 ,1
[System: 192.168.1.99] DEBUG | 07-03-2025 11:10:25.417 | General Service|:: CompanyIndex:137 SpName: spADM_GetDataSet 
 'select * from COM_TokenHistory WITH(NOLOCK) where JwtToken=''eyJhbGciOiJIUzI1NiIsInR5cCI6IkpXVCJ9.eyJ1bmlxdWVfbmFtZSI6IkJPQiw5LDEzNywyIiwibmJmIjoxNzUxNTIxMjI0LCJleHAiOjE3NTE1NTAwMjQsImlhdCI6MTc1MTUyMTIyNH0.bzjGfKXVlGhSildJWGa5MIYKWMHhvN27H49HbHGfGg8'''
 ,1
 ,1
[System: 192.168.1.99] DEBUG | 07-03-2025 11:10:25.651 | General Service|:: CompanyIndex:137 SpName: spADM_GetDataSet 
 'select * from COM_TokenHistory WITH(NOLOCK) where JwtToken=''eyJhbGciOiJIUzI1NiIsInR5cCI6IkpXVCJ9.eyJ1bmlxdWVfbmFtZSI6IkJPQiw5LDEzNywyIiwibmJmIjoxNzUxNTIxMjI0LCJleHAiOjE3NTE1NTAwMjQsImlhdCI6MTc1MTUyMTIyNH0.bzjGfKXVlGhSildJWGa5MIYKWMHhvN27H49HbHGfGg8'''
 ,1
 ,1
[System: 192.168.1.99] DEBUG | 07-03-2025 11:10:25.698 | General Service|:: CompanyIndex:137 SpName: spCOM_GetFavorites 
 'GETLIST0'
 ,0
 ,'9'
 ,'2'
 ,1
[System: 192.168.1.99] DEBUG | 07-03-2025 11:10:25.698 | General Service|:: CompanyIndex:137 SpName: spADM_GetDataSet 
 'select * from COM_TokenHistory WITH(NOLOCK) where JwtToken=''eyJhbGciOiJIUzI1NiIsInR5cCI6IkpXVCJ9.eyJ1bmlxdWVfbmFtZSI6IkJPQiw5LDEzNywyIiwibmJmIjoxNzUxNTIxMjI0LCJleHAiOjE3NTE1NTAwMjQsImlhdCI6MTc1MTUyMTIyNH0.bzjGfKXVlGhSildJWGa5MIYKWMHhvN27H49HbHGfGg8'''
 ,1
 ,1
[System: 192.168.1.99] DEBUG | 07-03-2025 11:10:25.714 | General Service|:: CompanyIndex:137 SpName: spCOM_GetFavorites 
 'VIEW'
 ,-1000
 ,'9'
 ,'2'
 ,1
[System: 192.168.1.99] DEBUG | 07-03-2025 11:10:25.714 | General Service|:: CompanyIndex:137 SpName: spADM_GetDataSet 
 'select * from COM_TokenHistory WITH(NOLOCK) where JwtToken=''eyJhbGciOiJIUzI1NiIsInR5cCI6IkpXVCJ9.eyJ1bmlxdWVfbmFtZSI6IkJPQiw5LDEzNywyIiwibmJmIjoxNzUxNTIxMjI0LCJleHAiOjE3NTE1NTAwMjQsImlhdCI6MTc1MTUyMTIyNH0.bzjGfKXVlGhSildJWGa5MIYKWMHhvN27H49HbHGfGg8'''
 ,1
 ,1
[System: 192.168.1.99] DEBUG | 07-03-2025 11:10:27.483 | General Service|:: CompanyIndex:137 SpName: spADM_GetDashBoard 
 1
 ,-1010
 ,0
 ,'9'
 ,'2'
 ,1
[System: 192.168.1.99] DEBUG | 07-03-2025 11:10:27.498 | General Service|:: CompanyIndex:137 SpName: spADM_GetDataSet 
 'select * from COM_TokenHistory WITH(NOLOCK) where JwtToken=''eyJhbGciOiJIUzI1NiIsInR5cCI6IkpXVCJ9.eyJ1bmlxdWVfbmFtZSI6IkJPQiw5LDEzNywyIiwibmJmIjoxNzUxNTIxMjI0LCJleHAiOjE3NTE1NTAwMjQsImlhdCI6MTc1MTUyMTIyNH0.bzjGfKXVlGhSildJWGa5MIYKWMHhvN27H49HbHGfGg8'''
 ,1
 ,1
[System: 192.168.1.99] DEBUG | 07-03-2025 11:10:27.576 | General Service|:: CompanyIndex:137 SpName: spRPT_GetReport 
 0
 ,304
 ,'9'
 ,'2'
 ,1
[System: 192.168.1.99] DEBUG | 07-03-2025 11:10:27.576 | General Service|:: CompanyIndex:137 SpName: spADM_GetDataSet 
 'select * from COM_TokenHistory WITH(NOLOCK) where JwtToken=''eyJhbGciOiJIUzI1NiIsInR5cCI6IkpXVCJ9.eyJ1bmlxdWVfbmFtZSI6IkJPQiw5LDEzNywyIiwibmJmIjoxNzUxNTIxMjI0LCJleHAiOjE3NTE1NTAwMjQsImlhdCI6MTc1MTUyMTIyNH0.bzjGfKXVlGhSildJWGa5MIYKWMHhvN27H49HbHGfGg8'''
 ,1
 ,1
[System: 192.168.1.99] DEBUG | 07-03-2025 11:10:27.670 | General Service|:: CompanyIndex:137 SpName: spADM_GetDataSet 
 'SELECT StaticReportType FROM ADM_RevenUReports WITH(NOLOCK) WHERE ReportID=304'
 ,9
 ,1
[System: 192.168.1.99] DEBUG | 07-03-2025 11:10:27.686 | General Service|:: CompanyIndex:137 SpName: spADM_GetDataSet 
 'select * from COM_TokenHistory WITH(NOLOCK) where JwtToken=''eyJhbGciOiJIUzI1NiIsInR5cCI6IkpXVCJ9.eyJ1bmlxdWVfbmFtZSI6IkJPQiw5LDEzNywyIiwibmJmIjoxNzUxNTIxMjI0LCJleHAiOjE3NTE1NTAwMjQsImlhdCI6MTc1MTUyMTIyNH0.bzjGfKXVlGhSildJWGa5MIYKWMHhvN27H49HbHGfGg8'''
 ,1
 ,1
[System: 192.168.1.99] DEBUG | 07-03-2025 11:10:27.920 | General Service|:: CompanyIndex:137 SpName: spRPT_GetReportCategoryandField 
 -1
 ,0
 ,1
 ,0
 ,'9'
 ,1
[System: 192.168.1.99] DEBUG | 07-03-2025 11:10:27.936 | General Service|:: CompanyIndex:137 SpName: spADM_GetDataSet 
 'select * from COM_TokenHistory WITH(NOLOCK) where JwtToken=''eyJhbGciOiJIUzI1NiIsInR5cCI6IkpXVCJ9.eyJ1bmlxdWVfbmFtZSI6IkJPQiw5LDEzNywyIiwibmJmIjoxNzUxNTIxMjI0LCJleHAiOjE3NTE1NTAwMjQsImlhdCI6MTc1MTUyMTIyNH0.bzjGfKXVlGhSildJWGa5MIYKWMHhvN27H49HbHGfGg8'''
 ,1
 ,1
[System: 192.168.1.99] DEBUG | 07-03-2025 11:10:27.983 | General Service|:: CompanyIndex:137 SpName: spRPT_GetReportFields 
 50051
 ,0
 ,'9'
 ,1
[System: 192.168.1.99] DEBUG | 07-03-2025 11:10:27.998 | General Service|:: CompanyIndex:137 SpName: spADM_GetDataSet 
 'select * from COM_TokenHistory WITH(NOLOCK) where JwtToken=''eyJhbGciOiJIUzI1NiIsInR5cCI6IkpXVCJ9.eyJ1bmlxdWVfbmFtZSI6IkJPQiw5LDEzNywyIiwibmJmIjoxNzUxNTIxMjI0LCJleHAiOjE3NTE1NTAwMjQsImlhdCI6MTc1MTUyMTIyNH0.bzjGfKXVlGhSildJWGa5MIYKWMHhvN27H49HbHGfGg8'''
 ,1
 ,1
[System: 192.168.1.99] DEBUG | 07-03-2025 11:10:28.014 | General Service|:: CompanyIndex:137 SpName: spRPT_GetReportFields 
 110
 ,0
 ,'9'
 ,1
[System: 192.168.1.99] DEBUG | 07-03-2025 11:10:28.014 | General Service|:: CompanyIndex:137 SpName: spADM_GetDataSet 
 'select * from COM_TokenHistory WITH(NOLOCK) where JwtToken=''eyJhbGciOiJIUzI1NiIsInR5cCI6IkpXVCJ9.eyJ1bmlxdWVfbmFtZSI6IkJPQiw5LDEzNywyIiwibmJmIjoxNzUxNTIxMjI0LCJleHAiOjE3NTE1NTAwMjQsImlhdCI6MTc1MTUyMTIyNH0.bzjGfKXVlGhSildJWGa5MIYKWMHhvN27H49HbHGfGg8'''
 ,1
 ,1
[System: 192.168.1.99] DEBUG | 07-03-2025 11:10:28.123 | General Service|:: CompanyIndex:137 SpName: spADM_GetDataSet 
 'SELECT T.Code,T.Name,DOB,NextDOB,FLOOR(DATEDIFF(d,CONVERT(DATETIME,DOB),GETDATE())/365.25) as Age,
DATEDIFF(day,GETDATE(),NextDOB) as DaysLeft,EmpImg,b.Name as Gender,T.Location AS Location,T.Department AS Department,t.Designation Designation FROM (
SELECT a.Code,a.Name,CONVERT(DATETIME,a.DOB) as DOB,
CASE WHEN DATEADD(year,(datediff(year,CONVERT(DATETIME,a.DOB),GETDATE())),CONVERT(DATETIME,a.DOB)) < CONVERT(DATE,GETDATE(),120) THEN 
DATEADD(year,1,(DATEADD(year,(datediff(year,CONVERT(DATETIME,a.DOB),GETDATE())),CONVERT(DATETIME,a.DOB))))
ELSE DATEADD(year,(datediff(year,CONVERT(DATETIME,a.DOB),GETDATE())),CONVERT(DATETIME,a.DOB)) END as NextDOB,
(select top 1 F.GUID+''.''+F.FileExtension from COM_Files F WITH(NOLOCK) where F.FeatureID=50051 and F.IsProductImage=1 and F.FeaturePK=a.NodeID and F.IsDefaultImage=1) EmpImg,a.Gender,l.Name Location,d.Name Department,c69.Name Designation
From COM_CC50051 a WITH(NOLOCK)
JOIN COM_CCCCDATA CC WITH(NOLOCK) on CC.NodeID=A.NodeID AND CC.CostCenterID=50051
JOIN COM_LOCATION L WITH(NOLOCK) on L.NodeID=CC.CCNID2
JOIN COM_Department D WITH(NOLOCK) on D.NodeID=CC.CCNID4
JOIN COM_CC50069 C69 WITH(NOLOCK) on C69.NodeID=CC.CCNID69 
WHERE a.IsGroup=0 AND a.StatusID NOT IN (251,300,301) AND a.NodeID<>1 AND a.DOB IS NOT NULL AND (DORelieve IS NULL OR CONVERT(DATETIME,DORelieve)>=''03 Jul 2025'') 
) as T
LEFT JOIN COM_Lookup b on b.NodeID=T.Gender
where 1=1  AND NextDOB BETWEEN ''03 Jul 2025'' AND ''02 Aug 2025''
ORDER BY DaysLeft
'
 ,9
 ,1
[System: 192.168.1.99] DEBUG | 07-03-2025 11:10:28.139 | General Service|:: CompanyIndex:137 SpName: spADM_GetDataSet 
 'select * from COM_TokenHistory WITH(NOLOCK) where JwtToken=''eyJhbGciOiJIUzI1NiIsInR5cCI6IkpXVCJ9.eyJ1bmlxdWVfbmFtZSI6IkJPQiw5LDEzNywyIiwibmJmIjoxNzUxNTIxMjI0LCJleHAiOjE3NTE1NTAwMjQsImlhdCI6MTc1MTUyMTIyNH0.bzjGfKXVlGhSildJWGa5MIYKWMHhvN27H49HbHGfGg8'''
 ,1
 ,1
[System: 192.168.1.99] DEBUG | 07-03-2025 11:10:28.717 | General Service|:: CompanyIndex:0 SpName: spADM_Login 
 6
 ,'a9571c5d-6e2f-42b0-ba81-714b39676541'
 ,''
 ,''
 ,''
 ,''
 ,0
[System: 192.168.1.99] DEBUG | 07-03-2025 11:10:28.717 | General Service|:: CompanyIndex:137 SpName: spADM_GetDataSet 
 'select * from COM_TokenHistory WITH(NOLOCK) where JwtToken=''eyJhbGciOiJIUzI1NiIsInR5cCI6IkpXVCJ9.eyJ1bmlxdWVfbmFtZSI6IkJPQiw5LDEzNywyIiwibmJmIjoxNzUxNTIxMjI0LCJleHAiOjE3NTE1NTAwMjQsImlhdCI6MTc1MTUyMTIyNH0.bzjGfKXVlGhSildJWGa5MIYKWMHhvN27H49HbHGfGg8'''
 ,1
 ,1
[System: 192.168.1.99] DEBUG | 07-03-2025 11:10:28.763 | General Service|:: CompanyIndex:137 SpName: sp_SetTokenHistory 
 0
 ,'eyJhbGciOiJIUzI1NiIsInR5cCI6IkpXVCJ9.eyJ1bmlxdWVfbmFtZSI6IkJPQiw5LDEzNywyIiwibmJmIjoxNzUxNTIxMjI0LCJleHAiOjE3NTE1NTAwMjQsImlhdCI6MTc1MTUyMTIyNH0.bzjGfKXVlGhSildJWGa5MIYKWMHhvN27H49HbHGfGg8'
 ,''
 ,NULL
 ,9
 ,1
 message=Saved Succesfully
[System: 192.168.1.99] DEBUG | 07-03-2025 11:10:28.763 | General Service|:: CompanyIndex:137 SpName: spADM_GetDataSet 
 'select * from COM_TokenHistory WITH(NOLOCK) where JwtToken=''eyJhbGciOiJIUzI1NiIsInR5cCI6IkpXVCJ9.eyJ1bmlxdWVfbmFtZSI6IkJPQiw5LDEzNywyIiwibmJmIjoxNzUxNTIxMjI0LCJleHAiOjE3NTE1NTAwMjQsImlhdCI6MTc1MTUyMTIyNH0.bzjGfKXVlGhSildJWGa5MIYKWMHhvN27H49HbHGfGg8'''
 ,1
 ,1
